[2025-11-30T14:21:58.136+0000] {taskinstance.py:1159} INFO - Dependencies all met for dep_context=non-requeueable deps ti=<TaskInstance: alt_churn.transform manual__2025-11-30T14:21:50.572625+00:00 [queued]>
[2025-11-30T14:21:58.147+0000] {taskinstance.py:1159} INFO - Dependencies all met for dep_context=requeueable deps ti=<TaskInstance: alt_churn.transform manual__2025-11-30T14:21:50.572625+00:00 [queued]>
[2025-11-30T14:21:58.147+0000] {taskinstance.py:1361} INFO - Starting attempt 1 of 1
[2025-11-30T14:21:58.170+0000] {taskinstance.py:1382} INFO - Executing <Task(PythonOperator): transform> on 2025-11-30 14:21:50.572625+00:00
[2025-11-30T14:21:58.177+0000] {standard_task_runner.py:57} INFO - Started process 1317 to run task
[2025-11-30T14:21:58.187+0000] {standard_task_runner.py:84} INFO - Running: ['***', 'tasks', 'run', 'alt_churn', 'transform', 'manual__2025-11-30T14:21:50.572625+00:00', '--job-id', '30', '--raw', '--subdir', 'DAGS_FOLDER/alt_churn.py', '--cfg-path', '/tmp/tmp1ksefubp']
[2025-11-30T14:21:58.194+0000] {standard_task_runner.py:85} INFO - Job 30: Subtask transform
[2025-11-30T14:21:58.279+0000] {task_command.py:416} INFO - Running <TaskInstance: alt_churn.transform manual__2025-11-30T14:21:50.572625+00:00 [running]> on host 30420e39c818
[2025-11-30T14:21:58.528+0000] {taskinstance.py:1662} INFO - Exporting env vars: AIRFLOW_CTX_DAG_OWNER='***' AIRFLOW_CTX_DAG_ID='alt_churn' AIRFLOW_CTX_TASK_ID='transform' AIRFLOW_CTX_EXECUTION_DATE='2025-11-30T14:21:50.572625+00:00' AIRFLOW_CTX_TRY_NUMBER='1' AIRFLOW_CTX_DAG_RUN_ID='manual__2025-11-30T14:21:50.572625+00:00'
[2025-11-30T14:21:58.660+0000] {warnings.py:109} WARNING - /home/***/.local/lib/python3.10/site-packages/pyarrow/pandas_compat.py:373: FutureWarning: is_sparse is deprecated and will be removed in a future version. Check `isinstance(dtype, pd.SparseDtype)` instead.
  if _pandas_api.is_sparse(col):

[2025-11-30T14:21:58.754+0000] {python.py:194} INFO - Done. Returned value was:      customer_id  begin_date  ... multiple_lines target
0     7590-VHVEG  2020-01-01  ...           None      0
1     5575-GNVDE  2017-04-01  ...             No      0
2     3668-QPYBK  2019-10-01  ...             No      1
3     7795-CFOCW  2016-05-01  ...           None      0
4     9237-HQITU  2019-09-01  ...             No      1
...          ...         ...  ...            ...    ...
7038  6840-RESVB  2018-02-01  ...            Yes      0
7039  2234-XADUH  2014-02-01  ...            Yes      0
7040  4801-JZAZL  2019-03-01  ...           None      0
7041  8361-LTMKD  2019-07-01  ...            Yes      1
7042  3186-AJIEK  2014-08-01  ...             No      0

[7043 rows x 21 columns]
[2025-11-30T14:21:58.802+0000] {warnings.py:109} WARNING - /home/***/.local/lib/python3.10/site-packages/pyarrow/pandas_compat.py:373: FutureWarning: is_sparse is deprecated and will be removed in a future version. Check `isinstance(dtype, pd.SparseDtype)` instead.
  if _pandas_api.is_sparse(col):

[2025-11-30T14:21:58.892+0000] {taskinstance.py:1400} INFO - Marking task as SUCCESS. dag_id=alt_churn, task_id=transform, execution_date=20251130T142150, start_date=20251130T142158, end_date=20251130T142158
[2025-11-30T14:21:58.939+0000] {local_task_job_runner.py:228} INFO - Task exited with return code 0
[2025-11-30T14:21:58.970+0000] {taskinstance.py:2778} INFO - 1 downstream tasks scheduled from follow-on schedule check
