[2025-11-30T13:08:50.360+0000] {taskinstance.py:1159} INFO - Dependencies all met for dep_context=non-requeueable deps ti=<TaskInstance: churn.extract manual__2025-11-30T13:08:45.602400+00:00 [queued]>
[2025-11-30T13:08:50.394+0000] {taskinstance.py:1159} INFO - Dependencies all met for dep_context=requeueable deps ti=<TaskInstance: churn.extract manual__2025-11-30T13:08:45.602400+00:00 [queued]>
[2025-11-30T13:08:50.395+0000] {taskinstance.py:1361} INFO - Starting attempt 1 of 1
[2025-11-30T13:08:50.427+0000] {taskinstance.py:1382} INFO - Executing <Task(_PythonDecoratedOperator): extract> on 2025-11-30 13:08:45.602400+00:00
[2025-11-30T13:08:50.436+0000] {standard_task_runner.py:57} INFO - Started process 296 to run task
[2025-11-30T13:08:50.457+0000] {standard_task_runner.py:84} INFO - Running: ['***', 'tasks', 'run', 'churn', 'extract', 'manual__2025-11-30T13:08:45.602400+00:00', '--job-id', '17', '--raw', '--subdir', 'DAGS_FOLDER/churn.py', '--cfg-path', '/tmp/tmpam7juiaa']
[2025-11-30T13:08:50.461+0000] {standard_task_runner.py:85} INFO - Job 17: Subtask extract
[2025-11-30T13:08:50.564+0000] {task_command.py:416} INFO - Running <TaskInstance: churn.extract manual__2025-11-30T13:08:45.602400+00:00 [running]> on host 30420e39c818
[2025-11-30T13:08:50.772+0000] {taskinstance.py:1662} INFO - Exporting env vars: AIRFLOW_CTX_DAG_OWNER='***' AIRFLOW_CTX_DAG_ID='churn' AIRFLOW_CTX_TASK_ID='extract' AIRFLOW_CTX_EXECUTION_DATE='2025-11-30T13:08:45.602400+00:00' AIRFLOW_CTX_TRY_NUMBER='1' AIRFLOW_CTX_DAG_RUN_ID='manual__2025-11-30T13:08:45.602400+00:00'
[2025-11-30T13:08:50.807+0000] {base.py:73} INFO - Using connection ID 'source_db' for task execution.
[2025-11-30T13:08:50.847+0000] {warnings.py:109} WARNING - /opt/***/dags/churn.py:82: UserWarning: pandas only supports SQLAlchemy connectable (engine/connection) or database string URI or sqlite3 DBAPI2 connection. Other DBAPI2 objects are not tested. Please consider using SQLAlchemy.
  data = pd.read_sql(sql, conn)

[2025-11-30T13:08:51.119+0000] {python.py:194} INFO - Done. Returned value was:      customer_id  begin_date  ... dependents multiple_lines
0     7590-VHVEG  2020-01-01  ...         No           None
1     5575-GNVDE  2017-04-01  ...         No             No
2     3668-QPYBK  2019-10-01  ...         No             No
3     7795-CFOCW  2016-05-01  ...         No           None
4     9237-HQITU  2019-09-01  ...         No             No
...          ...         ...  ...        ...            ...
7038  6840-RESVB  2018-02-01  ...        Yes            Yes
7039  2234-XADUH  2014-02-01  ...        Yes            Yes
7040  4801-JZAZL  2019-03-01  ...        Yes           None
7041  8361-LTMKD  2019-07-01  ...         No            Yes
7042  3186-AJIEK  2014-08-01  ...         No             No

[7043 rows x 20 columns]
[2025-11-30T13:08:51.281+0000] {warnings.py:109} WARNING - /home/***/.local/lib/python3.10/site-packages/pyarrow/pandas_compat.py:373: FutureWarning: is_sparse is deprecated and will be removed in a future version. Check `isinstance(dtype, pd.SparseDtype)` instead.
  if _pandas_api.is_sparse(col):

[2025-11-30T13:08:51.397+0000] {taskinstance.py:1400} INFO - Marking task as SUCCESS. dag_id=churn, task_id=extract, execution_date=20251130T130845, start_date=20251130T130850, end_date=20251130T130851
[2025-11-30T13:08:51.464+0000] {local_task_job_runner.py:228} INFO - Task exited with return code 0
[2025-11-30T13:08:51.568+0000] {taskinstance.py:2778} INFO - 0 downstream tasks scheduled from follow-on schedule check
