[2025-11-24T15:29:15.213+0000] {processor.py:157} INFO - Started process (PID=79) to work on /home/airflow/.local/lib/python3.10/site-packages/airflow/example_dags/example_short_circuit_decorator.py
[2025-11-24T15:29:15.214+0000] {processor.py:829} INFO - Processing file /home/airflow/.local/lib/python3.10/site-packages/airflow/example_dags/example_short_circuit_decorator.py for tasks to queue
[2025-11-24T15:29:15.216+0000] {logging_mixin.py:154} INFO - [2025-11-24T15:29:15.216+0000] {dagbag.py:536} INFO - Filling up the DagBag from /home/airflow/.local/lib/python3.10/site-packages/airflow/example_dags/example_short_circuit_decorator.py
[2025-11-24T15:29:15.232+0000] {processor.py:839} INFO - DAG(s) dict_keys(['example_short_circuit_decorator']) retrieved from /home/airflow/.local/lib/python3.10/site-packages/airflow/example_dags/example_short_circuit_decorator.py
[2025-11-24T15:29:15.548+0000] {logging_mixin.py:154} INFO - [2025-11-24T15:29:15.547+0000] {manager.py:499} INFO - Created Permission View: %s
[2025-11-24T15:29:15.601+0000] {logging_mixin.py:154} INFO - [2025-11-24T15:29:15.601+0000] {manager.py:499} INFO - Created Permission View: %s
[2025-11-24T15:29:15.640+0000] {logging_mixin.py:154} INFO - [2025-11-24T15:29:15.640+0000] {manager.py:499} INFO - Created Permission View: %s
[2025-11-24T15:29:15.641+0000] {logging_mixin.py:154} INFO - [2025-11-24T15:29:15.641+0000] {dag.py:2941} INFO - Sync 1 DAGs
[2025-11-24T15:29:15.720+0000] {logging_mixin.py:154} INFO - [2025-11-24T15:29:15.720+0000] {dag.py:2963} INFO - Creating ORM DAG for example_short_circuit_decorator
[2025-11-24T15:29:15.767+0000] {logging_mixin.py:154} INFO - [2025-11-24T15:29:15.767+0000] {dag.py:3722} INFO - Setting next_dagrun for example_short_circuit_decorator to 2025-11-23T15:29:15.767152+00:00, run_after=2025-11-24T15:29:15.767152+00:00
[2025-11-24T15:29:15.819+0000] {processor.py:179} INFO - Processing /home/airflow/.local/lib/python3.10/site-packages/airflow/example_dags/example_short_circuit_decorator.py took 0.611 seconds
[2025-11-24T15:29:46.010+0000] {processor.py:157} INFO - Started process (PID=133) to work on /home/airflow/.local/lib/python3.10/site-packages/airflow/example_dags/example_short_circuit_decorator.py
[2025-11-24T15:29:46.012+0000] {processor.py:829} INFO - Processing file /home/airflow/.local/lib/python3.10/site-packages/airflow/example_dags/example_short_circuit_decorator.py for tasks to queue
[2025-11-24T15:29:46.014+0000] {logging_mixin.py:154} INFO - [2025-11-24T15:29:46.014+0000] {dagbag.py:536} INFO - Filling up the DagBag from /home/airflow/.local/lib/python3.10/site-packages/airflow/example_dags/example_short_circuit_decorator.py
[2025-11-24T15:29:46.025+0000] {processor.py:839} INFO - DAG(s) dict_keys(['example_short_circuit_decorator']) retrieved from /home/airflow/.local/lib/python3.10/site-packages/airflow/example_dags/example_short_circuit_decorator.py
[2025-11-24T15:29:46.051+0000] {logging_mixin.py:154} INFO - [2025-11-24T15:29:46.051+0000] {dag.py:2941} INFO - Sync 1 DAGs
[2025-11-24T15:29:46.076+0000] {logging_mixin.py:154} INFO - [2025-11-24T15:29:46.076+0000] {dag.py:3722} INFO - Setting next_dagrun for example_short_circuit_decorator to 2025-11-23T15:29:46.075810+00:00, run_after=2025-11-24T15:29:46.075810+00:00
[2025-11-24T15:29:46.129+0000] {processor.py:179} INFO - Processing /home/airflow/.local/lib/python3.10/site-packages/airflow/example_dags/example_short_circuit_decorator.py took 0.123 seconds
[2025-11-24T15:30:16.728+0000] {processor.py:157} INFO - Started process (PID=187) to work on /home/airflow/.local/lib/python3.10/site-packages/airflow/example_dags/example_short_circuit_decorator.py
[2025-11-24T15:30:16.736+0000] {processor.py:829} INFO - Processing file /home/airflow/.local/lib/python3.10/site-packages/airflow/example_dags/example_short_circuit_decorator.py for tasks to queue
[2025-11-24T15:30:16.740+0000] {logging_mixin.py:154} INFO - [2025-11-24T15:30:16.740+0000] {dagbag.py:536} INFO - Filling up the DagBag from /home/airflow/.local/lib/python3.10/site-packages/airflow/example_dags/example_short_circuit_decorator.py
[2025-11-24T15:30:16.753+0000] {processor.py:839} INFO - DAG(s) dict_keys(['example_short_circuit_decorator']) retrieved from /home/airflow/.local/lib/python3.10/site-packages/airflow/example_dags/example_short_circuit_decorator.py
[2025-11-24T15:30:16.789+0000] {logging_mixin.py:154} INFO - [2025-11-24T15:30:16.788+0000] {dag.py:2941} INFO - Sync 1 DAGs
[2025-11-24T15:30:16.821+0000] {logging_mixin.py:154} INFO - [2025-11-24T15:30:16.820+0000] {dag.py:3722} INFO - Setting next_dagrun for example_short_circuit_decorator to 2025-11-23T15:30:16.820506+00:00, run_after=2025-11-24T15:30:16.820506+00:00
[2025-11-24T15:30:16.846+0000] {processor.py:179} INFO - Processing /home/airflow/.local/lib/python3.10/site-packages/airflow/example_dags/example_short_circuit_decorator.py took 0.124 seconds
[2025-11-24T15:30:47.054+0000] {processor.py:157} INFO - Started process (PID=242) to work on /home/airflow/.local/lib/python3.10/site-packages/airflow/example_dags/example_short_circuit_decorator.py
[2025-11-24T15:30:47.055+0000] {processor.py:829} INFO - Processing file /home/airflow/.local/lib/python3.10/site-packages/airflow/example_dags/example_short_circuit_decorator.py for tasks to queue
[2025-11-24T15:30:47.058+0000] {logging_mixin.py:154} INFO - [2025-11-24T15:30:47.058+0000] {dagbag.py:536} INFO - Filling up the DagBag from /home/airflow/.local/lib/python3.10/site-packages/airflow/example_dags/example_short_circuit_decorator.py
[2025-11-24T15:30:47.071+0000] {processor.py:839} INFO - DAG(s) dict_keys(['example_short_circuit_decorator']) retrieved from /home/airflow/.local/lib/python3.10/site-packages/airflow/example_dags/example_short_circuit_decorator.py
[2025-11-24T15:30:47.107+0000] {logging_mixin.py:154} INFO - [2025-11-24T15:30:47.106+0000] {dag.py:2941} INFO - Sync 1 DAGs
[2025-11-24T15:30:47.139+0000] {logging_mixin.py:154} INFO - [2025-11-24T15:30:47.139+0000] {dag.py:3722} INFO - Setting next_dagrun for example_short_circuit_decorator to 2025-11-23T15:30:47.139017+00:00, run_after=2025-11-24T15:30:47.139017+00:00
[2025-11-24T15:30:47.172+0000] {processor.py:179} INFO - Processing /home/airflow/.local/lib/python3.10/site-packages/airflow/example_dags/example_short_circuit_decorator.py took 0.123 seconds
[2025-11-24T15:31:17.681+0000] {processor.py:157} INFO - Started process (PID=296) to work on /home/airflow/.local/lib/python3.10/site-packages/airflow/example_dags/example_short_circuit_decorator.py
[2025-11-24T15:31:17.683+0000] {processor.py:829} INFO - Processing file /home/airflow/.local/lib/python3.10/site-packages/airflow/example_dags/example_short_circuit_decorator.py for tasks to queue
[2025-11-24T15:31:17.686+0000] {logging_mixin.py:154} INFO - [2025-11-24T15:31:17.685+0000] {dagbag.py:536} INFO - Filling up the DagBag from /home/airflow/.local/lib/python3.10/site-packages/airflow/example_dags/example_short_circuit_decorator.py
[2025-11-24T15:31:17.701+0000] {processor.py:839} INFO - DAG(s) dict_keys(['example_short_circuit_decorator']) retrieved from /home/airflow/.local/lib/python3.10/site-packages/airflow/example_dags/example_short_circuit_decorator.py
[2025-11-24T15:31:17.735+0000] {logging_mixin.py:154} INFO - [2025-11-24T15:31:17.735+0000] {dag.py:2941} INFO - Sync 1 DAGs
[2025-11-24T15:31:17.773+0000] {logging_mixin.py:154} INFO - [2025-11-24T15:31:17.773+0000] {dag.py:3722} INFO - Setting next_dagrun for example_short_circuit_decorator to 2025-11-23T15:31:17.772712+00:00, run_after=2025-11-24T15:31:17.772712+00:00
[2025-11-24T15:31:17.798+0000] {processor.py:179} INFO - Processing /home/airflow/.local/lib/python3.10/site-packages/airflow/example_dags/example_short_circuit_decorator.py took 0.122 seconds
[2025-11-24T15:31:48.197+0000] {processor.py:157} INFO - Started process (PID=350) to work on /home/airflow/.local/lib/python3.10/site-packages/airflow/example_dags/example_short_circuit_decorator.py
[2025-11-24T15:31:48.199+0000] {processor.py:829} INFO - Processing file /home/airflow/.local/lib/python3.10/site-packages/airflow/example_dags/example_short_circuit_decorator.py for tasks to queue
[2025-11-24T15:31:48.201+0000] {logging_mixin.py:154} INFO - [2025-11-24T15:31:48.201+0000] {dagbag.py:536} INFO - Filling up the DagBag from /home/airflow/.local/lib/python3.10/site-packages/airflow/example_dags/example_short_circuit_decorator.py
[2025-11-24T15:31:48.214+0000] {processor.py:839} INFO - DAG(s) dict_keys(['example_short_circuit_decorator']) retrieved from /home/airflow/.local/lib/python3.10/site-packages/airflow/example_dags/example_short_circuit_decorator.py
[2025-11-24T15:31:48.249+0000] {logging_mixin.py:154} INFO - [2025-11-24T15:31:48.248+0000] {dag.py:2941} INFO - Sync 1 DAGs
[2025-11-24T15:31:48.289+0000] {logging_mixin.py:154} INFO - [2025-11-24T15:31:48.288+0000] {dag.py:3722} INFO - Setting next_dagrun for example_short_circuit_decorator to 2025-11-23T15:31:48.282111+00:00, run_after=2025-11-24T15:31:48.282111+00:00
[2025-11-24T15:31:48.388+0000] {processor.py:179} INFO - Processing /home/airflow/.local/lib/python3.10/site-packages/airflow/example_dags/example_short_circuit_decorator.py took 0.195 seconds
[2025-11-24T15:32:18.946+0000] {processor.py:157} INFO - Started process (PID=403) to work on /home/airflow/.local/lib/python3.10/site-packages/airflow/example_dags/example_short_circuit_decorator.py
[2025-11-24T15:32:18.949+0000] {processor.py:829} INFO - Processing file /home/airflow/.local/lib/python3.10/site-packages/airflow/example_dags/example_short_circuit_decorator.py for tasks to queue
[2025-11-24T15:32:18.952+0000] {logging_mixin.py:154} INFO - [2025-11-24T15:32:18.952+0000] {dagbag.py:536} INFO - Filling up the DagBag from /home/airflow/.local/lib/python3.10/site-packages/airflow/example_dags/example_short_circuit_decorator.py
[2025-11-24T15:32:18.967+0000] {processor.py:839} INFO - DAG(s) dict_keys(['example_short_circuit_decorator']) retrieved from /home/airflow/.local/lib/python3.10/site-packages/airflow/example_dags/example_short_circuit_decorator.py
[2025-11-24T15:32:19.002+0000] {logging_mixin.py:154} INFO - [2025-11-24T15:32:19.001+0000] {dag.py:2941} INFO - Sync 1 DAGs
[2025-11-24T15:32:19.032+0000] {logging_mixin.py:154} INFO - [2025-11-24T15:32:19.032+0000] {dag.py:3722} INFO - Setting next_dagrun for example_short_circuit_decorator to 2025-11-23T15:32:19.032165+00:00, run_after=2025-11-24T15:32:19.032165+00:00
[2025-11-24T15:32:19.060+0000] {processor.py:179} INFO - Processing /home/airflow/.local/lib/python3.10/site-packages/airflow/example_dags/example_short_circuit_decorator.py took 0.120 seconds
[2025-11-24T15:32:49.772+0000] {processor.py:157} INFO - Started process (PID=457) to work on /home/airflow/.local/lib/python3.10/site-packages/airflow/example_dags/example_short_circuit_decorator.py
[2025-11-24T15:32:49.773+0000] {processor.py:829} INFO - Processing file /home/airflow/.local/lib/python3.10/site-packages/airflow/example_dags/example_short_circuit_decorator.py for tasks to queue
[2025-11-24T15:32:49.776+0000] {logging_mixin.py:154} INFO - [2025-11-24T15:32:49.775+0000] {dagbag.py:536} INFO - Filling up the DagBag from /home/airflow/.local/lib/python3.10/site-packages/airflow/example_dags/example_short_circuit_decorator.py
[2025-11-24T15:32:49.826+0000] {processor.py:839} INFO - DAG(s) dict_keys(['example_short_circuit_decorator']) retrieved from /home/airflow/.local/lib/python3.10/site-packages/airflow/example_dags/example_short_circuit_decorator.py
[2025-11-24T15:32:49.943+0000] {logging_mixin.py:154} INFO - [2025-11-24T15:32:49.943+0000] {dag.py:2941} INFO - Sync 1 DAGs
[2025-11-24T15:32:50.031+0000] {logging_mixin.py:154} INFO - [2025-11-24T15:32:50.031+0000] {dag.py:3722} INFO - Setting next_dagrun for example_short_circuit_decorator to 2025-11-23T15:32:50.031125+00:00, run_after=2025-11-24T15:32:50.031125+00:00
[2025-11-24T15:32:50.115+0000] {processor.py:179} INFO - Processing /home/airflow/.local/lib/python3.10/site-packages/airflow/example_dags/example_short_circuit_decorator.py took 0.365 seconds
[2025-11-24T15:33:20.566+0000] {processor.py:157} INFO - Started process (PID=511) to work on /home/airflow/.local/lib/python3.10/site-packages/airflow/example_dags/example_short_circuit_decorator.py
[2025-11-24T15:33:20.569+0000] {processor.py:829} INFO - Processing file /home/airflow/.local/lib/python3.10/site-packages/airflow/example_dags/example_short_circuit_decorator.py for tasks to queue
[2025-11-24T15:33:20.572+0000] {logging_mixin.py:154} INFO - [2025-11-24T15:33:20.571+0000] {dagbag.py:536} INFO - Filling up the DagBag from /home/airflow/.local/lib/python3.10/site-packages/airflow/example_dags/example_short_circuit_decorator.py
[2025-11-24T15:33:20.585+0000] {processor.py:839} INFO - DAG(s) dict_keys(['example_short_circuit_decorator']) retrieved from /home/airflow/.local/lib/python3.10/site-packages/airflow/example_dags/example_short_circuit_decorator.py
[2025-11-24T15:33:20.619+0000] {logging_mixin.py:154} INFO - [2025-11-24T15:33:20.618+0000] {dag.py:2941} INFO - Sync 1 DAGs
[2025-11-24T15:33:20.653+0000] {logging_mixin.py:154} INFO - [2025-11-24T15:33:20.653+0000] {dag.py:3722} INFO - Setting next_dagrun for example_short_circuit_decorator to 2025-11-23T15:33:20.652728+00:00, run_after=2025-11-24T15:33:20.652728+00:00
[2025-11-24T15:33:20.693+0000] {processor.py:179} INFO - Processing /home/airflow/.local/lib/python3.10/site-packages/airflow/example_dags/example_short_circuit_decorator.py took 0.131 seconds
[2025-11-24T15:33:51.091+0000] {processor.py:157} INFO - Started process (PID=565) to work on /home/airflow/.local/lib/python3.10/site-packages/airflow/example_dags/example_short_circuit_decorator.py
[2025-11-24T15:33:51.093+0000] {processor.py:829} INFO - Processing file /home/airflow/.local/lib/python3.10/site-packages/airflow/example_dags/example_short_circuit_decorator.py for tasks to queue
[2025-11-24T15:33:51.095+0000] {logging_mixin.py:154} INFO - [2025-11-24T15:33:51.095+0000] {dagbag.py:536} INFO - Filling up the DagBag from /home/airflow/.local/lib/python3.10/site-packages/airflow/example_dags/example_short_circuit_decorator.py
[2025-11-24T15:33:51.108+0000] {processor.py:839} INFO - DAG(s) dict_keys(['example_short_circuit_decorator']) retrieved from /home/airflow/.local/lib/python3.10/site-packages/airflow/example_dags/example_short_circuit_decorator.py
[2025-11-24T15:33:51.139+0000] {logging_mixin.py:154} INFO - [2025-11-24T15:33:51.139+0000] {dag.py:2941} INFO - Sync 1 DAGs
[2025-11-24T15:33:51.173+0000] {logging_mixin.py:154} INFO - [2025-11-24T15:33:51.173+0000] {dag.py:3722} INFO - Setting next_dagrun for example_short_circuit_decorator to 2025-11-23T15:33:51.172936+00:00, run_after=2025-11-24T15:33:51.172936+00:00
[2025-11-24T15:33:51.200+0000] {processor.py:179} INFO - Processing /home/airflow/.local/lib/python3.10/site-packages/airflow/example_dags/example_short_circuit_decorator.py took 0.114 seconds
[2025-11-24T15:34:21.327+0000] {processor.py:157} INFO - Started process (PID=619) to work on /home/airflow/.local/lib/python3.10/site-packages/airflow/example_dags/example_short_circuit_decorator.py
[2025-11-24T15:34:21.329+0000] {processor.py:829} INFO - Processing file /home/airflow/.local/lib/python3.10/site-packages/airflow/example_dags/example_short_circuit_decorator.py for tasks to queue
[2025-11-24T15:34:21.331+0000] {logging_mixin.py:154} INFO - [2025-11-24T15:34:21.331+0000] {dagbag.py:536} INFO - Filling up the DagBag from /home/airflow/.local/lib/python3.10/site-packages/airflow/example_dags/example_short_circuit_decorator.py
[2025-11-24T15:34:21.345+0000] {processor.py:839} INFO - DAG(s) dict_keys(['example_short_circuit_decorator']) retrieved from /home/airflow/.local/lib/python3.10/site-packages/airflow/example_dags/example_short_circuit_decorator.py
[2025-11-24T15:34:21.379+0000] {logging_mixin.py:154} INFO - [2025-11-24T15:34:21.378+0000] {dag.py:2941} INFO - Sync 1 DAGs
[2025-11-24T15:34:21.412+0000] {logging_mixin.py:154} INFO - [2025-11-24T15:34:21.412+0000] {dag.py:3722} INFO - Setting next_dagrun for example_short_circuit_decorator to 2025-11-23T15:34:21.412008+00:00, run_after=2025-11-24T15:34:21.412008+00:00
[2025-11-24T15:34:21.437+0000] {processor.py:179} INFO - Processing /home/airflow/.local/lib/python3.10/site-packages/airflow/example_dags/example_short_circuit_decorator.py took 0.115 seconds
[2025-11-24T15:34:51.920+0000] {processor.py:157} INFO - Started process (PID=672) to work on /home/airflow/.local/lib/python3.10/site-packages/airflow/example_dags/example_short_circuit_decorator.py
[2025-11-24T15:34:51.921+0000] {processor.py:829} INFO - Processing file /home/airflow/.local/lib/python3.10/site-packages/airflow/example_dags/example_short_circuit_decorator.py for tasks to queue
[2025-11-24T15:34:51.924+0000] {logging_mixin.py:154} INFO - [2025-11-24T15:34:51.924+0000] {dagbag.py:536} INFO - Filling up the DagBag from /home/airflow/.local/lib/python3.10/site-packages/airflow/example_dags/example_short_circuit_decorator.py
[2025-11-24T15:34:51.937+0000] {processor.py:839} INFO - DAG(s) dict_keys(['example_short_circuit_decorator']) retrieved from /home/airflow/.local/lib/python3.10/site-packages/airflow/example_dags/example_short_circuit_decorator.py
[2025-11-24T15:34:51.970+0000] {logging_mixin.py:154} INFO - [2025-11-24T15:34:51.970+0000] {dag.py:2941} INFO - Sync 1 DAGs
[2025-11-24T15:34:52.004+0000] {logging_mixin.py:154} INFO - [2025-11-24T15:34:52.003+0000] {dag.py:3722} INFO - Setting next_dagrun for example_short_circuit_decorator to 2025-11-23T15:34:52.003566+00:00, run_after=2025-11-24T15:34:52.003566+00:00
[2025-11-24T15:34:52.033+0000] {processor.py:179} INFO - Processing /home/airflow/.local/lib/python3.10/site-packages/airflow/example_dags/example_short_circuit_decorator.py took 0.118 seconds
[2025-11-24T15:35:22.865+0000] {processor.py:157} INFO - Started process (PID=725) to work on /home/airflow/.local/lib/python3.10/site-packages/airflow/example_dags/example_short_circuit_decorator.py
[2025-11-24T15:35:22.878+0000] {processor.py:829} INFO - Processing file /home/airflow/.local/lib/python3.10/site-packages/airflow/example_dags/example_short_circuit_decorator.py for tasks to queue
[2025-11-24T15:35:22.881+0000] {logging_mixin.py:154} INFO - [2025-11-24T15:35:22.881+0000] {dagbag.py:536} INFO - Filling up the DagBag from /home/airflow/.local/lib/python3.10/site-packages/airflow/example_dags/example_short_circuit_decorator.py
[2025-11-24T15:35:22.903+0000] {processor.py:839} INFO - DAG(s) dict_keys(['example_short_circuit_decorator']) retrieved from /home/airflow/.local/lib/python3.10/site-packages/airflow/example_dags/example_short_circuit_decorator.py
[2025-11-24T15:35:22.954+0000] {logging_mixin.py:154} INFO - [2025-11-24T15:35:22.953+0000] {dag.py:2941} INFO - Sync 1 DAGs
[2025-11-24T15:35:22.999+0000] {logging_mixin.py:154} INFO - [2025-11-24T15:35:22.999+0000] {dag.py:3722} INFO - Setting next_dagrun for example_short_circuit_decorator to 2025-11-23T15:35:22.998799+00:00, run_after=2025-11-24T15:35:22.998799+00:00
[2025-11-24T15:35:23.027+0000] {processor.py:179} INFO - Processing /home/airflow/.local/lib/python3.10/site-packages/airflow/example_dags/example_short_circuit_decorator.py took 0.180 seconds
[2025-11-24T15:35:54.035+0000] {processor.py:157} INFO - Started process (PID=779) to work on /home/airflow/.local/lib/python3.10/site-packages/airflow/example_dags/example_short_circuit_decorator.py
[2025-11-24T15:35:54.036+0000] {processor.py:829} INFO - Processing file /home/airflow/.local/lib/python3.10/site-packages/airflow/example_dags/example_short_circuit_decorator.py for tasks to queue
[2025-11-24T15:35:54.039+0000] {logging_mixin.py:154} INFO - [2025-11-24T15:35:54.039+0000] {dagbag.py:536} INFO - Filling up the DagBag from /home/airflow/.local/lib/python3.10/site-packages/airflow/example_dags/example_short_circuit_decorator.py
[2025-11-24T15:35:54.054+0000] {processor.py:839} INFO - DAG(s) dict_keys(['example_short_circuit_decorator']) retrieved from /home/airflow/.local/lib/python3.10/site-packages/airflow/example_dags/example_short_circuit_decorator.py
[2025-11-24T15:35:54.089+0000] {logging_mixin.py:154} INFO - [2025-11-24T15:35:54.088+0000] {dag.py:2941} INFO - Sync 1 DAGs
[2025-11-24T15:35:54.122+0000] {logging_mixin.py:154} INFO - [2025-11-24T15:35:54.122+0000] {dag.py:3722} INFO - Setting next_dagrun for example_short_circuit_decorator to 2025-11-23T15:35:54.122062+00:00, run_after=2025-11-24T15:35:54.122062+00:00
[2025-11-24T15:35:54.146+0000] {processor.py:179} INFO - Processing /home/airflow/.local/lib/python3.10/site-packages/airflow/example_dags/example_short_circuit_decorator.py took 0.116 seconds
[2025-11-24T15:36:24.559+0000] {processor.py:157} INFO - Started process (PID=834) to work on /home/airflow/.local/lib/python3.10/site-packages/airflow/example_dags/example_short_circuit_decorator.py
[2025-11-24T15:36:24.561+0000] {processor.py:829} INFO - Processing file /home/airflow/.local/lib/python3.10/site-packages/airflow/example_dags/example_short_circuit_decorator.py for tasks to queue
[2025-11-24T15:36:24.565+0000] {logging_mixin.py:154} INFO - [2025-11-24T15:36:24.565+0000] {dagbag.py:536} INFO - Filling up the DagBag from /home/airflow/.local/lib/python3.10/site-packages/airflow/example_dags/example_short_circuit_decorator.py
[2025-11-24T15:36:24.579+0000] {processor.py:839} INFO - DAG(s) dict_keys(['example_short_circuit_decorator']) retrieved from /home/airflow/.local/lib/python3.10/site-packages/airflow/example_dags/example_short_circuit_decorator.py
[2025-11-24T15:36:24.614+0000] {logging_mixin.py:154} INFO - [2025-11-24T15:36:24.613+0000] {dag.py:2941} INFO - Sync 1 DAGs
[2025-11-24T15:36:24.647+0000] {logging_mixin.py:154} INFO - [2025-11-24T15:36:24.647+0000] {dag.py:3722} INFO - Setting next_dagrun for example_short_circuit_decorator to 2025-11-23T15:36:24.647349+00:00, run_after=2025-11-24T15:36:24.647349+00:00
[2025-11-24T15:36:24.672+0000] {processor.py:179} INFO - Processing /home/airflow/.local/lib/python3.10/site-packages/airflow/example_dags/example_short_circuit_decorator.py took 0.118 seconds
[2025-11-24T15:36:54.907+0000] {processor.py:157} INFO - Started process (PID=888) to work on /home/airflow/.local/lib/python3.10/site-packages/airflow/example_dags/example_short_circuit_decorator.py
[2025-11-24T15:36:54.908+0000] {processor.py:829} INFO - Processing file /home/airflow/.local/lib/python3.10/site-packages/airflow/example_dags/example_short_circuit_decorator.py for tasks to queue
[2025-11-24T15:36:54.911+0000] {logging_mixin.py:154} INFO - [2025-11-24T15:36:54.911+0000] {dagbag.py:536} INFO - Filling up the DagBag from /home/airflow/.local/lib/python3.10/site-packages/airflow/example_dags/example_short_circuit_decorator.py
[2025-11-24T15:36:54.926+0000] {processor.py:839} INFO - DAG(s) dict_keys(['example_short_circuit_decorator']) retrieved from /home/airflow/.local/lib/python3.10/site-packages/airflow/example_dags/example_short_circuit_decorator.py
[2025-11-24T15:36:54.962+0000] {logging_mixin.py:154} INFO - [2025-11-24T15:36:54.962+0000] {dag.py:2941} INFO - Sync 1 DAGs
[2025-11-24T15:36:54.997+0000] {logging_mixin.py:154} INFO - [2025-11-24T15:36:54.996+0000] {dag.py:3722} INFO - Setting next_dagrun for example_short_circuit_decorator to 2025-11-23T15:36:54.996600+00:00, run_after=2025-11-24T15:36:54.996600+00:00
[2025-11-24T15:36:55.030+0000] {processor.py:179} INFO - Processing /home/airflow/.local/lib/python3.10/site-packages/airflow/example_dags/example_short_circuit_decorator.py took 0.128 seconds
[2025-11-24T15:37:25.592+0000] {processor.py:157} INFO - Started process (PID=942) to work on /home/airflow/.local/lib/python3.10/site-packages/airflow/example_dags/example_short_circuit_decorator.py
[2025-11-24T15:37:25.596+0000] {processor.py:829} INFO - Processing file /home/airflow/.local/lib/python3.10/site-packages/airflow/example_dags/example_short_circuit_decorator.py for tasks to queue
[2025-11-24T15:37:25.599+0000] {logging_mixin.py:154} INFO - [2025-11-24T15:37:25.599+0000] {dagbag.py:536} INFO - Filling up the DagBag from /home/airflow/.local/lib/python3.10/site-packages/airflow/example_dags/example_short_circuit_decorator.py
[2025-11-24T15:37:25.615+0000] {processor.py:839} INFO - DAG(s) dict_keys(['example_short_circuit_decorator']) retrieved from /home/airflow/.local/lib/python3.10/site-packages/airflow/example_dags/example_short_circuit_decorator.py
[2025-11-24T15:37:25.649+0000] {logging_mixin.py:154} INFO - [2025-11-24T15:37:25.649+0000] {dag.py:2941} INFO - Sync 1 DAGs
[2025-11-24T15:37:25.705+0000] {logging_mixin.py:154} INFO - [2025-11-24T15:37:25.705+0000] {dag.py:3722} INFO - Setting next_dagrun for example_short_circuit_decorator to 2025-11-23T15:37:25.704775+00:00, run_after=2025-11-24T15:37:25.704775+00:00
[2025-11-24T15:37:25.730+0000] {processor.py:179} INFO - Processing /home/airflow/.local/lib/python3.10/site-packages/airflow/example_dags/example_short_circuit_decorator.py took 0.143 seconds
[2025-11-24T15:37:56.278+0000] {processor.py:157} INFO - Started process (PID=997) to work on /home/airflow/.local/lib/python3.10/site-packages/airflow/example_dags/example_short_circuit_decorator.py
[2025-11-24T15:37:56.280+0000] {processor.py:829} INFO - Processing file /home/airflow/.local/lib/python3.10/site-packages/airflow/example_dags/example_short_circuit_decorator.py for tasks to queue
[2025-11-24T15:37:56.283+0000] {logging_mixin.py:154} INFO - [2025-11-24T15:37:56.282+0000] {dagbag.py:536} INFO - Filling up the DagBag from /home/airflow/.local/lib/python3.10/site-packages/airflow/example_dags/example_short_circuit_decorator.py
[2025-11-24T15:37:56.297+0000] {processor.py:839} INFO - DAG(s) dict_keys(['example_short_circuit_decorator']) retrieved from /home/airflow/.local/lib/python3.10/site-packages/airflow/example_dags/example_short_circuit_decorator.py
[2025-11-24T15:37:56.331+0000] {logging_mixin.py:154} INFO - [2025-11-24T15:37:56.331+0000] {dag.py:2941} INFO - Sync 1 DAGs
[2025-11-24T15:37:56.366+0000] {logging_mixin.py:154} INFO - [2025-11-24T15:37:56.366+0000] {dag.py:3722} INFO - Setting next_dagrun for example_short_circuit_decorator to 2025-11-23T15:37:56.365968+00:00, run_after=2025-11-24T15:37:56.365968+00:00
[2025-11-24T15:37:56.407+0000] {processor.py:179} INFO - Processing /home/airflow/.local/lib/python3.10/site-packages/airflow/example_dags/example_short_circuit_decorator.py took 0.133 seconds
