[2025-11-24T15:29:05.509+0000] {processor.py:157} INFO - Started process (PID=49) to work on /home/airflow/.local/lib/python3.10/site-packages/airflow/example_dags/example_params_ui_tutorial.py
[2025-11-24T15:29:05.510+0000] {processor.py:829} INFO - Processing file /home/airflow/.local/lib/python3.10/site-packages/airflow/example_dags/example_params_ui_tutorial.py for tasks to queue
[2025-11-24T15:29:05.525+0000] {logging_mixin.py:154} INFO - [2025-11-24T15:29:05.524+0000] {dagbag.py:536} INFO - Filling up the DagBag from /home/airflow/.local/lib/python3.10/site-packages/airflow/example_dags/example_params_ui_tutorial.py
[2025-11-24T15:29:05.683+0000] {processor.py:839} INFO - DAG(s) dict_keys(['example_params_ui_tutorial']) retrieved from /home/airflow/.local/lib/python3.10/site-packages/airflow/example_dags/example_params_ui_tutorial.py
[2025-11-24T15:29:06.388+0000] {logging_mixin.py:154} INFO - [2025-11-24T15:29:06.388+0000] {manager.py:499} INFO - Created Permission View: %s
[2025-11-24T15:29:06.491+0000] {logging_mixin.py:154} INFO - [2025-11-24T15:29:06.491+0000] {manager.py:499} INFO - Created Permission View: %s
[2025-11-24T15:29:06.547+0000] {logging_mixin.py:154} INFO - [2025-11-24T15:29:06.546+0000] {manager.py:499} INFO - Created Permission View: %s
[2025-11-24T15:29:06.547+0000] {logging_mixin.py:154} INFO - [2025-11-24T15:29:06.547+0000] {dag.py:2941} INFO - Sync 1 DAGs
[2025-11-24T15:29:06.626+0000] {logging_mixin.py:154} INFO - [2025-11-24T15:29:06.626+0000] {dag.py:2963} INFO - Creating ORM DAG for example_params_ui_tutorial
[2025-11-24T15:29:06.627+0000] {logging_mixin.py:154} INFO - [2025-11-24T15:29:06.627+0000] {dag.py:3722} INFO - Setting next_dagrun for example_params_ui_tutorial to None, run_after=None
[2025-11-24T15:29:06.734+0000] {processor.py:179} INFO - Processing /home/airflow/.local/lib/python3.10/site-packages/airflow/example_dags/example_params_ui_tutorial.py took 1.235 seconds
[2025-11-24T15:29:37.434+0000] {processor.py:157} INFO - Started process (PID=103) to work on /home/airflow/.local/lib/python3.10/site-packages/airflow/example_dags/example_params_ui_tutorial.py
[2025-11-24T15:29:37.438+0000] {processor.py:829} INFO - Processing file /home/airflow/.local/lib/python3.10/site-packages/airflow/example_dags/example_params_ui_tutorial.py for tasks to queue
[2025-11-24T15:29:37.440+0000] {logging_mixin.py:154} INFO - [2025-11-24T15:29:37.440+0000] {dagbag.py:536} INFO - Filling up the DagBag from /home/airflow/.local/lib/python3.10/site-packages/airflow/example_dags/example_params_ui_tutorial.py
[2025-11-24T15:29:37.489+0000] {processor.py:839} INFO - DAG(s) dict_keys(['example_params_ui_tutorial']) retrieved from /home/airflow/.local/lib/python3.10/site-packages/airflow/example_dags/example_params_ui_tutorial.py
[2025-11-24T15:29:37.565+0000] {logging_mixin.py:154} INFO - [2025-11-24T15:29:37.565+0000] {dag.py:2941} INFO - Sync 1 DAGs
[2025-11-24T15:29:37.583+0000] {logging_mixin.py:154} INFO - [2025-11-24T15:29:37.583+0000] {dag.py:3722} INFO - Setting next_dagrun for example_params_ui_tutorial to None, run_after=None
[2025-11-24T15:29:37.607+0000] {processor.py:179} INFO - Processing /home/airflow/.local/lib/python3.10/site-packages/airflow/example_dags/example_params_ui_tutorial.py took 0.178 seconds
[2025-11-24T15:30:08.010+0000] {processor.py:157} INFO - Started process (PID=157) to work on /home/airflow/.local/lib/python3.10/site-packages/airflow/example_dags/example_params_ui_tutorial.py
[2025-11-24T15:30:08.011+0000] {processor.py:829} INFO - Processing file /home/airflow/.local/lib/python3.10/site-packages/airflow/example_dags/example_params_ui_tutorial.py for tasks to queue
[2025-11-24T15:30:08.014+0000] {logging_mixin.py:154} INFO - [2025-11-24T15:30:08.014+0000] {dagbag.py:536} INFO - Filling up the DagBag from /home/airflow/.local/lib/python3.10/site-packages/airflow/example_dags/example_params_ui_tutorial.py
[2025-11-24T15:30:08.075+0000] {processor.py:839} INFO - DAG(s) dict_keys(['example_params_ui_tutorial']) retrieved from /home/airflow/.local/lib/python3.10/site-packages/airflow/example_dags/example_params_ui_tutorial.py
[2025-11-24T15:30:08.151+0000] {logging_mixin.py:154} INFO - [2025-11-24T15:30:08.150+0000] {dag.py:2941} INFO - Sync 1 DAGs
[2025-11-24T15:30:08.169+0000] {logging_mixin.py:154} INFO - [2025-11-24T15:30:08.168+0000] {dag.py:3722} INFO - Setting next_dagrun for example_params_ui_tutorial to None, run_after=None
[2025-11-24T15:30:08.192+0000] {processor.py:179} INFO - Processing /home/airflow/.local/lib/python3.10/site-packages/airflow/example_dags/example_params_ui_tutorial.py took 0.187 seconds
[2025-11-24T15:30:38.321+0000] {processor.py:157} INFO - Started process (PID=212) to work on /home/airflow/.local/lib/python3.10/site-packages/airflow/example_dags/example_params_ui_tutorial.py
[2025-11-24T15:30:38.323+0000] {processor.py:829} INFO - Processing file /home/airflow/.local/lib/python3.10/site-packages/airflow/example_dags/example_params_ui_tutorial.py for tasks to queue
[2025-11-24T15:30:38.325+0000] {logging_mixin.py:154} INFO - [2025-11-24T15:30:38.325+0000] {dagbag.py:536} INFO - Filling up the DagBag from /home/airflow/.local/lib/python3.10/site-packages/airflow/example_dags/example_params_ui_tutorial.py
[2025-11-24T15:30:38.365+0000] {processor.py:839} INFO - DAG(s) dict_keys(['example_params_ui_tutorial']) retrieved from /home/airflow/.local/lib/python3.10/site-packages/airflow/example_dags/example_params_ui_tutorial.py
[2025-11-24T15:30:38.422+0000] {logging_mixin.py:154} INFO - [2025-11-24T15:30:38.422+0000] {dag.py:2941} INFO - Sync 1 DAGs
[2025-11-24T15:30:38.436+0000] {logging_mixin.py:154} INFO - [2025-11-24T15:30:38.436+0000] {dag.py:3722} INFO - Setting next_dagrun for example_params_ui_tutorial to None, run_after=None
[2025-11-24T15:30:38.458+0000] {processor.py:179} INFO - Processing /home/airflow/.local/lib/python3.10/site-packages/airflow/example_dags/example_params_ui_tutorial.py took 0.140 seconds
[2025-11-24T15:31:09.055+0000] {processor.py:157} INFO - Started process (PID=266) to work on /home/airflow/.local/lib/python3.10/site-packages/airflow/example_dags/example_params_ui_tutorial.py
[2025-11-24T15:31:09.056+0000] {processor.py:829} INFO - Processing file /home/airflow/.local/lib/python3.10/site-packages/airflow/example_dags/example_params_ui_tutorial.py for tasks to queue
[2025-11-24T15:31:09.058+0000] {logging_mixin.py:154} INFO - [2025-11-24T15:31:09.058+0000] {dagbag.py:536} INFO - Filling up the DagBag from /home/airflow/.local/lib/python3.10/site-packages/airflow/example_dags/example_params_ui_tutorial.py
[2025-11-24T15:31:09.113+0000] {processor.py:839} INFO - DAG(s) dict_keys(['example_params_ui_tutorial']) retrieved from /home/airflow/.local/lib/python3.10/site-packages/airflow/example_dags/example_params_ui_tutorial.py
[2025-11-24T15:31:09.192+0000] {logging_mixin.py:154} INFO - [2025-11-24T15:31:09.192+0000] {dag.py:2941} INFO - Sync 1 DAGs
[2025-11-24T15:31:09.209+0000] {logging_mixin.py:154} INFO - [2025-11-24T15:31:09.208+0000] {dag.py:3722} INFO - Setting next_dagrun for example_params_ui_tutorial to None, run_after=None
[2025-11-24T15:31:09.228+0000] {processor.py:179} INFO - Processing /home/airflow/.local/lib/python3.10/site-packages/airflow/example_dags/example_params_ui_tutorial.py took 0.178 seconds
[2025-11-24T15:31:39.299+0000] {processor.py:157} INFO - Started process (PID=320) to work on /home/airflow/.local/lib/python3.10/site-packages/airflow/example_dags/example_params_ui_tutorial.py
[2025-11-24T15:31:39.302+0000] {processor.py:829} INFO - Processing file /home/airflow/.local/lib/python3.10/site-packages/airflow/example_dags/example_params_ui_tutorial.py for tasks to queue
[2025-11-24T15:31:39.305+0000] {logging_mixin.py:154} INFO - [2025-11-24T15:31:39.305+0000] {dagbag.py:536} INFO - Filling up the DagBag from /home/airflow/.local/lib/python3.10/site-packages/airflow/example_dags/example_params_ui_tutorial.py
[2025-11-24T15:31:39.496+0000] {processor.py:839} INFO - DAG(s) dict_keys(['example_params_ui_tutorial']) retrieved from /home/airflow/.local/lib/python3.10/site-packages/airflow/example_dags/example_params_ui_tutorial.py
[2025-11-24T15:31:39.733+0000] {logging_mixin.py:154} INFO - [2025-11-24T15:31:39.733+0000] {dag.py:2941} INFO - Sync 1 DAGs
[2025-11-24T15:31:39.772+0000] {logging_mixin.py:154} INFO - [2025-11-24T15:31:39.772+0000] {dag.py:3722} INFO - Setting next_dagrun for example_params_ui_tutorial to None, run_after=None
[2025-11-24T15:31:39.805+0000] {processor.py:179} INFO - Processing /home/airflow/.local/lib/python3.10/site-packages/airflow/example_dags/example_params_ui_tutorial.py took 0.520 seconds
[2025-11-24T15:32:09.869+0000] {processor.py:157} INFO - Started process (PID=374) to work on /home/airflow/.local/lib/python3.10/site-packages/airflow/example_dags/example_params_ui_tutorial.py
[2025-11-24T15:32:09.872+0000] {processor.py:829} INFO - Processing file /home/airflow/.local/lib/python3.10/site-packages/airflow/example_dags/example_params_ui_tutorial.py for tasks to queue
[2025-11-24T15:32:09.875+0000] {logging_mixin.py:154} INFO - [2025-11-24T15:32:09.874+0000] {dagbag.py:536} INFO - Filling up the DagBag from /home/airflow/.local/lib/python3.10/site-packages/airflow/example_dags/example_params_ui_tutorial.py
[2025-11-24T15:32:09.927+0000] {processor.py:839} INFO - DAG(s) dict_keys(['example_params_ui_tutorial']) retrieved from /home/airflow/.local/lib/python3.10/site-packages/airflow/example_dags/example_params_ui_tutorial.py
[2025-11-24T15:32:10.003+0000] {logging_mixin.py:154} INFO - [2025-11-24T15:32:10.003+0000] {dag.py:2941} INFO - Sync 1 DAGs
[2025-11-24T15:32:10.024+0000] {logging_mixin.py:154} INFO - [2025-11-24T15:32:10.024+0000] {dag.py:3722} INFO - Setting next_dagrun for example_params_ui_tutorial to None, run_after=None
[2025-11-24T15:32:10.049+0000] {processor.py:179} INFO - Processing /home/airflow/.local/lib/python3.10/site-packages/airflow/example_dags/example_params_ui_tutorial.py took 0.185 seconds
[2025-11-24T15:32:40.101+0000] {processor.py:157} INFO - Started process (PID=428) to work on /home/airflow/.local/lib/python3.10/site-packages/airflow/example_dags/example_params_ui_tutorial.py
[2025-11-24T15:32:40.102+0000] {processor.py:829} INFO - Processing file /home/airflow/.local/lib/python3.10/site-packages/airflow/example_dags/example_params_ui_tutorial.py for tasks to queue
[2025-11-24T15:32:40.104+0000] {logging_mixin.py:154} INFO - [2025-11-24T15:32:40.104+0000] {dagbag.py:536} INFO - Filling up the DagBag from /home/airflow/.local/lib/python3.10/site-packages/airflow/example_dags/example_params_ui_tutorial.py
[2025-11-24T15:32:40.187+0000] {processor.py:839} INFO - DAG(s) dict_keys(['example_params_ui_tutorial']) retrieved from /home/airflow/.local/lib/python3.10/site-packages/airflow/example_dags/example_params_ui_tutorial.py
[2025-11-24T15:32:40.298+0000] {logging_mixin.py:154} INFO - [2025-11-24T15:32:40.298+0000] {dag.py:2941} INFO - Sync 1 DAGs
[2025-11-24T15:32:40.312+0000] {logging_mixin.py:154} INFO - [2025-11-24T15:32:40.312+0000] {dag.py:3722} INFO - Setting next_dagrun for example_params_ui_tutorial to None, run_after=None
[2025-11-24T15:32:40.352+0000] {processor.py:179} INFO - Processing /home/airflow/.local/lib/python3.10/site-packages/airflow/example_dags/example_params_ui_tutorial.py took 0.257 seconds
[2025-11-24T15:33:11.085+0000] {processor.py:157} INFO - Started process (PID=481) to work on /home/airflow/.local/lib/python3.10/site-packages/airflow/example_dags/example_params_ui_tutorial.py
[2025-11-24T15:33:11.087+0000] {processor.py:829} INFO - Processing file /home/airflow/.local/lib/python3.10/site-packages/airflow/example_dags/example_params_ui_tutorial.py for tasks to queue
[2025-11-24T15:33:11.090+0000] {logging_mixin.py:154} INFO - [2025-11-24T15:33:11.089+0000] {dagbag.py:536} INFO - Filling up the DagBag from /home/airflow/.local/lib/python3.10/site-packages/airflow/example_dags/example_params_ui_tutorial.py
[2025-11-24T15:33:11.147+0000] {processor.py:839} INFO - DAG(s) dict_keys(['example_params_ui_tutorial']) retrieved from /home/airflow/.local/lib/python3.10/site-packages/airflow/example_dags/example_params_ui_tutorial.py
[2025-11-24T15:33:11.224+0000] {logging_mixin.py:154} INFO - [2025-11-24T15:33:11.224+0000] {dag.py:2941} INFO - Sync 1 DAGs
[2025-11-24T15:33:11.240+0000] {logging_mixin.py:154} INFO - [2025-11-24T15:33:11.240+0000] {dag.py:3722} INFO - Setting next_dagrun for example_params_ui_tutorial to None, run_after=None
[2025-11-24T15:33:11.259+0000] {processor.py:179} INFO - Processing /home/airflow/.local/lib/python3.10/site-packages/airflow/example_dags/example_params_ui_tutorial.py took 0.179 seconds
[2025-11-24T15:33:41.303+0000] {processor.py:157} INFO - Started process (PID=535) to work on /home/airflow/.local/lib/python3.10/site-packages/airflow/example_dags/example_params_ui_tutorial.py
[2025-11-24T15:33:41.305+0000] {processor.py:829} INFO - Processing file /home/airflow/.local/lib/python3.10/site-packages/airflow/example_dags/example_params_ui_tutorial.py for tasks to queue
[2025-11-24T15:33:41.308+0000] {logging_mixin.py:154} INFO - [2025-11-24T15:33:41.307+0000] {dagbag.py:536} INFO - Filling up the DagBag from /home/airflow/.local/lib/python3.10/site-packages/airflow/example_dags/example_params_ui_tutorial.py
[2025-11-24T15:33:41.362+0000] {processor.py:839} INFO - DAG(s) dict_keys(['example_params_ui_tutorial']) retrieved from /home/airflow/.local/lib/python3.10/site-packages/airflow/example_dags/example_params_ui_tutorial.py
[2025-11-24T15:33:41.456+0000] {logging_mixin.py:154} INFO - [2025-11-24T15:33:41.456+0000] {dag.py:2941} INFO - Sync 1 DAGs
[2025-11-24T15:33:41.479+0000] {logging_mixin.py:154} INFO - [2025-11-24T15:33:41.479+0000] {dag.py:3722} INFO - Setting next_dagrun for example_params_ui_tutorial to None, run_after=None
[2025-11-24T15:33:41.505+0000] {processor.py:179} INFO - Processing /home/airflow/.local/lib/python3.10/site-packages/airflow/example_dags/example_params_ui_tutorial.py took 0.207 seconds
[2025-11-24T15:34:11.759+0000] {processor.py:157} INFO - Started process (PID=589) to work on /home/airflow/.local/lib/python3.10/site-packages/airflow/example_dags/example_params_ui_tutorial.py
[2025-11-24T15:34:11.760+0000] {processor.py:829} INFO - Processing file /home/airflow/.local/lib/python3.10/site-packages/airflow/example_dags/example_params_ui_tutorial.py for tasks to queue
[2025-11-24T15:34:11.763+0000] {logging_mixin.py:154} INFO - [2025-11-24T15:34:11.763+0000] {dagbag.py:536} INFO - Filling up the DagBag from /home/airflow/.local/lib/python3.10/site-packages/airflow/example_dags/example_params_ui_tutorial.py
[2025-11-24T15:34:11.827+0000] {processor.py:839} INFO - DAG(s) dict_keys(['example_params_ui_tutorial']) retrieved from /home/airflow/.local/lib/python3.10/site-packages/airflow/example_dags/example_params_ui_tutorial.py
[2025-11-24T15:34:11.903+0000] {logging_mixin.py:154} INFO - [2025-11-24T15:34:11.903+0000] {dag.py:2941} INFO - Sync 1 DAGs
[2025-11-24T15:34:11.921+0000] {logging_mixin.py:154} INFO - [2025-11-24T15:34:11.921+0000] {dag.py:3722} INFO - Setting next_dagrun for example_params_ui_tutorial to None, run_after=None
[2025-11-24T15:34:11.941+0000] {processor.py:179} INFO - Processing /home/airflow/.local/lib/python3.10/site-packages/airflow/example_dags/example_params_ui_tutorial.py took 0.188 seconds
[2025-11-24T15:34:42.237+0000] {processor.py:157} INFO - Started process (PID=643) to work on /home/airflow/.local/lib/python3.10/site-packages/airflow/example_dags/example_params_ui_tutorial.py
[2025-11-24T15:34:42.239+0000] {processor.py:829} INFO - Processing file /home/airflow/.local/lib/python3.10/site-packages/airflow/example_dags/example_params_ui_tutorial.py for tasks to queue
[2025-11-24T15:34:42.241+0000] {logging_mixin.py:154} INFO - [2025-11-24T15:34:42.241+0000] {dagbag.py:536} INFO - Filling up the DagBag from /home/airflow/.local/lib/python3.10/site-packages/airflow/example_dags/example_params_ui_tutorial.py
[2025-11-24T15:34:42.307+0000] {processor.py:839} INFO - DAG(s) dict_keys(['example_params_ui_tutorial']) retrieved from /home/airflow/.local/lib/python3.10/site-packages/airflow/example_dags/example_params_ui_tutorial.py
[2025-11-24T15:34:42.379+0000] {logging_mixin.py:154} INFO - [2025-11-24T15:34:42.379+0000] {dag.py:2941} INFO - Sync 1 DAGs
[2025-11-24T15:34:42.399+0000] {logging_mixin.py:154} INFO - [2025-11-24T15:34:42.399+0000] {dag.py:3722} INFO - Setting next_dagrun for example_params_ui_tutorial to None, run_after=None
[2025-11-24T15:34:42.420+0000] {processor.py:179} INFO - Processing /home/airflow/.local/lib/python3.10/site-packages/airflow/example_dags/example_params_ui_tutorial.py took 0.187 seconds
[2025-11-24T15:35:13.063+0000] {processor.py:157} INFO - Started process (PID=696) to work on /home/airflow/.local/lib/python3.10/site-packages/airflow/example_dags/example_params_ui_tutorial.py
[2025-11-24T15:35:13.064+0000] {processor.py:829} INFO - Processing file /home/airflow/.local/lib/python3.10/site-packages/airflow/example_dags/example_params_ui_tutorial.py for tasks to queue
[2025-11-24T15:35:13.067+0000] {logging_mixin.py:154} INFO - [2025-11-24T15:35:13.067+0000] {dagbag.py:536} INFO - Filling up the DagBag from /home/airflow/.local/lib/python3.10/site-packages/airflow/example_dags/example_params_ui_tutorial.py
[2025-11-24T15:35:13.132+0000] {processor.py:839} INFO - DAG(s) dict_keys(['example_params_ui_tutorial']) retrieved from /home/airflow/.local/lib/python3.10/site-packages/airflow/example_dags/example_params_ui_tutorial.py
[2025-11-24T15:35:13.210+0000] {logging_mixin.py:154} INFO - [2025-11-24T15:35:13.210+0000] {dag.py:2941} INFO - Sync 1 DAGs
[2025-11-24T15:35:13.225+0000] {logging_mixin.py:154} INFO - [2025-11-24T15:35:13.224+0000] {dag.py:3722} INFO - Setting next_dagrun for example_params_ui_tutorial to None, run_after=None
[2025-11-24T15:35:13.249+0000] {processor.py:179} INFO - Processing /home/airflow/.local/lib/python3.10/site-packages/airflow/example_dags/example_params_ui_tutorial.py took 0.192 seconds
[2025-11-24T15:35:43.601+0000] {processor.py:157} INFO - Started process (PID=749) to work on /home/airflow/.local/lib/python3.10/site-packages/airflow/example_dags/example_params_ui_tutorial.py
[2025-11-24T15:35:43.603+0000] {processor.py:829} INFO - Processing file /home/airflow/.local/lib/python3.10/site-packages/airflow/example_dags/example_params_ui_tutorial.py for tasks to queue
[2025-11-24T15:35:43.606+0000] {logging_mixin.py:154} INFO - [2025-11-24T15:35:43.605+0000] {dagbag.py:536} INFO - Filling up the DagBag from /home/airflow/.local/lib/python3.10/site-packages/airflow/example_dags/example_params_ui_tutorial.py
[2025-11-24T15:35:43.665+0000] {processor.py:839} INFO - DAG(s) dict_keys(['example_params_ui_tutorial']) retrieved from /home/airflow/.local/lib/python3.10/site-packages/airflow/example_dags/example_params_ui_tutorial.py
[2025-11-24T15:35:43.742+0000] {logging_mixin.py:154} INFO - [2025-11-24T15:35:43.741+0000] {dag.py:2941} INFO - Sync 1 DAGs
[2025-11-24T15:35:43.759+0000] {logging_mixin.py:154} INFO - [2025-11-24T15:35:43.759+0000] {dag.py:3722} INFO - Setting next_dagrun for example_params_ui_tutorial to None, run_after=None
[2025-11-24T15:35:43.784+0000] {processor.py:179} INFO - Processing /home/airflow/.local/lib/python3.10/site-packages/airflow/example_dags/example_params_ui_tutorial.py took 0.187 seconds
[2025-11-24T15:36:13.960+0000] {processor.py:157} INFO - Started process (PID=803) to work on /home/airflow/.local/lib/python3.10/site-packages/airflow/example_dags/example_params_ui_tutorial.py
[2025-11-24T15:36:13.967+0000] {processor.py:829} INFO - Processing file /home/airflow/.local/lib/python3.10/site-packages/airflow/example_dags/example_params_ui_tutorial.py for tasks to queue
[2025-11-24T15:36:13.970+0000] {logging_mixin.py:154} INFO - [2025-11-24T15:36:13.969+0000] {dagbag.py:536} INFO - Filling up the DagBag from /home/airflow/.local/lib/python3.10/site-packages/airflow/example_dags/example_params_ui_tutorial.py
[2025-11-24T15:36:14.089+0000] {processor.py:839} INFO - DAG(s) dict_keys(['example_params_ui_tutorial']) retrieved from /home/airflow/.local/lib/python3.10/site-packages/airflow/example_dags/example_params_ui_tutorial.py
[2025-11-24T15:36:14.253+0000] {logging_mixin.py:154} INFO - [2025-11-24T15:36:14.253+0000] {dag.py:2941} INFO - Sync 1 DAGs
[2025-11-24T15:36:14.272+0000] {logging_mixin.py:154} INFO - [2025-11-24T15:36:14.272+0000] {dag.py:3722} INFO - Setting next_dagrun for example_params_ui_tutorial to None, run_after=None
[2025-11-24T15:36:14.309+0000] {processor.py:179} INFO - Processing /home/airflow/.local/lib/python3.10/site-packages/airflow/example_dags/example_params_ui_tutorial.py took 0.359 seconds
[2025-11-24T15:36:45.095+0000] {processor.py:157} INFO - Started process (PID=858) to work on /home/airflow/.local/lib/python3.10/site-packages/airflow/example_dags/example_params_ui_tutorial.py
[2025-11-24T15:36:45.098+0000] {processor.py:829} INFO - Processing file /home/airflow/.local/lib/python3.10/site-packages/airflow/example_dags/example_params_ui_tutorial.py for tasks to queue
[2025-11-24T15:36:45.103+0000] {logging_mixin.py:154} INFO - [2025-11-24T15:36:45.102+0000] {dagbag.py:536} INFO - Filling up the DagBag from /home/airflow/.local/lib/python3.10/site-packages/airflow/example_dags/example_params_ui_tutorial.py
[2025-11-24T15:36:45.242+0000] {processor.py:839} INFO - DAG(s) dict_keys(['example_params_ui_tutorial']) retrieved from /home/airflow/.local/lib/python3.10/site-packages/airflow/example_dags/example_params_ui_tutorial.py
[2025-11-24T15:36:45.538+0000] {logging_mixin.py:154} INFO - [2025-11-24T15:36:45.537+0000] {dag.py:2941} INFO - Sync 1 DAGs
[2025-11-24T15:36:45.556+0000] {logging_mixin.py:154} INFO - [2025-11-24T15:36:45.555+0000] {dag.py:3722} INFO - Setting next_dagrun for example_params_ui_tutorial to None, run_after=None
[2025-11-24T15:36:45.583+0000] {processor.py:179} INFO - Processing /home/airflow/.local/lib/python3.10/site-packages/airflow/example_dags/example_params_ui_tutorial.py took 0.497 seconds
[2025-11-24T15:37:16.287+0000] {processor.py:157} INFO - Started process (PID=919) to work on /home/airflow/.local/lib/python3.10/site-packages/airflow/example_dags/example_params_ui_tutorial.py
[2025-11-24T15:37:16.295+0000] {processor.py:829} INFO - Processing file /home/airflow/.local/lib/python3.10/site-packages/airflow/example_dags/example_params_ui_tutorial.py for tasks to queue
[2025-11-24T15:37:16.298+0000] {logging_mixin.py:154} INFO - [2025-11-24T15:37:16.297+0000] {dagbag.py:536} INFO - Filling up the DagBag from /home/airflow/.local/lib/python3.10/site-packages/airflow/example_dags/example_params_ui_tutorial.py
[2025-11-24T15:37:16.412+0000] {processor.py:839} INFO - DAG(s) dict_keys(['example_params_ui_tutorial']) retrieved from /home/airflow/.local/lib/python3.10/site-packages/airflow/example_dags/example_params_ui_tutorial.py
[2025-11-24T15:37:16.687+0000] {logging_mixin.py:154} INFO - [2025-11-24T15:37:16.687+0000] {dag.py:2941} INFO - Sync 1 DAGs
[2025-11-24T15:37:16.716+0000] {logging_mixin.py:154} INFO - [2025-11-24T15:37:16.716+0000] {dag.py:3722} INFO - Setting next_dagrun for example_params_ui_tutorial to None, run_after=None
[2025-11-24T15:37:16.741+0000] {processor.py:179} INFO - Processing /home/airflow/.local/lib/python3.10/site-packages/airflow/example_dags/example_params_ui_tutorial.py took 0.466 seconds
[2025-11-24T15:37:47.436+0000] {processor.py:157} INFO - Started process (PID=974) to work on /home/airflow/.local/lib/python3.10/site-packages/airflow/example_dags/example_params_ui_tutorial.py
[2025-11-24T15:37:47.437+0000] {processor.py:829} INFO - Processing file /home/airflow/.local/lib/python3.10/site-packages/airflow/example_dags/example_params_ui_tutorial.py for tasks to queue
[2025-11-24T15:37:47.440+0000] {logging_mixin.py:154} INFO - [2025-11-24T15:37:47.440+0000] {dagbag.py:536} INFO - Filling up the DagBag from /home/airflow/.local/lib/python3.10/site-packages/airflow/example_dags/example_params_ui_tutorial.py
[2025-11-24T15:37:47.498+0000] {processor.py:839} INFO - DAG(s) dict_keys(['example_params_ui_tutorial']) retrieved from /home/airflow/.local/lib/python3.10/site-packages/airflow/example_dags/example_params_ui_tutorial.py
[2025-11-24T15:37:47.577+0000] {logging_mixin.py:154} INFO - [2025-11-24T15:37:47.576+0000] {dag.py:2941} INFO - Sync 1 DAGs
[2025-11-24T15:37:47.592+0000] {logging_mixin.py:154} INFO - [2025-11-24T15:37:47.592+0000] {dag.py:3722} INFO - Setting next_dagrun for example_params_ui_tutorial to None, run_after=None
[2025-11-24T15:37:47.621+0000] {processor.py:179} INFO - Processing /home/airflow/.local/lib/python3.10/site-packages/airflow/example_dags/example_params_ui_tutorial.py took 0.190 seconds
[2025-11-24T15:38:17.949+0000] {processor.py:157} INFO - Started process (PID=1028) to work on /home/airflow/.local/lib/python3.10/site-packages/airflow/example_dags/example_params_ui_tutorial.py
[2025-11-24T15:38:17.955+0000] {processor.py:829} INFO - Processing file /home/airflow/.local/lib/python3.10/site-packages/airflow/example_dags/example_params_ui_tutorial.py for tasks to queue
[2025-11-24T15:38:17.958+0000] {logging_mixin.py:154} INFO - [2025-11-24T15:38:17.957+0000] {dagbag.py:536} INFO - Filling up the DagBag from /home/airflow/.local/lib/python3.10/site-packages/airflow/example_dags/example_params_ui_tutorial.py
[2025-11-24T15:38:18.020+0000] {processor.py:839} INFO - DAG(s) dict_keys(['example_params_ui_tutorial']) retrieved from /home/airflow/.local/lib/python3.10/site-packages/airflow/example_dags/example_params_ui_tutorial.py
[2025-11-24T15:38:18.092+0000] {logging_mixin.py:154} INFO - [2025-11-24T15:38:18.092+0000] {dag.py:2941} INFO - Sync 1 DAGs
[2025-11-24T15:38:18.108+0000] {logging_mixin.py:154} INFO - [2025-11-24T15:38:18.108+0000] {dag.py:3722} INFO - Setting next_dagrun for example_params_ui_tutorial to None, run_after=None
[2025-11-24T15:38:18.128+0000] {processor.py:179} INFO - Processing /home/airflow/.local/lib/python3.10/site-packages/airflow/example_dags/example_params_ui_tutorial.py took 0.190 seconds
