[2025-11-24T15:29:06.827+0000] {processor.py:157} INFO - Started process (PID=51) to work on /home/airflow/.local/lib/python3.10/site-packages/airflow/example_dags/example_branch_operator_decorator.py
[2025-11-24T15:29:06.828+0000] {processor.py:829} INFO - Processing file /home/airflow/.local/lib/python3.10/site-packages/airflow/example_dags/example_branch_operator_decorator.py for tasks to queue
[2025-11-24T15:29:06.843+0000] {logging_mixin.py:154} INFO - [2025-11-24T15:29:06.843+0000] {dagbag.py:536} INFO - Filling up the DagBag from /home/airflow/.local/lib/python3.10/site-packages/airflow/example_dags/example_branch_operator_decorator.py
[2025-11-24T15:29:06.884+0000] {processor.py:839} INFO - DAG(s) dict_keys(['example_branch_python_operator_decorator']) retrieved from /home/airflow/.local/lib/python3.10/site-packages/airflow/example_dags/example_branch_operator_decorator.py
[2025-11-24T15:29:07.466+0000] {logging_mixin.py:154} INFO - [2025-11-24T15:29:07.465+0000] {manager.py:499} INFO - Created Permission View: %s
[2025-11-24T15:29:07.501+0000] {logging_mixin.py:154} INFO - [2025-11-24T15:29:07.501+0000] {manager.py:499} INFO - Created Permission View: %s
[2025-11-24T15:29:07.533+0000] {logging_mixin.py:154} INFO - [2025-11-24T15:29:07.532+0000] {manager.py:499} INFO - Created Permission View: %s
[2025-11-24T15:29:07.533+0000] {logging_mixin.py:154} INFO - [2025-11-24T15:29:07.533+0000] {dag.py:2941} INFO - Sync 1 DAGs
[2025-11-24T15:29:07.597+0000] {logging_mixin.py:154} INFO - [2025-11-24T15:29:07.590+0000] {dag.py:2963} INFO - Creating ORM DAG for example_branch_python_operator_decorator
[2025-11-24T15:29:07.650+0000] {logging_mixin.py:154} INFO - [2025-11-24T15:29:07.650+0000] {dag.py:3722} INFO - Setting next_dagrun for example_branch_python_operator_decorator to 2025-11-23T00:00:00+00:00, run_after=2025-11-24T00:00:00+00:00
[2025-11-24T15:29:07.730+0000] {processor.py:179} INFO - Processing /home/airflow/.local/lib/python3.10/site-packages/airflow/example_dags/example_branch_operator_decorator.py took 0.925 seconds
[2025-11-24T15:29:38.642+0000] {processor.py:157} INFO - Started process (PID=105) to work on /home/airflow/.local/lib/python3.10/site-packages/airflow/example_dags/example_branch_operator_decorator.py
[2025-11-24T15:29:38.644+0000] {processor.py:829} INFO - Processing file /home/airflow/.local/lib/python3.10/site-packages/airflow/example_dags/example_branch_operator_decorator.py for tasks to queue
[2025-11-24T15:29:38.651+0000] {logging_mixin.py:154} INFO - [2025-11-24T15:29:38.650+0000] {dagbag.py:536} INFO - Filling up the DagBag from /home/airflow/.local/lib/python3.10/site-packages/airflow/example_dags/example_branch_operator_decorator.py
[2025-11-24T15:29:38.667+0000] {processor.py:839} INFO - DAG(s) dict_keys(['example_branch_python_operator_decorator']) retrieved from /home/airflow/.local/lib/python3.10/site-packages/airflow/example_dags/example_branch_operator_decorator.py
[2025-11-24T15:29:38.700+0000] {logging_mixin.py:154} INFO - [2025-11-24T15:29:38.700+0000] {dag.py:2941} INFO - Sync 1 DAGs
[2025-11-24T15:29:38.736+0000] {logging_mixin.py:154} INFO - [2025-11-24T15:29:38.735+0000] {dag.py:3722} INFO - Setting next_dagrun for example_branch_python_operator_decorator to 2025-11-23T00:00:00+00:00, run_after=2025-11-24T00:00:00+00:00
[2025-11-24T15:29:38.762+0000] {processor.py:179} INFO - Processing /home/airflow/.local/lib/python3.10/site-packages/airflow/example_dags/example_branch_operator_decorator.py took 0.125 seconds
[2025-11-24T15:30:09.190+0000] {processor.py:157} INFO - Started process (PID=159) to work on /home/airflow/.local/lib/python3.10/site-packages/airflow/example_dags/example_branch_operator_decorator.py
[2025-11-24T15:30:09.191+0000] {processor.py:829} INFO - Processing file /home/airflow/.local/lib/python3.10/site-packages/airflow/example_dags/example_branch_operator_decorator.py for tasks to queue
[2025-11-24T15:30:09.194+0000] {logging_mixin.py:154} INFO - [2025-11-24T15:30:09.194+0000] {dagbag.py:536} INFO - Filling up the DagBag from /home/airflow/.local/lib/python3.10/site-packages/airflow/example_dags/example_branch_operator_decorator.py
[2025-11-24T15:30:09.211+0000] {processor.py:839} INFO - DAG(s) dict_keys(['example_branch_python_operator_decorator']) retrieved from /home/airflow/.local/lib/python3.10/site-packages/airflow/example_dags/example_branch_operator_decorator.py
[2025-11-24T15:30:09.246+0000] {logging_mixin.py:154} INFO - [2025-11-24T15:30:09.245+0000] {dag.py:2941} INFO - Sync 1 DAGs
[2025-11-24T15:30:09.282+0000] {logging_mixin.py:154} INFO - [2025-11-24T15:30:09.282+0000] {dag.py:3722} INFO - Setting next_dagrun for example_branch_python_operator_decorator to 2025-11-23T00:00:00+00:00, run_after=2025-11-24T00:00:00+00:00
[2025-11-24T15:30:09.314+0000] {processor.py:179} INFO - Processing /home/airflow/.local/lib/python3.10/site-packages/airflow/example_dags/example_branch_operator_decorator.py took 0.129 seconds
[2025-11-24T15:30:39.485+0000] {processor.py:157} INFO - Started process (PID=213) to work on /home/airflow/.local/lib/python3.10/site-packages/airflow/example_dags/example_branch_operator_decorator.py
[2025-11-24T15:30:39.488+0000] {processor.py:829} INFO - Processing file /home/airflow/.local/lib/python3.10/site-packages/airflow/example_dags/example_branch_operator_decorator.py for tasks to queue
[2025-11-24T15:30:39.490+0000] {logging_mixin.py:154} INFO - [2025-11-24T15:30:39.490+0000] {dagbag.py:536} INFO - Filling up the DagBag from /home/airflow/.local/lib/python3.10/site-packages/airflow/example_dags/example_branch_operator_decorator.py
[2025-11-24T15:30:39.507+0000] {processor.py:839} INFO - DAG(s) dict_keys(['example_branch_python_operator_decorator']) retrieved from /home/airflow/.local/lib/python3.10/site-packages/airflow/example_dags/example_branch_operator_decorator.py
[2025-11-24T15:30:39.541+0000] {logging_mixin.py:154} INFO - [2025-11-24T15:30:39.540+0000] {dag.py:2941} INFO - Sync 1 DAGs
[2025-11-24T15:30:39.577+0000] {logging_mixin.py:154} INFO - [2025-11-24T15:30:39.576+0000] {dag.py:3722} INFO - Setting next_dagrun for example_branch_python_operator_decorator to 2025-11-23T00:00:00+00:00, run_after=2025-11-24T00:00:00+00:00
[2025-11-24T15:30:39.609+0000] {processor.py:179} INFO - Processing /home/airflow/.local/lib/python3.10/site-packages/airflow/example_dags/example_branch_operator_decorator.py took 0.128 seconds
[2025-11-24T15:31:10.226+0000] {processor.py:157} INFO - Started process (PID=268) to work on /home/airflow/.local/lib/python3.10/site-packages/airflow/example_dags/example_branch_operator_decorator.py
[2025-11-24T15:31:10.227+0000] {processor.py:829} INFO - Processing file /home/airflow/.local/lib/python3.10/site-packages/airflow/example_dags/example_branch_operator_decorator.py for tasks to queue
[2025-11-24T15:31:10.230+0000] {logging_mixin.py:154} INFO - [2025-11-24T15:31:10.230+0000] {dagbag.py:536} INFO - Filling up the DagBag from /home/airflow/.local/lib/python3.10/site-packages/airflow/example_dags/example_branch_operator_decorator.py
[2025-11-24T15:31:10.247+0000] {processor.py:839} INFO - DAG(s) dict_keys(['example_branch_python_operator_decorator']) retrieved from /home/airflow/.local/lib/python3.10/site-packages/airflow/example_dags/example_branch_operator_decorator.py
[2025-11-24T15:31:10.282+0000] {logging_mixin.py:154} INFO - [2025-11-24T15:31:10.282+0000] {dag.py:2941} INFO - Sync 1 DAGs
[2025-11-24T15:31:10.318+0000] {logging_mixin.py:154} INFO - [2025-11-24T15:31:10.318+0000] {dag.py:3722} INFO - Setting next_dagrun for example_branch_python_operator_decorator to 2025-11-23T00:00:00+00:00, run_after=2025-11-24T00:00:00+00:00
[2025-11-24T15:31:10.388+0000] {processor.py:179} INFO - Processing /home/airflow/.local/lib/python3.10/site-packages/airflow/example_dags/example_branch_operator_decorator.py took 0.167 seconds
[2025-11-24T15:31:40.762+0000] {processor.py:157} INFO - Started process (PID=322) to work on /home/airflow/.local/lib/python3.10/site-packages/airflow/example_dags/example_branch_operator_decorator.py
[2025-11-24T15:31:40.771+0000] {processor.py:829} INFO - Processing file /home/airflow/.local/lib/python3.10/site-packages/airflow/example_dags/example_branch_operator_decorator.py for tasks to queue
[2025-11-24T15:31:40.774+0000] {logging_mixin.py:154} INFO - [2025-11-24T15:31:40.773+0000] {dagbag.py:536} INFO - Filling up the DagBag from /home/airflow/.local/lib/python3.10/site-packages/airflow/example_dags/example_branch_operator_decorator.py
[2025-11-24T15:31:40.827+0000] {processor.py:839} INFO - DAG(s) dict_keys(['example_branch_python_operator_decorator']) retrieved from /home/airflow/.local/lib/python3.10/site-packages/airflow/example_dags/example_branch_operator_decorator.py
[2025-11-24T15:31:40.927+0000] {logging_mixin.py:154} INFO - [2025-11-24T15:31:40.927+0000] {dag.py:2941} INFO - Sync 1 DAGs
[2025-11-24T15:31:41.051+0000] {logging_mixin.py:154} INFO - [2025-11-24T15:31:41.051+0000] {dag.py:3722} INFO - Setting next_dagrun for example_branch_python_operator_decorator to 2025-11-23T00:00:00+00:00, run_after=2025-11-24T00:00:00+00:00
[2025-11-24T15:31:41.161+0000] {processor.py:179} INFO - Processing /home/airflow/.local/lib/python3.10/site-packages/airflow/example_dags/example_branch_operator_decorator.py took 0.412 seconds
[2025-11-24T15:32:12.069+0000] {processor.py:157} INFO - Started process (PID=376) to work on /home/airflow/.local/lib/python3.10/site-packages/airflow/example_dags/example_branch_operator_decorator.py
[2025-11-24T15:32:12.075+0000] {processor.py:829} INFO - Processing file /home/airflow/.local/lib/python3.10/site-packages/airflow/example_dags/example_branch_operator_decorator.py for tasks to queue
[2025-11-24T15:32:12.078+0000] {logging_mixin.py:154} INFO - [2025-11-24T15:32:12.078+0000] {dagbag.py:536} INFO - Filling up the DagBag from /home/airflow/.local/lib/python3.10/site-packages/airflow/example_dags/example_branch_operator_decorator.py
[2025-11-24T15:32:12.113+0000] {processor.py:839} INFO - DAG(s) dict_keys(['example_branch_python_operator_decorator']) retrieved from /home/airflow/.local/lib/python3.10/site-packages/airflow/example_dags/example_branch_operator_decorator.py
[2025-11-24T15:32:12.155+0000] {logging_mixin.py:154} INFO - [2025-11-24T15:32:12.155+0000] {dag.py:2941} INFO - Sync 1 DAGs
[2025-11-24T15:32:12.192+0000] {logging_mixin.py:154} INFO - [2025-11-24T15:32:12.192+0000] {dag.py:3722} INFO - Setting next_dagrun for example_branch_python_operator_decorator to 2025-11-23T00:00:00+00:00, run_after=2025-11-24T00:00:00+00:00
[2025-11-24T15:32:12.231+0000] {processor.py:179} INFO - Processing /home/airflow/.local/lib/python3.10/site-packages/airflow/example_dags/example_branch_operator_decorator.py took 0.173 seconds
[2025-11-24T15:32:42.283+0000] {processor.py:157} INFO - Started process (PID=429) to work on /home/airflow/.local/lib/python3.10/site-packages/airflow/example_dags/example_branch_operator_decorator.py
[2025-11-24T15:32:42.284+0000] {processor.py:829} INFO - Processing file /home/airflow/.local/lib/python3.10/site-packages/airflow/example_dags/example_branch_operator_decorator.py for tasks to queue
[2025-11-24T15:32:42.286+0000] {logging_mixin.py:154} INFO - [2025-11-24T15:32:42.286+0000] {dagbag.py:536} INFO - Filling up the DagBag from /home/airflow/.local/lib/python3.10/site-packages/airflow/example_dags/example_branch_operator_decorator.py
[2025-11-24T15:32:42.300+0000] {processor.py:839} INFO - DAG(s) dict_keys(['example_branch_python_operator_decorator']) retrieved from /home/airflow/.local/lib/python3.10/site-packages/airflow/example_dags/example_branch_operator_decorator.py
[2025-11-24T15:32:42.334+0000] {logging_mixin.py:154} INFO - [2025-11-24T15:32:42.333+0000] {dag.py:2941} INFO - Sync 1 DAGs
[2025-11-24T15:32:42.370+0000] {logging_mixin.py:154} INFO - [2025-11-24T15:32:42.369+0000] {dag.py:3722} INFO - Setting next_dagrun for example_branch_python_operator_decorator to 2025-11-23T00:00:00+00:00, run_after=2025-11-24T00:00:00+00:00
[2025-11-24T15:32:42.402+0000] {processor.py:179} INFO - Processing /home/airflow/.local/lib/python3.10/site-packages/airflow/example_dags/example_branch_operator_decorator.py took 0.123 seconds
[2025-11-24T15:33:13.257+0000] {processor.py:157} INFO - Started process (PID=483) to work on /home/airflow/.local/lib/python3.10/site-packages/airflow/example_dags/example_branch_operator_decorator.py
[2025-11-24T15:33:13.282+0000] {processor.py:829} INFO - Processing file /home/airflow/.local/lib/python3.10/site-packages/airflow/example_dags/example_branch_operator_decorator.py for tasks to queue
[2025-11-24T15:33:13.285+0000] {logging_mixin.py:154} INFO - [2025-11-24T15:33:13.285+0000] {dagbag.py:536} INFO - Filling up the DagBag from /home/airflow/.local/lib/python3.10/site-packages/airflow/example_dags/example_branch_operator_decorator.py
[2025-11-24T15:33:13.300+0000] {processor.py:839} INFO - DAG(s) dict_keys(['example_branch_python_operator_decorator']) retrieved from /home/airflow/.local/lib/python3.10/site-packages/airflow/example_dags/example_branch_operator_decorator.py
[2025-11-24T15:33:13.330+0000] {logging_mixin.py:154} INFO - [2025-11-24T15:33:13.330+0000] {dag.py:2941} INFO - Sync 1 DAGs
[2025-11-24T15:33:13.365+0000] {logging_mixin.py:154} INFO - [2025-11-24T15:33:13.365+0000] {dag.py:3722} INFO - Setting next_dagrun for example_branch_python_operator_decorator to 2025-11-23T00:00:00+00:00, run_after=2025-11-24T00:00:00+00:00
[2025-11-24T15:33:13.388+0000] {processor.py:179} INFO - Processing /home/airflow/.local/lib/python3.10/site-packages/airflow/example_dags/example_branch_operator_decorator.py took 0.136 seconds
[2025-11-24T15:33:43.489+0000] {processor.py:157} INFO - Started process (PID=537) to work on /home/airflow/.local/lib/python3.10/site-packages/airflow/example_dags/example_branch_operator_decorator.py
[2025-11-24T15:33:43.491+0000] {processor.py:829} INFO - Processing file /home/airflow/.local/lib/python3.10/site-packages/airflow/example_dags/example_branch_operator_decorator.py for tasks to queue
[2025-11-24T15:33:43.494+0000] {logging_mixin.py:154} INFO - [2025-11-24T15:33:43.493+0000] {dagbag.py:536} INFO - Filling up the DagBag from /home/airflow/.local/lib/python3.10/site-packages/airflow/example_dags/example_branch_operator_decorator.py
[2025-11-24T15:33:43.509+0000] {processor.py:839} INFO - DAG(s) dict_keys(['example_branch_python_operator_decorator']) retrieved from /home/airflow/.local/lib/python3.10/site-packages/airflow/example_dags/example_branch_operator_decorator.py
[2025-11-24T15:33:43.545+0000] {logging_mixin.py:154} INFO - [2025-11-24T15:33:43.545+0000] {dag.py:2941} INFO - Sync 1 DAGs
[2025-11-24T15:33:43.609+0000] {logging_mixin.py:154} INFO - [2025-11-24T15:33:43.609+0000] {dag.py:3722} INFO - Setting next_dagrun for example_branch_python_operator_decorator to 2025-11-23T00:00:00+00:00, run_after=2025-11-24T00:00:00+00:00
[2025-11-24T15:33:43.665+0000] {processor.py:179} INFO - Processing /home/airflow/.local/lib/python3.10/site-packages/airflow/example_dags/example_branch_operator_decorator.py took 0.180 seconds
[2025-11-24T15:34:13.946+0000] {processor.py:157} INFO - Started process (PID=591) to work on /home/airflow/.local/lib/python3.10/site-packages/airflow/example_dags/example_branch_operator_decorator.py
[2025-11-24T15:34:13.948+0000] {processor.py:829} INFO - Processing file /home/airflow/.local/lib/python3.10/site-packages/airflow/example_dags/example_branch_operator_decorator.py for tasks to queue
[2025-11-24T15:34:13.951+0000] {logging_mixin.py:154} INFO - [2025-11-24T15:34:13.951+0000] {dagbag.py:536} INFO - Filling up the DagBag from /home/airflow/.local/lib/python3.10/site-packages/airflow/example_dags/example_branch_operator_decorator.py
[2025-11-24T15:34:13.970+0000] {processor.py:839} INFO - DAG(s) dict_keys(['example_branch_python_operator_decorator']) retrieved from /home/airflow/.local/lib/python3.10/site-packages/airflow/example_dags/example_branch_operator_decorator.py
[2025-11-24T15:34:14.003+0000] {logging_mixin.py:154} INFO - [2025-11-24T15:34:14.003+0000] {dag.py:2941} INFO - Sync 1 DAGs
[2025-11-24T15:34:14.038+0000] {logging_mixin.py:154} INFO - [2025-11-24T15:34:14.038+0000] {dag.py:3722} INFO - Setting next_dagrun for example_branch_python_operator_decorator to 2025-11-23T00:00:00+00:00, run_after=2025-11-24T00:00:00+00:00
[2025-11-24T15:34:14.063+0000] {processor.py:179} INFO - Processing /home/airflow/.local/lib/python3.10/site-packages/airflow/example_dags/example_branch_operator_decorator.py took 0.121 seconds
[2025-11-24T15:34:44.427+0000] {processor.py:157} INFO - Started process (PID=645) to work on /home/airflow/.local/lib/python3.10/site-packages/airflow/example_dags/example_branch_operator_decorator.py
[2025-11-24T15:34:44.428+0000] {processor.py:829} INFO - Processing file /home/airflow/.local/lib/python3.10/site-packages/airflow/example_dags/example_branch_operator_decorator.py for tasks to queue
[2025-11-24T15:34:44.431+0000] {logging_mixin.py:154} INFO - [2025-11-24T15:34:44.431+0000] {dagbag.py:536} INFO - Filling up the DagBag from /home/airflow/.local/lib/python3.10/site-packages/airflow/example_dags/example_branch_operator_decorator.py
[2025-11-24T15:34:44.449+0000] {processor.py:839} INFO - DAG(s) dict_keys(['example_branch_python_operator_decorator']) retrieved from /home/airflow/.local/lib/python3.10/site-packages/airflow/example_dags/example_branch_operator_decorator.py
[2025-11-24T15:34:44.482+0000] {logging_mixin.py:154} INFO - [2025-11-24T15:34:44.482+0000] {dag.py:2941} INFO - Sync 1 DAGs
[2025-11-24T15:34:44.518+0000] {logging_mixin.py:154} INFO - [2025-11-24T15:34:44.518+0000] {dag.py:3722} INFO - Setting next_dagrun for example_branch_python_operator_decorator to 2025-11-23T00:00:00+00:00, run_after=2025-11-24T00:00:00+00:00
[2025-11-24T15:34:44.545+0000] {processor.py:179} INFO - Processing /home/airflow/.local/lib/python3.10/site-packages/airflow/example_dags/example_branch_operator_decorator.py took 0.123 seconds
[2025-11-24T15:35:15.268+0000] {processor.py:157} INFO - Started process (PID=704) to work on /home/airflow/.local/lib/python3.10/site-packages/airflow/example_dags/example_branch_operator_decorator.py
[2025-11-24T15:35:15.270+0000] {processor.py:829} INFO - Processing file /home/airflow/.local/lib/python3.10/site-packages/airflow/example_dags/example_branch_operator_decorator.py for tasks to queue
[2025-11-24T15:35:15.273+0000] {logging_mixin.py:154} INFO - [2025-11-24T15:35:15.272+0000] {dagbag.py:536} INFO - Filling up the DagBag from /home/airflow/.local/lib/python3.10/site-packages/airflow/example_dags/example_branch_operator_decorator.py
[2025-11-24T15:35:15.289+0000] {processor.py:839} INFO - DAG(s) dict_keys(['example_branch_python_operator_decorator']) retrieved from /home/airflow/.local/lib/python3.10/site-packages/airflow/example_dags/example_branch_operator_decorator.py
[2025-11-24T15:35:15.323+0000] {logging_mixin.py:154} INFO - [2025-11-24T15:35:15.322+0000] {dag.py:2941} INFO - Sync 1 DAGs
[2025-11-24T15:35:15.358+0000] {logging_mixin.py:154} INFO - [2025-11-24T15:35:15.358+0000] {dag.py:3722} INFO - Setting next_dagrun for example_branch_python_operator_decorator to 2025-11-23T00:00:00+00:00, run_after=2025-11-24T00:00:00+00:00
[2025-11-24T15:35:15.384+0000] {processor.py:179} INFO - Processing /home/airflow/.local/lib/python3.10/site-packages/airflow/example_dags/example_branch_operator_decorator.py took 0.121 seconds
[2025-11-24T15:35:45.781+0000] {processor.py:157} INFO - Started process (PID=758) to work on /home/airflow/.local/lib/python3.10/site-packages/airflow/example_dags/example_branch_operator_decorator.py
[2025-11-24T15:35:45.783+0000] {processor.py:829} INFO - Processing file /home/airflow/.local/lib/python3.10/site-packages/airflow/example_dags/example_branch_operator_decorator.py for tasks to queue
[2025-11-24T15:35:45.785+0000] {logging_mixin.py:154} INFO - [2025-11-24T15:35:45.785+0000] {dagbag.py:536} INFO - Filling up the DagBag from /home/airflow/.local/lib/python3.10/site-packages/airflow/example_dags/example_branch_operator_decorator.py
[2025-11-24T15:35:45.801+0000] {processor.py:839} INFO - DAG(s) dict_keys(['example_branch_python_operator_decorator']) retrieved from /home/airflow/.local/lib/python3.10/site-packages/airflow/example_dags/example_branch_operator_decorator.py
[2025-11-24T15:35:45.834+0000] {logging_mixin.py:154} INFO - [2025-11-24T15:35:45.834+0000] {dag.py:2941} INFO - Sync 1 DAGs
[2025-11-24T15:35:45.869+0000] {logging_mixin.py:154} INFO - [2025-11-24T15:35:45.869+0000] {dag.py:3722} INFO - Setting next_dagrun for example_branch_python_operator_decorator to 2025-11-23T00:00:00+00:00, run_after=2025-11-24T00:00:00+00:00
[2025-11-24T15:35:45.908+0000] {processor.py:179} INFO - Processing /home/airflow/.local/lib/python3.10/site-packages/airflow/example_dags/example_branch_operator_decorator.py took 0.131 seconds
[2025-11-24T15:36:16.263+0000] {processor.py:157} INFO - Started process (PID=813) to work on /home/airflow/.local/lib/python3.10/site-packages/airflow/example_dags/example_branch_operator_decorator.py
[2025-11-24T15:36:16.265+0000] {processor.py:829} INFO - Processing file /home/airflow/.local/lib/python3.10/site-packages/airflow/example_dags/example_branch_operator_decorator.py for tasks to queue
[2025-11-24T15:36:16.268+0000] {logging_mixin.py:154} INFO - [2025-11-24T15:36:16.267+0000] {dagbag.py:536} INFO - Filling up the DagBag from /home/airflow/.local/lib/python3.10/site-packages/airflow/example_dags/example_branch_operator_decorator.py
[2025-11-24T15:36:16.283+0000] {processor.py:839} INFO - DAG(s) dict_keys(['example_branch_python_operator_decorator']) retrieved from /home/airflow/.local/lib/python3.10/site-packages/airflow/example_dags/example_branch_operator_decorator.py
[2025-11-24T15:36:16.316+0000] {logging_mixin.py:154} INFO - [2025-11-24T15:36:16.316+0000] {dag.py:2941} INFO - Sync 1 DAGs
[2025-11-24T15:36:16.355+0000] {logging_mixin.py:154} INFO - [2025-11-24T15:36:16.354+0000] {dag.py:3722} INFO - Setting next_dagrun for example_branch_python_operator_decorator to 2025-11-23T00:00:00+00:00, run_after=2025-11-24T00:00:00+00:00
[2025-11-24T15:36:16.396+0000] {processor.py:179} INFO - Processing /home/airflow/.local/lib/python3.10/site-packages/airflow/example_dags/example_branch_operator_decorator.py took 0.137 seconds
[2025-11-24T15:36:46.579+0000] {processor.py:157} INFO - Started process (PID=867) to work on /home/airflow/.local/lib/python3.10/site-packages/airflow/example_dags/example_branch_operator_decorator.py
[2025-11-24T15:36:46.585+0000] {processor.py:829} INFO - Processing file /home/airflow/.local/lib/python3.10/site-packages/airflow/example_dags/example_branch_operator_decorator.py for tasks to queue
[2025-11-24T15:36:46.591+0000] {logging_mixin.py:154} INFO - [2025-11-24T15:36:46.590+0000] {dagbag.py:536} INFO - Filling up the DagBag from /home/airflow/.local/lib/python3.10/site-packages/airflow/example_dags/example_branch_operator_decorator.py
[2025-11-24T15:36:46.629+0000] {processor.py:839} INFO - DAG(s) dict_keys(['example_branch_python_operator_decorator']) retrieved from /home/airflow/.local/lib/python3.10/site-packages/airflow/example_dags/example_branch_operator_decorator.py
[2025-11-24T15:36:46.692+0000] {logging_mixin.py:154} INFO - [2025-11-24T15:36:46.692+0000] {dag.py:2941} INFO - Sync 1 DAGs
[2025-11-24T15:36:46.757+0000] {logging_mixin.py:154} INFO - [2025-11-24T15:36:46.757+0000] {dag.py:3722} INFO - Setting next_dagrun for example_branch_python_operator_decorator to 2025-11-23T00:00:00+00:00, run_after=2025-11-24T00:00:00+00:00
[2025-11-24T15:36:46.806+0000] {processor.py:179} INFO - Processing /home/airflow/.local/lib/python3.10/site-packages/airflow/example_dags/example_branch_operator_decorator.py took 0.232 seconds
[2025-11-24T15:37:17.717+0000] {processor.py:157} INFO - Started process (PID=921) to work on /home/airflow/.local/lib/python3.10/site-packages/airflow/example_dags/example_branch_operator_decorator.py
[2025-11-24T15:37:17.722+0000] {processor.py:829} INFO - Processing file /home/airflow/.local/lib/python3.10/site-packages/airflow/example_dags/example_branch_operator_decorator.py for tasks to queue
[2025-11-24T15:37:17.725+0000] {logging_mixin.py:154} INFO - [2025-11-24T15:37:17.725+0000] {dagbag.py:536} INFO - Filling up the DagBag from /home/airflow/.local/lib/python3.10/site-packages/airflow/example_dags/example_branch_operator_decorator.py
[2025-11-24T15:37:17.753+0000] {processor.py:839} INFO - DAG(s) dict_keys(['example_branch_python_operator_decorator']) retrieved from /home/airflow/.local/lib/python3.10/site-packages/airflow/example_dags/example_branch_operator_decorator.py
[2025-11-24T15:37:17.831+0000] {logging_mixin.py:154} INFO - [2025-11-24T15:37:17.831+0000] {dag.py:2941} INFO - Sync 1 DAGs
[2025-11-24T15:37:17.890+0000] {logging_mixin.py:154} INFO - [2025-11-24T15:37:17.889+0000] {dag.py:3722} INFO - Setting next_dagrun for example_branch_python_operator_decorator to 2025-11-23T00:00:00+00:00, run_after=2025-11-24T00:00:00+00:00
[2025-11-24T15:37:17.974+0000] {processor.py:179} INFO - Processing /home/airflow/.local/lib/python3.10/site-packages/airflow/example_dags/example_branch_operator_decorator.py took 0.272 seconds
[2025-11-24T15:37:48.602+0000] {processor.py:157} INFO - Started process (PID=976) to work on /home/airflow/.local/lib/python3.10/site-packages/airflow/example_dags/example_branch_operator_decorator.py
[2025-11-24T15:37:48.604+0000] {processor.py:829} INFO - Processing file /home/airflow/.local/lib/python3.10/site-packages/airflow/example_dags/example_branch_operator_decorator.py for tasks to queue
[2025-11-24T15:37:48.607+0000] {logging_mixin.py:154} INFO - [2025-11-24T15:37:48.606+0000] {dagbag.py:536} INFO - Filling up the DagBag from /home/airflow/.local/lib/python3.10/site-packages/airflow/example_dags/example_branch_operator_decorator.py
[2025-11-24T15:37:48.624+0000] {processor.py:839} INFO - DAG(s) dict_keys(['example_branch_python_operator_decorator']) retrieved from /home/airflow/.local/lib/python3.10/site-packages/airflow/example_dags/example_branch_operator_decorator.py
[2025-11-24T15:37:48.661+0000] {logging_mixin.py:154} INFO - [2025-11-24T15:37:48.660+0000] {dag.py:2941} INFO - Sync 1 DAGs
[2025-11-24T15:37:48.698+0000] {logging_mixin.py:154} INFO - [2025-11-24T15:37:48.698+0000] {dag.py:3722} INFO - Setting next_dagrun for example_branch_python_operator_decorator to 2025-11-23T00:00:00+00:00, run_after=2025-11-24T00:00:00+00:00
[2025-11-24T15:37:48.722+0000] {processor.py:179} INFO - Processing /home/airflow/.local/lib/python3.10/site-packages/airflow/example_dags/example_branch_operator_decorator.py took 0.125 seconds
[2025-11-24T15:38:19.123+0000] {processor.py:157} INFO - Started process (PID=1030) to work on /home/airflow/.local/lib/python3.10/site-packages/airflow/example_dags/example_branch_operator_decorator.py
[2025-11-24T15:38:19.125+0000] {processor.py:829} INFO - Processing file /home/airflow/.local/lib/python3.10/site-packages/airflow/example_dags/example_branch_operator_decorator.py for tasks to queue
[2025-11-24T15:38:19.127+0000] {logging_mixin.py:154} INFO - [2025-11-24T15:38:19.127+0000] {dagbag.py:536} INFO - Filling up the DagBag from /home/airflow/.local/lib/python3.10/site-packages/airflow/example_dags/example_branch_operator_decorator.py
[2025-11-24T15:38:19.144+0000] {processor.py:839} INFO - DAG(s) dict_keys(['example_branch_python_operator_decorator']) retrieved from /home/airflow/.local/lib/python3.10/site-packages/airflow/example_dags/example_branch_operator_decorator.py
[2025-11-24T15:38:19.190+0000] {logging_mixin.py:154} INFO - [2025-11-24T15:38:19.189+0000] {dag.py:2941} INFO - Sync 1 DAGs
[2025-11-24T15:38:19.244+0000] {logging_mixin.py:154} INFO - [2025-11-24T15:38:19.244+0000] {dag.py:3722} INFO - Setting next_dagrun for example_branch_python_operator_decorator to 2025-11-23T00:00:00+00:00, run_after=2025-11-24T00:00:00+00:00
[2025-11-24T15:38:19.270+0000] {processor.py:179} INFO - Processing /home/airflow/.local/lib/python3.10/site-packages/airflow/example_dags/example_branch_operator_decorator.py took 0.154 seconds
