[2025-11-24T15:29:01.190+0000] {processor.py:157} INFO - Started process (PID=40) to work on /home/airflow/.local/lib/python3.10/site-packages/airflow/example_dags/example_latest_only_with_trigger.py
[2025-11-24T15:29:01.194+0000] {processor.py:829} INFO - Processing file /home/airflow/.local/lib/python3.10/site-packages/airflow/example_dags/example_latest_only_with_trigger.py for tasks to queue
[2025-11-24T15:29:01.210+0000] {logging_mixin.py:154} INFO - [2025-11-24T15:29:01.209+0000] {dagbag.py:536} INFO - Filling up the DagBag from /home/airflow/.local/lib/python3.10/site-packages/airflow/example_dags/example_latest_only_with_trigger.py
[2025-11-24T15:29:01.248+0000] {processor.py:839} INFO - DAG(s) dict_keys(['latest_only_with_trigger']) retrieved from /home/airflow/.local/lib/python3.10/site-packages/airflow/example_dags/example_latest_only_with_trigger.py
[2025-11-24T15:29:01.821+0000] {logging_mixin.py:154} INFO - [2025-11-24T15:29:01.821+0000] {manager.py:499} INFO - Created Permission View: %s
[2025-11-24T15:29:01.857+0000] {logging_mixin.py:154} INFO - [2025-11-24T15:29:01.856+0000] {manager.py:499} INFO - Created Permission View: %s
[2025-11-24T15:29:01.917+0000] {logging_mixin.py:154} INFO - [2025-11-24T15:29:01.917+0000] {manager.py:499} INFO - Created Permission View: %s
[2025-11-24T15:29:01.918+0000] {logging_mixin.py:154} INFO - [2025-11-24T15:29:01.918+0000] {dag.py:2941} INFO - Sync 1 DAGs
[2025-11-24T15:29:01.968+0000] {logging_mixin.py:154} INFO - [2025-11-24T15:29:01.968+0000] {dag.py:2963} INFO - Creating ORM DAG for latest_only_with_trigger
[2025-11-24T15:29:02.043+0000] {logging_mixin.py:154} INFO - [2025-11-24T15:29:02.042+0000] {dag.py:3722} INFO - Setting next_dagrun for latest_only_with_trigger to 2025-11-24T11:29:02.042374+00:00, run_after=2025-11-24T15:29:02.042374+00:00
[2025-11-24T15:29:02.135+0000] {processor.py:179} INFO - Processing /home/airflow/.local/lib/python3.10/site-packages/airflow/example_dags/example_latest_only_with_trigger.py took 0.960 seconds
[2025-11-24T15:29:32.826+0000] {processor.py:157} INFO - Started process (PID=94) to work on /home/airflow/.local/lib/python3.10/site-packages/airflow/example_dags/example_latest_only_with_trigger.py
[2025-11-24T15:29:32.831+0000] {processor.py:829} INFO - Processing file /home/airflow/.local/lib/python3.10/site-packages/airflow/example_dags/example_latest_only_with_trigger.py for tasks to queue
[2025-11-24T15:29:32.835+0000] {logging_mixin.py:154} INFO - [2025-11-24T15:29:32.835+0000] {dagbag.py:536} INFO - Filling up the DagBag from /home/airflow/.local/lib/python3.10/site-packages/airflow/example_dags/example_latest_only_with_trigger.py
[2025-11-24T15:29:32.842+0000] {processor.py:839} INFO - DAG(s) dict_keys(['latest_only_with_trigger']) retrieved from /home/airflow/.local/lib/python3.10/site-packages/airflow/example_dags/example_latest_only_with_trigger.py
[2025-11-24T15:29:32.874+0000] {logging_mixin.py:154} INFO - [2025-11-24T15:29:32.874+0000] {dag.py:2941} INFO - Sync 1 DAGs
[2025-11-24T15:29:32.912+0000] {logging_mixin.py:154} INFO - [2025-11-24T15:29:32.912+0000] {dag.py:3722} INFO - Setting next_dagrun for latest_only_with_trigger to 2025-11-24T11:29:32.912049+00:00, run_after=2025-11-24T15:29:32.912049+00:00
[2025-11-24T15:29:32.937+0000] {processor.py:179} INFO - Processing /home/airflow/.local/lib/python3.10/site-packages/airflow/example_dags/example_latest_only_with_trigger.py took 0.117 seconds
[2025-11-24T15:30:03.293+0000] {processor.py:157} INFO - Started process (PID=148) to work on /home/airflow/.local/lib/python3.10/site-packages/airflow/example_dags/example_latest_only_with_trigger.py
[2025-11-24T15:30:03.295+0000] {processor.py:829} INFO - Processing file /home/airflow/.local/lib/python3.10/site-packages/airflow/example_dags/example_latest_only_with_trigger.py for tasks to queue
[2025-11-24T15:30:03.299+0000] {logging_mixin.py:154} INFO - [2025-11-24T15:30:03.298+0000] {dagbag.py:536} INFO - Filling up the DagBag from /home/airflow/.local/lib/python3.10/site-packages/airflow/example_dags/example_latest_only_with_trigger.py
[2025-11-24T15:30:03.307+0000] {processor.py:839} INFO - DAG(s) dict_keys(['latest_only_with_trigger']) retrieved from /home/airflow/.local/lib/python3.10/site-packages/airflow/example_dags/example_latest_only_with_trigger.py
[2025-11-24T15:30:03.342+0000] {logging_mixin.py:154} INFO - [2025-11-24T15:30:03.342+0000] {dag.py:2941} INFO - Sync 1 DAGs
[2025-11-24T15:30:03.378+0000] {logging_mixin.py:154} INFO - [2025-11-24T15:30:03.378+0000] {dag.py:3722} INFO - Setting next_dagrun for latest_only_with_trigger to 2025-11-24T11:30:03.377672+00:00, run_after=2025-11-24T15:30:03.377672+00:00
[2025-11-24T15:30:03.404+0000] {processor.py:179} INFO - Processing /home/airflow/.local/lib/python3.10/site-packages/airflow/example_dags/example_latest_only_with_trigger.py took 0.115 seconds
[2025-11-24T15:30:33.499+0000] {processor.py:157} INFO - Started process (PID=202) to work on /home/airflow/.local/lib/python3.10/site-packages/airflow/example_dags/example_latest_only_with_trigger.py
[2025-11-24T15:30:33.501+0000] {processor.py:829} INFO - Processing file /home/airflow/.local/lib/python3.10/site-packages/airflow/example_dags/example_latest_only_with_trigger.py for tasks to queue
[2025-11-24T15:30:33.507+0000] {logging_mixin.py:154} INFO - [2025-11-24T15:30:33.506+0000] {dagbag.py:536} INFO - Filling up the DagBag from /home/airflow/.local/lib/python3.10/site-packages/airflow/example_dags/example_latest_only_with_trigger.py
[2025-11-24T15:30:33.517+0000] {processor.py:839} INFO - DAG(s) dict_keys(['latest_only_with_trigger']) retrieved from /home/airflow/.local/lib/python3.10/site-packages/airflow/example_dags/example_latest_only_with_trigger.py
[2025-11-24T15:30:33.549+0000] {logging_mixin.py:154} INFO - [2025-11-24T15:30:33.549+0000] {dag.py:2941} INFO - Sync 1 DAGs
[2025-11-24T15:30:33.587+0000] {logging_mixin.py:154} INFO - [2025-11-24T15:30:33.587+0000] {dag.py:3722} INFO - Setting next_dagrun for latest_only_with_trigger to 2025-11-24T11:30:33.587128+00:00, run_after=2025-11-24T15:30:33.587128+00:00
[2025-11-24T15:30:33.642+0000] {processor.py:179} INFO - Processing /home/airflow/.local/lib/python3.10/site-packages/airflow/example_dags/example_latest_only_with_trigger.py took 0.156 seconds
[2025-11-24T15:31:04.672+0000] {processor.py:157} INFO - Started process (PID=257) to work on /home/airflow/.local/lib/python3.10/site-packages/airflow/example_dags/example_latest_only_with_trigger.py
[2025-11-24T15:31:04.673+0000] {processor.py:829} INFO - Processing file /home/airflow/.local/lib/python3.10/site-packages/airflow/example_dags/example_latest_only_with_trigger.py for tasks to queue
[2025-11-24T15:31:04.684+0000] {logging_mixin.py:154} INFO - [2025-11-24T15:31:04.684+0000] {dagbag.py:536} INFO - Filling up the DagBag from /home/airflow/.local/lib/python3.10/site-packages/airflow/example_dags/example_latest_only_with_trigger.py
[2025-11-24T15:31:04.701+0000] {processor.py:839} INFO - DAG(s) dict_keys(['latest_only_with_trigger']) retrieved from /home/airflow/.local/lib/python3.10/site-packages/airflow/example_dags/example_latest_only_with_trigger.py
[2025-11-24T15:31:04.811+0000] {logging_mixin.py:154} INFO - [2025-11-24T15:31:04.811+0000] {dag.py:2941} INFO - Sync 1 DAGs
[2025-11-24T15:31:04.899+0000] {logging_mixin.py:154} INFO - [2025-11-24T15:31:04.899+0000] {dag.py:3722} INFO - Setting next_dagrun for latest_only_with_trigger to 2025-11-24T11:31:04.899223+00:00, run_after=2025-11-24T15:31:04.899223+00:00
[2025-11-24T15:31:04.975+0000] {processor.py:179} INFO - Processing /home/airflow/.local/lib/python3.10/site-packages/airflow/example_dags/example_latest_only_with_trigger.py took 0.308 seconds
[2025-11-24T15:31:35.576+0000] {processor.py:157} INFO - Started process (PID=311) to work on /home/airflow/.local/lib/python3.10/site-packages/airflow/example_dags/example_latest_only_with_trigger.py
[2025-11-24T15:31:35.577+0000] {processor.py:829} INFO - Processing file /home/airflow/.local/lib/python3.10/site-packages/airflow/example_dags/example_latest_only_with_trigger.py for tasks to queue
[2025-11-24T15:31:35.580+0000] {logging_mixin.py:154} INFO - [2025-11-24T15:31:35.580+0000] {dagbag.py:536} INFO - Filling up the DagBag from /home/airflow/.local/lib/python3.10/site-packages/airflow/example_dags/example_latest_only_with_trigger.py
[2025-11-24T15:31:35.589+0000] {processor.py:839} INFO - DAG(s) dict_keys(['latest_only_with_trigger']) retrieved from /home/airflow/.local/lib/python3.10/site-packages/airflow/example_dags/example_latest_only_with_trigger.py
[2025-11-24T15:31:35.620+0000] {logging_mixin.py:154} INFO - [2025-11-24T15:31:35.620+0000] {dag.py:2941} INFO - Sync 1 DAGs
[2025-11-24T15:31:35.652+0000] {logging_mixin.py:154} INFO - [2025-11-24T15:31:35.652+0000] {dag.py:3722} INFO - Setting next_dagrun for latest_only_with_trigger to 2025-11-24T11:31:35.652176+00:00, run_after=2025-11-24T15:31:35.652176+00:00
[2025-11-24T15:31:35.676+0000] {processor.py:179} INFO - Processing /home/airflow/.local/lib/python3.10/site-packages/airflow/example_dags/example_latest_only_with_trigger.py took 0.105 seconds
[2025-11-24T15:32:06.093+0000] {processor.py:157} INFO - Started process (PID=365) to work on /home/airflow/.local/lib/python3.10/site-packages/airflow/example_dags/example_latest_only_with_trigger.py
[2025-11-24T15:32:06.130+0000] {processor.py:829} INFO - Processing file /home/airflow/.local/lib/python3.10/site-packages/airflow/example_dags/example_latest_only_with_trigger.py for tasks to queue
[2025-11-24T15:32:06.133+0000] {logging_mixin.py:154} INFO - [2025-11-24T15:32:06.133+0000] {dagbag.py:536} INFO - Filling up the DagBag from /home/airflow/.local/lib/python3.10/site-packages/airflow/example_dags/example_latest_only_with_trigger.py
[2025-11-24T15:32:06.141+0000] {processor.py:839} INFO - DAG(s) dict_keys(['latest_only_with_trigger']) retrieved from /home/airflow/.local/lib/python3.10/site-packages/airflow/example_dags/example_latest_only_with_trigger.py
[2025-11-24T15:32:06.170+0000] {logging_mixin.py:154} INFO - [2025-11-24T15:32:06.170+0000] {dag.py:2941} INFO - Sync 1 DAGs
[2025-11-24T15:32:06.207+0000] {logging_mixin.py:154} INFO - [2025-11-24T15:32:06.207+0000] {dag.py:3722} INFO - Setting next_dagrun for latest_only_with_trigger to 2025-11-24T11:32:06.206956+00:00, run_after=2025-11-24T15:32:06.206956+00:00
[2025-11-24T15:32:06.231+0000] {processor.py:179} INFO - Processing /home/airflow/.local/lib/python3.10/site-packages/airflow/example_dags/example_latest_only_with_trigger.py took 0.143 seconds
[2025-11-24T15:32:36.415+0000] {processor.py:157} INFO - Started process (PID=418) to work on /home/airflow/.local/lib/python3.10/site-packages/airflow/example_dags/example_latest_only_with_trigger.py
[2025-11-24T15:32:36.416+0000] {processor.py:829} INFO - Processing file /home/airflow/.local/lib/python3.10/site-packages/airflow/example_dags/example_latest_only_with_trigger.py for tasks to queue
[2025-11-24T15:32:36.419+0000] {logging_mixin.py:154} INFO - [2025-11-24T15:32:36.418+0000] {dagbag.py:536} INFO - Filling up the DagBag from /home/airflow/.local/lib/python3.10/site-packages/airflow/example_dags/example_latest_only_with_trigger.py
[2025-11-24T15:32:36.428+0000] {processor.py:839} INFO - DAG(s) dict_keys(['latest_only_with_trigger']) retrieved from /home/airflow/.local/lib/python3.10/site-packages/airflow/example_dags/example_latest_only_with_trigger.py
[2025-11-24T15:32:36.471+0000] {logging_mixin.py:154} INFO - [2025-11-24T15:32:36.470+0000] {dag.py:2941} INFO - Sync 1 DAGs
[2025-11-24T15:32:36.505+0000] {logging_mixin.py:154} INFO - [2025-11-24T15:32:36.505+0000] {dag.py:3722} INFO - Setting next_dagrun for latest_only_with_trigger to 2025-11-24T11:32:36.504849+00:00, run_after=2025-11-24T15:32:36.504849+00:00
[2025-11-24T15:32:36.532+0000] {processor.py:179} INFO - Processing /home/airflow/.local/lib/python3.10/site-packages/airflow/example_dags/example_latest_only_with_trigger.py took 0.122 seconds
[2025-11-24T15:33:07.257+0000] {processor.py:157} INFO - Started process (PID=472) to work on /home/airflow/.local/lib/python3.10/site-packages/airflow/example_dags/example_latest_only_with_trigger.py
[2025-11-24T15:33:07.259+0000] {processor.py:829} INFO - Processing file /home/airflow/.local/lib/python3.10/site-packages/airflow/example_dags/example_latest_only_with_trigger.py for tasks to queue
[2025-11-24T15:33:07.261+0000] {logging_mixin.py:154} INFO - [2025-11-24T15:33:07.261+0000] {dagbag.py:536} INFO - Filling up the DagBag from /home/airflow/.local/lib/python3.10/site-packages/airflow/example_dags/example_latest_only_with_trigger.py
[2025-11-24T15:33:07.270+0000] {processor.py:839} INFO - DAG(s) dict_keys(['latest_only_with_trigger']) retrieved from /home/airflow/.local/lib/python3.10/site-packages/airflow/example_dags/example_latest_only_with_trigger.py
[2025-11-24T15:33:07.301+0000] {logging_mixin.py:154} INFO - [2025-11-24T15:33:07.301+0000] {dag.py:2941} INFO - Sync 1 DAGs
[2025-11-24T15:33:07.331+0000] {logging_mixin.py:154} INFO - [2025-11-24T15:33:07.330+0000] {dag.py:3722} INFO - Setting next_dagrun for latest_only_with_trigger to 2025-11-24T11:33:07.330576+00:00, run_after=2025-11-24T15:33:07.330576+00:00
[2025-11-24T15:33:07.354+0000] {processor.py:179} INFO - Processing /home/airflow/.local/lib/python3.10/site-packages/airflow/example_dags/example_latest_only_with_trigger.py took 0.101 seconds
[2025-11-24T15:33:37.541+0000] {processor.py:157} INFO - Started process (PID=526) to work on /home/airflow/.local/lib/python3.10/site-packages/airflow/example_dags/example_latest_only_with_trigger.py
[2025-11-24T15:33:37.544+0000] {processor.py:829} INFO - Processing file /home/airflow/.local/lib/python3.10/site-packages/airflow/example_dags/example_latest_only_with_trigger.py for tasks to queue
[2025-11-24T15:33:37.547+0000] {logging_mixin.py:154} INFO - [2025-11-24T15:33:37.547+0000] {dagbag.py:536} INFO - Filling up the DagBag from /home/airflow/.local/lib/python3.10/site-packages/airflow/example_dags/example_latest_only_with_trigger.py
[2025-11-24T15:33:37.556+0000] {processor.py:839} INFO - DAG(s) dict_keys(['latest_only_with_trigger']) retrieved from /home/airflow/.local/lib/python3.10/site-packages/airflow/example_dags/example_latest_only_with_trigger.py
[2025-11-24T15:33:37.587+0000] {logging_mixin.py:154} INFO - [2025-11-24T15:33:37.586+0000] {dag.py:2941} INFO - Sync 1 DAGs
[2025-11-24T15:33:37.619+0000] {logging_mixin.py:154} INFO - [2025-11-24T15:33:37.619+0000] {dag.py:3722} INFO - Setting next_dagrun for latest_only_with_trigger to 2025-11-24T11:33:37.618701+00:00, run_after=2025-11-24T15:33:37.618701+00:00
[2025-11-24T15:33:37.659+0000] {processor.py:179} INFO - Processing /home/airflow/.local/lib/python3.10/site-packages/airflow/example_dags/example_latest_only_with_trigger.py took 0.123 seconds
[2025-11-24T15:34:08.053+0000] {processor.py:157} INFO - Started process (PID=580) to work on /home/airflow/.local/lib/python3.10/site-packages/airflow/example_dags/example_latest_only_with_trigger.py
[2025-11-24T15:34:08.055+0000] {processor.py:829} INFO - Processing file /home/airflow/.local/lib/python3.10/site-packages/airflow/example_dags/example_latest_only_with_trigger.py for tasks to queue
[2025-11-24T15:34:08.058+0000] {logging_mixin.py:154} INFO - [2025-11-24T15:34:08.058+0000] {dagbag.py:536} INFO - Filling up the DagBag from /home/airflow/.local/lib/python3.10/site-packages/airflow/example_dags/example_latest_only_with_trigger.py
[2025-11-24T15:34:08.067+0000] {processor.py:839} INFO - DAG(s) dict_keys(['latest_only_with_trigger']) retrieved from /home/airflow/.local/lib/python3.10/site-packages/airflow/example_dags/example_latest_only_with_trigger.py
[2025-11-24T15:34:08.097+0000] {logging_mixin.py:154} INFO - [2025-11-24T15:34:08.097+0000] {dag.py:2941} INFO - Sync 1 DAGs
[2025-11-24T15:34:08.129+0000] {logging_mixin.py:154} INFO - [2025-11-24T15:34:08.129+0000] {dag.py:3722} INFO - Setting next_dagrun for latest_only_with_trigger to 2025-11-24T11:34:08.128791+00:00, run_after=2025-11-24T15:34:08.128791+00:00
[2025-11-24T15:34:08.154+0000] {processor.py:179} INFO - Processing /home/airflow/.local/lib/python3.10/site-packages/airflow/example_dags/example_latest_only_with_trigger.py took 0.105 seconds
[2025-11-24T15:34:38.553+0000] {processor.py:157} INFO - Started process (PID=634) to work on /home/airflow/.local/lib/python3.10/site-packages/airflow/example_dags/example_latest_only_with_trigger.py
[2025-11-24T15:34:38.571+0000] {processor.py:829} INFO - Processing file /home/airflow/.local/lib/python3.10/site-packages/airflow/example_dags/example_latest_only_with_trigger.py for tasks to queue
[2025-11-24T15:34:38.574+0000] {logging_mixin.py:154} INFO - [2025-11-24T15:34:38.573+0000] {dagbag.py:536} INFO - Filling up the DagBag from /home/airflow/.local/lib/python3.10/site-packages/airflow/example_dags/example_latest_only_with_trigger.py
[2025-11-24T15:34:38.591+0000] {processor.py:839} INFO - DAG(s) dict_keys(['latest_only_with_trigger']) retrieved from /home/airflow/.local/lib/python3.10/site-packages/airflow/example_dags/example_latest_only_with_trigger.py
[2025-11-24T15:34:38.654+0000] {logging_mixin.py:154} INFO - [2025-11-24T15:34:38.653+0000] {dag.py:2941} INFO - Sync 1 DAGs
[2025-11-24T15:34:38.694+0000] {logging_mixin.py:154} INFO - [2025-11-24T15:34:38.694+0000] {dag.py:3722} INFO - Setting next_dagrun for latest_only_with_trigger to 2025-11-24T11:34:38.693834+00:00, run_after=2025-11-24T15:34:38.693834+00:00
[2025-11-24T15:34:38.723+0000] {processor.py:179} INFO - Processing /home/airflow/.local/lib/python3.10/site-packages/airflow/example_dags/example_latest_only_with_trigger.py took 0.185 seconds
[2025-11-24T15:35:09.387+0000] {processor.py:157} INFO - Started process (PID=687) to work on /home/airflow/.local/lib/python3.10/site-packages/airflow/example_dags/example_latest_only_with_trigger.py
[2025-11-24T15:35:09.392+0000] {processor.py:829} INFO - Processing file /home/airflow/.local/lib/python3.10/site-packages/airflow/example_dags/example_latest_only_with_trigger.py for tasks to queue
[2025-11-24T15:35:09.395+0000] {logging_mixin.py:154} INFO - [2025-11-24T15:35:09.394+0000] {dagbag.py:536} INFO - Filling up the DagBag from /home/airflow/.local/lib/python3.10/site-packages/airflow/example_dags/example_latest_only_with_trigger.py
[2025-11-24T15:35:09.403+0000] {processor.py:839} INFO - DAG(s) dict_keys(['latest_only_with_trigger']) retrieved from /home/airflow/.local/lib/python3.10/site-packages/airflow/example_dags/example_latest_only_with_trigger.py
[2025-11-24T15:35:09.434+0000] {logging_mixin.py:154} INFO - [2025-11-24T15:35:09.434+0000] {dag.py:2941} INFO - Sync 1 DAGs
[2025-11-24T15:35:09.467+0000] {logging_mixin.py:154} INFO - [2025-11-24T15:35:09.467+0000] {dag.py:3722} INFO - Setting next_dagrun for latest_only_with_trigger to 2025-11-24T11:35:09.467270+00:00, run_after=2025-11-24T15:35:09.467270+00:00
[2025-11-24T15:35:09.552+0000] {processor.py:179} INFO - Processing /home/airflow/.local/lib/python3.10/site-packages/airflow/example_dags/example_latest_only_with_trigger.py took 0.169 seconds
[2025-11-24T15:35:40.465+0000] {processor.py:157} INFO - Started process (PID=740) to work on /home/airflow/.local/lib/python3.10/site-packages/airflow/example_dags/example_latest_only_with_trigger.py
[2025-11-24T15:35:40.474+0000] {processor.py:829} INFO - Processing file /home/airflow/.local/lib/python3.10/site-packages/airflow/example_dags/example_latest_only_with_trigger.py for tasks to queue
[2025-11-24T15:35:40.483+0000] {logging_mixin.py:154} INFO - [2025-11-24T15:35:40.483+0000] {dagbag.py:536} INFO - Filling up the DagBag from /home/airflow/.local/lib/python3.10/site-packages/airflow/example_dags/example_latest_only_with_trigger.py
[2025-11-24T15:35:40.498+0000] {processor.py:839} INFO - DAG(s) dict_keys(['latest_only_with_trigger']) retrieved from /home/airflow/.local/lib/python3.10/site-packages/airflow/example_dags/example_latest_only_with_trigger.py
[2025-11-24T15:35:40.554+0000] {logging_mixin.py:154} INFO - [2025-11-24T15:35:40.554+0000] {dag.py:2941} INFO - Sync 1 DAGs
[2025-11-24T15:35:40.621+0000] {logging_mixin.py:154} INFO - [2025-11-24T15:35:40.621+0000] {dag.py:3722} INFO - Setting next_dagrun for latest_only_with_trigger to 2025-11-24T11:35:40.620873+00:00, run_after=2025-11-24T15:35:40.620873+00:00
[2025-11-24T15:35:40.687+0000] {processor.py:179} INFO - Processing /home/airflow/.local/lib/python3.10/site-packages/airflow/example_dags/example_latest_only_with_trigger.py took 0.227 seconds
[2025-11-24T15:36:11.609+0000] {processor.py:157} INFO - Started process (PID=794) to work on /home/airflow/.local/lib/python3.10/site-packages/airflow/example_dags/example_latest_only_with_trigger.py
[2025-11-24T15:36:11.625+0000] {processor.py:829} INFO - Processing file /home/airflow/.local/lib/python3.10/site-packages/airflow/example_dags/example_latest_only_with_trigger.py for tasks to queue
[2025-11-24T15:36:11.627+0000] {logging_mixin.py:154} INFO - [2025-11-24T15:36:11.627+0000] {dagbag.py:536} INFO - Filling up the DagBag from /home/airflow/.local/lib/python3.10/site-packages/airflow/example_dags/example_latest_only_with_trigger.py
[2025-11-24T15:36:11.657+0000] {processor.py:839} INFO - DAG(s) dict_keys(['latest_only_with_trigger']) retrieved from /home/airflow/.local/lib/python3.10/site-packages/airflow/example_dags/example_latest_only_with_trigger.py
[2025-11-24T15:36:11.747+0000] {logging_mixin.py:154} INFO - [2025-11-24T15:36:11.747+0000] {dag.py:2941} INFO - Sync 1 DAGs
[2025-11-24T15:36:11.890+0000] {logging_mixin.py:154} INFO - [2025-11-24T15:36:11.889+0000] {dag.py:3722} INFO - Setting next_dagrun for latest_only_with_trigger to 2025-11-24T11:36:11.889328+00:00, run_after=2025-11-24T15:36:11.889328+00:00
[2025-11-24T15:36:11.971+0000] {processor.py:179} INFO - Processing /home/airflow/.local/lib/python3.10/site-packages/airflow/example_dags/example_latest_only_with_trigger.py took 0.368 seconds
[2025-11-24T15:36:42.101+0000] {processor.py:157} INFO - Started process (PID=849) to work on /home/airflow/.local/lib/python3.10/site-packages/airflow/example_dags/example_latest_only_with_trigger.py
[2025-11-24T15:36:42.103+0000] {processor.py:829} INFO - Processing file /home/airflow/.local/lib/python3.10/site-packages/airflow/example_dags/example_latest_only_with_trigger.py for tasks to queue
[2025-11-24T15:36:42.107+0000] {logging_mixin.py:154} INFO - [2025-11-24T15:36:42.107+0000] {dagbag.py:536} INFO - Filling up the DagBag from /home/airflow/.local/lib/python3.10/site-packages/airflow/example_dags/example_latest_only_with_trigger.py
[2025-11-24T15:36:42.115+0000] {processor.py:839} INFO - DAG(s) dict_keys(['latest_only_with_trigger']) retrieved from /home/airflow/.local/lib/python3.10/site-packages/airflow/example_dags/example_latest_only_with_trigger.py
[2025-11-24T15:36:42.146+0000] {logging_mixin.py:154} INFO - [2025-11-24T15:36:42.146+0000] {dag.py:2941} INFO - Sync 1 DAGs
[2025-11-24T15:36:42.174+0000] {logging_mixin.py:154} INFO - [2025-11-24T15:36:42.174+0000] {dag.py:3722} INFO - Setting next_dagrun for latest_only_with_trigger to 2025-11-24T11:36:42.174290+00:00, run_after=2025-11-24T15:36:42.174290+00:00
[2025-11-24T15:36:42.194+0000] {processor.py:179} INFO - Processing /home/airflow/.local/lib/python3.10/site-packages/airflow/example_dags/example_latest_only_with_trigger.py took 0.099 seconds
[2025-11-24T15:37:12.449+0000] {processor.py:157} INFO - Started process (PID=903) to work on /home/airflow/.local/lib/python3.10/site-packages/airflow/example_dags/example_latest_only_with_trigger.py
[2025-11-24T15:37:12.460+0000] {processor.py:829} INFO - Processing file /home/airflow/.local/lib/python3.10/site-packages/airflow/example_dags/example_latest_only_with_trigger.py for tasks to queue
[2025-11-24T15:37:12.464+0000] {logging_mixin.py:154} INFO - [2025-11-24T15:37:12.463+0000] {dagbag.py:536} INFO - Filling up the DagBag from /home/airflow/.local/lib/python3.10/site-packages/airflow/example_dags/example_latest_only_with_trigger.py
[2025-11-24T15:37:12.482+0000] {processor.py:839} INFO - DAG(s) dict_keys(['latest_only_with_trigger']) retrieved from /home/airflow/.local/lib/python3.10/site-packages/airflow/example_dags/example_latest_only_with_trigger.py
[2025-11-24T15:37:12.543+0000] {logging_mixin.py:154} INFO - [2025-11-24T15:37:12.543+0000] {dag.py:2941} INFO - Sync 1 DAGs
[2025-11-24T15:37:12.576+0000] {logging_mixin.py:154} INFO - [2025-11-24T15:37:12.576+0000] {dag.py:3722} INFO - Setting next_dagrun for latest_only_with_trigger to 2025-11-24T11:37:12.575861+00:00, run_after=2025-11-24T15:37:12.575861+00:00
[2025-11-24T15:37:12.601+0000] {processor.py:179} INFO - Processing /home/airflow/.local/lib/python3.10/site-packages/airflow/example_dags/example_latest_only_with_trigger.py took 0.165 seconds
[2025-11-24T15:37:42.978+0000] {processor.py:157} INFO - Started process (PID=957) to work on /home/airflow/.local/lib/python3.10/site-packages/airflow/example_dags/example_latest_only_with_trigger.py
[2025-11-24T15:37:42.980+0000] {processor.py:829} INFO - Processing file /home/airflow/.local/lib/python3.10/site-packages/airflow/example_dags/example_latest_only_with_trigger.py for tasks to queue
[2025-11-24T15:37:42.983+0000] {logging_mixin.py:154} INFO - [2025-11-24T15:37:42.982+0000] {dagbag.py:536} INFO - Filling up the DagBag from /home/airflow/.local/lib/python3.10/site-packages/airflow/example_dags/example_latest_only_with_trigger.py
[2025-11-24T15:37:42.991+0000] {processor.py:839} INFO - DAG(s) dict_keys(['latest_only_with_trigger']) retrieved from /home/airflow/.local/lib/python3.10/site-packages/airflow/example_dags/example_latest_only_with_trigger.py
[2025-11-24T15:37:43.026+0000] {logging_mixin.py:154} INFO - [2025-11-24T15:37:43.026+0000] {dag.py:2941} INFO - Sync 1 DAGs
[2025-11-24T15:37:43.058+0000] {logging_mixin.py:154} INFO - [2025-11-24T15:37:43.058+0000] {dag.py:3722} INFO - Setting next_dagrun for latest_only_with_trigger to 2025-11-24T11:37:43.057964+00:00, run_after=2025-11-24T15:37:43.057964+00:00
[2025-11-24T15:37:43.083+0000] {processor.py:179} INFO - Processing /home/airflow/.local/lib/python3.10/site-packages/airflow/example_dags/example_latest_only_with_trigger.py took 0.111 seconds
[2025-11-24T15:38:13.142+0000] {processor.py:157} INFO - Started process (PID=1011) to work on /home/airflow/.local/lib/python3.10/site-packages/airflow/example_dags/example_latest_only_with_trigger.py
[2025-11-24T15:38:13.144+0000] {processor.py:829} INFO - Processing file /home/airflow/.local/lib/python3.10/site-packages/airflow/example_dags/example_latest_only_with_trigger.py for tasks to queue
[2025-11-24T15:38:13.146+0000] {logging_mixin.py:154} INFO - [2025-11-24T15:38:13.146+0000] {dagbag.py:536} INFO - Filling up the DagBag from /home/airflow/.local/lib/python3.10/site-packages/airflow/example_dags/example_latest_only_with_trigger.py
[2025-11-24T15:38:13.152+0000] {processor.py:839} INFO - DAG(s) dict_keys(['latest_only_with_trigger']) retrieved from /home/airflow/.local/lib/python3.10/site-packages/airflow/example_dags/example_latest_only_with_trigger.py
[2025-11-24T15:38:13.175+0000] {logging_mixin.py:154} INFO - [2025-11-24T15:38:13.174+0000] {dag.py:2941} INFO - Sync 1 DAGs
[2025-11-24T15:38:13.212+0000] {logging_mixin.py:154} INFO - [2025-11-24T15:38:13.212+0000] {dag.py:3722} INFO - Setting next_dagrun for latest_only_with_trigger to 2025-11-24T11:38:13.211718+00:00, run_after=2025-11-24T15:38:13.211718+00:00
[2025-11-24T15:38:13.238+0000] {processor.py:179} INFO - Processing /home/airflow/.local/lib/python3.10/site-packages/airflow/example_dags/example_latest_only_with_trigger.py took 0.101 seconds
