[2025-11-24T15:28:57.201+0000] {processor.py:157} INFO - Started process (PID=33) to work on /home/airflow/.local/lib/python3.10/site-packages/airflow/example_dags/example_dynamic_task_mapping_with_no_taskflow_operators.py
[2025-11-24T15:28:57.211+0000] {processor.py:829} INFO - Processing file /home/airflow/.local/lib/python3.10/site-packages/airflow/example_dags/example_dynamic_task_mapping_with_no_taskflow_operators.py for tasks to queue
[2025-11-24T15:28:57.217+0000] {logging_mixin.py:154} INFO - [2025-11-24T15:28:57.217+0000] {dagbag.py:536} INFO - Filling up the DagBag from /home/airflow/.local/lib/python3.10/site-packages/airflow/example_dags/example_dynamic_task_mapping_with_no_taskflow_operators.py
[2025-11-24T15:28:57.359+0000] {processor.py:839} INFO - DAG(s) dict_keys(['example_dynamic_task_mapping_with_no_taskflow_operators']) retrieved from /home/airflow/.local/lib/python3.10/site-packages/airflow/example_dags/example_dynamic_task_mapping_with_no_taskflow_operators.py
[2025-11-24T15:28:58.477+0000] {logging_mixin.py:154} INFO - [2025-11-24T15:28:58.477+0000] {manager.py:499} INFO - Created Permission View: %s
[2025-11-24T15:28:58.536+0000] {logging_mixin.py:154} INFO - [2025-11-24T15:28:58.535+0000] {manager.py:499} INFO - Created Permission View: %s
[2025-11-24T15:28:58.622+0000] {logging_mixin.py:154} INFO - [2025-11-24T15:28:58.620+0000] {manager.py:499} INFO - Created Permission View: %s
[2025-11-24T15:28:58.623+0000] {logging_mixin.py:154} INFO - [2025-11-24T15:28:58.622+0000] {dag.py:2941} INFO - Sync 1 DAGs
[2025-11-24T15:28:58.685+0000] {logging_mixin.py:154} INFO - [2025-11-24T15:28:58.684+0000] {dag.py:2963} INFO - Creating ORM DAG for example_dynamic_task_mapping_with_no_taskflow_operators
[2025-11-24T15:28:58.745+0000] {logging_mixin.py:154} INFO - [2025-11-24T15:28:58.745+0000] {dag.py:3722} INFO - Setting next_dagrun for example_dynamic_task_mapping_with_no_taskflow_operators to 2025-11-23T15:28:58.744755+00:00, run_after=2025-11-24T15:28:58.744755+00:00
[2025-11-24T15:28:58.828+0000] {processor.py:179} INFO - Processing /home/airflow/.local/lib/python3.10/site-packages/airflow/example_dags/example_dynamic_task_mapping_with_no_taskflow_operators.py took 1.644 seconds
[2025-11-24T15:29:29.289+0000] {processor.py:157} INFO - Started process (PID=87) to work on /home/airflow/.local/lib/python3.10/site-packages/airflow/example_dags/example_dynamic_task_mapping_with_no_taskflow_operators.py
[2025-11-24T15:29:29.292+0000] {processor.py:829} INFO - Processing file /home/airflow/.local/lib/python3.10/site-packages/airflow/example_dags/example_dynamic_task_mapping_with_no_taskflow_operators.py for tasks to queue
[2025-11-24T15:29:29.295+0000] {logging_mixin.py:154} INFO - [2025-11-24T15:29:29.294+0000] {dagbag.py:536} INFO - Filling up the DagBag from /home/airflow/.local/lib/python3.10/site-packages/airflow/example_dags/example_dynamic_task_mapping_with_no_taskflow_operators.py
[2025-11-24T15:29:29.304+0000] {processor.py:839} INFO - DAG(s) dict_keys(['example_dynamic_task_mapping_with_no_taskflow_operators']) retrieved from /home/airflow/.local/lib/python3.10/site-packages/airflow/example_dags/example_dynamic_task_mapping_with_no_taskflow_operators.py
[2025-11-24T15:29:29.335+0000] {logging_mixin.py:154} INFO - [2025-11-24T15:29:29.335+0000] {dag.py:2941} INFO - Sync 1 DAGs
[2025-11-24T15:29:29.371+0000] {logging_mixin.py:154} INFO - [2025-11-24T15:29:29.371+0000] {dag.py:3722} INFO - Setting next_dagrun for example_dynamic_task_mapping_with_no_taskflow_operators to 2025-11-23T15:29:29.371011+00:00, run_after=2025-11-24T15:29:29.371011+00:00
[2025-11-24T15:29:29.395+0000] {processor.py:179} INFO - Processing /home/airflow/.local/lib/python3.10/site-packages/airflow/example_dags/example_dynamic_task_mapping_with_no_taskflow_operators.py took 0.110 seconds
[2025-11-24T15:29:59.795+0000] {processor.py:157} INFO - Started process (PID=141) to work on /home/airflow/.local/lib/python3.10/site-packages/airflow/example_dags/example_dynamic_task_mapping_with_no_taskflow_operators.py
[2025-11-24T15:29:59.797+0000] {processor.py:829} INFO - Processing file /home/airflow/.local/lib/python3.10/site-packages/airflow/example_dags/example_dynamic_task_mapping_with_no_taskflow_operators.py for tasks to queue
[2025-11-24T15:29:59.804+0000] {logging_mixin.py:154} INFO - [2025-11-24T15:29:59.804+0000] {dagbag.py:536} INFO - Filling up the DagBag from /home/airflow/.local/lib/python3.10/site-packages/airflow/example_dags/example_dynamic_task_mapping_with_no_taskflow_operators.py
[2025-11-24T15:29:59.816+0000] {processor.py:839} INFO - DAG(s) dict_keys(['example_dynamic_task_mapping_with_no_taskflow_operators']) retrieved from /home/airflow/.local/lib/python3.10/site-packages/airflow/example_dags/example_dynamic_task_mapping_with_no_taskflow_operators.py
[2025-11-24T15:29:59.866+0000] {logging_mixin.py:154} INFO - [2025-11-24T15:29:59.866+0000] {dag.py:2941} INFO - Sync 1 DAGs
[2025-11-24T15:29:59.901+0000] {logging_mixin.py:154} INFO - [2025-11-24T15:29:59.901+0000] {dag.py:3722} INFO - Setting next_dagrun for example_dynamic_task_mapping_with_no_taskflow_operators to 2025-11-23T15:29:59.900672+00:00, run_after=2025-11-24T15:29:59.900672+00:00
[2025-11-24T15:29:59.934+0000] {processor.py:179} INFO - Processing /home/airflow/.local/lib/python3.10/site-packages/airflow/example_dags/example_dynamic_task_mapping_with_no_taskflow_operators.py took 0.152 seconds
[2025-11-24T15:30:30.129+0000] {processor.py:157} INFO - Started process (PID=195) to work on /home/airflow/.local/lib/python3.10/site-packages/airflow/example_dags/example_dynamic_task_mapping_with_no_taskflow_operators.py
[2025-11-24T15:30:30.138+0000] {processor.py:829} INFO - Processing file /home/airflow/.local/lib/python3.10/site-packages/airflow/example_dags/example_dynamic_task_mapping_with_no_taskflow_operators.py for tasks to queue
[2025-11-24T15:30:30.141+0000] {logging_mixin.py:154} INFO - [2025-11-24T15:30:30.141+0000] {dagbag.py:536} INFO - Filling up the DagBag from /home/airflow/.local/lib/python3.10/site-packages/airflow/example_dags/example_dynamic_task_mapping_with_no_taskflow_operators.py
[2025-11-24T15:30:30.166+0000] {processor.py:839} INFO - DAG(s) dict_keys(['example_dynamic_task_mapping_with_no_taskflow_operators']) retrieved from /home/airflow/.local/lib/python3.10/site-packages/airflow/example_dags/example_dynamic_task_mapping_with_no_taskflow_operators.py
[2025-11-24T15:30:30.272+0000] {logging_mixin.py:154} INFO - [2025-11-24T15:30:30.272+0000] {dag.py:2941} INFO - Sync 1 DAGs
[2025-11-24T15:30:30.399+0000] {logging_mixin.py:154} INFO - [2025-11-24T15:30:30.399+0000] {dag.py:3722} INFO - Setting next_dagrun for example_dynamic_task_mapping_with_no_taskflow_operators to 2025-11-23T15:30:30.399194+00:00, run_after=2025-11-24T15:30:30.399194+00:00
[2025-11-24T15:30:30.484+0000] {processor.py:179} INFO - Processing /home/airflow/.local/lib/python3.10/site-packages/airflow/example_dags/example_dynamic_task_mapping_with_no_taskflow_operators.py took 0.360 seconds
[2025-11-24T15:31:00.889+0000] {processor.py:157} INFO - Started process (PID=250) to work on /home/airflow/.local/lib/python3.10/site-packages/airflow/example_dags/example_dynamic_task_mapping_with_no_taskflow_operators.py
[2025-11-24T15:31:00.891+0000] {processor.py:829} INFO - Processing file /home/airflow/.local/lib/python3.10/site-packages/airflow/example_dags/example_dynamic_task_mapping_with_no_taskflow_operators.py for tasks to queue
[2025-11-24T15:31:00.893+0000] {logging_mixin.py:154} INFO - [2025-11-24T15:31:00.893+0000] {dagbag.py:536} INFO - Filling up the DagBag from /home/airflow/.local/lib/python3.10/site-packages/airflow/example_dags/example_dynamic_task_mapping_with_no_taskflow_operators.py
[2025-11-24T15:31:00.902+0000] {processor.py:839} INFO - DAG(s) dict_keys(['example_dynamic_task_mapping_with_no_taskflow_operators']) retrieved from /home/airflow/.local/lib/python3.10/site-packages/airflow/example_dags/example_dynamic_task_mapping_with_no_taskflow_operators.py
[2025-11-24T15:31:00.931+0000] {logging_mixin.py:154} INFO - [2025-11-24T15:31:00.931+0000] {dag.py:2941} INFO - Sync 1 DAGs
[2025-11-24T15:31:00.965+0000] {logging_mixin.py:154} INFO - [2025-11-24T15:31:00.965+0000] {dag.py:3722} INFO - Setting next_dagrun for example_dynamic_task_mapping_with_no_taskflow_operators to 2025-11-23T15:31:00.964648+00:00, run_after=2025-11-24T15:31:00.964648+00:00
[2025-11-24T15:31:00.990+0000] {processor.py:179} INFO - Processing /home/airflow/.local/lib/python3.10/site-packages/airflow/example_dags/example_dynamic_task_mapping_with_no_taskflow_operators.py took 0.105 seconds
[2025-11-24T15:31:31.077+0000] {processor.py:157} INFO - Started process (PID=304) to work on /home/airflow/.local/lib/python3.10/site-packages/airflow/example_dags/example_dynamic_task_mapping_with_no_taskflow_operators.py
[2025-11-24T15:31:31.079+0000] {processor.py:829} INFO - Processing file /home/airflow/.local/lib/python3.10/site-packages/airflow/example_dags/example_dynamic_task_mapping_with_no_taskflow_operators.py for tasks to queue
[2025-11-24T15:31:31.082+0000] {logging_mixin.py:154} INFO - [2025-11-24T15:31:31.081+0000] {dagbag.py:536} INFO - Filling up the DagBag from /home/airflow/.local/lib/python3.10/site-packages/airflow/example_dags/example_dynamic_task_mapping_with_no_taskflow_operators.py
[2025-11-24T15:31:31.091+0000] {processor.py:839} INFO - DAG(s) dict_keys(['example_dynamic_task_mapping_with_no_taskflow_operators']) retrieved from /home/airflow/.local/lib/python3.10/site-packages/airflow/example_dags/example_dynamic_task_mapping_with_no_taskflow_operators.py
[2025-11-24T15:31:31.119+0000] {logging_mixin.py:154} INFO - [2025-11-24T15:31:31.118+0000] {dag.py:2941} INFO - Sync 1 DAGs
[2025-11-24T15:31:31.153+0000] {logging_mixin.py:154} INFO - [2025-11-24T15:31:31.152+0000] {dag.py:3722} INFO - Setting next_dagrun for example_dynamic_task_mapping_with_no_taskflow_operators to 2025-11-23T15:31:31.152444+00:00, run_after=2025-11-24T15:31:31.152444+00:00
[2025-11-24T15:31:31.182+0000] {processor.py:179} INFO - Processing /home/airflow/.local/lib/python3.10/site-packages/airflow/example_dags/example_dynamic_task_mapping_with_no_taskflow_operators.py took 0.110 seconds
[2025-11-24T15:32:01.618+0000] {processor.py:157} INFO - Started process (PID=358) to work on /home/airflow/.local/lib/python3.10/site-packages/airflow/example_dags/example_dynamic_task_mapping_with_no_taskflow_operators.py
[2025-11-24T15:32:01.621+0000] {processor.py:829} INFO - Processing file /home/airflow/.local/lib/python3.10/site-packages/airflow/example_dags/example_dynamic_task_mapping_with_no_taskflow_operators.py for tasks to queue
[2025-11-24T15:32:01.624+0000] {logging_mixin.py:154} INFO - [2025-11-24T15:32:01.624+0000] {dagbag.py:536} INFO - Filling up the DagBag from /home/airflow/.local/lib/python3.10/site-packages/airflow/example_dags/example_dynamic_task_mapping_with_no_taskflow_operators.py
[2025-11-24T15:32:01.633+0000] {processor.py:839} INFO - DAG(s) dict_keys(['example_dynamic_task_mapping_with_no_taskflow_operators']) retrieved from /home/airflow/.local/lib/python3.10/site-packages/airflow/example_dags/example_dynamic_task_mapping_with_no_taskflow_operators.py
[2025-11-24T15:32:01.662+0000] {logging_mixin.py:154} INFO - [2025-11-24T15:32:01.662+0000] {dag.py:2941} INFO - Sync 1 DAGs
[2025-11-24T15:32:01.697+0000] {logging_mixin.py:154} INFO - [2025-11-24T15:32:01.697+0000] {dag.py:3722} INFO - Setting next_dagrun for example_dynamic_task_mapping_with_no_taskflow_operators to 2025-11-23T15:32:01.696675+00:00, run_after=2025-11-24T15:32:01.696675+00:00
[2025-11-24T15:32:01.721+0000] {processor.py:179} INFO - Processing /home/airflow/.local/lib/python3.10/site-packages/airflow/example_dags/example_dynamic_task_mapping_with_no_taskflow_operators.py took 0.108 seconds
[2025-11-24T15:32:31.932+0000] {processor.py:157} INFO - Started process (PID=411) to work on /home/airflow/.local/lib/python3.10/site-packages/airflow/example_dags/example_dynamic_task_mapping_with_no_taskflow_operators.py
[2025-11-24T15:32:31.934+0000] {processor.py:829} INFO - Processing file /home/airflow/.local/lib/python3.10/site-packages/airflow/example_dags/example_dynamic_task_mapping_with_no_taskflow_operators.py for tasks to queue
[2025-11-24T15:32:31.937+0000] {logging_mixin.py:154} INFO - [2025-11-24T15:32:31.936+0000] {dagbag.py:536} INFO - Filling up the DagBag from /home/airflow/.local/lib/python3.10/site-packages/airflow/example_dags/example_dynamic_task_mapping_with_no_taskflow_operators.py
[2025-11-24T15:32:31.946+0000] {processor.py:839} INFO - DAG(s) dict_keys(['example_dynamic_task_mapping_with_no_taskflow_operators']) retrieved from /home/airflow/.local/lib/python3.10/site-packages/airflow/example_dags/example_dynamic_task_mapping_with_no_taskflow_operators.py
[2025-11-24T15:32:31.977+0000] {logging_mixin.py:154} INFO - [2025-11-24T15:32:31.976+0000] {dag.py:2941} INFO - Sync 1 DAGs
[2025-11-24T15:32:32.027+0000] {logging_mixin.py:154} INFO - [2025-11-24T15:32:32.027+0000] {dag.py:3722} INFO - Setting next_dagrun for example_dynamic_task_mapping_with_no_taskflow_operators to 2025-11-23T15:32:32.027289+00:00, run_after=2025-11-24T15:32:32.027289+00:00
[2025-11-24T15:32:32.061+0000] {processor.py:179} INFO - Processing /home/airflow/.local/lib/python3.10/site-packages/airflow/example_dags/example_dynamic_task_mapping_with_no_taskflow_operators.py took 0.134 seconds
[2025-11-24T15:33:02.810+0000] {processor.py:157} INFO - Started process (PID=465) to work on /home/airflow/.local/lib/python3.10/site-packages/airflow/example_dags/example_dynamic_task_mapping_with_no_taskflow_operators.py
[2025-11-24T15:33:02.812+0000] {processor.py:829} INFO - Processing file /home/airflow/.local/lib/python3.10/site-packages/airflow/example_dags/example_dynamic_task_mapping_with_no_taskflow_operators.py for tasks to queue
[2025-11-24T15:33:02.816+0000] {logging_mixin.py:154} INFO - [2025-11-24T15:33:02.815+0000] {dagbag.py:536} INFO - Filling up the DagBag from /home/airflow/.local/lib/python3.10/site-packages/airflow/example_dags/example_dynamic_task_mapping_with_no_taskflow_operators.py
[2025-11-24T15:33:02.825+0000] {processor.py:839} INFO - DAG(s) dict_keys(['example_dynamic_task_mapping_with_no_taskflow_operators']) retrieved from /home/airflow/.local/lib/python3.10/site-packages/airflow/example_dags/example_dynamic_task_mapping_with_no_taskflow_operators.py
[2025-11-24T15:33:02.855+0000] {logging_mixin.py:154} INFO - [2025-11-24T15:33:02.855+0000] {dag.py:2941} INFO - Sync 1 DAGs
[2025-11-24T15:33:02.888+0000] {logging_mixin.py:154} INFO - [2025-11-24T15:33:02.888+0000] {dag.py:3722} INFO - Setting next_dagrun for example_dynamic_task_mapping_with_no_taskflow_operators to 2025-11-23T15:33:02.888077+00:00, run_after=2025-11-24T15:33:02.888077+00:00
[2025-11-24T15:33:02.912+0000] {processor.py:179} INFO - Processing /home/airflow/.local/lib/python3.10/site-packages/airflow/example_dags/example_dynamic_task_mapping_with_no_taskflow_operators.py took 0.107 seconds
[2025-11-24T15:33:33.014+0000] {processor.py:157} INFO - Started process (PID=519) to work on /home/airflow/.local/lib/python3.10/site-packages/airflow/example_dags/example_dynamic_task_mapping_with_no_taskflow_operators.py
[2025-11-24T15:33:33.016+0000] {processor.py:829} INFO - Processing file /home/airflow/.local/lib/python3.10/site-packages/airflow/example_dags/example_dynamic_task_mapping_with_no_taskflow_operators.py for tasks to queue
[2025-11-24T15:33:33.020+0000] {logging_mixin.py:154} INFO - [2025-11-24T15:33:33.020+0000] {dagbag.py:536} INFO - Filling up the DagBag from /home/airflow/.local/lib/python3.10/site-packages/airflow/example_dags/example_dynamic_task_mapping_with_no_taskflow_operators.py
[2025-11-24T15:33:33.029+0000] {processor.py:839} INFO - DAG(s) dict_keys(['example_dynamic_task_mapping_with_no_taskflow_operators']) retrieved from /home/airflow/.local/lib/python3.10/site-packages/airflow/example_dags/example_dynamic_task_mapping_with_no_taskflow_operators.py
[2025-11-24T15:33:33.058+0000] {logging_mixin.py:154} INFO - [2025-11-24T15:33:33.058+0000] {dag.py:2941} INFO - Sync 1 DAGs
[2025-11-24T15:33:33.093+0000] {logging_mixin.py:154} INFO - [2025-11-24T15:33:33.092+0000] {dag.py:3722} INFO - Setting next_dagrun for example_dynamic_task_mapping_with_no_taskflow_operators to 2025-11-23T15:33:33.092558+00:00, run_after=2025-11-24T15:33:33.092558+00:00
[2025-11-24T15:33:33.121+0000] {processor.py:179} INFO - Processing /home/airflow/.local/lib/python3.10/site-packages/airflow/example_dags/example_dynamic_task_mapping_with_no_taskflow_operators.py took 0.112 seconds
[2025-11-24T15:34:03.504+0000] {processor.py:157} INFO - Started process (PID=573) to work on /home/airflow/.local/lib/python3.10/site-packages/airflow/example_dags/example_dynamic_task_mapping_with_no_taskflow_operators.py
[2025-11-24T15:34:03.506+0000] {processor.py:829} INFO - Processing file /home/airflow/.local/lib/python3.10/site-packages/airflow/example_dags/example_dynamic_task_mapping_with_no_taskflow_operators.py for tasks to queue
[2025-11-24T15:34:03.509+0000] {logging_mixin.py:154} INFO - [2025-11-24T15:34:03.508+0000] {dagbag.py:536} INFO - Filling up the DagBag from /home/airflow/.local/lib/python3.10/site-packages/airflow/example_dags/example_dynamic_task_mapping_with_no_taskflow_operators.py
[2025-11-24T15:34:03.519+0000] {processor.py:839} INFO - DAG(s) dict_keys(['example_dynamic_task_mapping_with_no_taskflow_operators']) retrieved from /home/airflow/.local/lib/python3.10/site-packages/airflow/example_dags/example_dynamic_task_mapping_with_no_taskflow_operators.py
[2025-11-24T15:34:03.546+0000] {logging_mixin.py:154} INFO - [2025-11-24T15:34:03.546+0000] {dag.py:2941} INFO - Sync 1 DAGs
[2025-11-24T15:34:03.579+0000] {logging_mixin.py:154} INFO - [2025-11-24T15:34:03.579+0000] {dag.py:3722} INFO - Setting next_dagrun for example_dynamic_task_mapping_with_no_taskflow_operators to 2025-11-23T15:34:03.579179+00:00, run_after=2025-11-24T15:34:03.579179+00:00
[2025-11-24T15:34:03.607+0000] {processor.py:179} INFO - Processing /home/airflow/.local/lib/python3.10/site-packages/airflow/example_dags/example_dynamic_task_mapping_with_no_taskflow_operators.py took 0.108 seconds
[2025-11-24T15:34:33.767+0000] {processor.py:157} INFO - Started process (PID=627) to work on /home/airflow/.local/lib/python3.10/site-packages/airflow/example_dags/example_dynamic_task_mapping_with_no_taskflow_operators.py
[2025-11-24T15:34:33.768+0000] {processor.py:829} INFO - Processing file /home/airflow/.local/lib/python3.10/site-packages/airflow/example_dags/example_dynamic_task_mapping_with_no_taskflow_operators.py for tasks to queue
[2025-11-24T15:34:33.774+0000] {logging_mixin.py:154} INFO - [2025-11-24T15:34:33.774+0000] {dagbag.py:536} INFO - Filling up the DagBag from /home/airflow/.local/lib/python3.10/site-packages/airflow/example_dags/example_dynamic_task_mapping_with_no_taskflow_operators.py
[2025-11-24T15:34:33.792+0000] {processor.py:839} INFO - DAG(s) dict_keys(['example_dynamic_task_mapping_with_no_taskflow_operators']) retrieved from /home/airflow/.local/lib/python3.10/site-packages/airflow/example_dags/example_dynamic_task_mapping_with_no_taskflow_operators.py
[2025-11-24T15:34:33.839+0000] {logging_mixin.py:154} INFO - [2025-11-24T15:34:33.838+0000] {dag.py:2941} INFO - Sync 1 DAGs
[2025-11-24T15:34:33.874+0000] {logging_mixin.py:154} INFO - [2025-11-24T15:34:33.873+0000] {dag.py:3722} INFO - Setting next_dagrun for example_dynamic_task_mapping_with_no_taskflow_operators to 2025-11-23T15:34:33.873446+00:00, run_after=2025-11-24T15:34:33.873446+00:00
[2025-11-24T15:34:33.932+0000] {processor.py:179} INFO - Processing /home/airflow/.local/lib/python3.10/site-packages/airflow/example_dags/example_dynamic_task_mapping_with_no_taskflow_operators.py took 0.179 seconds
[2025-11-24T15:35:04.327+0000] {processor.py:157} INFO - Started process (PID=680) to work on /home/airflow/.local/lib/python3.10/site-packages/airflow/example_dags/example_dynamic_task_mapping_with_no_taskflow_operators.py
[2025-11-24T15:35:04.332+0000] {processor.py:829} INFO - Processing file /home/airflow/.local/lib/python3.10/site-packages/airflow/example_dags/example_dynamic_task_mapping_with_no_taskflow_operators.py for tasks to queue
[2025-11-24T15:35:04.335+0000] {logging_mixin.py:154} INFO - [2025-11-24T15:35:04.335+0000] {dagbag.py:536} INFO - Filling up the DagBag from /home/airflow/.local/lib/python3.10/site-packages/airflow/example_dags/example_dynamic_task_mapping_with_no_taskflow_operators.py
[2025-11-24T15:35:04.357+0000] {processor.py:839} INFO - DAG(s) dict_keys(['example_dynamic_task_mapping_with_no_taskflow_operators']) retrieved from /home/airflow/.local/lib/python3.10/site-packages/airflow/example_dags/example_dynamic_task_mapping_with_no_taskflow_operators.py
[2025-11-24T15:35:04.423+0000] {logging_mixin.py:154} INFO - [2025-11-24T15:35:04.423+0000] {dag.py:2941} INFO - Sync 1 DAGs
[2025-11-24T15:35:04.468+0000] {logging_mixin.py:154} INFO - [2025-11-24T15:35:04.467+0000] {dag.py:3722} INFO - Setting next_dagrun for example_dynamic_task_mapping_with_no_taskflow_operators to 2025-11-23T15:35:04.467469+00:00, run_after=2025-11-24T15:35:04.467469+00:00
[2025-11-24T15:35:04.519+0000] {processor.py:179} INFO - Processing /home/airflow/.local/lib/python3.10/site-packages/airflow/example_dags/example_dynamic_task_mapping_with_no_taskflow_operators.py took 0.204 seconds
[2025-11-24T15:35:34.737+0000] {processor.py:157} INFO - Started process (PID=733) to work on /home/airflow/.local/lib/python3.10/site-packages/airflow/example_dags/example_dynamic_task_mapping_with_no_taskflow_operators.py
[2025-11-24T15:35:34.739+0000] {processor.py:829} INFO - Processing file /home/airflow/.local/lib/python3.10/site-packages/airflow/example_dags/example_dynamic_task_mapping_with_no_taskflow_operators.py for tasks to queue
[2025-11-24T15:35:34.742+0000] {logging_mixin.py:154} INFO - [2025-11-24T15:35:34.741+0000] {dagbag.py:536} INFO - Filling up the DagBag from /home/airflow/.local/lib/python3.10/site-packages/airflow/example_dags/example_dynamic_task_mapping_with_no_taskflow_operators.py
[2025-11-24T15:35:34.752+0000] {processor.py:839} INFO - DAG(s) dict_keys(['example_dynamic_task_mapping_with_no_taskflow_operators']) retrieved from /home/airflow/.local/lib/python3.10/site-packages/airflow/example_dags/example_dynamic_task_mapping_with_no_taskflow_operators.py
[2025-11-24T15:35:34.782+0000] {logging_mixin.py:154} INFO - [2025-11-24T15:35:34.782+0000] {dag.py:2941} INFO - Sync 1 DAGs
[2025-11-24T15:35:34.816+0000] {logging_mixin.py:154} INFO - [2025-11-24T15:35:34.816+0000] {dag.py:3722} INFO - Setting next_dagrun for example_dynamic_task_mapping_with_no_taskflow_operators to 2025-11-23T15:35:34.815734+00:00, run_after=2025-11-24T15:35:34.815734+00:00
[2025-11-24T15:35:34.841+0000] {processor.py:179} INFO - Processing /home/airflow/.local/lib/python3.10/site-packages/airflow/example_dags/example_dynamic_task_mapping_with_no_taskflow_operators.py took 0.109 seconds
[2025-11-24T15:36:04.999+0000] {processor.py:157} INFO - Started process (PID=787) to work on /home/airflow/.local/lib/python3.10/site-packages/airflow/example_dags/example_dynamic_task_mapping_with_no_taskflow_operators.py
[2025-11-24T15:36:05.001+0000] {processor.py:829} INFO - Processing file /home/airflow/.local/lib/python3.10/site-packages/airflow/example_dags/example_dynamic_task_mapping_with_no_taskflow_operators.py for tasks to queue
[2025-11-24T15:36:05.004+0000] {logging_mixin.py:154} INFO - [2025-11-24T15:36:05.003+0000] {dagbag.py:536} INFO - Filling up the DagBag from /home/airflow/.local/lib/python3.10/site-packages/airflow/example_dags/example_dynamic_task_mapping_with_no_taskflow_operators.py
[2025-11-24T15:36:05.014+0000] {processor.py:839} INFO - DAG(s) dict_keys(['example_dynamic_task_mapping_with_no_taskflow_operators']) retrieved from /home/airflow/.local/lib/python3.10/site-packages/airflow/example_dags/example_dynamic_task_mapping_with_no_taskflow_operators.py
[2025-11-24T15:36:05.045+0000] {logging_mixin.py:154} INFO - [2025-11-24T15:36:05.044+0000] {dag.py:2941} INFO - Sync 1 DAGs
[2025-11-24T15:36:05.083+0000] {logging_mixin.py:154} INFO - [2025-11-24T15:36:05.083+0000] {dag.py:3722} INFO - Setting next_dagrun for example_dynamic_task_mapping_with_no_taskflow_operators to 2025-11-23T15:36:05.082700+00:00, run_after=2025-11-24T15:36:05.082700+00:00
[2025-11-24T15:36:05.109+0000] {processor.py:179} INFO - Processing /home/airflow/.local/lib/python3.10/site-packages/airflow/example_dags/example_dynamic_task_mapping_with_no_taskflow_operators.py took 0.115 seconds
[2025-11-24T15:36:35.466+0000] {processor.py:157} INFO - Started process (PID=842) to work on /home/airflow/.local/lib/python3.10/site-packages/airflow/example_dags/example_dynamic_task_mapping_with_no_taskflow_operators.py
[2025-11-24T15:36:35.468+0000] {processor.py:829} INFO - Processing file /home/airflow/.local/lib/python3.10/site-packages/airflow/example_dags/example_dynamic_task_mapping_with_no_taskflow_operators.py for tasks to queue
[2025-11-24T15:36:35.471+0000] {logging_mixin.py:154} INFO - [2025-11-24T15:36:35.470+0000] {dagbag.py:536} INFO - Filling up the DagBag from /home/airflow/.local/lib/python3.10/site-packages/airflow/example_dags/example_dynamic_task_mapping_with_no_taskflow_operators.py
[2025-11-24T15:36:35.481+0000] {processor.py:839} INFO - DAG(s) dict_keys(['example_dynamic_task_mapping_with_no_taskflow_operators']) retrieved from /home/airflow/.local/lib/python3.10/site-packages/airflow/example_dags/example_dynamic_task_mapping_with_no_taskflow_operators.py
[2025-11-24T15:36:35.511+0000] {logging_mixin.py:154} INFO - [2025-11-24T15:36:35.511+0000] {dag.py:2941} INFO - Sync 1 DAGs
[2025-11-24T15:36:35.545+0000] {logging_mixin.py:154} INFO - [2025-11-24T15:36:35.544+0000] {dag.py:3722} INFO - Setting next_dagrun for example_dynamic_task_mapping_with_no_taskflow_operators to 2025-11-23T15:36:35.544192+00:00, run_after=2025-11-24T15:36:35.544192+00:00
[2025-11-24T15:36:35.569+0000] {processor.py:179} INFO - Processing /home/airflow/.local/lib/python3.10/site-packages/airflow/example_dags/example_dynamic_task_mapping_with_no_taskflow_operators.py took 0.108 seconds
[2025-11-24T15:37:05.895+0000] {processor.py:157} INFO - Started process (PID=896) to work on /home/airflow/.local/lib/python3.10/site-packages/airflow/example_dags/example_dynamic_task_mapping_with_no_taskflow_operators.py
[2025-11-24T15:37:05.908+0000] {processor.py:829} INFO - Processing file /home/airflow/.local/lib/python3.10/site-packages/airflow/example_dags/example_dynamic_task_mapping_with_no_taskflow_operators.py for tasks to queue
[2025-11-24T15:37:05.917+0000] {logging_mixin.py:154} INFO - [2025-11-24T15:37:05.916+0000] {dagbag.py:536} INFO - Filling up the DagBag from /home/airflow/.local/lib/python3.10/site-packages/airflow/example_dags/example_dynamic_task_mapping_with_no_taskflow_operators.py
[2025-11-24T15:37:05.955+0000] {processor.py:839} INFO - DAG(s) dict_keys(['example_dynamic_task_mapping_with_no_taskflow_operators']) retrieved from /home/airflow/.local/lib/python3.10/site-packages/airflow/example_dags/example_dynamic_task_mapping_with_no_taskflow_operators.py
[2025-11-24T15:37:06.077+0000] {logging_mixin.py:154} INFO - [2025-11-24T15:37:06.077+0000] {dag.py:2941} INFO - Sync 1 DAGs
[2025-11-24T15:37:06.195+0000] {logging_mixin.py:154} INFO - [2025-11-24T15:37:06.195+0000] {dag.py:3722} INFO - Setting next_dagrun for example_dynamic_task_mapping_with_no_taskflow_operators to 2025-11-23T15:37:06.195074+00:00, run_after=2025-11-24T15:37:06.195074+00:00
[2025-11-24T15:37:06.238+0000] {processor.py:179} INFO - Processing /home/airflow/.local/lib/python3.10/site-packages/airflow/example_dags/example_dynamic_task_mapping_with_no_taskflow_operators.py took 0.362 seconds
[2025-11-24T15:37:36.437+0000] {processor.py:157} INFO - Started process (PID=950) to work on /home/airflow/.local/lib/python3.10/site-packages/airflow/example_dags/example_dynamic_task_mapping_with_no_taskflow_operators.py
[2025-11-24T15:37:36.440+0000] {processor.py:829} INFO - Processing file /home/airflow/.local/lib/python3.10/site-packages/airflow/example_dags/example_dynamic_task_mapping_with_no_taskflow_operators.py for tasks to queue
[2025-11-24T15:37:36.443+0000] {logging_mixin.py:154} INFO - [2025-11-24T15:37:36.442+0000] {dagbag.py:536} INFO - Filling up the DagBag from /home/airflow/.local/lib/python3.10/site-packages/airflow/example_dags/example_dynamic_task_mapping_with_no_taskflow_operators.py
[2025-11-24T15:37:36.452+0000] {processor.py:839} INFO - DAG(s) dict_keys(['example_dynamic_task_mapping_with_no_taskflow_operators']) retrieved from /home/airflow/.local/lib/python3.10/site-packages/airflow/example_dags/example_dynamic_task_mapping_with_no_taskflow_operators.py
[2025-11-24T15:37:36.480+0000] {logging_mixin.py:154} INFO - [2025-11-24T15:37:36.479+0000] {dag.py:2941} INFO - Sync 1 DAGs
[2025-11-24T15:37:36.512+0000] {logging_mixin.py:154} INFO - [2025-11-24T15:37:36.512+0000] {dag.py:3722} INFO - Setting next_dagrun for example_dynamic_task_mapping_with_no_taskflow_operators to 2025-11-23T15:37:36.512246+00:00, run_after=2025-11-24T15:37:36.512246+00:00
[2025-11-24T15:37:36.539+0000] {processor.py:179} INFO - Processing /home/airflow/.local/lib/python3.10/site-packages/airflow/example_dags/example_dynamic_task_mapping_with_no_taskflow_operators.py took 0.106 seconds
[2025-11-24T15:38:06.652+0000] {processor.py:157} INFO - Started process (PID=1005) to work on /home/airflow/.local/lib/python3.10/site-packages/airflow/example_dags/example_dynamic_task_mapping_with_no_taskflow_operators.py
[2025-11-24T15:38:06.654+0000] {processor.py:829} INFO - Processing file /home/airflow/.local/lib/python3.10/site-packages/airflow/example_dags/example_dynamic_task_mapping_with_no_taskflow_operators.py for tasks to queue
[2025-11-24T15:38:06.657+0000] {logging_mixin.py:154} INFO - [2025-11-24T15:38:06.656+0000] {dagbag.py:536} INFO - Filling up the DagBag from /home/airflow/.local/lib/python3.10/site-packages/airflow/example_dags/example_dynamic_task_mapping_with_no_taskflow_operators.py
[2025-11-24T15:38:06.666+0000] {processor.py:839} INFO - DAG(s) dict_keys(['example_dynamic_task_mapping_with_no_taskflow_operators']) retrieved from /home/airflow/.local/lib/python3.10/site-packages/airflow/example_dags/example_dynamic_task_mapping_with_no_taskflow_operators.py
[2025-11-24T15:38:06.695+0000] {logging_mixin.py:154} INFO - [2025-11-24T15:38:06.695+0000] {dag.py:2941} INFO - Sync 1 DAGs
[2025-11-24T15:38:06.729+0000] {logging_mixin.py:154} INFO - [2025-11-24T15:38:06.729+0000] {dag.py:3722} INFO - Setting next_dagrun for example_dynamic_task_mapping_with_no_taskflow_operators to 2025-11-23T15:38:06.728937+00:00, run_after=2025-11-24T15:38:06.728937+00:00
[2025-11-24T15:38:06.758+0000] {processor.py:179} INFO - Processing /home/airflow/.local/lib/python3.10/site-packages/airflow/example_dags/example_dynamic_task_mapping_with_no_taskflow_operators.py took 0.111 seconds
