[2025-11-24T15:29:01.478+0000] {processor.py:157} INFO - Started process (PID=41) to work on /home/airflow/.local/lib/python3.10/site-packages/airflow/example_dags/example_trigger_target_dag.py
[2025-11-24T15:29:01.479+0000] {processor.py:829} INFO - Processing file /home/airflow/.local/lib/python3.10/site-packages/airflow/example_dags/example_trigger_target_dag.py for tasks to queue
[2025-11-24T15:29:01.495+0000] {logging_mixin.py:154} INFO - [2025-11-24T15:29:01.494+0000] {dagbag.py:536} INFO - Filling up the DagBag from /home/airflow/.local/lib/python3.10/site-packages/airflow/example_dags/example_trigger_target_dag.py
[2025-11-24T15:29:01.536+0000] {processor.py:839} INFO - DAG(s) dict_keys(['example_trigger_target_dag']) retrieved from /home/airflow/.local/lib/python3.10/site-packages/airflow/example_dags/example_trigger_target_dag.py
[2025-11-24T15:29:02.031+0000] {logging_mixin.py:154} INFO - [2025-11-24T15:29:02.031+0000] {manager.py:499} INFO - Created Permission View: %s
[2025-11-24T15:29:02.086+0000] {logging_mixin.py:154} INFO - [2025-11-24T15:29:02.085+0000] {manager.py:499} INFO - Created Permission View: %s
[2025-11-24T15:29:02.124+0000] {logging_mixin.py:154} INFO - [2025-11-24T15:29:02.123+0000] {manager.py:499} INFO - Created Permission View: %s
[2025-11-24T15:29:02.125+0000] {logging_mixin.py:154} INFO - [2025-11-24T15:29:02.124+0000] {dag.py:2941} INFO - Sync 1 DAGs
[2025-11-24T15:29:02.171+0000] {logging_mixin.py:154} INFO - [2025-11-24T15:29:02.170+0000] {dag.py:2963} INFO - Creating ORM DAG for example_trigger_target_dag
[2025-11-24T15:29:02.179+0000] {logging_mixin.py:154} INFO - [2025-11-24T15:29:02.179+0000] {dag.py:3722} INFO - Setting next_dagrun for example_trigger_target_dag to None, run_after=None
[2025-11-24T15:29:02.246+0000] {processor.py:179} INFO - Processing /home/airflow/.local/lib/python3.10/site-packages/airflow/example_dags/example_trigger_target_dag.py took 0.786 seconds
[2025-11-24T15:29:32.836+0000] {processor.py:157} INFO - Started process (PID=95) to work on /home/airflow/.local/lib/python3.10/site-packages/airflow/example_dags/example_trigger_target_dag.py
[2025-11-24T15:29:32.842+0000] {processor.py:829} INFO - Processing file /home/airflow/.local/lib/python3.10/site-packages/airflow/example_dags/example_trigger_target_dag.py for tasks to queue
[2025-11-24T15:29:32.845+0000] {logging_mixin.py:154} INFO - [2025-11-24T15:29:32.845+0000] {dagbag.py:536} INFO - Filling up the DagBag from /home/airflow/.local/lib/python3.10/site-packages/airflow/example_dags/example_trigger_target_dag.py
[2025-11-24T15:29:32.854+0000] {processor.py:839} INFO - DAG(s) dict_keys(['example_trigger_target_dag']) retrieved from /home/airflow/.local/lib/python3.10/site-packages/airflow/example_dags/example_trigger_target_dag.py
[2025-11-24T15:29:32.885+0000] {logging_mixin.py:154} INFO - [2025-11-24T15:29:32.884+0000] {dag.py:2941} INFO - Sync 1 DAGs
[2025-11-24T15:29:32.904+0000] {logging_mixin.py:154} INFO - [2025-11-24T15:29:32.904+0000] {dag.py:3722} INFO - Setting next_dagrun for example_trigger_target_dag to None, run_after=None
[2025-11-24T15:29:32.928+0000] {processor.py:179} INFO - Processing /home/airflow/.local/lib/python3.10/site-packages/airflow/example_dags/example_trigger_target_dag.py took 0.098 seconds
[2025-11-24T15:30:03.304+0000] {processor.py:157} INFO - Started process (PID=149) to work on /home/airflow/.local/lib/python3.10/site-packages/airflow/example_dags/example_trigger_target_dag.py
[2025-11-24T15:30:03.305+0000] {processor.py:829} INFO - Processing file /home/airflow/.local/lib/python3.10/site-packages/airflow/example_dags/example_trigger_target_dag.py for tasks to queue
[2025-11-24T15:30:03.309+0000] {logging_mixin.py:154} INFO - [2025-11-24T15:30:03.308+0000] {dagbag.py:536} INFO - Filling up the DagBag from /home/airflow/.local/lib/python3.10/site-packages/airflow/example_dags/example_trigger_target_dag.py
[2025-11-24T15:30:03.317+0000] {processor.py:839} INFO - DAG(s) dict_keys(['example_trigger_target_dag']) retrieved from /home/airflow/.local/lib/python3.10/site-packages/airflow/example_dags/example_trigger_target_dag.py
[2025-11-24T15:30:03.346+0000] {logging_mixin.py:154} INFO - [2025-11-24T15:30:03.345+0000] {dag.py:2941} INFO - Sync 1 DAGs
[2025-11-24T15:30:03.365+0000] {logging_mixin.py:154} INFO - [2025-11-24T15:30:03.365+0000] {dag.py:3722} INFO - Setting next_dagrun for example_trigger_target_dag to None, run_after=None
[2025-11-24T15:30:03.391+0000] {processor.py:179} INFO - Processing /home/airflow/.local/lib/python3.10/site-packages/airflow/example_dags/example_trigger_target_dag.py took 0.092 seconds
[2025-11-24T15:30:33.505+0000] {processor.py:157} INFO - Started process (PID=203) to work on /home/airflow/.local/lib/python3.10/site-packages/airflow/example_dags/example_trigger_target_dag.py
[2025-11-24T15:30:33.508+0000] {processor.py:829} INFO - Processing file /home/airflow/.local/lib/python3.10/site-packages/airflow/example_dags/example_trigger_target_dag.py for tasks to queue
[2025-11-24T15:30:33.511+0000] {logging_mixin.py:154} INFO - [2025-11-24T15:30:33.511+0000] {dagbag.py:536} INFO - Filling up the DagBag from /home/airflow/.local/lib/python3.10/site-packages/airflow/example_dags/example_trigger_target_dag.py
[2025-11-24T15:30:33.540+0000] {processor.py:839} INFO - DAG(s) dict_keys(['example_trigger_target_dag']) retrieved from /home/airflow/.local/lib/python3.10/site-packages/airflow/example_dags/example_trigger_target_dag.py
[2025-11-24T15:30:33.611+0000] {logging_mixin.py:154} INFO - [2025-11-24T15:30:33.611+0000] {dag.py:2941} INFO - Sync 1 DAGs
[2025-11-24T15:30:33.649+0000] {logging_mixin.py:154} INFO - [2025-11-24T15:30:33.649+0000] {dag.py:3722} INFO - Setting next_dagrun for example_trigger_target_dag to None, run_after=None
[2025-11-24T15:30:33.681+0000] {processor.py:179} INFO - Processing /home/airflow/.local/lib/python3.10/site-packages/airflow/example_dags/example_trigger_target_dag.py took 0.190 seconds
[2025-11-24T15:31:05.055+0000] {processor.py:157} INFO - Started process (PID=258) to work on /home/airflow/.local/lib/python3.10/site-packages/airflow/example_dags/example_trigger_target_dag.py
[2025-11-24T15:31:05.080+0000] {processor.py:829} INFO - Processing file /home/airflow/.local/lib/python3.10/site-packages/airflow/example_dags/example_trigger_target_dag.py for tasks to queue
[2025-11-24T15:31:05.087+0000] {logging_mixin.py:154} INFO - [2025-11-24T15:31:05.087+0000] {dagbag.py:536} INFO - Filling up the DagBag from /home/airflow/.local/lib/python3.10/site-packages/airflow/example_dags/example_trigger_target_dag.py
[2025-11-24T15:31:05.114+0000] {processor.py:839} INFO - DAG(s) dict_keys(['example_trigger_target_dag']) retrieved from /home/airflow/.local/lib/python3.10/site-packages/airflow/example_dags/example_trigger_target_dag.py
[2025-11-24T15:31:05.171+0000] {logging_mixin.py:154} INFO - [2025-11-24T15:31:05.171+0000] {dag.py:2941} INFO - Sync 1 DAGs
[2025-11-24T15:31:05.210+0000] {logging_mixin.py:154} INFO - [2025-11-24T15:31:05.210+0000] {dag.py:3722} INFO - Setting next_dagrun for example_trigger_target_dag to None, run_after=None
[2025-11-24T15:31:05.268+0000] {processor.py:179} INFO - Processing /home/airflow/.local/lib/python3.10/site-packages/airflow/example_dags/example_trigger_target_dag.py took 0.225 seconds
[2025-11-24T15:31:35.687+0000] {processor.py:157} INFO - Started process (PID=312) to work on /home/airflow/.local/lib/python3.10/site-packages/airflow/example_dags/example_trigger_target_dag.py
[2025-11-24T15:31:35.689+0000] {processor.py:829} INFO - Processing file /home/airflow/.local/lib/python3.10/site-packages/airflow/example_dags/example_trigger_target_dag.py for tasks to queue
[2025-11-24T15:31:35.692+0000] {logging_mixin.py:154} INFO - [2025-11-24T15:31:35.692+0000] {dagbag.py:536} INFO - Filling up the DagBag from /home/airflow/.local/lib/python3.10/site-packages/airflow/example_dags/example_trigger_target_dag.py
[2025-11-24T15:31:35.700+0000] {processor.py:839} INFO - DAG(s) dict_keys(['example_trigger_target_dag']) retrieved from /home/airflow/.local/lib/python3.10/site-packages/airflow/example_dags/example_trigger_target_dag.py
[2025-11-24T15:31:35.728+0000] {logging_mixin.py:154} INFO - [2025-11-24T15:31:35.728+0000] {dag.py:2941} INFO - Sync 1 DAGs
[2025-11-24T15:31:35.746+0000] {logging_mixin.py:154} INFO - [2025-11-24T15:31:35.746+0000] {dag.py:3722} INFO - Setting next_dagrun for example_trigger_target_dag to None, run_after=None
[2025-11-24T15:31:35.771+0000] {processor.py:179} INFO - Processing /home/airflow/.local/lib/python3.10/site-packages/airflow/example_dags/example_trigger_target_dag.py took 0.088 seconds
[2025-11-24T15:32:06.205+0000] {processor.py:157} INFO - Started process (PID=366) to work on /home/airflow/.local/lib/python3.10/site-packages/airflow/example_dags/example_trigger_target_dag.py
[2025-11-24T15:32:06.217+0000] {processor.py:829} INFO - Processing file /home/airflow/.local/lib/python3.10/site-packages/airflow/example_dags/example_trigger_target_dag.py for tasks to queue
[2025-11-24T15:32:06.220+0000] {logging_mixin.py:154} INFO - [2025-11-24T15:32:06.219+0000] {dagbag.py:536} INFO - Filling up the DagBag from /home/airflow/.local/lib/python3.10/site-packages/airflow/example_dags/example_trigger_target_dag.py
[2025-11-24T15:32:06.228+0000] {processor.py:839} INFO - DAG(s) dict_keys(['example_trigger_target_dag']) retrieved from /home/airflow/.local/lib/python3.10/site-packages/airflow/example_dags/example_trigger_target_dag.py
[2025-11-24T15:32:06.286+0000] {logging_mixin.py:154} INFO - [2025-11-24T15:32:06.286+0000] {dag.py:2941} INFO - Sync 1 DAGs
[2025-11-24T15:32:06.325+0000] {logging_mixin.py:154} INFO - [2025-11-24T15:32:06.325+0000] {dag.py:3722} INFO - Setting next_dagrun for example_trigger_target_dag to None, run_after=None
[2025-11-24T15:32:06.388+0000] {processor.py:179} INFO - Processing /home/airflow/.local/lib/python3.10/site-packages/airflow/example_dags/example_trigger_target_dag.py took 0.188 seconds
[2025-11-24T15:32:36.435+0000] {processor.py:157} INFO - Started process (PID=419) to work on /home/airflow/.local/lib/python3.10/site-packages/airflow/example_dags/example_trigger_target_dag.py
[2025-11-24T15:32:36.436+0000] {processor.py:829} INFO - Processing file /home/airflow/.local/lib/python3.10/site-packages/airflow/example_dags/example_trigger_target_dag.py for tasks to queue
[2025-11-24T15:32:36.441+0000] {logging_mixin.py:154} INFO - [2025-11-24T15:32:36.439+0000] {dagbag.py:536} INFO - Filling up the DagBag from /home/airflow/.local/lib/python3.10/site-packages/airflow/example_dags/example_trigger_target_dag.py
[2025-11-24T15:32:36.453+0000] {processor.py:839} INFO - DAG(s) dict_keys(['example_trigger_target_dag']) retrieved from /home/airflow/.local/lib/python3.10/site-packages/airflow/example_dags/example_trigger_target_dag.py
[2025-11-24T15:32:36.485+0000] {logging_mixin.py:154} INFO - [2025-11-24T15:32:36.485+0000] {dag.py:2941} INFO - Sync 1 DAGs
[2025-11-24T15:32:36.505+0000] {logging_mixin.py:154} INFO - [2025-11-24T15:32:36.505+0000] {dag.py:3722} INFO - Setting next_dagrun for example_trigger_target_dag to None, run_after=None
[2025-11-24T15:32:36.531+0000] {processor.py:179} INFO - Processing /home/airflow/.local/lib/python3.10/site-packages/airflow/example_dags/example_trigger_target_dag.py took 0.109 seconds
[2025-11-24T15:33:07.378+0000] {processor.py:157} INFO - Started process (PID=473) to work on /home/airflow/.local/lib/python3.10/site-packages/airflow/example_dags/example_trigger_target_dag.py
[2025-11-24T15:33:07.379+0000] {processor.py:829} INFO - Processing file /home/airflow/.local/lib/python3.10/site-packages/airflow/example_dags/example_trigger_target_dag.py for tasks to queue
[2025-11-24T15:33:07.381+0000] {logging_mixin.py:154} INFO - [2025-11-24T15:33:07.381+0000] {dagbag.py:536} INFO - Filling up the DagBag from /home/airflow/.local/lib/python3.10/site-packages/airflow/example_dags/example_trigger_target_dag.py
[2025-11-24T15:33:07.388+0000] {processor.py:839} INFO - DAG(s) dict_keys(['example_trigger_target_dag']) retrieved from /home/airflow/.local/lib/python3.10/site-packages/airflow/example_dags/example_trigger_target_dag.py
[2025-11-24T15:33:07.410+0000] {logging_mixin.py:154} INFO - [2025-11-24T15:33:07.410+0000] {dag.py:2941} INFO - Sync 1 DAGs
[2025-11-24T15:33:07.424+0000] {logging_mixin.py:154} INFO - [2025-11-24T15:33:07.423+0000] {dag.py:3722} INFO - Setting next_dagrun for example_trigger_target_dag to None, run_after=None
[2025-11-24T15:33:07.444+0000] {processor.py:179} INFO - Processing /home/airflow/.local/lib/python3.10/site-packages/airflow/example_dags/example_trigger_target_dag.py took 0.071 seconds
[2025-11-24T15:33:37.650+0000] {processor.py:157} INFO - Started process (PID=527) to work on /home/airflow/.local/lib/python3.10/site-packages/airflow/example_dags/example_trigger_target_dag.py
[2025-11-24T15:33:37.652+0000] {processor.py:829} INFO - Processing file /home/airflow/.local/lib/python3.10/site-packages/airflow/example_dags/example_trigger_target_dag.py for tasks to queue
[2025-11-24T15:33:37.655+0000] {logging_mixin.py:154} INFO - [2025-11-24T15:33:37.655+0000] {dagbag.py:536} INFO - Filling up the DagBag from /home/airflow/.local/lib/python3.10/site-packages/airflow/example_dags/example_trigger_target_dag.py
[2025-11-24T15:33:37.664+0000] {processor.py:839} INFO - DAG(s) dict_keys(['example_trigger_target_dag']) retrieved from /home/airflow/.local/lib/python3.10/site-packages/airflow/example_dags/example_trigger_target_dag.py
[2025-11-24T15:33:37.693+0000] {logging_mixin.py:154} INFO - [2025-11-24T15:33:37.693+0000] {dag.py:2941} INFO - Sync 1 DAGs
[2025-11-24T15:33:37.712+0000] {logging_mixin.py:154} INFO - [2025-11-24T15:33:37.711+0000] {dag.py:3722} INFO - Setting next_dagrun for example_trigger_target_dag to None, run_after=None
[2025-11-24T15:33:37.736+0000] {processor.py:179} INFO - Processing /home/airflow/.local/lib/python3.10/site-packages/airflow/example_dags/example_trigger_target_dag.py took 0.091 seconds
[2025-11-24T15:34:08.161+0000] {processor.py:157} INFO - Started process (PID=581) to work on /home/airflow/.local/lib/python3.10/site-packages/airflow/example_dags/example_trigger_target_dag.py
[2025-11-24T15:34:08.163+0000] {processor.py:829} INFO - Processing file /home/airflow/.local/lib/python3.10/site-packages/airflow/example_dags/example_trigger_target_dag.py for tasks to queue
[2025-11-24T15:34:08.166+0000] {logging_mixin.py:154} INFO - [2025-11-24T15:34:08.166+0000] {dagbag.py:536} INFO - Filling up the DagBag from /home/airflow/.local/lib/python3.10/site-packages/airflow/example_dags/example_trigger_target_dag.py
[2025-11-24T15:34:08.175+0000] {processor.py:839} INFO - DAG(s) dict_keys(['example_trigger_target_dag']) retrieved from /home/airflow/.local/lib/python3.10/site-packages/airflow/example_dags/example_trigger_target_dag.py
[2025-11-24T15:34:08.239+0000] {logging_mixin.py:154} INFO - [2025-11-24T15:34:08.238+0000] {dag.py:2941} INFO - Sync 1 DAGs
[2025-11-24T15:34:08.270+0000] {logging_mixin.py:154} INFO - [2025-11-24T15:34:08.270+0000] {dag.py:3722} INFO - Setting next_dagrun for example_trigger_target_dag to None, run_after=None
[2025-11-24T15:34:08.295+0000] {processor.py:179} INFO - Processing /home/airflow/.local/lib/python3.10/site-packages/airflow/example_dags/example_trigger_target_dag.py took 0.140 seconds
[2025-11-24T15:34:38.695+0000] {processor.py:157} INFO - Started process (PID=635) to work on /home/airflow/.local/lib/python3.10/site-packages/airflow/example_dags/example_trigger_target_dag.py
[2025-11-24T15:34:38.696+0000] {processor.py:829} INFO - Processing file /home/airflow/.local/lib/python3.10/site-packages/airflow/example_dags/example_trigger_target_dag.py for tasks to queue
[2025-11-24T15:34:38.699+0000] {logging_mixin.py:154} INFO - [2025-11-24T15:34:38.698+0000] {dagbag.py:536} INFO - Filling up the DagBag from /home/airflow/.local/lib/python3.10/site-packages/airflow/example_dags/example_trigger_target_dag.py
[2025-11-24T15:34:38.708+0000] {processor.py:839} INFO - DAG(s) dict_keys(['example_trigger_target_dag']) retrieved from /home/airflow/.local/lib/python3.10/site-packages/airflow/example_dags/example_trigger_target_dag.py
[2025-11-24T15:34:38.735+0000] {logging_mixin.py:154} INFO - [2025-11-24T15:34:38.735+0000] {dag.py:2941} INFO - Sync 1 DAGs
[2025-11-24T15:34:38.753+0000] {logging_mixin.py:154} INFO - [2025-11-24T15:34:38.753+0000] {dag.py:3722} INFO - Setting next_dagrun for example_trigger_target_dag to None, run_after=None
[2025-11-24T15:34:38.779+0000] {processor.py:179} INFO - Processing /home/airflow/.local/lib/python3.10/site-packages/airflow/example_dags/example_trigger_target_dag.py took 0.089 seconds
[2025-11-24T15:35:09.413+0000] {processor.py:157} INFO - Started process (PID=688) to work on /home/airflow/.local/lib/python3.10/site-packages/airflow/example_dags/example_trigger_target_dag.py
[2025-11-24T15:35:09.414+0000] {processor.py:829} INFO - Processing file /home/airflow/.local/lib/python3.10/site-packages/airflow/example_dags/example_trigger_target_dag.py for tasks to queue
[2025-11-24T15:35:09.417+0000] {logging_mixin.py:154} INFO - [2025-11-24T15:35:09.417+0000] {dagbag.py:536} INFO - Filling up the DagBag from /home/airflow/.local/lib/python3.10/site-packages/airflow/example_dags/example_trigger_target_dag.py
[2025-11-24T15:35:09.426+0000] {processor.py:839} INFO - DAG(s) dict_keys(['example_trigger_target_dag']) retrieved from /home/airflow/.local/lib/python3.10/site-packages/airflow/example_dags/example_trigger_target_dag.py
[2025-11-24T15:35:09.454+0000] {logging_mixin.py:154} INFO - [2025-11-24T15:35:09.454+0000] {dag.py:2941} INFO - Sync 1 DAGs
[2025-11-24T15:35:09.473+0000] {logging_mixin.py:154} INFO - [2025-11-24T15:35:09.473+0000] {dag.py:3722} INFO - Setting next_dagrun for example_trigger_target_dag to None, run_after=None
[2025-11-24T15:35:09.576+0000] {processor.py:179} INFO - Processing /home/airflow/.local/lib/python3.10/site-packages/airflow/example_dags/example_trigger_target_dag.py took 0.168 seconds
[2025-11-24T15:35:40.697+0000] {processor.py:157} INFO - Started process (PID=741) to work on /home/airflow/.local/lib/python3.10/site-packages/airflow/example_dags/example_trigger_target_dag.py
[2025-11-24T15:35:40.710+0000] {processor.py:829} INFO - Processing file /home/airflow/.local/lib/python3.10/site-packages/airflow/example_dags/example_trigger_target_dag.py for tasks to queue
[2025-11-24T15:35:40.713+0000] {logging_mixin.py:154} INFO - [2025-11-24T15:35:40.713+0000] {dagbag.py:536} INFO - Filling up the DagBag from /home/airflow/.local/lib/python3.10/site-packages/airflow/example_dags/example_trigger_target_dag.py
[2025-11-24T15:35:40.726+0000] {processor.py:839} INFO - DAG(s) dict_keys(['example_trigger_target_dag']) retrieved from /home/airflow/.local/lib/python3.10/site-packages/airflow/example_dags/example_trigger_target_dag.py
[2025-11-24T15:35:40.756+0000] {logging_mixin.py:154} INFO - [2025-11-24T15:35:40.756+0000] {dag.py:2941} INFO - Sync 1 DAGs
[2025-11-24T15:35:40.776+0000] {logging_mixin.py:154} INFO - [2025-11-24T15:35:40.776+0000] {dag.py:3722} INFO - Setting next_dagrun for example_trigger_target_dag to None, run_after=None
[2025-11-24T15:35:40.839+0000] {processor.py:179} INFO - Processing /home/airflow/.local/lib/python3.10/site-packages/airflow/example_dags/example_trigger_target_dag.py took 0.156 seconds
[2025-11-24T15:36:11.914+0000] {processor.py:157} INFO - Started process (PID=795) to work on /home/airflow/.local/lib/python3.10/site-packages/airflow/example_dags/example_trigger_target_dag.py
[2025-11-24T15:36:11.917+0000] {processor.py:829} INFO - Processing file /home/airflow/.local/lib/python3.10/site-packages/airflow/example_dags/example_trigger_target_dag.py for tasks to queue
[2025-11-24T15:36:11.920+0000] {logging_mixin.py:154} INFO - [2025-11-24T15:36:11.920+0000] {dagbag.py:536} INFO - Filling up the DagBag from /home/airflow/.local/lib/python3.10/site-packages/airflow/example_dags/example_trigger_target_dag.py
[2025-11-24T15:36:11.929+0000] {processor.py:839} INFO - DAG(s) dict_keys(['example_trigger_target_dag']) retrieved from /home/airflow/.local/lib/python3.10/site-packages/airflow/example_dags/example_trigger_target_dag.py
[2025-11-24T15:36:11.981+0000] {logging_mixin.py:154} INFO - [2025-11-24T15:36:11.981+0000] {dag.py:2941} INFO - Sync 1 DAGs
[2025-11-24T15:36:12.016+0000] {logging_mixin.py:154} INFO - [2025-11-24T15:36:12.016+0000] {dag.py:3722} INFO - Setting next_dagrun for example_trigger_target_dag to None, run_after=None
[2025-11-24T15:36:12.075+0000] {processor.py:179} INFO - Processing /home/airflow/.local/lib/python3.10/site-packages/airflow/example_dags/example_trigger_target_dag.py took 0.174 seconds
[2025-11-24T15:36:42.216+0000] {processor.py:157} INFO - Started process (PID=850) to work on /home/airflow/.local/lib/python3.10/site-packages/airflow/example_dags/example_trigger_target_dag.py
[2025-11-24T15:36:42.217+0000] {processor.py:829} INFO - Processing file /home/airflow/.local/lib/python3.10/site-packages/airflow/example_dags/example_trigger_target_dag.py for tasks to queue
[2025-11-24T15:36:42.220+0000] {logging_mixin.py:154} INFO - [2025-11-24T15:36:42.219+0000] {dagbag.py:536} INFO - Filling up the DagBag from /home/airflow/.local/lib/python3.10/site-packages/airflow/example_dags/example_trigger_target_dag.py
[2025-11-24T15:36:42.227+0000] {processor.py:839} INFO - DAG(s) dict_keys(['example_trigger_target_dag']) retrieved from /home/airflow/.local/lib/python3.10/site-packages/airflow/example_dags/example_trigger_target_dag.py
[2025-11-24T15:36:42.253+0000] {logging_mixin.py:154} INFO - [2025-11-24T15:36:42.253+0000] {dag.py:2941} INFO - Sync 1 DAGs
[2025-11-24T15:36:42.268+0000] {logging_mixin.py:154} INFO - [2025-11-24T15:36:42.268+0000] {dag.py:3722} INFO - Setting next_dagrun for example_trigger_target_dag to None, run_after=None
[2025-11-24T15:36:42.289+0000] {processor.py:179} INFO - Processing /home/airflow/.local/lib/python3.10/site-packages/airflow/example_dags/example_trigger_target_dag.py took 0.077 seconds
[2025-11-24T15:37:12.454+0000] {processor.py:157} INFO - Started process (PID=904) to work on /home/airflow/.local/lib/python3.10/site-packages/airflow/example_dags/example_trigger_target_dag.py
[2025-11-24T15:37:12.457+0000] {processor.py:829} INFO - Processing file /home/airflow/.local/lib/python3.10/site-packages/airflow/example_dags/example_trigger_target_dag.py for tasks to queue
[2025-11-24T15:37:12.460+0000] {logging_mixin.py:154} INFO - [2025-11-24T15:37:12.460+0000] {dagbag.py:536} INFO - Filling up the DagBag from /home/airflow/.local/lib/python3.10/site-packages/airflow/example_dags/example_trigger_target_dag.py
[2025-11-24T15:37:12.476+0000] {processor.py:839} INFO - DAG(s) dict_keys(['example_trigger_target_dag']) retrieved from /home/airflow/.local/lib/python3.10/site-packages/airflow/example_dags/example_trigger_target_dag.py
[2025-11-24T15:37:12.531+0000] {logging_mixin.py:154} INFO - [2025-11-24T15:37:12.531+0000] {dag.py:2941} INFO - Sync 1 DAGs
[2025-11-24T15:37:12.552+0000] {logging_mixin.py:154} INFO - [2025-11-24T15:37:12.551+0000] {dag.py:3722} INFO - Setting next_dagrun for example_trigger_target_dag to None, run_after=None
[2025-11-24T15:37:12.576+0000] {processor.py:179} INFO - Processing /home/airflow/.local/lib/python3.10/site-packages/airflow/example_dags/example_trigger_target_dag.py took 0.130 seconds
[2025-11-24T15:37:43.135+0000] {processor.py:157} INFO - Started process (PID=958) to work on /home/airflow/.local/lib/python3.10/site-packages/airflow/example_dags/example_trigger_target_dag.py
[2025-11-24T15:37:43.138+0000] {processor.py:829} INFO - Processing file /home/airflow/.local/lib/python3.10/site-packages/airflow/example_dags/example_trigger_target_dag.py for tasks to queue
[2025-11-24T15:37:43.141+0000] {logging_mixin.py:154} INFO - [2025-11-24T15:37:43.141+0000] {dagbag.py:536} INFO - Filling up the DagBag from /home/airflow/.local/lib/python3.10/site-packages/airflow/example_dags/example_trigger_target_dag.py
[2025-11-24T15:37:43.182+0000] {processor.py:839} INFO - DAG(s) dict_keys(['example_trigger_target_dag']) retrieved from /home/airflow/.local/lib/python3.10/site-packages/airflow/example_dags/example_trigger_target_dag.py
[2025-11-24T15:37:43.224+0000] {logging_mixin.py:154} INFO - [2025-11-24T15:37:43.224+0000] {dag.py:2941} INFO - Sync 1 DAGs
[2025-11-24T15:37:43.264+0000] {logging_mixin.py:154} INFO - [2025-11-24T15:37:43.264+0000] {dag.py:3722} INFO - Setting next_dagrun for example_trigger_target_dag to None, run_after=None
[2025-11-24T15:37:43.358+0000] {processor.py:179} INFO - Processing /home/airflow/.local/lib/python3.10/site-packages/airflow/example_dags/example_trigger_target_dag.py took 0.238 seconds
[2025-11-24T15:38:14.164+0000] {processor.py:157} INFO - Started process (PID=1013) to work on /home/airflow/.local/lib/python3.10/site-packages/airflow/example_dags/example_trigger_target_dag.py
[2025-11-24T15:38:14.165+0000] {processor.py:829} INFO - Processing file /home/airflow/.local/lib/python3.10/site-packages/airflow/example_dags/example_trigger_target_dag.py for tasks to queue
[2025-11-24T15:38:14.168+0000] {logging_mixin.py:154} INFO - [2025-11-24T15:38:14.167+0000] {dagbag.py:536} INFO - Filling up the DagBag from /home/airflow/.local/lib/python3.10/site-packages/airflow/example_dags/example_trigger_target_dag.py
[2025-11-24T15:38:14.176+0000] {processor.py:839} INFO - DAG(s) dict_keys(['example_trigger_target_dag']) retrieved from /home/airflow/.local/lib/python3.10/site-packages/airflow/example_dags/example_trigger_target_dag.py
[2025-11-24T15:38:14.204+0000] {logging_mixin.py:154} INFO - [2025-11-24T15:38:14.203+0000] {dag.py:2941} INFO - Sync 1 DAGs
[2025-11-24T15:38:14.225+0000] {logging_mixin.py:154} INFO - [2025-11-24T15:38:14.224+0000] {dag.py:3722} INFO - Setting next_dagrun for example_trigger_target_dag to None, run_after=None
[2025-11-24T15:38:14.251+0000] {processor.py:179} INFO - Processing /home/airflow/.local/lib/python3.10/site-packages/airflow/example_dags/example_trigger_target_dag.py took 0.093 seconds
