[2025-11-24T15:29:12.424+0000] {processor.py:157} INFO - Started process (PID=63) to work on /home/airflow/.local/lib/python3.10/site-packages/airflow/example_dags/example_sensors.py
[2025-11-24T15:29:12.426+0000] {processor.py:829} INFO - Processing file /home/airflow/.local/lib/python3.10/site-packages/airflow/example_dags/example_sensors.py for tasks to queue
[2025-11-24T15:29:12.429+0000] {logging_mixin.py:154} INFO - [2025-11-24T15:29:12.429+0000] {dagbag.py:536} INFO - Filling up the DagBag from /home/airflow/.local/lib/python3.10/site-packages/airflow/example_dags/example_sensors.py
[2025-11-24T15:29:12.447+0000] {processor.py:839} INFO - DAG(s) dict_keys(['example_sensors']) retrieved from /home/airflow/.local/lib/python3.10/site-packages/airflow/example_dags/example_sensors.py
[2025-11-24T15:29:12.729+0000] {logging_mixin.py:154} INFO - [2025-11-24T15:29:12.728+0000] {manager.py:499} INFO - Created Permission View: %s
[2025-11-24T15:29:12.751+0000] {logging_mixin.py:154} INFO - [2025-11-24T15:29:12.751+0000] {manager.py:499} INFO - Created Permission View: %s
[2025-11-24T15:29:12.765+0000] {logging_mixin.py:154} INFO - [2025-11-24T15:29:12.765+0000] {manager.py:499} INFO - Created Permission View: %s
[2025-11-24T15:29:12.766+0000] {logging_mixin.py:154} INFO - [2025-11-24T15:29:12.766+0000] {dag.py:2941} INFO - Sync 1 DAGs
[2025-11-24T15:29:12.798+0000] {logging_mixin.py:154} INFO - [2025-11-24T15:29:12.798+0000] {dag.py:2963} INFO - Creating ORM DAG for example_sensors
[2025-11-24T15:29:12.800+0000] {logging_mixin.py:154} INFO - [2025-11-24T15:29:12.799+0000] {dag.py:3722} INFO - Setting next_dagrun for example_sensors to None, run_after=None
[2025-11-24T15:29:12.853+0000] {processor.py:179} INFO - Processing /home/airflow/.local/lib/python3.10/site-packages/airflow/example_dags/example_sensors.py took 0.434 seconds
[2025-11-24T15:29:43.378+0000] {processor.py:157} INFO - Started process (PID=117) to work on /home/airflow/.local/lib/python3.10/site-packages/airflow/example_dags/example_sensors.py
[2025-11-24T15:29:43.379+0000] {processor.py:829} INFO - Processing file /home/airflow/.local/lib/python3.10/site-packages/airflow/example_dags/example_sensors.py for tasks to queue
[2025-11-24T15:29:43.382+0000] {logging_mixin.py:154} INFO - [2025-11-24T15:29:43.381+0000] {dagbag.py:536} INFO - Filling up the DagBag from /home/airflow/.local/lib/python3.10/site-packages/airflow/example_dags/example_sensors.py
[2025-11-24T15:29:43.396+0000] {processor.py:839} INFO - DAG(s) dict_keys(['example_sensors']) retrieved from /home/airflow/.local/lib/python3.10/site-packages/airflow/example_dags/example_sensors.py
[2025-11-24T15:29:43.434+0000] {logging_mixin.py:154} INFO - [2025-11-24T15:29:43.433+0000] {dag.py:2941} INFO - Sync 1 DAGs
[2025-11-24T15:29:43.453+0000] {logging_mixin.py:154} INFO - [2025-11-24T15:29:43.452+0000] {dag.py:3722} INFO - Setting next_dagrun for example_sensors to None, run_after=None
[2025-11-24T15:29:43.482+0000] {processor.py:179} INFO - Processing /home/airflow/.local/lib/python3.10/site-packages/airflow/example_dags/example_sensors.py took 0.110 seconds
[2025-11-24T15:30:14.095+0000] {processor.py:157} INFO - Started process (PID=178) to work on /home/airflow/.local/lib/python3.10/site-packages/airflow/example_dags/example_sensors.py
[2025-11-24T15:30:14.099+0000] {processor.py:829} INFO - Processing file /home/airflow/.local/lib/python3.10/site-packages/airflow/example_dags/example_sensors.py for tasks to queue
[2025-11-24T15:30:14.102+0000] {logging_mixin.py:154} INFO - [2025-11-24T15:30:14.101+0000] {dagbag.py:536} INFO - Filling up the DagBag from /home/airflow/.local/lib/python3.10/site-packages/airflow/example_dags/example_sensors.py
[2025-11-24T15:30:14.115+0000] {processor.py:839} INFO - DAG(s) dict_keys(['example_sensors']) retrieved from /home/airflow/.local/lib/python3.10/site-packages/airflow/example_dags/example_sensors.py
[2025-11-24T15:30:14.152+0000] {logging_mixin.py:154} INFO - [2025-11-24T15:30:14.152+0000] {dag.py:2941} INFO - Sync 1 DAGs
[2025-11-24T15:30:14.172+0000] {logging_mixin.py:154} INFO - [2025-11-24T15:30:14.172+0000] {dag.py:3722} INFO - Setting next_dagrun for example_sensors to None, run_after=None
[2025-11-24T15:30:14.205+0000] {processor.py:179} INFO - Processing /home/airflow/.local/lib/python3.10/site-packages/airflow/example_dags/example_sensors.py took 0.124 seconds
[2025-11-24T15:30:44.325+0000] {processor.py:157} INFO - Started process (PID=233) to work on /home/airflow/.local/lib/python3.10/site-packages/airflow/example_dags/example_sensors.py
[2025-11-24T15:30:44.326+0000] {processor.py:829} INFO - Processing file /home/airflow/.local/lib/python3.10/site-packages/airflow/example_dags/example_sensors.py for tasks to queue
[2025-11-24T15:30:44.330+0000] {logging_mixin.py:154} INFO - [2025-11-24T15:30:44.329+0000] {dagbag.py:536} INFO - Filling up the DagBag from /home/airflow/.local/lib/python3.10/site-packages/airflow/example_dags/example_sensors.py
[2025-11-24T15:30:44.357+0000] {processor.py:839} INFO - DAG(s) dict_keys(['example_sensors']) retrieved from /home/airflow/.local/lib/python3.10/site-packages/airflow/example_dags/example_sensors.py
[2025-11-24T15:30:44.418+0000] {logging_mixin.py:154} INFO - [2025-11-24T15:30:44.417+0000] {dag.py:2941} INFO - Sync 1 DAGs
[2025-11-24T15:30:44.437+0000] {logging_mixin.py:154} INFO - [2025-11-24T15:30:44.437+0000] {dag.py:3722} INFO - Setting next_dagrun for example_sensors to None, run_after=None
[2025-11-24T15:30:44.486+0000] {processor.py:179} INFO - Processing /home/airflow/.local/lib/python3.10/site-packages/airflow/example_dags/example_sensors.py took 0.166 seconds
[2025-11-24T15:31:15.024+0000] {processor.py:157} INFO - Started process (PID=287) to work on /home/airflow/.local/lib/python3.10/site-packages/airflow/example_dags/example_sensors.py
[2025-11-24T15:31:15.071+0000] {processor.py:829} INFO - Processing file /home/airflow/.local/lib/python3.10/site-packages/airflow/example_dags/example_sensors.py for tasks to queue
[2025-11-24T15:31:15.074+0000] {logging_mixin.py:154} INFO - [2025-11-24T15:31:15.073+0000] {dagbag.py:536} INFO - Filling up the DagBag from /home/airflow/.local/lib/python3.10/site-packages/airflow/example_dags/example_sensors.py
[2025-11-24T15:31:15.090+0000] {processor.py:839} INFO - DAG(s) dict_keys(['example_sensors']) retrieved from /home/airflow/.local/lib/python3.10/site-packages/airflow/example_dags/example_sensors.py
[2025-11-24T15:31:15.127+0000] {logging_mixin.py:154} INFO - [2025-11-24T15:31:15.127+0000] {dag.py:2941} INFO - Sync 1 DAGs
[2025-11-24T15:31:15.146+0000] {logging_mixin.py:154} INFO - [2025-11-24T15:31:15.146+0000] {dag.py:3722} INFO - Setting next_dagrun for example_sensors to None, run_after=None
[2025-11-24T15:31:15.185+0000] {processor.py:179} INFO - Processing /home/airflow/.local/lib/python3.10/site-packages/airflow/example_dags/example_sensors.py took 0.165 seconds
[2025-11-24T15:31:45.544+0000] {processor.py:157} INFO - Started process (PID=341) to work on /home/airflow/.local/lib/python3.10/site-packages/airflow/example_dags/example_sensors.py
[2025-11-24T15:31:45.545+0000] {processor.py:829} INFO - Processing file /home/airflow/.local/lib/python3.10/site-packages/airflow/example_dags/example_sensors.py for tasks to queue
[2025-11-24T15:31:45.548+0000] {logging_mixin.py:154} INFO - [2025-11-24T15:31:45.547+0000] {dagbag.py:536} INFO - Filling up the DagBag from /home/airflow/.local/lib/python3.10/site-packages/airflow/example_dags/example_sensors.py
[2025-11-24T15:31:45.558+0000] {processor.py:839} INFO - DAG(s) dict_keys(['example_sensors']) retrieved from /home/airflow/.local/lib/python3.10/site-packages/airflow/example_dags/example_sensors.py
[2025-11-24T15:31:45.586+0000] {logging_mixin.py:154} INFO - [2025-11-24T15:31:45.586+0000] {dag.py:2941} INFO - Sync 1 DAGs
[2025-11-24T15:31:45.600+0000] {logging_mixin.py:154} INFO - [2025-11-24T15:31:45.600+0000] {dag.py:3722} INFO - Setting next_dagrun for example_sensors to None, run_after=None
[2025-11-24T15:31:45.625+0000] {processor.py:179} INFO - Processing /home/airflow/.local/lib/python3.10/site-packages/airflow/example_dags/example_sensors.py took 0.087 seconds
[2025-11-24T15:32:16.278+0000] {processor.py:157} INFO - Started process (PID=394) to work on /home/airflow/.local/lib/python3.10/site-packages/airflow/example_dags/example_sensors.py
[2025-11-24T15:32:16.286+0000] {processor.py:829} INFO - Processing file /home/airflow/.local/lib/python3.10/site-packages/airflow/example_dags/example_sensors.py for tasks to queue
[2025-11-24T15:32:16.289+0000] {logging_mixin.py:154} INFO - [2025-11-24T15:32:16.289+0000] {dagbag.py:536} INFO - Filling up the DagBag from /home/airflow/.local/lib/python3.10/site-packages/airflow/example_dags/example_sensors.py
[2025-11-24T15:32:16.326+0000] {processor.py:839} INFO - DAG(s) dict_keys(['example_sensors']) retrieved from /home/airflow/.local/lib/python3.10/site-packages/airflow/example_dags/example_sensors.py
[2025-11-24T15:32:16.507+0000] {logging_mixin.py:154} INFO - [2025-11-24T15:32:16.507+0000] {dag.py:2941} INFO - Sync 1 DAGs
[2025-11-24T15:32:16.567+0000] {logging_mixin.py:154} INFO - [2025-11-24T15:32:16.567+0000] {dag.py:3722} INFO - Setting next_dagrun for example_sensors to None, run_after=None
[2025-11-24T15:32:16.644+0000] {processor.py:179} INFO - Processing /home/airflow/.local/lib/python3.10/site-packages/airflow/example_dags/example_sensors.py took 0.402 seconds
[2025-11-24T15:32:47.119+0000] {processor.py:157} INFO - Started process (PID=448) to work on /home/airflow/.local/lib/python3.10/site-packages/airflow/example_dags/example_sensors.py
[2025-11-24T15:32:47.121+0000] {processor.py:829} INFO - Processing file /home/airflow/.local/lib/python3.10/site-packages/airflow/example_dags/example_sensors.py for tasks to queue
[2025-11-24T15:32:47.124+0000] {logging_mixin.py:154} INFO - [2025-11-24T15:32:47.123+0000] {dagbag.py:536} INFO - Filling up the DagBag from /home/airflow/.local/lib/python3.10/site-packages/airflow/example_dags/example_sensors.py
[2025-11-24T15:32:47.138+0000] {processor.py:839} INFO - DAG(s) dict_keys(['example_sensors']) retrieved from /home/airflow/.local/lib/python3.10/site-packages/airflow/example_dags/example_sensors.py
[2025-11-24T15:32:47.176+0000] {logging_mixin.py:154} INFO - [2025-11-24T15:32:47.176+0000] {dag.py:2941} INFO - Sync 1 DAGs
[2025-11-24T15:32:47.195+0000] {logging_mixin.py:154} INFO - [2025-11-24T15:32:47.195+0000] {dag.py:3722} INFO - Setting next_dagrun for example_sensors to None, run_after=None
[2025-11-24T15:32:47.222+0000] {processor.py:179} INFO - Processing /home/airflow/.local/lib/python3.10/site-packages/airflow/example_dags/example_sensors.py took 0.107 seconds
[2025-11-24T15:33:17.926+0000] {processor.py:157} INFO - Started process (PID=502) to work on /home/airflow/.local/lib/python3.10/site-packages/airflow/example_dags/example_sensors.py
[2025-11-24T15:33:17.928+0000] {processor.py:829} INFO - Processing file /home/airflow/.local/lib/python3.10/site-packages/airflow/example_dags/example_sensors.py for tasks to queue
[2025-11-24T15:33:17.930+0000] {logging_mixin.py:154} INFO - [2025-11-24T15:33:17.930+0000] {dagbag.py:536} INFO - Filling up the DagBag from /home/airflow/.local/lib/python3.10/site-packages/airflow/example_dags/example_sensors.py
[2025-11-24T15:33:17.941+0000] {processor.py:839} INFO - DAG(s) dict_keys(['example_sensors']) retrieved from /home/airflow/.local/lib/python3.10/site-packages/airflow/example_dags/example_sensors.py
[2025-11-24T15:33:17.976+0000] {logging_mixin.py:154} INFO - [2025-11-24T15:33:17.976+0000] {dag.py:2941} INFO - Sync 1 DAGs
[2025-11-24T15:33:17.994+0000] {logging_mixin.py:154} INFO - [2025-11-24T15:33:17.993+0000] {dag.py:3722} INFO - Setting next_dagrun for example_sensors to None, run_after=None
[2025-11-24T15:33:18.046+0000] {processor.py:179} INFO - Processing /home/airflow/.local/lib/python3.10/site-packages/airflow/example_dags/example_sensors.py took 0.124 seconds
[2025-11-24T15:33:48.473+0000] {processor.py:157} INFO - Started process (PID=556) to work on /home/airflow/.local/lib/python3.10/site-packages/airflow/example_dags/example_sensors.py
[2025-11-24T15:33:48.475+0000] {processor.py:829} INFO - Processing file /home/airflow/.local/lib/python3.10/site-packages/airflow/example_dags/example_sensors.py for tasks to queue
[2025-11-24T15:33:48.478+0000] {logging_mixin.py:154} INFO - [2025-11-24T15:33:48.477+0000] {dagbag.py:536} INFO - Filling up the DagBag from /home/airflow/.local/lib/python3.10/site-packages/airflow/example_dags/example_sensors.py
[2025-11-24T15:33:48.492+0000] {processor.py:839} INFO - DAG(s) dict_keys(['example_sensors']) retrieved from /home/airflow/.local/lib/python3.10/site-packages/airflow/example_dags/example_sensors.py
[2025-11-24T15:33:48.528+0000] {logging_mixin.py:154} INFO - [2025-11-24T15:33:48.528+0000] {dag.py:2941} INFO - Sync 1 DAGs
[2025-11-24T15:33:48.548+0000] {logging_mixin.py:154} INFO - [2025-11-24T15:33:48.547+0000] {dag.py:3722} INFO - Setting next_dagrun for example_sensors to None, run_after=None
[2025-11-24T15:33:48.573+0000] {processor.py:179} INFO - Processing /home/airflow/.local/lib/python3.10/site-packages/airflow/example_dags/example_sensors.py took 0.105 seconds
[2025-11-24T15:34:18.727+0000] {processor.py:157} INFO - Started process (PID=610) to work on /home/airflow/.local/lib/python3.10/site-packages/airflow/example_dags/example_sensors.py
[2025-11-24T15:34:18.730+0000] {processor.py:829} INFO - Processing file /home/airflow/.local/lib/python3.10/site-packages/airflow/example_dags/example_sensors.py for tasks to queue
[2025-11-24T15:34:18.733+0000] {logging_mixin.py:154} INFO - [2025-11-24T15:34:18.733+0000] {dagbag.py:536} INFO - Filling up the DagBag from /home/airflow/.local/lib/python3.10/site-packages/airflow/example_dags/example_sensors.py
[2025-11-24T15:34:18.746+0000] {processor.py:839} INFO - DAG(s) dict_keys(['example_sensors']) retrieved from /home/airflow/.local/lib/python3.10/site-packages/airflow/example_dags/example_sensors.py
[2025-11-24T15:34:18.783+0000] {logging_mixin.py:154} INFO - [2025-11-24T15:34:18.783+0000] {dag.py:2941} INFO - Sync 1 DAGs
[2025-11-24T15:34:18.802+0000] {logging_mixin.py:154} INFO - [2025-11-24T15:34:18.802+0000] {dag.py:3722} INFO - Setting next_dagrun for example_sensors to None, run_after=None
[2025-11-24T15:34:18.839+0000] {processor.py:179} INFO - Processing /home/airflow/.local/lib/python3.10/site-packages/airflow/example_dags/example_sensors.py took 0.117 seconds
[2025-11-24T15:34:49.240+0000] {processor.py:157} INFO - Started process (PID=663) to work on /home/airflow/.local/lib/python3.10/site-packages/airflow/example_dags/example_sensors.py
[2025-11-24T15:34:49.241+0000] {processor.py:829} INFO - Processing file /home/airflow/.local/lib/python3.10/site-packages/airflow/example_dags/example_sensors.py for tasks to queue
[2025-11-24T15:34:49.244+0000] {logging_mixin.py:154} INFO - [2025-11-24T15:34:49.244+0000] {dagbag.py:536} INFO - Filling up the DagBag from /home/airflow/.local/lib/python3.10/site-packages/airflow/example_dags/example_sensors.py
[2025-11-24T15:34:49.258+0000] {processor.py:839} INFO - DAG(s) dict_keys(['example_sensors']) retrieved from /home/airflow/.local/lib/python3.10/site-packages/airflow/example_dags/example_sensors.py
[2025-11-24T15:34:49.294+0000] {logging_mixin.py:154} INFO - [2025-11-24T15:34:49.293+0000] {dag.py:2941} INFO - Sync 1 DAGs
[2025-11-24T15:34:49.314+0000] {logging_mixin.py:154} INFO - [2025-11-24T15:34:49.313+0000] {dag.py:3722} INFO - Setting next_dagrun for example_sensors to None, run_after=None
[2025-11-24T15:34:49.340+0000] {processor.py:179} INFO - Processing /home/airflow/.local/lib/python3.10/site-packages/airflow/example_dags/example_sensors.py took 0.105 seconds
[2025-11-24T15:35:20.146+0000] {processor.py:157} INFO - Started process (PID=716) to work on /home/airflow/.local/lib/python3.10/site-packages/airflow/example_dags/example_sensors.py
[2025-11-24T15:35:20.147+0000] {processor.py:829} INFO - Processing file /home/airflow/.local/lib/python3.10/site-packages/airflow/example_dags/example_sensors.py for tasks to queue
[2025-11-24T15:35:20.150+0000] {logging_mixin.py:154} INFO - [2025-11-24T15:35:20.149+0000] {dagbag.py:536} INFO - Filling up the DagBag from /home/airflow/.local/lib/python3.10/site-packages/airflow/example_dags/example_sensors.py
[2025-11-24T15:35:20.160+0000] {processor.py:839} INFO - DAG(s) dict_keys(['example_sensors']) retrieved from /home/airflow/.local/lib/python3.10/site-packages/airflow/example_dags/example_sensors.py
[2025-11-24T15:35:20.193+0000] {logging_mixin.py:154} INFO - [2025-11-24T15:35:20.193+0000] {dag.py:2941} INFO - Sync 1 DAGs
[2025-11-24T15:35:20.212+0000] {logging_mixin.py:154} INFO - [2025-11-24T15:35:20.211+0000] {dag.py:3722} INFO - Setting next_dagrun for example_sensors to None, run_after=None
[2025-11-24T15:35:20.252+0000] {processor.py:179} INFO - Processing /home/airflow/.local/lib/python3.10/site-packages/airflow/example_dags/example_sensors.py took 0.112 seconds
[2025-11-24T15:35:50.533+0000] {processor.py:157} INFO - Started process (PID=770) to work on /home/airflow/.local/lib/python3.10/site-packages/airflow/example_dags/example_sensors.py
[2025-11-24T15:35:50.535+0000] {processor.py:829} INFO - Processing file /home/airflow/.local/lib/python3.10/site-packages/airflow/example_dags/example_sensors.py for tasks to queue
[2025-11-24T15:35:50.537+0000] {logging_mixin.py:154} INFO - [2025-11-24T15:35:50.537+0000] {dagbag.py:536} INFO - Filling up the DagBag from /home/airflow/.local/lib/python3.10/site-packages/airflow/example_dags/example_sensors.py
[2025-11-24T15:35:50.552+0000] {processor.py:839} INFO - DAG(s) dict_keys(['example_sensors']) retrieved from /home/airflow/.local/lib/python3.10/site-packages/airflow/example_dags/example_sensors.py
[2025-11-24T15:35:50.588+0000] {logging_mixin.py:154} INFO - [2025-11-24T15:35:50.587+0000] {dag.py:2941} INFO - Sync 1 DAGs
[2025-11-24T15:35:50.606+0000] {logging_mixin.py:154} INFO - [2025-11-24T15:35:50.606+0000] {dag.py:3722} INFO - Setting next_dagrun for example_sensors to None, run_after=None
[2025-11-24T15:35:50.631+0000] {processor.py:179} INFO - Processing /home/airflow/.local/lib/python3.10/site-packages/airflow/example_dags/example_sensors.py took 0.103 seconds
[2025-11-24T15:36:21.055+0000] {processor.py:157} INFO - Started process (PID=825) to work on /home/airflow/.local/lib/python3.10/site-packages/airflow/example_dags/example_sensors.py
[2025-11-24T15:36:21.057+0000] {processor.py:829} INFO - Processing file /home/airflow/.local/lib/python3.10/site-packages/airflow/example_dags/example_sensors.py for tasks to queue
[2025-11-24T15:36:21.060+0000] {logging_mixin.py:154} INFO - [2025-11-24T15:36:21.059+0000] {dagbag.py:536} INFO - Filling up the DagBag from /home/airflow/.local/lib/python3.10/site-packages/airflow/example_dags/example_sensors.py
[2025-11-24T15:36:21.074+0000] {processor.py:839} INFO - DAG(s) dict_keys(['example_sensors']) retrieved from /home/airflow/.local/lib/python3.10/site-packages/airflow/example_dags/example_sensors.py
[2025-11-24T15:36:21.111+0000] {logging_mixin.py:154} INFO - [2025-11-24T15:36:21.111+0000] {dag.py:2941} INFO - Sync 1 DAGs
[2025-11-24T15:36:21.131+0000] {logging_mixin.py:154} INFO - [2025-11-24T15:36:21.131+0000] {dag.py:3722} INFO - Setting next_dagrun for example_sensors to None, run_after=None
[2025-11-24T15:36:21.164+0000] {processor.py:179} INFO - Processing /home/airflow/.local/lib/python3.10/site-packages/airflow/example_dags/example_sensors.py took 0.114 seconds
[2025-11-24T15:36:51.403+0000] {processor.py:157} INFO - Started process (PID=879) to work on /home/airflow/.local/lib/python3.10/site-packages/airflow/example_dags/example_sensors.py
[2025-11-24T15:36:51.405+0000] {processor.py:829} INFO - Processing file /home/airflow/.local/lib/python3.10/site-packages/airflow/example_dags/example_sensors.py for tasks to queue
[2025-11-24T15:36:51.407+0000] {logging_mixin.py:154} INFO - [2025-11-24T15:36:51.407+0000] {dagbag.py:536} INFO - Filling up the DagBag from /home/airflow/.local/lib/python3.10/site-packages/airflow/example_dags/example_sensors.py
[2025-11-24T15:36:51.443+0000] {processor.py:839} INFO - DAG(s) dict_keys(['example_sensors']) retrieved from /home/airflow/.local/lib/python3.10/site-packages/airflow/example_dags/example_sensors.py
[2025-11-24T15:36:51.481+0000] {logging_mixin.py:154} INFO - [2025-11-24T15:36:51.481+0000] {dag.py:2941} INFO - Sync 1 DAGs
[2025-11-24T15:36:51.500+0000] {logging_mixin.py:154} INFO - [2025-11-24T15:36:51.500+0000] {dag.py:3722} INFO - Setting next_dagrun for example_sensors to None, run_after=None
[2025-11-24T15:36:51.532+0000] {processor.py:179} INFO - Processing /home/airflow/.local/lib/python3.10/site-packages/airflow/example_dags/example_sensors.py took 0.134 seconds
[2025-11-24T15:37:22.132+0000] {processor.py:157} INFO - Started process (PID=933) to work on /home/airflow/.local/lib/python3.10/site-packages/airflow/example_dags/example_sensors.py
[2025-11-24T15:37:22.134+0000] {processor.py:829} INFO - Processing file /home/airflow/.local/lib/python3.10/site-packages/airflow/example_dags/example_sensors.py for tasks to queue
[2025-11-24T15:37:22.137+0000] {logging_mixin.py:154} INFO - [2025-11-24T15:37:22.136+0000] {dagbag.py:536} INFO - Filling up the DagBag from /home/airflow/.local/lib/python3.10/site-packages/airflow/example_dags/example_sensors.py
[2025-11-24T15:37:22.150+0000] {processor.py:839} INFO - DAG(s) dict_keys(['example_sensors']) retrieved from /home/airflow/.local/lib/python3.10/site-packages/airflow/example_dags/example_sensors.py
[2025-11-24T15:37:22.187+0000] {logging_mixin.py:154} INFO - [2025-11-24T15:37:22.187+0000] {dag.py:2941} INFO - Sync 1 DAGs
[2025-11-24T15:37:22.208+0000] {logging_mixin.py:154} INFO - [2025-11-24T15:37:22.207+0000] {dag.py:3722} INFO - Setting next_dagrun for example_sensors to None, run_after=None
[2025-11-24T15:37:22.236+0000] {processor.py:179} INFO - Processing /home/airflow/.local/lib/python3.10/site-packages/airflow/example_dags/example_sensors.py took 0.108 seconds
[2025-11-24T15:37:53.018+0000] {processor.py:157} INFO - Started process (PID=988) to work on /home/airflow/.local/lib/python3.10/site-packages/airflow/example_dags/example_sensors.py
[2025-11-24T15:37:53.026+0000] {processor.py:829} INFO - Processing file /home/airflow/.local/lib/python3.10/site-packages/airflow/example_dags/example_sensors.py for tasks to queue
[2025-11-24T15:37:53.029+0000] {logging_mixin.py:154} INFO - [2025-11-24T15:37:53.028+0000] {dagbag.py:536} INFO - Filling up the DagBag from /home/airflow/.local/lib/python3.10/site-packages/airflow/example_dags/example_sensors.py
[2025-11-24T15:37:53.069+0000] {processor.py:839} INFO - DAG(s) dict_keys(['example_sensors']) retrieved from /home/airflow/.local/lib/python3.10/site-packages/airflow/example_dags/example_sensors.py
[2025-11-24T15:37:53.118+0000] {logging_mixin.py:154} INFO - [2025-11-24T15:37:53.118+0000] {dag.py:2941} INFO - Sync 1 DAGs
[2025-11-24T15:37:53.137+0000] {logging_mixin.py:154} INFO - [2025-11-24T15:37:53.136+0000] {dag.py:3722} INFO - Setting next_dagrun for example_sensors to None, run_after=None
[2025-11-24T15:37:53.186+0000] {processor.py:179} INFO - Processing /home/airflow/.local/lib/python3.10/site-packages/airflow/example_dags/example_sensors.py took 0.187 seconds
