[2025-11-24T15:29:13.331+0000] {processor.py:157} INFO - Started process (PID=66) to work on /home/airflow/.local/lib/python3.10/site-packages/airflow/example_dags/example_trigger_controller_dag.py
[2025-11-24T15:29:13.333+0000] {processor.py:829} INFO - Processing file /home/airflow/.local/lib/python3.10/site-packages/airflow/example_dags/example_trigger_controller_dag.py for tasks to queue
[2025-11-24T15:29:13.337+0000] {logging_mixin.py:154} INFO - [2025-11-24T15:29:13.336+0000] {dagbag.py:536} INFO - Filling up the DagBag from /home/airflow/.local/lib/python3.10/site-packages/airflow/example_dags/example_trigger_controller_dag.py
[2025-11-24T15:29:13.344+0000] {processor.py:839} INFO - DAG(s) dict_keys(['example_trigger_controller_dag']) retrieved from /home/airflow/.local/lib/python3.10/site-packages/airflow/example_dags/example_trigger_controller_dag.py
[2025-11-24T15:29:13.753+0000] {logging_mixin.py:154} INFO - [2025-11-24T15:29:13.753+0000] {manager.py:499} INFO - Created Permission View: %s
[2025-11-24T15:29:13.794+0000] {logging_mixin.py:154} INFO - [2025-11-24T15:29:13.794+0000] {manager.py:499} INFO - Created Permission View: %s
[2025-11-24T15:29:13.831+0000] {logging_mixin.py:154} INFO - [2025-11-24T15:29:13.830+0000] {manager.py:499} INFO - Created Permission View: %s
[2025-11-24T15:29:13.831+0000] {logging_mixin.py:154} INFO - [2025-11-24T15:29:13.831+0000] {dag.py:2941} INFO - Sync 1 DAGs
[2025-11-24T15:29:13.872+0000] {logging_mixin.py:154} INFO - [2025-11-24T15:29:13.872+0000] {dag.py:2963} INFO - Creating ORM DAG for example_trigger_controller_dag
[2025-11-24T15:29:13.903+0000] {logging_mixin.py:154} INFO - [2025-11-24T15:29:13.903+0000] {dag.py:3722} INFO - Setting next_dagrun for example_trigger_controller_dag to 2021-01-01T00:00:00+00:00, run_after=2021-01-01T00:00:00+00:00
[2025-11-24T15:29:14.003+0000] {processor.py:179} INFO - Processing /home/airflow/.local/lib/python3.10/site-packages/airflow/example_dags/example_trigger_controller_dag.py took 0.688 seconds
[2025-11-24T15:29:44.586+0000] {processor.py:157} INFO - Started process (PID=127) to work on /home/airflow/.local/lib/python3.10/site-packages/airflow/example_dags/example_trigger_controller_dag.py
[2025-11-24T15:29:44.588+0000] {processor.py:829} INFO - Processing file /home/airflow/.local/lib/python3.10/site-packages/airflow/example_dags/example_trigger_controller_dag.py for tasks to queue
[2025-11-24T15:29:44.591+0000] {logging_mixin.py:154} INFO - [2025-11-24T15:29:44.590+0000] {dagbag.py:536} INFO - Filling up the DagBag from /home/airflow/.local/lib/python3.10/site-packages/airflow/example_dags/example_trigger_controller_dag.py
[2025-11-24T15:29:44.597+0000] {processor.py:839} INFO - DAG(s) dict_keys(['example_trigger_controller_dag']) retrieved from /home/airflow/.local/lib/python3.10/site-packages/airflow/example_dags/example_trigger_controller_dag.py
[2025-11-24T15:29:44.651+0000] {logging_mixin.py:154} INFO - [2025-11-24T15:29:44.651+0000] {dag.py:2941} INFO - Sync 1 DAGs
[2025-11-24T15:29:44.683+0000] {logging_mixin.py:154} INFO - [2025-11-24T15:29:44.682+0000] {dag.py:3722} INFO - Setting next_dagrun for example_trigger_controller_dag to 2021-01-01T00:00:00+00:00, run_after=2021-01-01T00:00:00+00:00
[2025-11-24T15:29:44.708+0000] {processor.py:179} INFO - Processing /home/airflow/.local/lib/python3.10/site-packages/airflow/example_dags/example_trigger_controller_dag.py took 0.126 seconds
[2025-11-24T15:30:15.272+0000] {processor.py:157} INFO - Started process (PID=181) to work on /home/airflow/.local/lib/python3.10/site-packages/airflow/example_dags/example_trigger_controller_dag.py
[2025-11-24T15:30:15.278+0000] {processor.py:829} INFO - Processing file /home/airflow/.local/lib/python3.10/site-packages/airflow/example_dags/example_trigger_controller_dag.py for tasks to queue
[2025-11-24T15:30:15.281+0000] {logging_mixin.py:154} INFO - [2025-11-24T15:30:15.280+0000] {dagbag.py:536} INFO - Filling up the DagBag from /home/airflow/.local/lib/python3.10/site-packages/airflow/example_dags/example_trigger_controller_dag.py
[2025-11-24T15:30:15.286+0000] {processor.py:839} INFO - DAG(s) dict_keys(['example_trigger_controller_dag']) retrieved from /home/airflow/.local/lib/python3.10/site-packages/airflow/example_dags/example_trigger_controller_dag.py
[2025-11-24T15:30:15.312+0000] {logging_mixin.py:154} INFO - [2025-11-24T15:30:15.312+0000] {dag.py:2941} INFO - Sync 1 DAGs
[2025-11-24T15:30:15.345+0000] {logging_mixin.py:154} INFO - [2025-11-24T15:30:15.344+0000] {dag.py:3722} INFO - Setting next_dagrun for example_trigger_controller_dag to 2021-01-01T00:00:00+00:00, run_after=2021-01-01T00:00:00+00:00
[2025-11-24T15:30:15.393+0000] {processor.py:179} INFO - Processing /home/airflow/.local/lib/python3.10/site-packages/airflow/example_dags/example_trigger_controller_dag.py took 0.125 seconds
[2025-11-24T15:30:45.620+0000] {processor.py:157} INFO - Started process (PID=236) to work on /home/airflow/.local/lib/python3.10/site-packages/airflow/example_dags/example_trigger_controller_dag.py
[2025-11-24T15:30:45.621+0000] {processor.py:829} INFO - Processing file /home/airflow/.local/lib/python3.10/site-packages/airflow/example_dags/example_trigger_controller_dag.py for tasks to queue
[2025-11-24T15:30:45.624+0000] {logging_mixin.py:154} INFO - [2025-11-24T15:30:45.623+0000] {dagbag.py:536} INFO - Filling up the DagBag from /home/airflow/.local/lib/python3.10/site-packages/airflow/example_dags/example_trigger_controller_dag.py
[2025-11-24T15:30:45.630+0000] {processor.py:839} INFO - DAG(s) dict_keys(['example_trigger_controller_dag']) retrieved from /home/airflow/.local/lib/python3.10/site-packages/airflow/example_dags/example_trigger_controller_dag.py
[2025-11-24T15:30:45.665+0000] {logging_mixin.py:154} INFO - [2025-11-24T15:30:45.665+0000] {dag.py:2941} INFO - Sync 1 DAGs
[2025-11-24T15:30:45.698+0000] {logging_mixin.py:154} INFO - [2025-11-24T15:30:45.698+0000] {dag.py:3722} INFO - Setting next_dagrun for example_trigger_controller_dag to 2021-01-01T00:00:00+00:00, run_after=2021-01-01T00:00:00+00:00
[2025-11-24T15:30:45.730+0000] {processor.py:179} INFO - Processing /home/airflow/.local/lib/python3.10/site-packages/airflow/example_dags/example_trigger_controller_dag.py took 0.115 seconds
[2025-11-24T15:31:16.228+0000] {processor.py:157} INFO - Started process (PID=290) to work on /home/airflow/.local/lib/python3.10/site-packages/airflow/example_dags/example_trigger_controller_dag.py
[2025-11-24T15:31:16.230+0000] {processor.py:829} INFO - Processing file /home/airflow/.local/lib/python3.10/site-packages/airflow/example_dags/example_trigger_controller_dag.py for tasks to queue
[2025-11-24T15:31:16.233+0000] {logging_mixin.py:154} INFO - [2025-11-24T15:31:16.233+0000] {dagbag.py:536} INFO - Filling up the DagBag from /home/airflow/.local/lib/python3.10/site-packages/airflow/example_dags/example_trigger_controller_dag.py
[2025-11-24T15:31:16.240+0000] {processor.py:839} INFO - DAG(s) dict_keys(['example_trigger_controller_dag']) retrieved from /home/airflow/.local/lib/python3.10/site-packages/airflow/example_dags/example_trigger_controller_dag.py
[2025-11-24T15:31:16.271+0000] {logging_mixin.py:154} INFO - [2025-11-24T15:31:16.270+0000] {dag.py:2941} INFO - Sync 1 DAGs
[2025-11-24T15:31:16.304+0000] {logging_mixin.py:154} INFO - [2025-11-24T15:31:16.303+0000] {dag.py:3722} INFO - Setting next_dagrun for example_trigger_controller_dag to 2021-01-01T00:00:00+00:00, run_after=2021-01-01T00:00:00+00:00
[2025-11-24T15:31:16.330+0000] {processor.py:179} INFO - Processing /home/airflow/.local/lib/python3.10/site-packages/airflow/example_dags/example_trigger_controller_dag.py took 0.110 seconds
[2025-11-24T15:31:46.761+0000] {processor.py:157} INFO - Started process (PID=344) to work on /home/airflow/.local/lib/python3.10/site-packages/airflow/example_dags/example_trigger_controller_dag.py
[2025-11-24T15:31:46.763+0000] {processor.py:829} INFO - Processing file /home/airflow/.local/lib/python3.10/site-packages/airflow/example_dags/example_trigger_controller_dag.py for tasks to queue
[2025-11-24T15:31:46.766+0000] {logging_mixin.py:154} INFO - [2025-11-24T15:31:46.766+0000] {dagbag.py:536} INFO - Filling up the DagBag from /home/airflow/.local/lib/python3.10/site-packages/airflow/example_dags/example_trigger_controller_dag.py
[2025-11-24T15:31:46.773+0000] {processor.py:839} INFO - DAG(s) dict_keys(['example_trigger_controller_dag']) retrieved from /home/airflow/.local/lib/python3.10/site-packages/airflow/example_dags/example_trigger_controller_dag.py
[2025-11-24T15:31:46.803+0000] {logging_mixin.py:154} INFO - [2025-11-24T15:31:46.803+0000] {dag.py:2941} INFO - Sync 1 DAGs
[2025-11-24T15:31:46.837+0000] {logging_mixin.py:154} INFO - [2025-11-24T15:31:46.837+0000] {dag.py:3722} INFO - Setting next_dagrun for example_trigger_controller_dag to 2021-01-01T00:00:00+00:00, run_after=2021-01-01T00:00:00+00:00
[2025-11-24T15:31:46.862+0000] {processor.py:179} INFO - Processing /home/airflow/.local/lib/python3.10/site-packages/airflow/example_dags/example_trigger_controller_dag.py took 0.105 seconds
[2025-11-24T15:32:17.121+0000] {processor.py:157} INFO - Started process (PID=397) to work on /home/airflow/.local/lib/python3.10/site-packages/airflow/example_dags/example_trigger_controller_dag.py
[2025-11-24T15:32:17.145+0000] {processor.py:829} INFO - Processing file /home/airflow/.local/lib/python3.10/site-packages/airflow/example_dags/example_trigger_controller_dag.py for tasks to queue
[2025-11-24T15:32:17.163+0000] {logging_mixin.py:154} INFO - [2025-11-24T15:32:17.163+0000] {dagbag.py:536} INFO - Filling up the DagBag from /home/airflow/.local/lib/python3.10/site-packages/airflow/example_dags/example_trigger_controller_dag.py
[2025-11-24T15:32:17.181+0000] {processor.py:839} INFO - DAG(s) dict_keys(['example_trigger_controller_dag']) retrieved from /home/airflow/.local/lib/python3.10/site-packages/airflow/example_dags/example_trigger_controller_dag.py
[2025-11-24T15:32:17.355+0000] {logging_mixin.py:154} INFO - [2025-11-24T15:32:17.355+0000] {dag.py:2941} INFO - Sync 1 DAGs
[2025-11-24T15:32:17.443+0000] {logging_mixin.py:154} INFO - [2025-11-24T15:32:17.443+0000] {dag.py:3722} INFO - Setting next_dagrun for example_trigger_controller_dag to 2021-01-01T00:00:00+00:00, run_after=2021-01-01T00:00:00+00:00
[2025-11-24T15:32:17.509+0000] {processor.py:179} INFO - Processing /home/airflow/.local/lib/python3.10/site-packages/airflow/example_dags/example_trigger_controller_dag.py took 0.406 seconds
[2025-11-24T15:32:48.315+0000] {processor.py:157} INFO - Started process (PID=451) to work on /home/airflow/.local/lib/python3.10/site-packages/airflow/example_dags/example_trigger_controller_dag.py
[2025-11-24T15:32:48.326+0000] {processor.py:829} INFO - Processing file /home/airflow/.local/lib/python3.10/site-packages/airflow/example_dags/example_trigger_controller_dag.py for tasks to queue
[2025-11-24T15:32:48.329+0000] {logging_mixin.py:154} INFO - [2025-11-24T15:32:48.329+0000] {dagbag.py:536} INFO - Filling up the DagBag from /home/airflow/.local/lib/python3.10/site-packages/airflow/example_dags/example_trigger_controller_dag.py
[2025-11-24T15:32:48.352+0000] {processor.py:839} INFO - DAG(s) dict_keys(['example_trigger_controller_dag']) retrieved from /home/airflow/.local/lib/python3.10/site-packages/airflow/example_dags/example_trigger_controller_dag.py
[2025-11-24T15:32:48.439+0000] {logging_mixin.py:154} INFO - [2025-11-24T15:32:48.439+0000] {dag.py:2941} INFO - Sync 1 DAGs
[2025-11-24T15:32:48.556+0000] {logging_mixin.py:154} INFO - [2025-11-24T15:32:48.556+0000] {dag.py:3722} INFO - Setting next_dagrun for example_trigger_controller_dag to 2021-01-01T00:00:00+00:00, run_after=2021-01-01T00:00:00+00:00
[2025-11-24T15:32:48.646+0000] {processor.py:179} INFO - Processing /home/airflow/.local/lib/python3.10/site-packages/airflow/example_dags/example_trigger_controller_dag.py took 0.345 seconds
[2025-11-24T15:33:19.123+0000] {processor.py:157} INFO - Started process (PID=505) to work on /home/airflow/.local/lib/python3.10/site-packages/airflow/example_dags/example_trigger_controller_dag.py
[2025-11-24T15:33:19.127+0000] {processor.py:829} INFO - Processing file /home/airflow/.local/lib/python3.10/site-packages/airflow/example_dags/example_trigger_controller_dag.py for tasks to queue
[2025-11-24T15:33:19.129+0000] {logging_mixin.py:154} INFO - [2025-11-24T15:33:19.129+0000] {dagbag.py:536} INFO - Filling up the DagBag from /home/airflow/.local/lib/python3.10/site-packages/airflow/example_dags/example_trigger_controller_dag.py
[2025-11-24T15:33:19.136+0000] {processor.py:839} INFO - DAG(s) dict_keys(['example_trigger_controller_dag']) retrieved from /home/airflow/.local/lib/python3.10/site-packages/airflow/example_dags/example_trigger_controller_dag.py
[2025-11-24T15:33:19.164+0000] {logging_mixin.py:154} INFO - [2025-11-24T15:33:19.163+0000] {dag.py:2941} INFO - Sync 1 DAGs
[2025-11-24T15:33:19.196+0000] {logging_mixin.py:154} INFO - [2025-11-24T15:33:19.196+0000] {dag.py:3722} INFO - Setting next_dagrun for example_trigger_controller_dag to 2021-01-01T00:00:00+00:00, run_after=2021-01-01T00:00:00+00:00
[2025-11-24T15:33:19.226+0000] {processor.py:179} INFO - Processing /home/airflow/.local/lib/python3.10/site-packages/airflow/example_dags/example_trigger_controller_dag.py took 0.107 seconds
[2025-11-24T15:33:49.644+0000] {processor.py:157} INFO - Started process (PID=559) to work on /home/airflow/.local/lib/python3.10/site-packages/airflow/example_dags/example_trigger_controller_dag.py
[2025-11-24T15:33:49.646+0000] {processor.py:829} INFO - Processing file /home/airflow/.local/lib/python3.10/site-packages/airflow/example_dags/example_trigger_controller_dag.py for tasks to queue
[2025-11-24T15:33:49.648+0000] {logging_mixin.py:154} INFO - [2025-11-24T15:33:49.648+0000] {dagbag.py:536} INFO - Filling up the DagBag from /home/airflow/.local/lib/python3.10/site-packages/airflow/example_dags/example_trigger_controller_dag.py
[2025-11-24T15:33:49.655+0000] {processor.py:839} INFO - DAG(s) dict_keys(['example_trigger_controller_dag']) retrieved from /home/airflow/.local/lib/python3.10/site-packages/airflow/example_dags/example_trigger_controller_dag.py
[2025-11-24T15:33:49.683+0000] {logging_mixin.py:154} INFO - [2025-11-24T15:33:49.683+0000] {dag.py:2941} INFO - Sync 1 DAGs
[2025-11-24T15:33:49.718+0000] {logging_mixin.py:154} INFO - [2025-11-24T15:33:49.717+0000] {dag.py:3722} INFO - Setting next_dagrun for example_trigger_controller_dag to 2021-01-01T00:00:00+00:00, run_after=2021-01-01T00:00:00+00:00
[2025-11-24T15:33:49.753+0000] {processor.py:179} INFO - Processing /home/airflow/.local/lib/python3.10/site-packages/airflow/example_dags/example_trigger_controller_dag.py took 0.113 seconds
[2025-11-24T15:34:19.911+0000] {processor.py:157} INFO - Started process (PID=613) to work on /home/airflow/.local/lib/python3.10/site-packages/airflow/example_dags/example_trigger_controller_dag.py
[2025-11-24T15:34:19.913+0000] {processor.py:829} INFO - Processing file /home/airflow/.local/lib/python3.10/site-packages/airflow/example_dags/example_trigger_controller_dag.py for tasks to queue
[2025-11-24T15:34:19.915+0000] {logging_mixin.py:154} INFO - [2025-11-24T15:34:19.915+0000] {dagbag.py:536} INFO - Filling up the DagBag from /home/airflow/.local/lib/python3.10/site-packages/airflow/example_dags/example_trigger_controller_dag.py
[2025-11-24T15:34:19.921+0000] {processor.py:839} INFO - DAG(s) dict_keys(['example_trigger_controller_dag']) retrieved from /home/airflow/.local/lib/python3.10/site-packages/airflow/example_dags/example_trigger_controller_dag.py
[2025-11-24T15:34:19.950+0000] {logging_mixin.py:154} INFO - [2025-11-24T15:34:19.950+0000] {dag.py:2941} INFO - Sync 1 DAGs
[2025-11-24T15:34:19.983+0000] {logging_mixin.py:154} INFO - [2025-11-24T15:34:19.983+0000] {dag.py:3722} INFO - Setting next_dagrun for example_trigger_controller_dag to 2021-01-01T00:00:00+00:00, run_after=2021-01-01T00:00:00+00:00
[2025-11-24T15:34:20.007+0000] {processor.py:179} INFO - Processing /home/airflow/.local/lib/python3.10/site-packages/airflow/example_dags/example_trigger_controller_dag.py took 0.101 seconds
[2025-11-24T15:34:50.429+0000] {processor.py:157} INFO - Started process (PID=666) to work on /home/airflow/.local/lib/python3.10/site-packages/airflow/example_dags/example_trigger_controller_dag.py
[2025-11-24T15:34:50.430+0000] {processor.py:829} INFO - Processing file /home/airflow/.local/lib/python3.10/site-packages/airflow/example_dags/example_trigger_controller_dag.py for tasks to queue
[2025-11-24T15:34:50.433+0000] {logging_mixin.py:154} INFO - [2025-11-24T15:34:50.433+0000] {dagbag.py:536} INFO - Filling up the DagBag from /home/airflow/.local/lib/python3.10/site-packages/airflow/example_dags/example_trigger_controller_dag.py
[2025-11-24T15:34:50.439+0000] {processor.py:839} INFO - DAG(s) dict_keys(['example_trigger_controller_dag']) retrieved from /home/airflow/.local/lib/python3.10/site-packages/airflow/example_dags/example_trigger_controller_dag.py
[2025-11-24T15:34:50.468+0000] {logging_mixin.py:154} INFO - [2025-11-24T15:34:50.468+0000] {dag.py:2941} INFO - Sync 1 DAGs
[2025-11-24T15:34:50.502+0000] {logging_mixin.py:154} INFO - [2025-11-24T15:34:50.502+0000] {dag.py:3722} INFO - Setting next_dagrun for example_trigger_controller_dag to 2021-01-01T00:00:00+00:00, run_after=2021-01-01T00:00:00+00:00
[2025-11-24T15:34:50.533+0000] {processor.py:179} INFO - Processing /home/airflow/.local/lib/python3.10/site-packages/airflow/example_dags/example_trigger_controller_dag.py took 0.108 seconds
[2025-11-24T15:35:21.401+0000] {processor.py:157} INFO - Started process (PID=719) to work on /home/airflow/.local/lib/python3.10/site-packages/airflow/example_dags/example_trigger_controller_dag.py
[2025-11-24T15:35:21.403+0000] {processor.py:829} INFO - Processing file /home/airflow/.local/lib/python3.10/site-packages/airflow/example_dags/example_trigger_controller_dag.py for tasks to queue
[2025-11-24T15:35:21.405+0000] {logging_mixin.py:154} INFO - [2025-11-24T15:35:21.405+0000] {dagbag.py:536} INFO - Filling up the DagBag from /home/airflow/.local/lib/python3.10/site-packages/airflow/example_dags/example_trigger_controller_dag.py
[2025-11-24T15:35:21.412+0000] {processor.py:839} INFO - DAG(s) dict_keys(['example_trigger_controller_dag']) retrieved from /home/airflow/.local/lib/python3.10/site-packages/airflow/example_dags/example_trigger_controller_dag.py
[2025-11-24T15:35:21.441+0000] {logging_mixin.py:154} INFO - [2025-11-24T15:35:21.440+0000] {dag.py:2941} INFO - Sync 1 DAGs
[2025-11-24T15:35:21.472+0000] {logging_mixin.py:154} INFO - [2025-11-24T15:35:21.472+0000] {dag.py:3722} INFO - Setting next_dagrun for example_trigger_controller_dag to 2021-01-01T00:00:00+00:00, run_after=2021-01-01T00:00:00+00:00
[2025-11-24T15:35:21.497+0000] {processor.py:179} INFO - Processing /home/airflow/.local/lib/python3.10/site-packages/airflow/example_dags/example_trigger_controller_dag.py took 0.101 seconds
[2025-11-24T15:35:51.723+0000] {processor.py:157} INFO - Started process (PID=773) to work on /home/airflow/.local/lib/python3.10/site-packages/airflow/example_dags/example_trigger_controller_dag.py
[2025-11-24T15:35:51.725+0000] {processor.py:829} INFO - Processing file /home/airflow/.local/lib/python3.10/site-packages/airflow/example_dags/example_trigger_controller_dag.py for tasks to queue
[2025-11-24T15:35:51.728+0000] {logging_mixin.py:154} INFO - [2025-11-24T15:35:51.727+0000] {dagbag.py:536} INFO - Filling up the DagBag from /home/airflow/.local/lib/python3.10/site-packages/airflow/example_dags/example_trigger_controller_dag.py
[2025-11-24T15:35:51.734+0000] {processor.py:839} INFO - DAG(s) dict_keys(['example_trigger_controller_dag']) retrieved from /home/airflow/.local/lib/python3.10/site-packages/airflow/example_dags/example_trigger_controller_dag.py
[2025-11-24T15:35:51.764+0000] {logging_mixin.py:154} INFO - [2025-11-24T15:35:51.764+0000] {dag.py:2941} INFO - Sync 1 DAGs
[2025-11-24T15:35:51.799+0000] {logging_mixin.py:154} INFO - [2025-11-24T15:35:51.799+0000] {dag.py:3722} INFO - Setting next_dagrun for example_trigger_controller_dag to 2021-01-01T00:00:00+00:00, run_after=2021-01-01T00:00:00+00:00
[2025-11-24T15:35:51.823+0000] {processor.py:179} INFO - Processing /home/airflow/.local/lib/python3.10/site-packages/airflow/example_dags/example_trigger_controller_dag.py took 0.105 seconds
[2025-11-24T15:36:22.218+0000] {processor.py:157} INFO - Started process (PID=828) to work on /home/airflow/.local/lib/python3.10/site-packages/airflow/example_dags/example_trigger_controller_dag.py
[2025-11-24T15:36:22.219+0000] {processor.py:829} INFO - Processing file /home/airflow/.local/lib/python3.10/site-packages/airflow/example_dags/example_trigger_controller_dag.py for tasks to queue
[2025-11-24T15:36:22.222+0000] {logging_mixin.py:154} INFO - [2025-11-24T15:36:22.222+0000] {dagbag.py:536} INFO - Filling up the DagBag from /home/airflow/.local/lib/python3.10/site-packages/airflow/example_dags/example_trigger_controller_dag.py
[2025-11-24T15:36:22.228+0000] {processor.py:839} INFO - DAG(s) dict_keys(['example_trigger_controller_dag']) retrieved from /home/airflow/.local/lib/python3.10/site-packages/airflow/example_dags/example_trigger_controller_dag.py
[2025-11-24T15:36:22.257+0000] {logging_mixin.py:154} INFO - [2025-11-24T15:36:22.257+0000] {dag.py:2941} INFO - Sync 1 DAGs
[2025-11-24T15:36:22.291+0000] {logging_mixin.py:154} INFO - [2025-11-24T15:36:22.290+0000] {dag.py:3722} INFO - Setting next_dagrun for example_trigger_controller_dag to 2021-01-01T00:00:00+00:00, run_after=2021-01-01T00:00:00+00:00
[2025-11-24T15:36:22.317+0000] {processor.py:179} INFO - Processing /home/airflow/.local/lib/python3.10/site-packages/airflow/example_dags/example_trigger_controller_dag.py took 0.103 seconds
[2025-11-24T15:36:52.601+0000] {processor.py:157} INFO - Started process (PID=882) to work on /home/airflow/.local/lib/python3.10/site-packages/airflow/example_dags/example_trigger_controller_dag.py
[2025-11-24T15:36:52.602+0000] {processor.py:829} INFO - Processing file /home/airflow/.local/lib/python3.10/site-packages/airflow/example_dags/example_trigger_controller_dag.py for tasks to queue
[2025-11-24T15:36:52.605+0000] {logging_mixin.py:154} INFO - [2025-11-24T15:36:52.604+0000] {dagbag.py:536} INFO - Filling up the DagBag from /home/airflow/.local/lib/python3.10/site-packages/airflow/example_dags/example_trigger_controller_dag.py
[2025-11-24T15:36:52.612+0000] {processor.py:839} INFO - DAG(s) dict_keys(['example_trigger_controller_dag']) retrieved from /home/airflow/.local/lib/python3.10/site-packages/airflow/example_dags/example_trigger_controller_dag.py
[2025-11-24T15:36:52.642+0000] {logging_mixin.py:154} INFO - [2025-11-24T15:36:52.642+0000] {dag.py:2941} INFO - Sync 1 DAGs
[2025-11-24T15:36:52.675+0000] {logging_mixin.py:154} INFO - [2025-11-24T15:36:52.674+0000] {dag.py:3722} INFO - Setting next_dagrun for example_trigger_controller_dag to 2021-01-01T00:00:00+00:00, run_after=2021-01-01T00:00:00+00:00
[2025-11-24T15:36:52.704+0000] {processor.py:179} INFO - Processing /home/airflow/.local/lib/python3.10/site-packages/airflow/example_dags/example_trigger_controller_dag.py took 0.108 seconds
[2025-11-24T15:37:23.286+0000] {processor.py:157} INFO - Started process (PID=936) to work on /home/airflow/.local/lib/python3.10/site-packages/airflow/example_dags/example_trigger_controller_dag.py
[2025-11-24T15:37:23.288+0000] {processor.py:829} INFO - Processing file /home/airflow/.local/lib/python3.10/site-packages/airflow/example_dags/example_trigger_controller_dag.py for tasks to queue
[2025-11-24T15:37:23.290+0000] {logging_mixin.py:154} INFO - [2025-11-24T15:37:23.290+0000] {dagbag.py:536} INFO - Filling up the DagBag from /home/airflow/.local/lib/python3.10/site-packages/airflow/example_dags/example_trigger_controller_dag.py
[2025-11-24T15:37:23.297+0000] {processor.py:839} INFO - DAG(s) dict_keys(['example_trigger_controller_dag']) retrieved from /home/airflow/.local/lib/python3.10/site-packages/airflow/example_dags/example_trigger_controller_dag.py
[2025-11-24T15:37:23.327+0000] {logging_mixin.py:154} INFO - [2025-11-24T15:37:23.326+0000] {dag.py:2941} INFO - Sync 1 DAGs
[2025-11-24T15:37:23.360+0000] {logging_mixin.py:154} INFO - [2025-11-24T15:37:23.360+0000] {dag.py:3722} INFO - Setting next_dagrun for example_trigger_controller_dag to 2021-01-01T00:00:00+00:00, run_after=2021-01-01T00:00:00+00:00
[2025-11-24T15:37:23.386+0000] {processor.py:179} INFO - Processing /home/airflow/.local/lib/python3.10/site-packages/airflow/example_dags/example_trigger_controller_dag.py took 0.104 seconds
[2025-11-24T15:37:53.496+0000] {processor.py:157} INFO - Started process (PID=991) to work on /home/airflow/.local/lib/python3.10/site-packages/airflow/example_dags/example_trigger_controller_dag.py
[2025-11-24T15:37:53.497+0000] {processor.py:829} INFO - Processing file /home/airflow/.local/lib/python3.10/site-packages/airflow/example_dags/example_trigger_controller_dag.py for tasks to queue
[2025-11-24T15:37:53.508+0000] {logging_mixin.py:154} INFO - [2025-11-24T15:37:53.508+0000] {dagbag.py:536} INFO - Filling up the DagBag from /home/airflow/.local/lib/python3.10/site-packages/airflow/example_dags/example_trigger_controller_dag.py
[2025-11-24T15:37:53.515+0000] {processor.py:839} INFO - DAG(s) dict_keys(['example_trigger_controller_dag']) retrieved from /home/airflow/.local/lib/python3.10/site-packages/airflow/example_dags/example_trigger_controller_dag.py
[2025-11-24T15:37:53.575+0000] {logging_mixin.py:154} INFO - [2025-11-24T15:37:53.575+0000] {dag.py:2941} INFO - Sync 1 DAGs
[2025-11-24T15:37:53.645+0000] {logging_mixin.py:154} INFO - [2025-11-24T15:37:53.645+0000] {dag.py:3722} INFO - Setting next_dagrun for example_trigger_controller_dag to 2021-01-01T00:00:00+00:00, run_after=2021-01-01T00:00:00+00:00
[2025-11-24T15:37:53.714+0000] {processor.py:179} INFO - Processing /home/airflow/.local/lib/python3.10/site-packages/airflow/example_dags/example_trigger_controller_dag.py took 0.232 seconds
