[2025-11-24T15:29:11.253+0000] {processor.py:157} INFO - Started process (PID=60) to work on /home/airflow/.local/lib/python3.10/site-packages/airflow/example_dags/example_datasets.py
[2025-11-24T15:29:11.254+0000] {processor.py:829} INFO - Processing file /home/airflow/.local/lib/python3.10/site-packages/airflow/example_dags/example_datasets.py for tasks to queue
[2025-11-24T15:29:11.273+0000] {logging_mixin.py:154} INFO - [2025-11-24T15:29:11.272+0000] {dagbag.py:536} INFO - Filling up the DagBag from /home/airflow/.local/lib/python3.10/site-packages/airflow/example_dags/example_datasets.py
[2025-11-24T15:29:11.306+0000] {processor.py:839} INFO - DAG(s) dict_keys(['dataset_produces_1', 'dataset_consumes_1', 'dataset_consumes_1_never_scheduled', 'dataset_consumes_1_and_2', 'dataset_consumes_unknown_never_scheduled', 'dataset_produces_2']) retrieved from /home/airflow/.local/lib/python3.10/site-packages/airflow/example_dags/example_datasets.py
[2025-11-24T15:29:11.722+0000] {logging_mixin.py:154} INFO - [2025-11-24T15:29:11.721+0000] {manager.py:499} INFO - Created Permission View: %s
[2025-11-24T15:29:11.750+0000] {logging_mixin.py:154} INFO - [2025-11-24T15:29:11.749+0000] {manager.py:499} INFO - Created Permission View: %s
[2025-11-24T15:29:11.761+0000] {logging_mixin.py:154} INFO - [2025-11-24T15:29:11.761+0000] {manager.py:499} INFO - Created Permission View: %s
[2025-11-24T15:29:11.791+0000] {logging_mixin.py:154} INFO - [2025-11-24T15:29:11.791+0000] {manager.py:499} INFO - Created Permission View: %s
[2025-11-24T15:29:11.800+0000] {logging_mixin.py:154} INFO - [2025-11-24T15:29:11.800+0000] {manager.py:499} INFO - Created Permission View: %s
[2025-11-24T15:29:11.822+0000] {logging_mixin.py:154} INFO - [2025-11-24T15:29:11.822+0000] {manager.py:499} INFO - Created Permission View: %s
[2025-11-24T15:29:11.859+0000] {logging_mixin.py:154} INFO - [2025-11-24T15:29:11.859+0000] {manager.py:499} INFO - Created Permission View: %s
[2025-11-24T15:29:11.881+0000] {logging_mixin.py:154} INFO - [2025-11-24T15:29:11.880+0000] {manager.py:499} INFO - Created Permission View: %s
[2025-11-24T15:29:11.927+0000] {logging_mixin.py:154} INFO - [2025-11-24T15:29:11.926+0000] {manager.py:499} INFO - Created Permission View: %s
[2025-11-24T15:29:11.954+0000] {logging_mixin.py:154} INFO - [2025-11-24T15:29:11.953+0000] {manager.py:499} INFO - Created Permission View: %s
[2025-11-24T15:29:11.966+0000] {logging_mixin.py:154} INFO - [2025-11-24T15:29:11.965+0000] {manager.py:499} INFO - Created Permission View: %s
[2025-11-24T15:29:11.981+0000] {logging_mixin.py:154} INFO - [2025-11-24T15:29:11.981+0000] {manager.py:499} INFO - Created Permission View: %s
[2025-11-24T15:29:12.011+0000] {logging_mixin.py:154} INFO - [2025-11-24T15:29:12.011+0000] {manager.py:499} INFO - Created Permission View: %s
[2025-11-24T15:29:12.035+0000] {logging_mixin.py:154} INFO - [2025-11-24T15:29:12.034+0000] {manager.py:499} INFO - Created Permission View: %s
[2025-11-24T15:29:12.050+0000] {logging_mixin.py:154} INFO - [2025-11-24T15:29:12.045+0000] {manager.py:499} INFO - Created Permission View: %s
[2025-11-24T15:29:12.106+0000] {logging_mixin.py:154} INFO - [2025-11-24T15:29:12.105+0000] {manager.py:499} INFO - Created Permission View: %s
[2025-11-24T15:29:12.129+0000] {logging_mixin.py:154} INFO - [2025-11-24T15:29:12.128+0000] {manager.py:499} INFO - Created Permission View: %s
[2025-11-24T15:29:12.158+0000] {logging_mixin.py:154} INFO - [2025-11-24T15:29:12.158+0000] {manager.py:499} INFO - Created Permission View: %s
[2025-11-24T15:29:12.159+0000] {logging_mixin.py:154} INFO - [2025-11-24T15:29:12.158+0000] {dag.py:2941} INFO - Sync 6 DAGs
[2025-11-24T15:29:12.209+0000] {logging_mixin.py:154} INFO - [2025-11-24T15:29:12.208+0000] {dag.py:2963} INFO - Creating ORM DAG for dataset_consumes_1
[2025-11-24T15:29:12.210+0000] {logging_mixin.py:154} INFO - [2025-11-24T15:29:12.209+0000] {dag.py:2963} INFO - Creating ORM DAG for dataset_consumes_unknown_never_scheduled
[2025-11-24T15:29:12.211+0000] {logging_mixin.py:154} INFO - [2025-11-24T15:29:12.210+0000] {dag.py:2963} INFO - Creating ORM DAG for dataset_produces_1
[2025-11-24T15:29:12.211+0000] {logging_mixin.py:154} INFO - [2025-11-24T15:29:12.211+0000] {dag.py:2963} INFO - Creating ORM DAG for dataset_consumes_1_never_scheduled
[2025-11-24T15:29:12.212+0000] {logging_mixin.py:154} INFO - [2025-11-24T15:29:12.212+0000] {dag.py:2963} INFO - Creating ORM DAG for dataset_produces_2
[2025-11-24T15:29:12.213+0000] {logging_mixin.py:154} INFO - [2025-11-24T15:29:12.212+0000] {dag.py:2963} INFO - Creating ORM DAG for dataset_consumes_1_and_2
[2025-11-24T15:29:12.267+0000] {logging_mixin.py:154} INFO - [2025-11-24T15:29:12.267+0000] {dag.py:3722} INFO - Setting next_dagrun for dataset_consumes_1 to None, run_after=None
[2025-11-24T15:29:12.268+0000] {logging_mixin.py:154} INFO - [2025-11-24T15:29:12.268+0000] {dag.py:3722} INFO - Setting next_dagrun for dataset_consumes_1_and_2 to None, run_after=None
[2025-11-24T15:29:12.269+0000] {logging_mixin.py:154} INFO - [2025-11-24T15:29:12.269+0000] {dag.py:3722} INFO - Setting next_dagrun for dataset_consumes_1_never_scheduled to None, run_after=None
[2025-11-24T15:29:12.269+0000] {logging_mixin.py:154} INFO - [2025-11-24T15:29:12.269+0000] {dag.py:3722} INFO - Setting next_dagrun for dataset_consumes_unknown_never_scheduled to None, run_after=None
[2025-11-24T15:29:12.281+0000] {logging_mixin.py:154} INFO - [2025-11-24T15:29:12.281+0000] {dag.py:3722} INFO - Setting next_dagrun for dataset_produces_1 to 2025-11-23T00:00:00+00:00, run_after=2025-11-24T00:00:00+00:00
[2025-11-24T15:29:12.282+0000] {logging_mixin.py:154} INFO - [2025-11-24T15:29:12.282+0000] {dag.py:3722} INFO - Setting next_dagrun for dataset_produces_2 to None, run_after=None
[2025-11-24T15:29:12.379+0000] {processor.py:179} INFO - Processing /home/airflow/.local/lib/python3.10/site-packages/airflow/example_dags/example_datasets.py took 1.150 seconds
[2025-11-24T15:29:43.170+0000] {processor.py:157} INFO - Started process (PID=115) to work on /home/airflow/.local/lib/python3.10/site-packages/airflow/example_dags/example_datasets.py
[2025-11-24T15:29:43.172+0000] {processor.py:829} INFO - Processing file /home/airflow/.local/lib/python3.10/site-packages/airflow/example_dags/example_datasets.py for tasks to queue
[2025-11-24T15:29:43.176+0000] {logging_mixin.py:154} INFO - [2025-11-24T15:29:43.176+0000] {dagbag.py:536} INFO - Filling up the DagBag from /home/airflow/.local/lib/python3.10/site-packages/airflow/example_dags/example_datasets.py
[2025-11-24T15:29:43.204+0000] {processor.py:839} INFO - DAG(s) dict_keys(['dataset_consumes_1_and_2', 'dataset_consumes_1_never_scheduled', 'dataset_produces_1', 'dataset_consumes_unknown_never_scheduled', 'dataset_produces_2', 'dataset_consumes_1']) retrieved from /home/airflow/.local/lib/python3.10/site-packages/airflow/example_dags/example_datasets.py
[2025-11-24T15:29:43.324+0000] {logging_mixin.py:154} INFO - [2025-11-24T15:29:43.323+0000] {dag.py:2941} INFO - Sync 6 DAGs
[2025-11-24T15:29:43.362+0000] {logging_mixin.py:154} INFO - [2025-11-24T15:29:43.361+0000] {dag.py:3722} INFO - Setting next_dagrun for dataset_consumes_1 to None, run_after=None
[2025-11-24T15:29:43.367+0000] {logging_mixin.py:154} INFO - [2025-11-24T15:29:43.366+0000] {dag.py:3722} INFO - Setting next_dagrun for dataset_consumes_1_and_2 to None, run_after=None
[2025-11-24T15:29:43.368+0000] {logging_mixin.py:154} INFO - [2025-11-24T15:29:43.368+0000] {dag.py:3722} INFO - Setting next_dagrun for dataset_consumes_1_never_scheduled to None, run_after=None
[2025-11-24T15:29:43.370+0000] {logging_mixin.py:154} INFO - [2025-11-24T15:29:43.370+0000] {dag.py:3722} INFO - Setting next_dagrun for dataset_consumes_unknown_never_scheduled to None, run_after=None
[2025-11-24T15:29:43.375+0000] {logging_mixin.py:154} INFO - [2025-11-24T15:29:43.374+0000] {dag.py:3722} INFO - Setting next_dagrun for dataset_produces_1 to 2025-11-23T00:00:00+00:00, run_after=2025-11-24T00:00:00+00:00
[2025-11-24T15:29:43.376+0000] {logging_mixin.py:154} INFO - [2025-11-24T15:29:43.376+0000] {dag.py:3722} INFO - Setting next_dagrun for dataset_produces_2 to None, run_after=None
[2025-11-24T15:29:43.426+0000] {processor.py:179} INFO - Processing /home/airflow/.local/lib/python3.10/site-packages/airflow/example_dags/example_datasets.py took 0.261 seconds
[2025-11-24T15:30:13.773+0000] {processor.py:157} INFO - Started process (PID=169) to work on /home/airflow/.local/lib/python3.10/site-packages/airflow/example_dags/example_datasets.py
[2025-11-24T15:30:13.779+0000] {processor.py:829} INFO - Processing file /home/airflow/.local/lib/python3.10/site-packages/airflow/example_dags/example_datasets.py for tasks to queue
[2025-11-24T15:30:13.782+0000] {logging_mixin.py:154} INFO - [2025-11-24T15:30:13.782+0000] {dagbag.py:536} INFO - Filling up the DagBag from /home/airflow/.local/lib/python3.10/site-packages/airflow/example_dags/example_datasets.py
[2025-11-24T15:30:13.796+0000] {processor.py:839} INFO - DAG(s) dict_keys(['dataset_consumes_1_never_scheduled', 'dataset_produces_2', 'dataset_produces_1', 'dataset_consumes_1', 'dataset_consumes_1_and_2', 'dataset_consumes_unknown_never_scheduled']) retrieved from /home/airflow/.local/lib/python3.10/site-packages/airflow/example_dags/example_datasets.py
[2025-11-24T15:30:13.848+0000] {logging_mixin.py:154} INFO - [2025-11-24T15:30:13.847+0000] {dag.py:2941} INFO - Sync 6 DAGs
[2025-11-24T15:30:13.926+0000] {logging_mixin.py:154} INFO - [2025-11-24T15:30:13.926+0000] {dag.py:3722} INFO - Setting next_dagrun for dataset_consumes_1 to None, run_after=None
[2025-11-24T15:30:13.933+0000] {logging_mixin.py:154} INFO - [2025-11-24T15:30:13.932+0000] {dag.py:3722} INFO - Setting next_dagrun for dataset_consumes_1_and_2 to None, run_after=None
[2025-11-24T15:30:13.934+0000] {logging_mixin.py:154} INFO - [2025-11-24T15:30:13.934+0000] {dag.py:3722} INFO - Setting next_dagrun for dataset_consumes_1_never_scheduled to None, run_after=None
[2025-11-24T15:30:13.951+0000] {logging_mixin.py:154} INFO - [2025-11-24T15:30:13.949+0000] {dag.py:3722} INFO - Setting next_dagrun for dataset_consumes_unknown_never_scheduled to None, run_after=None
[2025-11-24T15:30:13.957+0000] {logging_mixin.py:154} INFO - [2025-11-24T15:30:13.956+0000] {dag.py:3722} INFO - Setting next_dagrun for dataset_produces_1 to 2025-11-23T00:00:00+00:00, run_after=2025-11-24T00:00:00+00:00
[2025-11-24T15:30:13.967+0000] {logging_mixin.py:154} INFO - [2025-11-24T15:30:13.967+0000] {dag.py:3722} INFO - Setting next_dagrun for dataset_produces_2 to None, run_after=None
[2025-11-24T15:30:14.036+0000] {processor.py:179} INFO - Processing /home/airflow/.local/lib/python3.10/site-packages/airflow/example_dags/example_datasets.py took 0.267 seconds
[2025-11-24T15:30:44.153+0000] {processor.py:157} INFO - Started process (PID=230) to work on /home/airflow/.local/lib/python3.10/site-packages/airflow/example_dags/example_datasets.py
[2025-11-24T15:30:44.163+0000] {processor.py:829} INFO - Processing file /home/airflow/.local/lib/python3.10/site-packages/airflow/example_dags/example_datasets.py for tasks to queue
[2025-11-24T15:30:44.169+0000] {logging_mixin.py:154} INFO - [2025-11-24T15:30:44.169+0000] {dagbag.py:536} INFO - Filling up the DagBag from /home/airflow/.local/lib/python3.10/site-packages/airflow/example_dags/example_datasets.py
[2025-11-24T15:30:44.184+0000] {processor.py:839} INFO - DAG(s) dict_keys(['dataset_consumes_1_and_2', 'dataset_produces_2', 'dataset_consumes_unknown_never_scheduled', 'dataset_consumes_1', 'dataset_consumes_1_never_scheduled', 'dataset_produces_1']) retrieved from /home/airflow/.local/lib/python3.10/site-packages/airflow/example_dags/example_datasets.py
[2025-11-24T15:30:44.245+0000] {logging_mixin.py:154} INFO - [2025-11-24T15:30:44.245+0000] {dag.py:2941} INFO - Sync 6 DAGs
[2025-11-24T15:30:44.280+0000] {logging_mixin.py:154} INFO - [2025-11-24T15:30:44.280+0000] {dag.py:3722} INFO - Setting next_dagrun for dataset_consumes_1 to None, run_after=None
[2025-11-24T15:30:44.285+0000] {logging_mixin.py:154} INFO - [2025-11-24T15:30:44.285+0000] {dag.py:3722} INFO - Setting next_dagrun for dataset_consumes_1_and_2 to None, run_after=None
[2025-11-24T15:30:44.287+0000] {logging_mixin.py:154} INFO - [2025-11-24T15:30:44.287+0000] {dag.py:3722} INFO - Setting next_dagrun for dataset_consumes_1_never_scheduled to None, run_after=None
[2025-11-24T15:30:44.289+0000] {logging_mixin.py:154} INFO - [2025-11-24T15:30:44.289+0000] {dag.py:3722} INFO - Setting next_dagrun for dataset_consumes_unknown_never_scheduled to None, run_after=None
[2025-11-24T15:30:44.293+0000] {logging_mixin.py:154} INFO - [2025-11-24T15:30:44.293+0000] {dag.py:3722} INFO - Setting next_dagrun for dataset_produces_1 to 2025-11-23T00:00:00+00:00, run_after=2025-11-24T00:00:00+00:00
[2025-11-24T15:30:44.295+0000] {logging_mixin.py:154} INFO - [2025-11-24T15:30:44.295+0000] {dag.py:3722} INFO - Setting next_dagrun for dataset_produces_2 to None, run_after=None
[2025-11-24T15:30:44.378+0000] {processor.py:179} INFO - Processing /home/airflow/.local/lib/python3.10/site-packages/airflow/example_dags/example_datasets.py took 0.230 seconds
[2025-11-24T15:31:14.861+0000] {processor.py:157} INFO - Started process (PID=285) to work on /home/airflow/.local/lib/python3.10/site-packages/airflow/example_dags/example_datasets.py
[2025-11-24T15:31:14.863+0000] {processor.py:829} INFO - Processing file /home/airflow/.local/lib/python3.10/site-packages/airflow/example_dags/example_datasets.py for tasks to queue
[2025-11-24T15:31:14.865+0000] {logging_mixin.py:154} INFO - [2025-11-24T15:31:14.865+0000] {dagbag.py:536} INFO - Filling up the DagBag from /home/airflow/.local/lib/python3.10/site-packages/airflow/example_dags/example_datasets.py
[2025-11-24T15:31:14.880+0000] {processor.py:839} INFO - DAG(s) dict_keys(['dataset_consumes_1', 'dataset_consumes_1_never_scheduled', 'dataset_consumes_unknown_never_scheduled', 'dataset_produces_1', 'dataset_consumes_1_and_2', 'dataset_produces_2']) retrieved from /home/airflow/.local/lib/python3.10/site-packages/airflow/example_dags/example_datasets.py
[2025-11-24T15:31:14.928+0000] {logging_mixin.py:154} INFO - [2025-11-24T15:31:14.928+0000] {dag.py:2941} INFO - Sync 6 DAGs
[2025-11-24T15:31:14.962+0000] {logging_mixin.py:154} INFO - [2025-11-24T15:31:14.962+0000] {dag.py:3722} INFO - Setting next_dagrun for dataset_consumes_1 to None, run_after=None
[2025-11-24T15:31:14.968+0000] {logging_mixin.py:154} INFO - [2025-11-24T15:31:14.967+0000] {dag.py:3722} INFO - Setting next_dagrun for dataset_consumes_1_and_2 to None, run_after=None
[2025-11-24T15:31:14.969+0000] {logging_mixin.py:154} INFO - [2025-11-24T15:31:14.969+0000] {dag.py:3722} INFO - Setting next_dagrun for dataset_consumes_1_never_scheduled to None, run_after=None
[2025-11-24T15:31:14.970+0000] {logging_mixin.py:154} INFO - [2025-11-24T15:31:14.970+0000] {dag.py:3722} INFO - Setting next_dagrun for dataset_consumes_unknown_never_scheduled to None, run_after=None
[2025-11-24T15:31:14.973+0000] {logging_mixin.py:154} INFO - [2025-11-24T15:31:14.973+0000] {dag.py:3722} INFO - Setting next_dagrun for dataset_produces_1 to 2025-11-23T00:00:00+00:00, run_after=2025-11-24T00:00:00+00:00
[2025-11-24T15:31:14.974+0000] {logging_mixin.py:154} INFO - [2025-11-24T15:31:14.974+0000] {dag.py:3722} INFO - Setting next_dagrun for dataset_produces_2 to None, run_after=None
[2025-11-24T15:31:15.025+0000] {processor.py:179} INFO - Processing /home/airflow/.local/lib/python3.10/site-packages/airflow/example_dags/example_datasets.py took 0.169 seconds
[2025-11-24T15:31:45.313+0000] {processor.py:157} INFO - Started process (PID=339) to work on /home/airflow/.local/lib/python3.10/site-packages/airflow/example_dags/example_datasets.py
[2025-11-24T15:31:45.316+0000] {processor.py:829} INFO - Processing file /home/airflow/.local/lib/python3.10/site-packages/airflow/example_dags/example_datasets.py for tasks to queue
[2025-11-24T15:31:45.318+0000] {logging_mixin.py:154} INFO - [2025-11-24T15:31:45.318+0000] {dagbag.py:536} INFO - Filling up the DagBag from /home/airflow/.local/lib/python3.10/site-packages/airflow/example_dags/example_datasets.py
[2025-11-24T15:31:45.332+0000] {processor.py:839} INFO - DAG(s) dict_keys(['dataset_produces_2', 'dataset_consumes_1_and_2', 'dataset_consumes_unknown_never_scheduled', 'dataset_produces_1', 'dataset_consumes_1_never_scheduled', 'dataset_consumes_1']) retrieved from /home/airflow/.local/lib/python3.10/site-packages/airflow/example_dags/example_datasets.py
[2025-11-24T15:31:45.390+0000] {logging_mixin.py:154} INFO - [2025-11-24T15:31:45.389+0000] {dag.py:2941} INFO - Sync 6 DAGs
[2025-11-24T15:31:45.424+0000] {logging_mixin.py:154} INFO - [2025-11-24T15:31:45.423+0000] {dag.py:3722} INFO - Setting next_dagrun for dataset_consumes_1 to None, run_after=None
[2025-11-24T15:31:45.429+0000] {logging_mixin.py:154} INFO - [2025-11-24T15:31:45.429+0000] {dag.py:3722} INFO - Setting next_dagrun for dataset_consumes_1_and_2 to None, run_after=None
[2025-11-24T15:31:45.431+0000] {logging_mixin.py:154} INFO - [2025-11-24T15:31:45.431+0000] {dag.py:3722} INFO - Setting next_dagrun for dataset_consumes_1_never_scheduled to None, run_after=None
[2025-11-24T15:31:45.433+0000] {logging_mixin.py:154} INFO - [2025-11-24T15:31:45.432+0000] {dag.py:3722} INFO - Setting next_dagrun for dataset_consumes_unknown_never_scheduled to None, run_after=None
[2025-11-24T15:31:45.437+0000] {logging_mixin.py:154} INFO - [2025-11-24T15:31:45.437+0000] {dag.py:3722} INFO - Setting next_dagrun for dataset_produces_1 to 2025-11-23T00:00:00+00:00, run_after=2025-11-24T00:00:00+00:00
[2025-11-24T15:31:45.439+0000] {logging_mixin.py:154} INFO - [2025-11-24T15:31:45.439+0000] {dag.py:3722} INFO - Setting next_dagrun for dataset_produces_2 to None, run_after=None
[2025-11-24T15:31:45.501+0000] {processor.py:179} INFO - Processing /home/airflow/.local/lib/python3.10/site-packages/airflow/example_dags/example_datasets.py took 0.193 seconds
[2025-11-24T15:32:15.848+0000] {processor.py:157} INFO - Started process (PID=392) to work on /home/airflow/.local/lib/python3.10/site-packages/airflow/example_dags/example_datasets.py
[2025-11-24T15:32:15.854+0000] {processor.py:829} INFO - Processing file /home/airflow/.local/lib/python3.10/site-packages/airflow/example_dags/example_datasets.py for tasks to queue
[2025-11-24T15:32:15.856+0000] {logging_mixin.py:154} INFO - [2025-11-24T15:32:15.856+0000] {dagbag.py:536} INFO - Filling up the DagBag from /home/airflow/.local/lib/python3.10/site-packages/airflow/example_dags/example_datasets.py
[2025-11-24T15:32:15.885+0000] {processor.py:839} INFO - DAG(s) dict_keys(['dataset_consumes_unknown_never_scheduled', 'dataset_produces_1', 'dataset_consumes_1_and_2', 'dataset_consumes_1', 'dataset_consumes_1_never_scheduled', 'dataset_produces_2']) retrieved from /home/airflow/.local/lib/python3.10/site-packages/airflow/example_dags/example_datasets.py
[2025-11-24T15:32:16.031+0000] {logging_mixin.py:154} INFO - [2025-11-24T15:32:16.030+0000] {dag.py:2941} INFO - Sync 6 DAGs
[2025-11-24T15:32:16.127+0000] {logging_mixin.py:154} INFO - [2025-11-24T15:32:16.127+0000] {dag.py:3722} INFO - Setting next_dagrun for dataset_consumes_1 to None, run_after=None
[2025-11-24T15:32:16.139+0000] {logging_mixin.py:154} INFO - [2025-11-24T15:32:16.139+0000] {dag.py:3722} INFO - Setting next_dagrun for dataset_consumes_1_and_2 to None, run_after=None
[2025-11-24T15:32:16.146+0000] {logging_mixin.py:154} INFO - [2025-11-24T15:32:16.146+0000] {dag.py:3722} INFO - Setting next_dagrun for dataset_consumes_1_never_scheduled to None, run_after=None
[2025-11-24T15:32:16.153+0000] {logging_mixin.py:154} INFO - [2025-11-24T15:32:16.152+0000] {dag.py:3722} INFO - Setting next_dagrun for dataset_consumes_unknown_never_scheduled to None, run_after=None
[2025-11-24T15:32:16.162+0000] {logging_mixin.py:154} INFO - [2025-11-24T15:32:16.162+0000] {dag.py:3722} INFO - Setting next_dagrun for dataset_produces_1 to 2025-11-23T00:00:00+00:00, run_after=2025-11-24T00:00:00+00:00
[2025-11-24T15:32:16.175+0000] {logging_mixin.py:154} INFO - [2025-11-24T15:32:16.175+0000] {dag.py:3722} INFO - Setting next_dagrun for dataset_produces_2 to None, run_after=None
[2025-11-24T15:32:16.315+0000] {processor.py:179} INFO - Processing /home/airflow/.local/lib/python3.10/site-packages/airflow/example_dags/example_datasets.py took 0.481 seconds
[2025-11-24T15:32:46.965+0000] {processor.py:157} INFO - Started process (PID=446) to work on /home/airflow/.local/lib/python3.10/site-packages/airflow/example_dags/example_datasets.py
[2025-11-24T15:32:46.967+0000] {processor.py:829} INFO - Processing file /home/airflow/.local/lib/python3.10/site-packages/airflow/example_dags/example_datasets.py for tasks to queue
[2025-11-24T15:32:46.969+0000] {logging_mixin.py:154} INFO - [2025-11-24T15:32:46.969+0000] {dagbag.py:536} INFO - Filling up the DagBag from /home/airflow/.local/lib/python3.10/site-packages/airflow/example_dags/example_datasets.py
[2025-11-24T15:32:46.983+0000] {processor.py:839} INFO - DAG(s) dict_keys(['dataset_produces_2', 'dataset_produces_1', 'dataset_consumes_1_never_scheduled', 'dataset_consumes_1_and_2', 'dataset_consumes_1', 'dataset_consumes_unknown_never_scheduled']) retrieved from /home/airflow/.local/lib/python3.10/site-packages/airflow/example_dags/example_datasets.py
[2025-11-24T15:32:47.034+0000] {logging_mixin.py:154} INFO - [2025-11-24T15:32:47.034+0000] {dag.py:2941} INFO - Sync 6 DAGs
[2025-11-24T15:32:47.074+0000] {logging_mixin.py:154} INFO - [2025-11-24T15:32:47.074+0000] {dag.py:3722} INFO - Setting next_dagrun for dataset_consumes_1 to None, run_after=None
[2025-11-24T15:32:47.079+0000] {logging_mixin.py:154} INFO - [2025-11-24T15:32:47.079+0000] {dag.py:3722} INFO - Setting next_dagrun for dataset_consumes_1_and_2 to None, run_after=None
[2025-11-24T15:32:47.080+0000] {logging_mixin.py:154} INFO - [2025-11-24T15:32:47.080+0000] {dag.py:3722} INFO - Setting next_dagrun for dataset_consumes_1_never_scheduled to None, run_after=None
[2025-11-24T15:32:47.082+0000] {logging_mixin.py:154} INFO - [2025-11-24T15:32:47.082+0000] {dag.py:3722} INFO - Setting next_dagrun for dataset_consumes_unknown_never_scheduled to None, run_after=None
[2025-11-24T15:32:47.086+0000] {logging_mixin.py:154} INFO - [2025-11-24T15:32:47.086+0000] {dag.py:3722} INFO - Setting next_dagrun for dataset_produces_1 to 2025-11-23T00:00:00+00:00, run_after=2025-11-24T00:00:00+00:00
[2025-11-24T15:32:47.088+0000] {logging_mixin.py:154} INFO - [2025-11-24T15:32:47.088+0000] {dag.py:3722} INFO - Setting next_dagrun for dataset_produces_2 to None, run_after=None
[2025-11-24T15:32:47.128+0000] {processor.py:179} INFO - Processing /home/airflow/.local/lib/python3.10/site-packages/airflow/example_dags/example_datasets.py took 0.168 seconds
[2025-11-24T15:33:17.695+0000] {processor.py:157} INFO - Started process (PID=500) to work on /home/airflow/.local/lib/python3.10/site-packages/airflow/example_dags/example_datasets.py
[2025-11-24T15:33:17.705+0000] {processor.py:829} INFO - Processing file /home/airflow/.local/lib/python3.10/site-packages/airflow/example_dags/example_datasets.py for tasks to queue
[2025-11-24T15:33:17.707+0000] {logging_mixin.py:154} INFO - [2025-11-24T15:33:17.707+0000] {dagbag.py:536} INFO - Filling up the DagBag from /home/airflow/.local/lib/python3.10/site-packages/airflow/example_dags/example_datasets.py
[2025-11-24T15:33:17.719+0000] {processor.py:839} INFO - DAG(s) dict_keys(['dataset_consumes_unknown_never_scheduled', 'dataset_consumes_1_never_scheduled', 'dataset_consumes_1_and_2', 'dataset_consumes_1', 'dataset_produces_1', 'dataset_produces_2']) retrieved from /home/airflow/.local/lib/python3.10/site-packages/airflow/example_dags/example_datasets.py
[2025-11-24T15:33:17.819+0000] {logging_mixin.py:154} INFO - [2025-11-24T15:33:17.819+0000] {dag.py:2941} INFO - Sync 6 DAGs
[2025-11-24T15:33:17.855+0000] {logging_mixin.py:154} INFO - [2025-11-24T15:33:17.855+0000] {dag.py:3722} INFO - Setting next_dagrun for dataset_consumes_1 to None, run_after=None
[2025-11-24T15:33:17.864+0000] {logging_mixin.py:154} INFO - [2025-11-24T15:33:17.864+0000] {dag.py:3722} INFO - Setting next_dagrun for dataset_consumes_1_and_2 to None, run_after=None
[2025-11-24T15:33:17.866+0000] {logging_mixin.py:154} INFO - [2025-11-24T15:33:17.866+0000] {dag.py:3722} INFO - Setting next_dagrun for dataset_consumes_1_never_scheduled to None, run_after=None
[2025-11-24T15:33:17.868+0000] {logging_mixin.py:154} INFO - [2025-11-24T15:33:17.868+0000] {dag.py:3722} INFO - Setting next_dagrun for dataset_consumes_unknown_never_scheduled to None, run_after=None
[2025-11-24T15:33:17.873+0000] {logging_mixin.py:154} INFO - [2025-11-24T15:33:17.872+0000] {dag.py:3722} INFO - Setting next_dagrun for dataset_produces_1 to 2025-11-23T00:00:00+00:00, run_after=2025-11-24T00:00:00+00:00
[2025-11-24T15:33:17.875+0000] {logging_mixin.py:154} INFO - [2025-11-24T15:33:17.874+0000] {dag.py:3722} INFO - Setting next_dagrun for dataset_produces_2 to None, run_after=None
[2025-11-24T15:33:17.954+0000] {processor.py:179} INFO - Processing /home/airflow/.local/lib/python3.10/site-packages/airflow/example_dags/example_datasets.py took 0.264 seconds
[2025-11-24T15:33:48.288+0000] {processor.py:157} INFO - Started process (PID=554) to work on /home/airflow/.local/lib/python3.10/site-packages/airflow/example_dags/example_datasets.py
[2025-11-24T15:33:48.290+0000] {processor.py:829} INFO - Processing file /home/airflow/.local/lib/python3.10/site-packages/airflow/example_dags/example_datasets.py for tasks to queue
[2025-11-24T15:33:48.293+0000] {logging_mixin.py:154} INFO - [2025-11-24T15:33:48.292+0000] {dagbag.py:536} INFO - Filling up the DagBag from /home/airflow/.local/lib/python3.10/site-packages/airflow/example_dags/example_datasets.py
[2025-11-24T15:33:48.312+0000] {processor.py:839} INFO - DAG(s) dict_keys(['dataset_consumes_1', 'dataset_produces_1', 'dataset_produces_2', 'dataset_consumes_1_never_scheduled', 'dataset_consumes_unknown_never_scheduled', 'dataset_consumes_1_and_2']) retrieved from /home/airflow/.local/lib/python3.10/site-packages/airflow/example_dags/example_datasets.py
[2025-11-24T15:33:48.371+0000] {logging_mixin.py:154} INFO - [2025-11-24T15:33:48.370+0000] {dag.py:2941} INFO - Sync 6 DAGs
[2025-11-24T15:33:48.411+0000] {logging_mixin.py:154} INFO - [2025-11-24T15:33:48.410+0000] {dag.py:3722} INFO - Setting next_dagrun for dataset_consumes_1 to None, run_after=None
[2025-11-24T15:33:48.416+0000] {logging_mixin.py:154} INFO - [2025-11-24T15:33:48.416+0000] {dag.py:3722} INFO - Setting next_dagrun for dataset_consumes_1_and_2 to None, run_after=None
[2025-11-24T15:33:48.418+0000] {logging_mixin.py:154} INFO - [2025-11-24T15:33:48.418+0000] {dag.py:3722} INFO - Setting next_dagrun for dataset_consumes_1_never_scheduled to None, run_after=None
[2025-11-24T15:33:48.423+0000] {logging_mixin.py:154} INFO - [2025-11-24T15:33:48.422+0000] {dag.py:3722} INFO - Setting next_dagrun for dataset_consumes_unknown_never_scheduled to None, run_after=None
[2025-11-24T15:33:48.427+0000] {logging_mixin.py:154} INFO - [2025-11-24T15:33:48.427+0000] {dag.py:3722} INFO - Setting next_dagrun for dataset_produces_1 to 2025-11-23T00:00:00+00:00, run_after=2025-11-24T00:00:00+00:00
[2025-11-24T15:33:48.429+0000] {logging_mixin.py:154} INFO - [2025-11-24T15:33:48.429+0000] {dag.py:3722} INFO - Setting next_dagrun for dataset_produces_2 to None, run_after=None
[2025-11-24T15:33:48.470+0000] {processor.py:179} INFO - Processing /home/airflow/.local/lib/python3.10/site-packages/airflow/example_dags/example_datasets.py took 0.186 seconds
[2025-11-24T15:34:18.565+0000] {processor.py:157} INFO - Started process (PID=608) to work on /home/airflow/.local/lib/python3.10/site-packages/airflow/example_dags/example_datasets.py
[2025-11-24T15:34:18.567+0000] {processor.py:829} INFO - Processing file /home/airflow/.local/lib/python3.10/site-packages/airflow/example_dags/example_datasets.py for tasks to queue
[2025-11-24T15:34:18.569+0000] {logging_mixin.py:154} INFO - [2025-11-24T15:34:18.569+0000] {dagbag.py:536} INFO - Filling up the DagBag from /home/airflow/.local/lib/python3.10/site-packages/airflow/example_dags/example_datasets.py
[2025-11-24T15:34:18.584+0000] {processor.py:839} INFO - DAG(s) dict_keys(['dataset_consumes_1_never_scheduled', 'dataset_produces_2', 'dataset_consumes_1', 'dataset_produces_1', 'dataset_consumes_1_and_2', 'dataset_consumes_unknown_never_scheduled']) retrieved from /home/airflow/.local/lib/python3.10/site-packages/airflow/example_dags/example_datasets.py
[2025-11-24T15:34:18.635+0000] {logging_mixin.py:154} INFO - [2025-11-24T15:34:18.635+0000] {dag.py:2941} INFO - Sync 6 DAGs
[2025-11-24T15:34:18.673+0000] {logging_mixin.py:154} INFO - [2025-11-24T15:34:18.673+0000] {dag.py:3722} INFO - Setting next_dagrun for dataset_consumes_1 to None, run_after=None
[2025-11-24T15:34:18.679+0000] {logging_mixin.py:154} INFO - [2025-11-24T15:34:18.678+0000] {dag.py:3722} INFO - Setting next_dagrun for dataset_consumes_1_and_2 to None, run_after=None
[2025-11-24T15:34:18.681+0000] {logging_mixin.py:154} INFO - [2025-11-24T15:34:18.680+0000] {dag.py:3722} INFO - Setting next_dagrun for dataset_consumes_1_never_scheduled to None, run_after=None
[2025-11-24T15:34:18.682+0000] {logging_mixin.py:154} INFO - [2025-11-24T15:34:18.682+0000] {dag.py:3722} INFO - Setting next_dagrun for dataset_consumes_unknown_never_scheduled to None, run_after=None
[2025-11-24T15:34:18.686+0000] {logging_mixin.py:154} INFO - [2025-11-24T15:34:18.686+0000] {dag.py:3722} INFO - Setting next_dagrun for dataset_produces_1 to 2025-11-23T00:00:00+00:00, run_after=2025-11-24T00:00:00+00:00
[2025-11-24T15:34:18.687+0000] {logging_mixin.py:154} INFO - [2025-11-24T15:34:18.687+0000] {dag.py:3722} INFO - Setting next_dagrun for dataset_produces_2 to None, run_after=None
[2025-11-24T15:34:18.727+0000] {processor.py:179} INFO - Processing /home/airflow/.local/lib/python3.10/site-packages/airflow/example_dags/example_datasets.py took 0.167 seconds
[2025-11-24T15:34:49.017+0000] {processor.py:157} INFO - Started process (PID=661) to work on /home/airflow/.local/lib/python3.10/site-packages/airflow/example_dags/example_datasets.py
[2025-11-24T15:34:49.019+0000] {processor.py:829} INFO - Processing file /home/airflow/.local/lib/python3.10/site-packages/airflow/example_dags/example_datasets.py for tasks to queue
[2025-11-24T15:34:49.021+0000] {logging_mixin.py:154} INFO - [2025-11-24T15:34:49.021+0000] {dagbag.py:536} INFO - Filling up the DagBag from /home/airflow/.local/lib/python3.10/site-packages/airflow/example_dags/example_datasets.py
[2025-11-24T15:34:49.037+0000] {processor.py:839} INFO - DAG(s) dict_keys(['dataset_consumes_unknown_never_scheduled', 'dataset_consumes_1', 'dataset_produces_1', 'dataset_consumes_1_and_2', 'dataset_consumes_1_never_scheduled', 'dataset_produces_2']) retrieved from /home/airflow/.local/lib/python3.10/site-packages/airflow/example_dags/example_datasets.py
[2025-11-24T15:34:49.151+0000] {logging_mixin.py:154} INFO - [2025-11-24T15:34:49.151+0000] {dag.py:2941} INFO - Sync 6 DAGs
[2025-11-24T15:34:49.202+0000] {logging_mixin.py:154} INFO - [2025-11-24T15:34:49.202+0000] {dag.py:3722} INFO - Setting next_dagrun for dataset_consumes_1 to None, run_after=None
[2025-11-24T15:34:49.207+0000] {logging_mixin.py:154} INFO - [2025-11-24T15:34:49.207+0000] {dag.py:3722} INFO - Setting next_dagrun for dataset_consumes_1_and_2 to None, run_after=None
[2025-11-24T15:34:49.210+0000] {logging_mixin.py:154} INFO - [2025-11-24T15:34:49.209+0000] {dag.py:3722} INFO - Setting next_dagrun for dataset_consumes_1_never_scheduled to None, run_after=None
[2025-11-24T15:34:49.211+0000] {logging_mixin.py:154} INFO - [2025-11-24T15:34:49.211+0000] {dag.py:3722} INFO - Setting next_dagrun for dataset_consumes_unknown_never_scheduled to None, run_after=None
[2025-11-24T15:34:49.215+0000] {logging_mixin.py:154} INFO - [2025-11-24T15:34:49.215+0000] {dag.py:3722} INFO - Setting next_dagrun for dataset_produces_1 to 2025-11-23T00:00:00+00:00, run_after=2025-11-24T00:00:00+00:00
[2025-11-24T15:34:49.217+0000] {logging_mixin.py:154} INFO - [2025-11-24T15:34:49.217+0000] {dag.py:3722} INFO - Setting next_dagrun for dataset_produces_2 to None, run_after=None
[2025-11-24T15:34:49.259+0000] {processor.py:179} INFO - Processing /home/airflow/.local/lib/python3.10/site-packages/airflow/example_dags/example_datasets.py took 0.247 seconds
[2025-11-24T15:35:19.992+0000] {processor.py:157} INFO - Started process (PID=714) to work on /home/airflow/.local/lib/python3.10/site-packages/airflow/example_dags/example_datasets.py
[2025-11-24T15:35:19.994+0000] {processor.py:829} INFO - Processing file /home/airflow/.local/lib/python3.10/site-packages/airflow/example_dags/example_datasets.py for tasks to queue
[2025-11-24T15:35:19.997+0000] {logging_mixin.py:154} INFO - [2025-11-24T15:35:19.996+0000] {dagbag.py:536} INFO - Filling up the DagBag from /home/airflow/.local/lib/python3.10/site-packages/airflow/example_dags/example_datasets.py
[2025-11-24T15:35:20.012+0000] {processor.py:839} INFO - DAG(s) dict_keys(['dataset_consumes_1_and_2', 'dataset_consumes_1', 'dataset_produces_2', 'dataset_consumes_unknown_never_scheduled', 'dataset_consumes_1_never_scheduled', 'dataset_produces_1']) retrieved from /home/airflow/.local/lib/python3.10/site-packages/airflow/example_dags/example_datasets.py
[2025-11-24T15:35:20.065+0000] {logging_mixin.py:154} INFO - [2025-11-24T15:35:20.064+0000] {dag.py:2941} INFO - Sync 6 DAGs
[2025-11-24T15:35:20.100+0000] {logging_mixin.py:154} INFO - [2025-11-24T15:35:20.100+0000] {dag.py:3722} INFO - Setting next_dagrun for dataset_consumes_1 to None, run_after=None
[2025-11-24T15:35:20.105+0000] {logging_mixin.py:154} INFO - [2025-11-24T15:35:20.105+0000] {dag.py:3722} INFO - Setting next_dagrun for dataset_consumes_1_and_2 to None, run_after=None
[2025-11-24T15:35:20.107+0000] {logging_mixin.py:154} INFO - [2025-11-24T15:35:20.107+0000] {dag.py:3722} INFO - Setting next_dagrun for dataset_consumes_1_never_scheduled to None, run_after=None
[2025-11-24T15:35:20.109+0000] {logging_mixin.py:154} INFO - [2025-11-24T15:35:20.109+0000] {dag.py:3722} INFO - Setting next_dagrun for dataset_consumes_unknown_never_scheduled to None, run_after=None
[2025-11-24T15:35:20.113+0000] {logging_mixin.py:154} INFO - [2025-11-24T15:35:20.113+0000] {dag.py:3722} INFO - Setting next_dagrun for dataset_produces_1 to 2025-11-23T00:00:00+00:00, run_after=2025-11-24T00:00:00+00:00
[2025-11-24T15:35:20.116+0000] {logging_mixin.py:154} INFO - [2025-11-24T15:35:20.115+0000] {dag.py:3722} INFO - Setting next_dagrun for dataset_produces_2 to None, run_after=None
[2025-11-24T15:35:20.192+0000] {processor.py:179} INFO - Processing /home/airflow/.local/lib/python3.10/site-packages/airflow/example_dags/example_datasets.py took 0.206 seconds
[2025-11-24T15:35:50.372+0000] {processor.py:157} INFO - Started process (PID=768) to work on /home/airflow/.local/lib/python3.10/site-packages/airflow/example_dags/example_datasets.py
[2025-11-24T15:35:50.373+0000] {processor.py:829} INFO - Processing file /home/airflow/.local/lib/python3.10/site-packages/airflow/example_dags/example_datasets.py for tasks to queue
[2025-11-24T15:35:50.376+0000] {logging_mixin.py:154} INFO - [2025-11-24T15:35:50.376+0000] {dagbag.py:536} INFO - Filling up the DagBag from /home/airflow/.local/lib/python3.10/site-packages/airflow/example_dags/example_datasets.py
[2025-11-24T15:35:50.391+0000] {processor.py:839} INFO - DAG(s) dict_keys(['dataset_consumes_1_and_2', 'dataset_consumes_1_never_scheduled', 'dataset_produces_1', 'dataset_produces_2', 'dataset_consumes_unknown_never_scheduled', 'dataset_consumes_1']) retrieved from /home/airflow/.local/lib/python3.10/site-packages/airflow/example_dags/example_datasets.py
[2025-11-24T15:35:50.443+0000] {logging_mixin.py:154} INFO - [2025-11-24T15:35:50.443+0000] {dag.py:2941} INFO - Sync 6 DAGs
[2025-11-24T15:35:50.495+0000] {logging_mixin.py:154} INFO - [2025-11-24T15:35:50.495+0000] {dag.py:3722} INFO - Setting next_dagrun for dataset_consumes_1 to None, run_after=None
[2025-11-24T15:35:50.500+0000] {logging_mixin.py:154} INFO - [2025-11-24T15:35:50.500+0000] {dag.py:3722} INFO - Setting next_dagrun for dataset_consumes_1_and_2 to None, run_after=None
[2025-11-24T15:35:50.502+0000] {logging_mixin.py:154} INFO - [2025-11-24T15:35:50.502+0000] {dag.py:3722} INFO - Setting next_dagrun for dataset_consumes_1_never_scheduled to None, run_after=None
[2025-11-24T15:35:50.504+0000] {logging_mixin.py:154} INFO - [2025-11-24T15:35:50.504+0000] {dag.py:3722} INFO - Setting next_dagrun for dataset_consumes_unknown_never_scheduled to None, run_after=None
[2025-11-24T15:35:50.508+0000] {logging_mixin.py:154} INFO - [2025-11-24T15:35:50.508+0000] {dag.py:3722} INFO - Setting next_dagrun for dataset_produces_1 to 2025-11-23T00:00:00+00:00, run_after=2025-11-24T00:00:00+00:00
[2025-11-24T15:35:50.510+0000] {logging_mixin.py:154} INFO - [2025-11-24T15:35:50.510+0000] {dag.py:3722} INFO - Setting next_dagrun for dataset_produces_2 to None, run_after=None
[2025-11-24T15:35:50.552+0000] {processor.py:179} INFO - Processing /home/airflow/.local/lib/python3.10/site-packages/airflow/example_dags/example_datasets.py took 0.185 seconds
[2025-11-24T15:36:20.884+0000] {processor.py:157} INFO - Started process (PID=823) to work on /home/airflow/.local/lib/python3.10/site-packages/airflow/example_dags/example_datasets.py
[2025-11-24T15:36:20.886+0000] {processor.py:829} INFO - Processing file /home/airflow/.local/lib/python3.10/site-packages/airflow/example_dags/example_datasets.py for tasks to queue
[2025-11-24T15:36:20.889+0000] {logging_mixin.py:154} INFO - [2025-11-24T15:36:20.888+0000] {dagbag.py:536} INFO - Filling up the DagBag from /home/airflow/.local/lib/python3.10/site-packages/airflow/example_dags/example_datasets.py
[2025-11-24T15:36:20.904+0000] {processor.py:839} INFO - DAG(s) dict_keys(['dataset_consumes_1', 'dataset_consumes_1_never_scheduled', 'dataset_consumes_unknown_never_scheduled', 'dataset_consumes_1_and_2', 'dataset_produces_1', 'dataset_produces_2']) retrieved from /home/airflow/.local/lib/python3.10/site-packages/airflow/example_dags/example_datasets.py
[2025-11-24T15:36:20.956+0000] {logging_mixin.py:154} INFO - [2025-11-24T15:36:20.955+0000] {dag.py:2941} INFO - Sync 6 DAGs
[2025-11-24T15:36:20.990+0000] {logging_mixin.py:154} INFO - [2025-11-24T15:36:20.990+0000] {dag.py:3722} INFO - Setting next_dagrun for dataset_consumes_1 to None, run_after=None
[2025-11-24T15:36:20.994+0000] {logging_mixin.py:154} INFO - [2025-11-24T15:36:20.994+0000] {dag.py:3722} INFO - Setting next_dagrun for dataset_consumes_1_and_2 to None, run_after=None
[2025-11-24T15:36:21.000+0000] {logging_mixin.py:154} INFO - [2025-11-24T15:36:21.000+0000] {dag.py:3722} INFO - Setting next_dagrun for dataset_consumes_1_never_scheduled to None, run_after=None
[2025-11-24T15:36:21.002+0000] {logging_mixin.py:154} INFO - [2025-11-24T15:36:21.002+0000] {dag.py:3722} INFO - Setting next_dagrun for dataset_consumes_unknown_never_scheduled to None, run_after=None
[2025-11-24T15:36:21.007+0000] {logging_mixin.py:154} INFO - [2025-11-24T15:36:21.007+0000] {dag.py:3722} INFO - Setting next_dagrun for dataset_produces_1 to 2025-11-23T00:00:00+00:00, run_after=2025-11-24T00:00:00+00:00
[2025-11-24T15:36:21.009+0000] {logging_mixin.py:154} INFO - [2025-11-24T15:36:21.009+0000] {dag.py:3722} INFO - Setting next_dagrun for dataset_produces_2 to None, run_after=None
[2025-11-24T15:36:21.049+0000] {processor.py:179} INFO - Processing /home/airflow/.local/lib/python3.10/site-packages/airflow/example_dags/example_datasets.py took 0.170 seconds
[2025-11-24T15:36:51.254+0000] {processor.py:157} INFO - Started process (PID=877) to work on /home/airflow/.local/lib/python3.10/site-packages/airflow/example_dags/example_datasets.py
[2025-11-24T15:36:51.255+0000] {processor.py:829} INFO - Processing file /home/airflow/.local/lib/python3.10/site-packages/airflow/example_dags/example_datasets.py for tasks to queue
[2025-11-24T15:36:51.258+0000] {logging_mixin.py:154} INFO - [2025-11-24T15:36:51.258+0000] {dagbag.py:536} INFO - Filling up the DagBag from /home/airflow/.local/lib/python3.10/site-packages/airflow/example_dags/example_datasets.py
[2025-11-24T15:36:51.273+0000] {processor.py:839} INFO - DAG(s) dict_keys(['dataset_produces_1', 'dataset_consumes_1_and_2', 'dataset_produces_2', 'dataset_consumes_unknown_never_scheduled', 'dataset_consumes_1', 'dataset_consumes_1_never_scheduled']) retrieved from /home/airflow/.local/lib/python3.10/site-packages/airflow/example_dags/example_datasets.py
[2025-11-24T15:36:51.325+0000] {logging_mixin.py:154} INFO - [2025-11-24T15:36:51.325+0000] {dag.py:2941} INFO - Sync 6 DAGs
[2025-11-24T15:36:51.361+0000] {logging_mixin.py:154} INFO - [2025-11-24T15:36:51.360+0000] {dag.py:3722} INFO - Setting next_dagrun for dataset_consumes_1 to None, run_after=None
[2025-11-24T15:36:51.366+0000] {logging_mixin.py:154} INFO - [2025-11-24T15:36:51.365+0000] {dag.py:3722} INFO - Setting next_dagrun for dataset_consumes_1_and_2 to None, run_after=None
[2025-11-24T15:36:51.368+0000] {logging_mixin.py:154} INFO - [2025-11-24T15:36:51.367+0000] {dag.py:3722} INFO - Setting next_dagrun for dataset_consumes_1_never_scheduled to None, run_after=None
[2025-11-24T15:36:51.370+0000] {logging_mixin.py:154} INFO - [2025-11-24T15:36:51.369+0000] {dag.py:3722} INFO - Setting next_dagrun for dataset_consumes_unknown_never_scheduled to None, run_after=None
[2025-11-24T15:36:51.374+0000] {logging_mixin.py:154} INFO - [2025-11-24T15:36:51.374+0000] {dag.py:3722} INFO - Setting next_dagrun for dataset_produces_1 to 2025-11-23T00:00:00+00:00, run_after=2025-11-24T00:00:00+00:00
[2025-11-24T15:36:51.375+0000] {logging_mixin.py:154} INFO - [2025-11-24T15:36:51.375+0000] {dag.py:3722} INFO - Setting next_dagrun for dataset_produces_2 to None, run_after=None
[2025-11-24T15:36:51.419+0000] {processor.py:179} INFO - Processing /home/airflow/.local/lib/python3.10/site-packages/airflow/example_dags/example_datasets.py took 0.170 seconds
[2025-11-24T15:37:21.854+0000] {processor.py:157} INFO - Started process (PID=931) to work on /home/airflow/.local/lib/python3.10/site-packages/airflow/example_dags/example_datasets.py
[2025-11-24T15:37:21.862+0000] {processor.py:829} INFO - Processing file /home/airflow/.local/lib/python3.10/site-packages/airflow/example_dags/example_datasets.py for tasks to queue
[2025-11-24T15:37:21.865+0000] {logging_mixin.py:154} INFO - [2025-11-24T15:37:21.865+0000] {dagbag.py:536} INFO - Filling up the DagBag from /home/airflow/.local/lib/python3.10/site-packages/airflow/example_dags/example_datasets.py
[2025-11-24T15:37:21.900+0000] {processor.py:839} INFO - DAG(s) dict_keys(['dataset_consumes_1_and_2', 'dataset_consumes_1_never_scheduled', 'dataset_consumes_unknown_never_scheduled', 'dataset_consumes_1', 'dataset_produces_1', 'dataset_produces_2']) retrieved from /home/airflow/.local/lib/python3.10/site-packages/airflow/example_dags/example_datasets.py
[2025-11-24T15:37:21.964+0000] {logging_mixin.py:154} INFO - [2025-11-24T15:37:21.963+0000] {dag.py:2941} INFO - Sync 6 DAGs
[2025-11-24T15:37:22.001+0000] {logging_mixin.py:154} INFO - [2025-11-24T15:37:22.001+0000] {dag.py:3722} INFO - Setting next_dagrun for dataset_consumes_1 to None, run_after=None
[2025-11-24T15:37:22.006+0000] {logging_mixin.py:154} INFO - [2025-11-24T15:37:22.006+0000] {dag.py:3722} INFO - Setting next_dagrun for dataset_consumes_1_and_2 to None, run_after=None
[2025-11-24T15:37:22.009+0000] {logging_mixin.py:154} INFO - [2025-11-24T15:37:22.008+0000] {dag.py:3722} INFO - Setting next_dagrun for dataset_consumes_1_never_scheduled to None, run_after=None
[2025-11-24T15:37:22.010+0000] {logging_mixin.py:154} INFO - [2025-11-24T15:37:22.010+0000] {dag.py:3722} INFO - Setting next_dagrun for dataset_consumes_unknown_never_scheduled to None, run_after=None
[2025-11-24T15:37:22.015+0000] {logging_mixin.py:154} INFO - [2025-11-24T15:37:22.015+0000] {dag.py:3722} INFO - Setting next_dagrun for dataset_produces_1 to 2025-11-23T00:00:00+00:00, run_after=2025-11-24T00:00:00+00:00
[2025-11-24T15:37:22.017+0000] {logging_mixin.py:154} INFO - [2025-11-24T15:37:22.017+0000] {dag.py:3722} INFO - Setting next_dagrun for dataset_produces_2 to None, run_after=None
[2025-11-24T15:37:22.096+0000] {processor.py:179} INFO - Processing /home/airflow/.local/lib/python3.10/site-packages/airflow/example_dags/example_datasets.py took 0.249 seconds
[2025-11-24T15:37:52.617+0000] {processor.py:157} INFO - Started process (PID=986) to work on /home/airflow/.local/lib/python3.10/site-packages/airflow/example_dags/example_datasets.py
[2025-11-24T15:37:52.625+0000] {processor.py:829} INFO - Processing file /home/airflow/.local/lib/python3.10/site-packages/airflow/example_dags/example_datasets.py for tasks to queue
[2025-11-24T15:37:52.627+0000] {logging_mixin.py:154} INFO - [2025-11-24T15:37:52.627+0000] {dagbag.py:536} INFO - Filling up the DagBag from /home/airflow/.local/lib/python3.10/site-packages/airflow/example_dags/example_datasets.py
[2025-11-24T15:37:52.650+0000] {processor.py:839} INFO - DAG(s) dict_keys(['dataset_produces_1', 'dataset_consumes_1_never_scheduled', 'dataset_consumes_1', 'dataset_consumes_1_and_2', 'dataset_consumes_unknown_never_scheduled', 'dataset_produces_2']) retrieved from /home/airflow/.local/lib/python3.10/site-packages/airflow/example_dags/example_datasets.py
[2025-11-24T15:37:52.785+0000] {logging_mixin.py:154} INFO - [2025-11-24T15:37:52.784+0000] {dag.py:2941} INFO - Sync 6 DAGs
[2025-11-24T15:37:52.937+0000] {logging_mixin.py:154} INFO - [2025-11-24T15:37:52.937+0000] {dag.py:3722} INFO - Setting next_dagrun for dataset_consumes_1 to None, run_after=None
[2025-11-24T15:37:52.946+0000] {logging_mixin.py:154} INFO - [2025-11-24T15:37:52.945+0000] {dag.py:3722} INFO - Setting next_dagrun for dataset_consumes_1_and_2 to None, run_after=None
[2025-11-24T15:37:52.949+0000] {logging_mixin.py:154} INFO - [2025-11-24T15:37:52.948+0000] {dag.py:3722} INFO - Setting next_dagrun for dataset_consumes_1_never_scheduled to None, run_after=None
[2025-11-24T15:37:52.955+0000] {logging_mixin.py:154} INFO - [2025-11-24T15:37:52.955+0000] {dag.py:3722} INFO - Setting next_dagrun for dataset_consumes_unknown_never_scheduled to None, run_after=None
[2025-11-24T15:37:52.960+0000] {logging_mixin.py:154} INFO - [2025-11-24T15:37:52.959+0000] {dag.py:3722} INFO - Setting next_dagrun for dataset_produces_1 to 2025-11-23T00:00:00+00:00, run_after=2025-11-24T00:00:00+00:00
[2025-11-24T15:37:52.968+0000] {logging_mixin.py:154} INFO - [2025-11-24T15:37:52.967+0000] {dag.py:3722} INFO - Setting next_dagrun for dataset_produces_2 to None, run_after=None
[2025-11-24T15:37:53.109+0000] {processor.py:179} INFO - Processing /home/airflow/.local/lib/python3.10/site-packages/airflow/example_dags/example_datasets.py took 0.503 seconds
