[2025-11-24T15:29:12.077+0000] {processor.py:157} INFO - Started process (PID=62) to work on /home/airflow/.local/lib/python3.10/site-packages/airflow/example_dags/example_branch_day_of_week_operator.py
[2025-11-24T15:29:12.079+0000] {processor.py:829} INFO - Processing file /home/airflow/.local/lib/python3.10/site-packages/airflow/example_dags/example_branch_day_of_week_operator.py for tasks to queue
[2025-11-24T15:29:12.082+0000] {logging_mixin.py:154} INFO - [2025-11-24T15:29:12.081+0000] {dagbag.py:536} INFO - Filling up the DagBag from /home/airflow/.local/lib/python3.10/site-packages/airflow/example_dags/example_branch_day_of_week_operator.py
[2025-11-24T15:29:12.102+0000] {processor.py:839} INFO - DAG(s) dict_keys(['example_weekday_branch_operator']) retrieved from /home/airflow/.local/lib/python3.10/site-packages/airflow/example_dags/example_branch_day_of_week_operator.py
[2025-11-24T15:29:12.379+0000] {logging_mixin.py:154} INFO - [2025-11-24T15:29:12.378+0000] {manager.py:499} INFO - Created Permission View: %s
[2025-11-24T15:29:12.434+0000] {logging_mixin.py:154} INFO - [2025-11-24T15:29:12.434+0000] {manager.py:499} INFO - Created Permission View: %s
[2025-11-24T15:29:12.465+0000] {logging_mixin.py:154} INFO - [2025-11-24T15:29:12.465+0000] {manager.py:499} INFO - Created Permission View: %s
[2025-11-24T15:29:12.466+0000] {logging_mixin.py:154} INFO - [2025-11-24T15:29:12.466+0000] {dag.py:2941} INFO - Sync 1 DAGs
[2025-11-24T15:29:12.509+0000] {logging_mixin.py:154} INFO - [2025-11-24T15:29:12.508+0000] {dag.py:2963} INFO - Creating ORM DAG for example_weekday_branch_operator
[2025-11-24T15:29:12.560+0000] {logging_mixin.py:154} INFO - [2025-11-24T15:29:12.560+0000] {dag.py:3722} INFO - Setting next_dagrun for example_weekday_branch_operator to 2025-11-23T00:00:00+00:00, run_after=2025-11-24T00:00:00+00:00
[2025-11-24T15:29:12.599+0000] {processor.py:179} INFO - Processing /home/airflow/.local/lib/python3.10/site-packages/airflow/example_dags/example_branch_day_of_week_operator.py took 0.527 seconds
[2025-11-24T15:29:43.174+0000] {processor.py:157} INFO - Started process (PID=116) to work on /home/airflow/.local/lib/python3.10/site-packages/airflow/example_dags/example_branch_day_of_week_operator.py
[2025-11-24T15:29:43.175+0000] {processor.py:829} INFO - Processing file /home/airflow/.local/lib/python3.10/site-packages/airflow/example_dags/example_branch_day_of_week_operator.py for tasks to queue
[2025-11-24T15:29:43.177+0000] {logging_mixin.py:154} INFO - [2025-11-24T15:29:43.177+0000] {dagbag.py:536} INFO - Filling up the DagBag from /home/airflow/.local/lib/python3.10/site-packages/airflow/example_dags/example_branch_day_of_week_operator.py
[2025-11-24T15:29:43.189+0000] {processor.py:839} INFO - DAG(s) dict_keys(['example_weekday_branch_operator']) retrieved from /home/airflow/.local/lib/python3.10/site-packages/airflow/example_dags/example_branch_day_of_week_operator.py
[2025-11-24T15:29:43.227+0000] {logging_mixin.py:154} INFO - [2025-11-24T15:29:43.226+0000] {dag.py:2941} INFO - Sync 1 DAGs
[2025-11-24T15:29:43.267+0000] {logging_mixin.py:154} INFO - [2025-11-24T15:29:43.267+0000] {dag.py:3722} INFO - Setting next_dagrun for example_weekday_branch_operator to 2025-11-23T00:00:00+00:00, run_after=2025-11-24T00:00:00+00:00
[2025-11-24T15:29:43.320+0000] {processor.py:179} INFO - Processing /home/airflow/.local/lib/python3.10/site-packages/airflow/example_dags/example_branch_day_of_week_operator.py took 0.151 seconds
[2025-11-24T15:30:13.783+0000] {processor.py:157} INFO - Started process (PID=170) to work on /home/airflow/.local/lib/python3.10/site-packages/airflow/example_dags/example_branch_day_of_week_operator.py
[2025-11-24T15:30:13.789+0000] {processor.py:829} INFO - Processing file /home/airflow/.local/lib/python3.10/site-packages/airflow/example_dags/example_branch_day_of_week_operator.py for tasks to queue
[2025-11-24T15:30:13.792+0000] {logging_mixin.py:154} INFO - [2025-11-24T15:30:13.791+0000] {dagbag.py:536} INFO - Filling up the DagBag from /home/airflow/.local/lib/python3.10/site-packages/airflow/example_dags/example_branch_day_of_week_operator.py
[2025-11-24T15:30:13.804+0000] {processor.py:839} INFO - DAG(s) dict_keys(['example_weekday_branch_operator']) retrieved from /home/airflow/.local/lib/python3.10/site-packages/airflow/example_dags/example_branch_day_of_week_operator.py
[2025-11-24T15:30:13.836+0000] {logging_mixin.py:154} INFO - [2025-11-24T15:30:13.835+0000] {dag.py:2941} INFO - Sync 1 DAGs
[2025-11-24T15:30:13.890+0000] {logging_mixin.py:154} INFO - [2025-11-24T15:30:13.889+0000] {dag.py:3722} INFO - Setting next_dagrun for example_weekday_branch_operator to 2025-11-23T00:00:00+00:00, run_after=2025-11-24T00:00:00+00:00
[2025-11-24T15:30:14.042+0000] {processor.py:179} INFO - Processing /home/airflow/.local/lib/python3.10/site-packages/airflow/example_dags/example_branch_day_of_week_operator.py took 0.264 seconds
[2025-11-24T15:30:44.171+0000] {processor.py:157} INFO - Started process (PID=231) to work on /home/airflow/.local/lib/python3.10/site-packages/airflow/example_dags/example_branch_day_of_week_operator.py
[2025-11-24T15:30:44.172+0000] {processor.py:829} INFO - Processing file /home/airflow/.local/lib/python3.10/site-packages/airflow/example_dags/example_branch_day_of_week_operator.py for tasks to queue
[2025-11-24T15:30:44.174+0000] {logging_mixin.py:154} INFO - [2025-11-24T15:30:44.174+0000] {dagbag.py:536} INFO - Filling up the DagBag from /home/airflow/.local/lib/python3.10/site-packages/airflow/example_dags/example_branch_day_of_week_operator.py
[2025-11-24T15:30:44.186+0000] {processor.py:839} INFO - DAG(s) dict_keys(['example_weekday_branch_operator']) retrieved from /home/airflow/.local/lib/python3.10/site-packages/airflow/example_dags/example_branch_day_of_week_operator.py
[2025-11-24T15:30:44.226+0000] {logging_mixin.py:154} INFO - [2025-11-24T15:30:44.226+0000] {dag.py:2941} INFO - Sync 1 DAGs
[2025-11-24T15:30:44.262+0000] {logging_mixin.py:154} INFO - [2025-11-24T15:30:44.262+0000] {dag.py:3722} INFO - Setting next_dagrun for example_weekday_branch_operator to 2025-11-23T00:00:00+00:00, run_after=2025-11-24T00:00:00+00:00
[2025-11-24T15:30:44.288+0000] {processor.py:179} INFO - Processing /home/airflow/.local/lib/python3.10/site-packages/airflow/example_dags/example_branch_day_of_week_operator.py took 0.126 seconds
[2025-11-24T15:31:14.872+0000] {processor.py:157} INFO - Started process (PID=286) to work on /home/airflow/.local/lib/python3.10/site-packages/airflow/example_dags/example_branch_day_of_week_operator.py
[2025-11-24T15:31:14.874+0000] {processor.py:829} INFO - Processing file /home/airflow/.local/lib/python3.10/site-packages/airflow/example_dags/example_branch_day_of_week_operator.py for tasks to queue
[2025-11-24T15:31:14.877+0000] {logging_mixin.py:154} INFO - [2025-11-24T15:31:14.876+0000] {dagbag.py:536} INFO - Filling up the DagBag from /home/airflow/.local/lib/python3.10/site-packages/airflow/example_dags/example_branch_day_of_week_operator.py
[2025-11-24T15:31:14.890+0000] {processor.py:839} INFO - DAG(s) dict_keys(['example_weekday_branch_operator']) retrieved from /home/airflow/.local/lib/python3.10/site-packages/airflow/example_dags/example_branch_day_of_week_operator.py
[2025-11-24T15:31:14.919+0000] {logging_mixin.py:154} INFO - [2025-11-24T15:31:14.919+0000] {dag.py:2941} INFO - Sync 1 DAGs
[2025-11-24T15:31:14.954+0000] {logging_mixin.py:154} INFO - [2025-11-24T15:31:14.954+0000] {dag.py:3722} INFO - Setting next_dagrun for example_weekday_branch_operator to 2025-11-23T00:00:00+00:00, run_after=2025-11-24T00:00:00+00:00
[2025-11-24T15:31:14.987+0000] {processor.py:179} INFO - Processing /home/airflow/.local/lib/python3.10/site-packages/airflow/example_dags/example_branch_day_of_week_operator.py took 0.121 seconds
[2025-11-24T15:31:45.325+0000] {processor.py:157} INFO - Started process (PID=340) to work on /home/airflow/.local/lib/python3.10/site-packages/airflow/example_dags/example_branch_day_of_week_operator.py
[2025-11-24T15:31:45.326+0000] {processor.py:829} INFO - Processing file /home/airflow/.local/lib/python3.10/site-packages/airflow/example_dags/example_branch_day_of_week_operator.py for tasks to queue
[2025-11-24T15:31:45.329+0000] {logging_mixin.py:154} INFO - [2025-11-24T15:31:45.329+0000] {dagbag.py:536} INFO - Filling up the DagBag from /home/airflow/.local/lib/python3.10/site-packages/airflow/example_dags/example_branch_day_of_week_operator.py
[2025-11-24T15:31:45.343+0000] {processor.py:839} INFO - DAG(s) dict_keys(['example_weekday_branch_operator']) retrieved from /home/airflow/.local/lib/python3.10/site-packages/airflow/example_dags/example_branch_day_of_week_operator.py
[2025-11-24T15:31:45.373+0000] {logging_mixin.py:154} INFO - [2025-11-24T15:31:45.373+0000] {dag.py:2941} INFO - Sync 1 DAGs
[2025-11-24T15:31:45.436+0000] {logging_mixin.py:154} INFO - [2025-11-24T15:31:45.435+0000] {dag.py:3722} INFO - Setting next_dagrun for example_weekday_branch_operator to 2025-11-23T00:00:00+00:00, run_after=2025-11-24T00:00:00+00:00
[2025-11-24T15:31:45.491+0000] {processor.py:179} INFO - Processing /home/airflow/.local/lib/python3.10/site-packages/airflow/example_dags/example_branch_day_of_week_operator.py took 0.172 seconds
[2025-11-24T15:32:15.864+0000] {processor.py:157} INFO - Started process (PID=393) to work on /home/airflow/.local/lib/python3.10/site-packages/airflow/example_dags/example_branch_day_of_week_operator.py
[2025-11-24T15:32:15.868+0000] {processor.py:829} INFO - Processing file /home/airflow/.local/lib/python3.10/site-packages/airflow/example_dags/example_branch_day_of_week_operator.py for tasks to queue
[2025-11-24T15:32:15.871+0000] {logging_mixin.py:154} INFO - [2025-11-24T15:32:15.871+0000] {dagbag.py:536} INFO - Filling up the DagBag from /home/airflow/.local/lib/python3.10/site-packages/airflow/example_dags/example_branch_day_of_week_operator.py
[2025-11-24T15:32:15.895+0000] {processor.py:839} INFO - DAG(s) dict_keys(['example_weekday_branch_operator']) retrieved from /home/airflow/.local/lib/python3.10/site-packages/airflow/example_dags/example_branch_day_of_week_operator.py
[2025-11-24T15:32:15.981+0000] {logging_mixin.py:154} INFO - [2025-11-24T15:32:15.980+0000] {dag.py:2941} INFO - Sync 1 DAGs
[2025-11-24T15:32:16.082+0000] {logging_mixin.py:154} INFO - [2025-11-24T15:32:16.082+0000] {dag.py:3722} INFO - Setting next_dagrun for example_weekday_branch_operator to 2025-11-23T00:00:00+00:00, run_after=2025-11-24T00:00:00+00:00
[2025-11-24T15:32:16.168+0000] {processor.py:179} INFO - Processing /home/airflow/.local/lib/python3.10/site-packages/airflow/example_dags/example_branch_day_of_week_operator.py took 0.318 seconds
[2025-11-24T15:32:46.977+0000] {processor.py:157} INFO - Started process (PID=447) to work on /home/airflow/.local/lib/python3.10/site-packages/airflow/example_dags/example_branch_day_of_week_operator.py
[2025-11-24T15:32:46.979+0000] {processor.py:829} INFO - Processing file /home/airflow/.local/lib/python3.10/site-packages/airflow/example_dags/example_branch_day_of_week_operator.py for tasks to queue
[2025-11-24T15:32:46.981+0000] {logging_mixin.py:154} INFO - [2025-11-24T15:32:46.981+0000] {dagbag.py:536} INFO - Filling up the DagBag from /home/airflow/.local/lib/python3.10/site-packages/airflow/example_dags/example_branch_day_of_week_operator.py
[2025-11-24T15:32:46.994+0000] {processor.py:839} INFO - DAG(s) dict_keys(['example_weekday_branch_operator']) retrieved from /home/airflow/.local/lib/python3.10/site-packages/airflow/example_dags/example_branch_day_of_week_operator.py
[2025-11-24T15:32:47.025+0000] {logging_mixin.py:154} INFO - [2025-11-24T15:32:47.025+0000] {dag.py:2941} INFO - Sync 1 DAGs
[2025-11-24T15:32:47.061+0000] {logging_mixin.py:154} INFO - [2025-11-24T15:32:47.061+0000] {dag.py:3722} INFO - Setting next_dagrun for example_weekday_branch_operator to 2025-11-23T00:00:00+00:00, run_after=2025-11-24T00:00:00+00:00
[2025-11-24T15:32:47.087+0000] {processor.py:179} INFO - Processing /home/airflow/.local/lib/python3.10/site-packages/airflow/example_dags/example_branch_day_of_week_operator.py took 0.115 seconds
[2025-11-24T15:33:17.704+0000] {processor.py:157} INFO - Started process (PID=501) to work on /home/airflow/.local/lib/python3.10/site-packages/airflow/example_dags/example_branch_day_of_week_operator.py
[2025-11-24T15:33:17.714+0000] {processor.py:829} INFO - Processing file /home/airflow/.local/lib/python3.10/site-packages/airflow/example_dags/example_branch_day_of_week_operator.py for tasks to queue
[2025-11-24T15:33:17.717+0000] {logging_mixin.py:154} INFO - [2025-11-24T15:33:17.717+0000] {dagbag.py:536} INFO - Filling up the DagBag from /home/airflow/.local/lib/python3.10/site-packages/airflow/example_dags/example_branch_day_of_week_operator.py
[2025-11-24T15:33:17.729+0000] {processor.py:839} INFO - DAG(s) dict_keys(['example_weekday_branch_operator']) retrieved from /home/airflow/.local/lib/python3.10/site-packages/airflow/example_dags/example_branch_day_of_week_operator.py
[2025-11-24T15:33:17.799+0000] {logging_mixin.py:154} INFO - [2025-11-24T15:33:17.799+0000] {dag.py:2941} INFO - Sync 1 DAGs
[2025-11-24T15:33:17.873+0000] {logging_mixin.py:154} INFO - [2025-11-24T15:33:17.872+0000] {dag.py:3722} INFO - Setting next_dagrun for example_weekday_branch_operator to 2025-11-23T00:00:00+00:00, run_after=2025-11-24T00:00:00+00:00
[2025-11-24T15:33:17.900+0000] {processor.py:179} INFO - Processing /home/airflow/.local/lib/python3.10/site-packages/airflow/example_dags/example_branch_day_of_week_operator.py took 0.200 seconds
[2025-11-24T15:33:48.300+0000] {processor.py:157} INFO - Started process (PID=555) to work on /home/airflow/.local/lib/python3.10/site-packages/airflow/example_dags/example_branch_day_of_week_operator.py
[2025-11-24T15:33:48.307+0000] {processor.py:829} INFO - Processing file /home/airflow/.local/lib/python3.10/site-packages/airflow/example_dags/example_branch_day_of_week_operator.py for tasks to queue
[2025-11-24T15:33:48.310+0000] {logging_mixin.py:154} INFO - [2025-11-24T15:33:48.309+0000] {dagbag.py:536} INFO - Filling up the DagBag from /home/airflow/.local/lib/python3.10/site-packages/airflow/example_dags/example_branch_day_of_week_operator.py
[2025-11-24T15:33:48.330+0000] {processor.py:839} INFO - DAG(s) dict_keys(['example_weekday_branch_operator']) retrieved from /home/airflow/.local/lib/python3.10/site-packages/airflow/example_dags/example_branch_day_of_week_operator.py
[2025-11-24T15:33:48.360+0000] {logging_mixin.py:154} INFO - [2025-11-24T15:33:48.359+0000] {dag.py:2941} INFO - Sync 1 DAGs
[2025-11-24T15:33:48.415+0000] {logging_mixin.py:154} INFO - [2025-11-24T15:33:48.415+0000] {dag.py:3722} INFO - Setting next_dagrun for example_weekday_branch_operator to 2025-11-23T00:00:00+00:00, run_after=2025-11-24T00:00:00+00:00
[2025-11-24T15:33:48.441+0000] {processor.py:179} INFO - Processing /home/airflow/.local/lib/python3.10/site-packages/airflow/example_dags/example_branch_day_of_week_operator.py took 0.146 seconds
[2025-11-24T15:34:18.576+0000] {processor.py:157} INFO - Started process (PID=609) to work on /home/airflow/.local/lib/python3.10/site-packages/airflow/example_dags/example_branch_day_of_week_operator.py
[2025-11-24T15:34:18.577+0000] {processor.py:829} INFO - Processing file /home/airflow/.local/lib/python3.10/site-packages/airflow/example_dags/example_branch_day_of_week_operator.py for tasks to queue
[2025-11-24T15:34:18.580+0000] {logging_mixin.py:154} INFO - [2025-11-24T15:34:18.580+0000] {dagbag.py:536} INFO - Filling up the DagBag from /home/airflow/.local/lib/python3.10/site-packages/airflow/example_dags/example_branch_day_of_week_operator.py
[2025-11-24T15:34:18.594+0000] {processor.py:839} INFO - DAG(s) dict_keys(['example_weekday_branch_operator']) retrieved from /home/airflow/.local/lib/python3.10/site-packages/airflow/example_dags/example_branch_day_of_week_operator.py
[2025-11-24T15:34:18.626+0000] {logging_mixin.py:154} INFO - [2025-11-24T15:34:18.626+0000] {dag.py:2941} INFO - Sync 1 DAGs
[2025-11-24T15:34:18.662+0000] {logging_mixin.py:154} INFO - [2025-11-24T15:34:18.662+0000] {dag.py:3722} INFO - Setting next_dagrun for example_weekday_branch_operator to 2025-11-23T00:00:00+00:00, run_after=2025-11-24T00:00:00+00:00
[2025-11-24T15:34:18.695+0000] {processor.py:179} INFO - Processing /home/airflow/.local/lib/python3.10/site-packages/airflow/example_dags/example_branch_day_of_week_operator.py took 0.124 seconds
[2025-11-24T15:34:49.028+0000] {processor.py:157} INFO - Started process (PID=662) to work on /home/airflow/.local/lib/python3.10/site-packages/airflow/example_dags/example_branch_day_of_week_operator.py
[2025-11-24T15:34:49.030+0000] {processor.py:829} INFO - Processing file /home/airflow/.local/lib/python3.10/site-packages/airflow/example_dags/example_branch_day_of_week_operator.py for tasks to queue
[2025-11-24T15:34:49.033+0000] {logging_mixin.py:154} INFO - [2025-11-24T15:34:49.032+0000] {dagbag.py:536} INFO - Filling up the DagBag from /home/airflow/.local/lib/python3.10/site-packages/airflow/example_dags/example_branch_day_of_week_operator.py
[2025-11-24T15:34:49.045+0000] {processor.py:839} INFO - DAG(s) dict_keys(['example_weekday_branch_operator']) retrieved from /home/airflow/.local/lib/python3.10/site-packages/airflow/example_dags/example_branch_day_of_week_operator.py
[2025-11-24T15:34:49.097+0000] {logging_mixin.py:154} INFO - [2025-11-24T15:34:49.097+0000] {dag.py:2941} INFO - Sync 1 DAGs
[2025-11-24T15:34:49.166+0000] {logging_mixin.py:154} INFO - [2025-11-24T15:34:49.165+0000] {dag.py:3722} INFO - Setting next_dagrun for example_weekday_branch_operator to 2025-11-23T00:00:00+00:00, run_after=2025-11-24T00:00:00+00:00
[2025-11-24T15:34:49.207+0000] {processor.py:179} INFO - Processing /home/airflow/.local/lib/python3.10/site-packages/airflow/example_dags/example_branch_day_of_week_operator.py took 0.184 seconds
[2025-11-24T15:35:20.002+0000] {processor.py:157} INFO - Started process (PID=715) to work on /home/airflow/.local/lib/python3.10/site-packages/airflow/example_dags/example_branch_day_of_week_operator.py
[2025-11-24T15:35:20.003+0000] {processor.py:829} INFO - Processing file /home/airflow/.local/lib/python3.10/site-packages/airflow/example_dags/example_branch_day_of_week_operator.py for tasks to queue
[2025-11-24T15:35:20.006+0000] {logging_mixin.py:154} INFO - [2025-11-24T15:35:20.006+0000] {dagbag.py:536} INFO - Filling up the DagBag from /home/airflow/.local/lib/python3.10/site-packages/airflow/example_dags/example_branch_day_of_week_operator.py
[2025-11-24T15:35:20.018+0000] {processor.py:839} INFO - DAG(s) dict_keys(['example_weekday_branch_operator']) retrieved from /home/airflow/.local/lib/python3.10/site-packages/airflow/example_dags/example_branch_day_of_week_operator.py
[2025-11-24T15:35:20.050+0000] {logging_mixin.py:154} INFO - [2025-11-24T15:35:20.049+0000] {dag.py:2941} INFO - Sync 1 DAGs
[2025-11-24T15:35:20.088+0000] {logging_mixin.py:154} INFO - [2025-11-24T15:35:20.088+0000] {dag.py:3722} INFO - Setting next_dagrun for example_weekday_branch_operator to 2025-11-23T00:00:00+00:00, run_after=2025-11-24T00:00:00+00:00
[2025-11-24T15:35:20.113+0000] {processor.py:179} INFO - Processing /home/airflow/.local/lib/python3.10/site-packages/airflow/example_dags/example_branch_day_of_week_operator.py took 0.117 seconds
[2025-11-24T15:35:50.384+0000] {processor.py:157} INFO - Started process (PID=769) to work on /home/airflow/.local/lib/python3.10/site-packages/airflow/example_dags/example_branch_day_of_week_operator.py
[2025-11-24T15:35:50.385+0000] {processor.py:829} INFO - Processing file /home/airflow/.local/lib/python3.10/site-packages/airflow/example_dags/example_branch_day_of_week_operator.py for tasks to queue
[2025-11-24T15:35:50.387+0000] {logging_mixin.py:154} INFO - [2025-11-24T15:35:50.387+0000] {dagbag.py:536} INFO - Filling up the DagBag from /home/airflow/.local/lib/python3.10/site-packages/airflow/example_dags/example_branch_day_of_week_operator.py
[2025-11-24T15:35:50.400+0000] {processor.py:839} INFO - DAG(s) dict_keys(['example_weekday_branch_operator']) retrieved from /home/airflow/.local/lib/python3.10/site-packages/airflow/example_dags/example_branch_day_of_week_operator.py
[2025-11-24T15:35:50.430+0000] {logging_mixin.py:154} INFO - [2025-11-24T15:35:50.430+0000] {dag.py:2941} INFO - Sync 1 DAGs
[2025-11-24T15:35:50.467+0000] {logging_mixin.py:154} INFO - [2025-11-24T15:35:50.466+0000] {dag.py:3722} INFO - Setting next_dagrun for example_weekday_branch_operator to 2025-11-23T00:00:00+00:00, run_after=2025-11-24T00:00:00+00:00
[2025-11-24T15:35:50.499+0000] {processor.py:179} INFO - Processing /home/airflow/.local/lib/python3.10/site-packages/airflow/example_dags/example_branch_day_of_week_operator.py took 0.121 seconds
[2025-11-24T15:36:20.895+0000] {processor.py:157} INFO - Started process (PID=824) to work on /home/airflow/.local/lib/python3.10/site-packages/airflow/example_dags/example_branch_day_of_week_operator.py
[2025-11-24T15:36:20.897+0000] {processor.py:829} INFO - Processing file /home/airflow/.local/lib/python3.10/site-packages/airflow/example_dags/example_branch_day_of_week_operator.py for tasks to queue
[2025-11-24T15:36:20.899+0000] {logging_mixin.py:154} INFO - [2025-11-24T15:36:20.899+0000] {dagbag.py:536} INFO - Filling up the DagBag from /home/airflow/.local/lib/python3.10/site-packages/airflow/example_dags/example_branch_day_of_week_operator.py
[2025-11-24T15:36:20.911+0000] {processor.py:839} INFO - DAG(s) dict_keys(['example_weekday_branch_operator']) retrieved from /home/airflow/.local/lib/python3.10/site-packages/airflow/example_dags/example_branch_day_of_week_operator.py
[2025-11-24T15:36:20.940+0000] {logging_mixin.py:154} INFO - [2025-11-24T15:36:20.940+0000] {dag.py:2941} INFO - Sync 1 DAGs
[2025-11-24T15:36:20.977+0000] {logging_mixin.py:154} INFO - [2025-11-24T15:36:20.976+0000] {dag.py:3722} INFO - Setting next_dagrun for example_weekday_branch_operator to 2025-11-23T00:00:00+00:00, run_after=2025-11-24T00:00:00+00:00
[2025-11-24T15:36:21.023+0000] {processor.py:179} INFO - Processing /home/airflow/.local/lib/python3.10/site-packages/airflow/example_dags/example_branch_day_of_week_operator.py took 0.133 seconds
[2025-11-24T15:36:51.265+0000] {processor.py:157} INFO - Started process (PID=878) to work on /home/airflow/.local/lib/python3.10/site-packages/airflow/example_dags/example_branch_day_of_week_operator.py
[2025-11-24T15:36:51.266+0000] {processor.py:829} INFO - Processing file /home/airflow/.local/lib/python3.10/site-packages/airflow/example_dags/example_branch_day_of_week_operator.py for tasks to queue
[2025-11-24T15:36:51.268+0000] {logging_mixin.py:154} INFO - [2025-11-24T15:36:51.268+0000] {dagbag.py:536} INFO - Filling up the DagBag from /home/airflow/.local/lib/python3.10/site-packages/airflow/example_dags/example_branch_day_of_week_operator.py
[2025-11-24T15:36:51.280+0000] {processor.py:839} INFO - DAG(s) dict_keys(['example_weekday_branch_operator']) retrieved from /home/airflow/.local/lib/python3.10/site-packages/airflow/example_dags/example_branch_day_of_week_operator.py
[2025-11-24T15:36:51.310+0000] {logging_mixin.py:154} INFO - [2025-11-24T15:36:51.309+0000] {dag.py:2941} INFO - Sync 1 DAGs
[2025-11-24T15:36:51.345+0000] {logging_mixin.py:154} INFO - [2025-11-24T15:36:51.345+0000] {dag.py:3722} INFO - Setting next_dagrun for example_weekday_branch_operator to 2025-11-23T00:00:00+00:00, run_after=2025-11-24T00:00:00+00:00
[2025-11-24T15:36:51.369+0000] {processor.py:179} INFO - Processing /home/airflow/.local/lib/python3.10/site-packages/airflow/example_dags/example_branch_day_of_week_operator.py took 0.109 seconds
[2025-11-24T15:37:21.869+0000] {processor.py:157} INFO - Started process (PID=932) to work on /home/airflow/.local/lib/python3.10/site-packages/airflow/example_dags/example_branch_day_of_week_operator.py
[2025-11-24T15:37:21.874+0000] {processor.py:829} INFO - Processing file /home/airflow/.local/lib/python3.10/site-packages/airflow/example_dags/example_branch_day_of_week_operator.py for tasks to queue
[2025-11-24T15:37:21.877+0000] {logging_mixin.py:154} INFO - [2025-11-24T15:37:21.877+0000] {dagbag.py:536} INFO - Filling up the DagBag from /home/airflow/.local/lib/python3.10/site-packages/airflow/example_dags/example_branch_day_of_week_operator.py
[2025-11-24T15:37:21.897+0000] {processor.py:839} INFO - DAG(s) dict_keys(['example_weekday_branch_operator']) retrieved from /home/airflow/.local/lib/python3.10/site-packages/airflow/example_dags/example_branch_day_of_week_operator.py
[2025-11-24T15:37:21.984+0000] {logging_mixin.py:154} INFO - [2025-11-24T15:37:21.984+0000] {dag.py:2941} INFO - Sync 1 DAGs
[2025-11-24T15:37:22.063+0000] {logging_mixin.py:154} INFO - [2025-11-24T15:37:22.062+0000] {dag.py:3722} INFO - Setting next_dagrun for example_weekday_branch_operator to 2025-11-23T00:00:00+00:00, run_after=2025-11-24T00:00:00+00:00
[2025-11-24T15:37:22.112+0000] {processor.py:179} INFO - Processing /home/airflow/.local/lib/python3.10/site-packages/airflow/example_dags/example_branch_day_of_week_operator.py took 0.252 seconds
[2025-11-24T15:37:52.623+0000] {processor.py:157} INFO - Started process (PID=987) to work on /home/airflow/.local/lib/python3.10/site-packages/airflow/example_dags/example_branch_day_of_week_operator.py
[2025-11-24T15:37:52.630+0000] {processor.py:829} INFO - Processing file /home/airflow/.local/lib/python3.10/site-packages/airflow/example_dags/example_branch_day_of_week_operator.py for tasks to queue
[2025-11-24T15:37:52.639+0000] {logging_mixin.py:154} INFO - [2025-11-24T15:37:52.638+0000] {dagbag.py:536} INFO - Filling up the DagBag from /home/airflow/.local/lib/python3.10/site-packages/airflow/example_dags/example_branch_day_of_week_operator.py
[2025-11-24T15:37:52.661+0000] {processor.py:839} INFO - DAG(s) dict_keys(['example_weekday_branch_operator']) retrieved from /home/airflow/.local/lib/python3.10/site-packages/airflow/example_dags/example_branch_day_of_week_operator.py
[2025-11-24T15:37:52.716+0000] {logging_mixin.py:154} INFO - [2025-11-24T15:37:52.716+0000] {dag.py:2941} INFO - Sync 1 DAGs
[2025-11-24T15:37:52.844+0000] {logging_mixin.py:154} INFO - [2025-11-24T15:37:52.844+0000] {dag.py:3722} INFO - Setting next_dagrun for example_weekday_branch_operator to 2025-11-23T00:00:00+00:00, run_after=2025-11-24T00:00:00+00:00
[2025-11-24T15:37:52.948+0000] {processor.py:179} INFO - Processing /home/airflow/.local/lib/python3.10/site-packages/airflow/example_dags/example_branch_day_of_week_operator.py took 0.333 seconds
