[2025-11-24T15:29:15.521+0000] {processor.py:157} INFO - Started process (PID=80) to work on /home/airflow/.local/lib/python3.10/site-packages/airflow/example_dags/example_external_task_marker_dag.py
[2025-11-24T15:29:15.522+0000] {processor.py:829} INFO - Processing file /home/airflow/.local/lib/python3.10/site-packages/airflow/example_dags/example_external_task_marker_dag.py for tasks to queue
[2025-11-24T15:29:15.531+0000] {logging_mixin.py:154} INFO - [2025-11-24T15:29:15.531+0000] {dagbag.py:536} INFO - Filling up the DagBag from /home/airflow/.local/lib/python3.10/site-packages/airflow/example_dags/example_external_task_marker_dag.py
[2025-11-24T15:29:15.545+0000] {processor.py:839} INFO - DAG(s) dict_keys(['example_external_task_marker_child', 'example_external_task_marker_parent']) retrieved from /home/airflow/.local/lib/python3.10/site-packages/airflow/example_dags/example_external_task_marker_dag.py
[2025-11-24T15:29:15.839+0000] {logging_mixin.py:154} INFO - [2025-11-24T15:29:15.838+0000] {manager.py:499} INFO - Created Permission View: %s
[2025-11-24T15:29:15.895+0000] {logging_mixin.py:154} INFO - [2025-11-24T15:29:15.894+0000] {manager.py:499} INFO - Created Permission View: %s
[2025-11-24T15:29:15.928+0000] {logging_mixin.py:154} INFO - [2025-11-24T15:29:15.927+0000] {manager.py:499} INFO - Created Permission View: %s
[2025-11-24T15:29:16.000+0000] {logging_mixin.py:154} INFO - [2025-11-24T15:29:16.000+0000] {manager.py:499} INFO - Created Permission View: %s
[2025-11-24T15:29:16.032+0000] {logging_mixin.py:154} INFO - [2025-11-24T15:29:16.031+0000] {manager.py:499} INFO - Created Permission View: %s
[2025-11-24T15:29:16.057+0000] {logging_mixin.py:154} INFO - [2025-11-24T15:29:16.057+0000] {manager.py:499} INFO - Created Permission View: %s
[2025-11-24T15:29:16.058+0000] {logging_mixin.py:154} INFO - [2025-11-24T15:29:16.057+0000] {dag.py:2941} INFO - Sync 2 DAGs
[2025-11-24T15:29:16.087+0000] {logging_mixin.py:154} INFO - [2025-11-24T15:29:16.087+0000] {dag.py:2963} INFO - Creating ORM DAG for example_external_task_marker_parent
[2025-11-24T15:29:16.088+0000] {logging_mixin.py:154} INFO - [2025-11-24T15:29:16.088+0000] {dag.py:2963} INFO - Creating ORM DAG for example_external_task_marker_child
[2025-11-24T15:29:16.088+0000] {logging_mixin.py:154} INFO - [2025-11-24T15:29:16.088+0000] {dag.py:3722} INFO - Setting next_dagrun for example_external_task_marker_child to None, run_after=None
[2025-11-24T15:29:16.089+0000] {logging_mixin.py:154} INFO - [2025-11-24T15:29:16.089+0000] {dag.py:3722} INFO - Setting next_dagrun for example_external_task_marker_parent to None, run_after=None
[2025-11-24T15:29:16.129+0000] {processor.py:179} INFO - Processing /home/airflow/.local/lib/python3.10/site-packages/airflow/example_dags/example_external_task_marker_dag.py took 0.629 seconds
[2025-11-24T15:29:46.160+0000] {processor.py:157} INFO - Started process (PID=134) to work on /home/airflow/.local/lib/python3.10/site-packages/airflow/example_dags/example_external_task_marker_dag.py
[2025-11-24T15:29:46.161+0000] {processor.py:829} INFO - Processing file /home/airflow/.local/lib/python3.10/site-packages/airflow/example_dags/example_external_task_marker_dag.py for tasks to queue
[2025-11-24T15:29:46.163+0000] {logging_mixin.py:154} INFO - [2025-11-24T15:29:46.163+0000] {dagbag.py:536} INFO - Filling up the DagBag from /home/airflow/.local/lib/python3.10/site-packages/airflow/example_dags/example_external_task_marker_dag.py
[2025-11-24T15:29:46.170+0000] {processor.py:839} INFO - DAG(s) dict_keys(['example_external_task_marker_child', 'example_external_task_marker_parent']) retrieved from /home/airflow/.local/lib/python3.10/site-packages/airflow/example_dags/example_external_task_marker_dag.py
[2025-11-24T15:29:46.206+0000] {logging_mixin.py:154} INFO - [2025-11-24T15:29:46.206+0000] {dag.py:2941} INFO - Sync 2 DAGs
[2025-11-24T15:29:46.254+0000] {logging_mixin.py:154} INFO - [2025-11-24T15:29:46.253+0000] {dag.py:3722} INFO - Setting next_dagrun for example_external_task_marker_child to None, run_after=None
[2025-11-24T15:29:46.263+0000] {logging_mixin.py:154} INFO - [2025-11-24T15:29:46.263+0000] {dag.py:3722} INFO - Setting next_dagrun for example_external_task_marker_parent to None, run_after=None
[2025-11-24T15:29:46.283+0000] {processor.py:179} INFO - Processing /home/airflow/.local/lib/python3.10/site-packages/airflow/example_dags/example_external_task_marker_dag.py took 0.128 seconds
[2025-11-24T15:30:16.762+0000] {processor.py:157} INFO - Started process (PID=188) to work on /home/airflow/.local/lib/python3.10/site-packages/airflow/example_dags/example_external_task_marker_dag.py
[2025-11-24T15:30:16.766+0000] {processor.py:829} INFO - Processing file /home/airflow/.local/lib/python3.10/site-packages/airflow/example_dags/example_external_task_marker_dag.py for tasks to queue
[2025-11-24T15:30:16.770+0000] {logging_mixin.py:154} INFO - [2025-11-24T15:30:16.769+0000] {dagbag.py:536} INFO - Filling up the DagBag from /home/airflow/.local/lib/python3.10/site-packages/airflow/example_dags/example_external_task_marker_dag.py
[2025-11-24T15:30:16.779+0000] {processor.py:839} INFO - DAG(s) dict_keys(['example_external_task_marker_parent', 'example_external_task_marker_child']) retrieved from /home/airflow/.local/lib/python3.10/site-packages/airflow/example_dags/example_external_task_marker_dag.py
[2025-11-24T15:30:16.815+0000] {logging_mixin.py:154} INFO - [2025-11-24T15:30:16.815+0000] {dag.py:2941} INFO - Sync 2 DAGs
[2025-11-24T15:30:16.835+0000] {logging_mixin.py:154} INFO - [2025-11-24T15:30:16.834+0000] {dag.py:3722} INFO - Setting next_dagrun for example_external_task_marker_child to None, run_after=None
[2025-11-24T15:30:16.839+0000] {logging_mixin.py:154} INFO - [2025-11-24T15:30:16.839+0000] {dag.py:3722} INFO - Setting next_dagrun for example_external_task_marker_parent to None, run_after=None
[2025-11-24T15:30:16.863+0000] {processor.py:179} INFO - Processing /home/airflow/.local/lib/python3.10/site-packages/airflow/example_dags/example_external_task_marker_dag.py took 0.106 seconds
[2025-11-24T15:30:47.074+0000] {processor.py:157} INFO - Started process (PID=243) to work on /home/airflow/.local/lib/python3.10/site-packages/airflow/example_dags/example_external_task_marker_dag.py
[2025-11-24T15:30:47.076+0000] {processor.py:829} INFO - Processing file /home/airflow/.local/lib/python3.10/site-packages/airflow/example_dags/example_external_task_marker_dag.py for tasks to queue
[2025-11-24T15:30:47.080+0000] {logging_mixin.py:154} INFO - [2025-11-24T15:30:47.079+0000] {dagbag.py:536} INFO - Filling up the DagBag from /home/airflow/.local/lib/python3.10/site-packages/airflow/example_dags/example_external_task_marker_dag.py
[2025-11-24T15:30:47.089+0000] {processor.py:839} INFO - DAG(s) dict_keys(['example_external_task_marker_parent', 'example_external_task_marker_child']) retrieved from /home/airflow/.local/lib/python3.10/site-packages/airflow/example_dags/example_external_task_marker_dag.py
[2025-11-24T15:30:47.124+0000] {logging_mixin.py:154} INFO - [2025-11-24T15:30:47.124+0000] {dag.py:2941} INFO - Sync 2 DAGs
[2025-11-24T15:30:47.143+0000] {logging_mixin.py:154} INFO - [2025-11-24T15:30:47.143+0000] {dag.py:3722} INFO - Setting next_dagrun for example_external_task_marker_child to None, run_after=None
[2025-11-24T15:30:47.148+0000] {logging_mixin.py:154} INFO - [2025-11-24T15:30:47.148+0000] {dag.py:3722} INFO - Setting next_dagrun for example_external_task_marker_parent to None, run_after=None
[2025-11-24T15:30:47.173+0000] {processor.py:179} INFO - Processing /home/airflow/.local/lib/python3.10/site-packages/airflow/example_dags/example_external_task_marker_dag.py took 0.104 seconds
[2025-11-24T15:31:17.693+0000] {processor.py:157} INFO - Started process (PID=297) to work on /home/airflow/.local/lib/python3.10/site-packages/airflow/example_dags/example_external_task_marker_dag.py
[2025-11-24T15:31:17.695+0000] {processor.py:829} INFO - Processing file /home/airflow/.local/lib/python3.10/site-packages/airflow/example_dags/example_external_task_marker_dag.py for tasks to queue
[2025-11-24T15:31:17.719+0000] {logging_mixin.py:154} INFO - [2025-11-24T15:31:17.719+0000] {dagbag.py:536} INFO - Filling up the DagBag from /home/airflow/.local/lib/python3.10/site-packages/airflow/example_dags/example_external_task_marker_dag.py
[2025-11-24T15:31:17.739+0000] {processor.py:839} INFO - DAG(s) dict_keys(['example_external_task_marker_parent', 'example_external_task_marker_child']) retrieved from /home/airflow/.local/lib/python3.10/site-packages/airflow/example_dags/example_external_task_marker_dag.py
[2025-11-24T15:31:17.780+0000] {logging_mixin.py:154} INFO - [2025-11-24T15:31:17.779+0000] {dag.py:2941} INFO - Sync 2 DAGs
[2025-11-24T15:31:17.799+0000] {logging_mixin.py:154} INFO - [2025-11-24T15:31:17.799+0000] {dag.py:3722} INFO - Setting next_dagrun for example_external_task_marker_child to None, run_after=None
[2025-11-24T15:31:17.804+0000] {logging_mixin.py:154} INFO - [2025-11-24T15:31:17.804+0000] {dag.py:3722} INFO - Setting next_dagrun for example_external_task_marker_parent to None, run_after=None
[2025-11-24T15:31:17.836+0000] {processor.py:179} INFO - Processing /home/airflow/.local/lib/python3.10/site-packages/airflow/example_dags/example_external_task_marker_dag.py took 0.148 seconds
[2025-11-24T15:31:48.219+0000] {processor.py:157} INFO - Started process (PID=351) to work on /home/airflow/.local/lib/python3.10/site-packages/airflow/example_dags/example_external_task_marker_dag.py
[2025-11-24T15:31:48.220+0000] {processor.py:829} INFO - Processing file /home/airflow/.local/lib/python3.10/site-packages/airflow/example_dags/example_external_task_marker_dag.py for tasks to queue
[2025-11-24T15:31:48.223+0000] {logging_mixin.py:154} INFO - [2025-11-24T15:31:48.223+0000] {dagbag.py:536} INFO - Filling up the DagBag from /home/airflow/.local/lib/python3.10/site-packages/airflow/example_dags/example_external_task_marker_dag.py
[2025-11-24T15:31:48.232+0000] {processor.py:839} INFO - DAG(s) dict_keys(['example_external_task_marker_parent', 'example_external_task_marker_child']) retrieved from /home/airflow/.local/lib/python3.10/site-packages/airflow/example_dags/example_external_task_marker_dag.py
[2025-11-24T15:31:48.268+0000] {logging_mixin.py:154} INFO - [2025-11-24T15:31:48.267+0000] {dag.py:2941} INFO - Sync 2 DAGs
[2025-11-24T15:31:48.287+0000] {logging_mixin.py:154} INFO - [2025-11-24T15:31:48.287+0000] {dag.py:3722} INFO - Setting next_dagrun for example_external_task_marker_child to None, run_after=None
[2025-11-24T15:31:48.293+0000] {logging_mixin.py:154} INFO - [2025-11-24T15:31:48.293+0000] {dag.py:3722} INFO - Setting next_dagrun for example_external_task_marker_parent to None, run_after=None
[2025-11-24T15:31:48.349+0000] {processor.py:179} INFO - Processing /home/airflow/.local/lib/python3.10/site-packages/airflow/example_dags/example_external_task_marker_dag.py took 0.136 seconds
[2025-11-24T15:32:19.084+0000] {processor.py:157} INFO - Started process (PID=404) to work on /home/airflow/.local/lib/python3.10/site-packages/airflow/example_dags/example_external_task_marker_dag.py
[2025-11-24T15:32:19.091+0000] {processor.py:829} INFO - Processing file /home/airflow/.local/lib/python3.10/site-packages/airflow/example_dags/example_external_task_marker_dag.py for tasks to queue
[2025-11-24T15:32:19.094+0000] {logging_mixin.py:154} INFO - [2025-11-24T15:32:19.094+0000] {dagbag.py:536} INFO - Filling up the DagBag from /home/airflow/.local/lib/python3.10/site-packages/airflow/example_dags/example_external_task_marker_dag.py
[2025-11-24T15:32:19.104+0000] {processor.py:839} INFO - DAG(s) dict_keys(['example_external_task_marker_child', 'example_external_task_marker_parent']) retrieved from /home/airflow/.local/lib/python3.10/site-packages/airflow/example_dags/example_external_task_marker_dag.py
[2025-11-24T15:32:19.139+0000] {logging_mixin.py:154} INFO - [2025-11-24T15:32:19.138+0000] {dag.py:2941} INFO - Sync 2 DAGs
[2025-11-24T15:32:19.157+0000] {logging_mixin.py:154} INFO - [2025-11-24T15:32:19.157+0000] {dag.py:3722} INFO - Setting next_dagrun for example_external_task_marker_child to None, run_after=None
[2025-11-24T15:32:19.162+0000] {logging_mixin.py:154} INFO - [2025-11-24T15:32:19.161+0000] {dag.py:3722} INFO - Setting next_dagrun for example_external_task_marker_parent to None, run_after=None
[2025-11-24T15:32:19.185+0000] {processor.py:179} INFO - Processing /home/airflow/.local/lib/python3.10/site-packages/airflow/example_dags/example_external_task_marker_dag.py took 0.105 seconds
[2025-11-24T15:32:49.919+0000] {processor.py:157} INFO - Started process (PID=458) to work on /home/airflow/.local/lib/python3.10/site-packages/airflow/example_dags/example_external_task_marker_dag.py
[2025-11-24T15:32:49.920+0000] {processor.py:829} INFO - Processing file /home/airflow/.local/lib/python3.10/site-packages/airflow/example_dags/example_external_task_marker_dag.py for tasks to queue
[2025-11-24T15:32:49.931+0000] {logging_mixin.py:154} INFO - [2025-11-24T15:32:49.931+0000] {dagbag.py:536} INFO - Filling up the DagBag from /home/airflow/.local/lib/python3.10/site-packages/airflow/example_dags/example_external_task_marker_dag.py
[2025-11-24T15:32:49.950+0000] {processor.py:839} INFO - DAG(s) dict_keys(['example_external_task_marker_child', 'example_external_task_marker_parent']) retrieved from /home/airflow/.local/lib/python3.10/site-packages/airflow/example_dags/example_external_task_marker_dag.py
[2025-11-24T15:32:50.075+0000] {logging_mixin.py:154} INFO - [2025-11-24T15:32:50.075+0000] {dag.py:2941} INFO - Sync 2 DAGs
[2025-11-24T15:32:50.133+0000] {logging_mixin.py:154} INFO - [2025-11-24T15:32:50.132+0000] {dag.py:3722} INFO - Setting next_dagrun for example_external_task_marker_child to None, run_after=None
[2025-11-24T15:32:50.147+0000] {logging_mixin.py:154} INFO - [2025-11-24T15:32:50.147+0000] {dag.py:3722} INFO - Setting next_dagrun for example_external_task_marker_parent to None, run_after=None
[2025-11-24T15:32:50.217+0000] {processor.py:179} INFO - Processing /home/airflow/.local/lib/python3.10/site-packages/airflow/example_dags/example_external_task_marker_dag.py took 0.322 seconds
[2025-11-24T15:33:20.581+0000] {processor.py:157} INFO - Started process (PID=512) to work on /home/airflow/.local/lib/python3.10/site-packages/airflow/example_dags/example_external_task_marker_dag.py
[2025-11-24T15:33:20.583+0000] {processor.py:829} INFO - Processing file /home/airflow/.local/lib/python3.10/site-packages/airflow/example_dags/example_external_task_marker_dag.py for tasks to queue
[2025-11-24T15:33:20.586+0000] {logging_mixin.py:154} INFO - [2025-11-24T15:33:20.585+0000] {dagbag.py:536} INFO - Filling up the DagBag from /home/airflow/.local/lib/python3.10/site-packages/airflow/example_dags/example_external_task_marker_dag.py
[2025-11-24T15:33:20.595+0000] {processor.py:839} INFO - DAG(s) dict_keys(['example_external_task_marker_child', 'example_external_task_marker_parent']) retrieved from /home/airflow/.local/lib/python3.10/site-packages/airflow/example_dags/example_external_task_marker_dag.py
[2025-11-24T15:33:20.630+0000] {logging_mixin.py:154} INFO - [2025-11-24T15:33:20.629+0000] {dag.py:2941} INFO - Sync 2 DAGs
[2025-11-24T15:33:20.649+0000] {logging_mixin.py:154} INFO - [2025-11-24T15:33:20.649+0000] {dag.py:3722} INFO - Setting next_dagrun for example_external_task_marker_child to None, run_after=None
[2025-11-24T15:33:20.654+0000] {logging_mixin.py:154} INFO - [2025-11-24T15:33:20.654+0000] {dag.py:3722} INFO - Setting next_dagrun for example_external_task_marker_parent to None, run_after=None
[2025-11-24T15:33:20.691+0000] {processor.py:179} INFO - Processing /home/airflow/.local/lib/python3.10/site-packages/airflow/example_dags/example_external_task_marker_dag.py took 0.116 seconds
[2025-11-24T15:33:51.117+0000] {processor.py:157} INFO - Started process (PID=566) to work on /home/airflow/.local/lib/python3.10/site-packages/airflow/example_dags/example_external_task_marker_dag.py
[2025-11-24T15:33:51.130+0000] {processor.py:829} INFO - Processing file /home/airflow/.local/lib/python3.10/site-packages/airflow/example_dags/example_external_task_marker_dag.py for tasks to queue
[2025-11-24T15:33:51.132+0000] {logging_mixin.py:154} INFO - [2025-11-24T15:33:51.132+0000] {dagbag.py:536} INFO - Filling up the DagBag from /home/airflow/.local/lib/python3.10/site-packages/airflow/example_dags/example_external_task_marker_dag.py
[2025-11-24T15:33:51.142+0000] {processor.py:839} INFO - DAG(s) dict_keys(['example_external_task_marker_parent', 'example_external_task_marker_child']) retrieved from /home/airflow/.local/lib/python3.10/site-packages/airflow/example_dags/example_external_task_marker_dag.py
[2025-11-24T15:33:51.177+0000] {logging_mixin.py:154} INFO - [2025-11-24T15:33:51.177+0000] {dag.py:2941} INFO - Sync 2 DAGs
[2025-11-24T15:33:51.197+0000] {logging_mixin.py:154} INFO - [2025-11-24T15:33:51.196+0000] {dag.py:3722} INFO - Setting next_dagrun for example_external_task_marker_child to None, run_after=None
[2025-11-24T15:33:51.203+0000] {logging_mixin.py:154} INFO - [2025-11-24T15:33:51.202+0000] {dag.py:3722} INFO - Setting next_dagrun for example_external_task_marker_parent to None, run_after=None
[2025-11-24T15:33:51.228+0000] {processor.py:179} INFO - Processing /home/airflow/.local/lib/python3.10/site-packages/airflow/example_dags/example_external_task_marker_dag.py took 0.116 seconds
[2025-11-24T15:34:21.361+0000] {processor.py:157} INFO - Started process (PID=620) to work on /home/airflow/.local/lib/python3.10/site-packages/airflow/example_dags/example_external_task_marker_dag.py
[2025-11-24T15:34:21.363+0000] {processor.py:829} INFO - Processing file /home/airflow/.local/lib/python3.10/site-packages/airflow/example_dags/example_external_task_marker_dag.py for tasks to queue
[2025-11-24T15:34:21.366+0000] {logging_mixin.py:154} INFO - [2025-11-24T15:34:21.365+0000] {dagbag.py:536} INFO - Filling up the DagBag from /home/airflow/.local/lib/python3.10/site-packages/airflow/example_dags/example_external_task_marker_dag.py
[2025-11-24T15:34:21.375+0000] {processor.py:839} INFO - DAG(s) dict_keys(['example_external_task_marker_parent', 'example_external_task_marker_child']) retrieved from /home/airflow/.local/lib/python3.10/site-packages/airflow/example_dags/example_external_task_marker_dag.py
[2025-11-24T15:34:21.410+0000] {logging_mixin.py:154} INFO - [2025-11-24T15:34:21.410+0000] {dag.py:2941} INFO - Sync 2 DAGs
[2025-11-24T15:34:21.430+0000] {logging_mixin.py:154} INFO - [2025-11-24T15:34:21.430+0000] {dag.py:3722} INFO - Setting next_dagrun for example_external_task_marker_child to None, run_after=None
[2025-11-24T15:34:21.435+0000] {logging_mixin.py:154} INFO - [2025-11-24T15:34:21.435+0000] {dag.py:3722} INFO - Setting next_dagrun for example_external_task_marker_parent to None, run_after=None
[2025-11-24T15:34:21.457+0000] {processor.py:179} INFO - Processing /home/airflow/.local/lib/python3.10/site-packages/airflow/example_dags/example_external_task_marker_dag.py took 0.101 seconds
[2025-11-24T15:34:51.944+0000] {processor.py:157} INFO - Started process (PID=673) to work on /home/airflow/.local/lib/python3.10/site-packages/airflow/example_dags/example_external_task_marker_dag.py
[2025-11-24T15:34:51.945+0000] {processor.py:829} INFO - Processing file /home/airflow/.local/lib/python3.10/site-packages/airflow/example_dags/example_external_task_marker_dag.py for tasks to queue
[2025-11-24T15:34:51.948+0000] {logging_mixin.py:154} INFO - [2025-11-24T15:34:51.948+0000] {dagbag.py:536} INFO - Filling up the DagBag from /home/airflow/.local/lib/python3.10/site-packages/airflow/example_dags/example_external_task_marker_dag.py
[2025-11-24T15:34:51.957+0000] {processor.py:839} INFO - DAG(s) dict_keys(['example_external_task_marker_parent', 'example_external_task_marker_child']) retrieved from /home/airflow/.local/lib/python3.10/site-packages/airflow/example_dags/example_external_task_marker_dag.py
[2025-11-24T15:34:51.991+0000] {logging_mixin.py:154} INFO - [2025-11-24T15:34:51.991+0000] {dag.py:2941} INFO - Sync 2 DAGs
[2025-11-24T15:34:52.011+0000] {logging_mixin.py:154} INFO - [2025-11-24T15:34:52.010+0000] {dag.py:3722} INFO - Setting next_dagrun for example_external_task_marker_child to None, run_after=None
[2025-11-24T15:34:52.015+0000] {logging_mixin.py:154} INFO - [2025-11-24T15:34:52.015+0000] {dag.py:3722} INFO - Setting next_dagrun for example_external_task_marker_parent to None, run_after=None
[2025-11-24T15:34:52.058+0000] {processor.py:179} INFO - Processing /home/airflow/.local/lib/python3.10/site-packages/airflow/example_dags/example_external_task_marker_dag.py took 0.120 seconds
[2025-11-24T15:35:22.904+0000] {processor.py:157} INFO - Started process (PID=726) to work on /home/airflow/.local/lib/python3.10/site-packages/airflow/example_dags/example_external_task_marker_dag.py
[2025-11-24T15:35:22.906+0000] {processor.py:829} INFO - Processing file /home/airflow/.local/lib/python3.10/site-packages/airflow/example_dags/example_external_task_marker_dag.py for tasks to queue
[2025-11-24T15:35:22.909+0000] {logging_mixin.py:154} INFO - [2025-11-24T15:35:22.909+0000] {dagbag.py:536} INFO - Filling up the DagBag from /home/airflow/.local/lib/python3.10/site-packages/airflow/example_dags/example_external_task_marker_dag.py
[2025-11-24T15:35:22.924+0000] {processor.py:839} INFO - DAG(s) dict_keys(['example_external_task_marker_child', 'example_external_task_marker_parent']) retrieved from /home/airflow/.local/lib/python3.10/site-packages/airflow/example_dags/example_external_task_marker_dag.py
[2025-11-24T15:35:22.978+0000] {logging_mixin.py:154} INFO - [2025-11-24T15:35:22.978+0000] {dag.py:2941} INFO - Sync 2 DAGs
[2025-11-24T15:35:22.998+0000] {logging_mixin.py:154} INFO - [2025-11-24T15:35:22.997+0000] {dag.py:3722} INFO - Setting next_dagrun for example_external_task_marker_child to None, run_after=None
[2025-11-24T15:35:23.003+0000] {logging_mixin.py:154} INFO - [2025-11-24T15:35:23.003+0000] {dag.py:3722} INFO - Setting next_dagrun for example_external_task_marker_parent to None, run_after=None
[2025-11-24T15:35:23.027+0000] {processor.py:179} INFO - Processing /home/airflow/.local/lib/python3.10/site-packages/airflow/example_dags/example_external_task_marker_dag.py took 0.129 seconds
[2025-11-24T15:35:54.050+0000] {processor.py:157} INFO - Started process (PID=780) to work on /home/airflow/.local/lib/python3.10/site-packages/airflow/example_dags/example_external_task_marker_dag.py
[2025-11-24T15:35:54.054+0000] {processor.py:829} INFO - Processing file /home/airflow/.local/lib/python3.10/site-packages/airflow/example_dags/example_external_task_marker_dag.py for tasks to queue
[2025-11-24T15:35:54.056+0000] {logging_mixin.py:154} INFO - [2025-11-24T15:35:54.056+0000] {dagbag.py:536} INFO - Filling up the DagBag from /home/airflow/.local/lib/python3.10/site-packages/airflow/example_dags/example_external_task_marker_dag.py
[2025-11-24T15:35:54.066+0000] {processor.py:839} INFO - DAG(s) dict_keys(['example_external_task_marker_parent', 'example_external_task_marker_child']) retrieved from /home/airflow/.local/lib/python3.10/site-packages/airflow/example_dags/example_external_task_marker_dag.py
[2025-11-24T15:35:54.100+0000] {logging_mixin.py:154} INFO - [2025-11-24T15:35:54.099+0000] {dag.py:2941} INFO - Sync 2 DAGs
[2025-11-24T15:35:54.119+0000] {logging_mixin.py:154} INFO - [2025-11-24T15:35:54.119+0000] {dag.py:3722} INFO - Setting next_dagrun for example_external_task_marker_child to None, run_after=None
[2025-11-24T15:35:54.124+0000] {logging_mixin.py:154} INFO - [2025-11-24T15:35:54.124+0000] {dag.py:3722} INFO - Setting next_dagrun for example_external_task_marker_parent to None, run_after=None
[2025-11-24T15:35:54.145+0000] {processor.py:179} INFO - Processing /home/airflow/.local/lib/python3.10/site-packages/airflow/example_dags/example_external_task_marker_dag.py took 0.101 seconds
[2025-11-24T15:36:24.570+0000] {processor.py:157} INFO - Started process (PID=835) to work on /home/airflow/.local/lib/python3.10/site-packages/airflow/example_dags/example_external_task_marker_dag.py
[2025-11-24T15:36:24.572+0000] {processor.py:829} INFO - Processing file /home/airflow/.local/lib/python3.10/site-packages/airflow/example_dags/example_external_task_marker_dag.py for tasks to queue
[2025-11-24T15:36:24.575+0000] {logging_mixin.py:154} INFO - [2025-11-24T15:36:24.575+0000] {dagbag.py:536} INFO - Filling up the DagBag from /home/airflow/.local/lib/python3.10/site-packages/airflow/example_dags/example_external_task_marker_dag.py
[2025-11-24T15:36:24.585+0000] {processor.py:839} INFO - DAG(s) dict_keys(['example_external_task_marker_parent', 'example_external_task_marker_child']) retrieved from /home/airflow/.local/lib/python3.10/site-packages/airflow/example_dags/example_external_task_marker_dag.py
[2025-11-24T15:36:24.620+0000] {logging_mixin.py:154} INFO - [2025-11-24T15:36:24.620+0000] {dag.py:2941} INFO - Sync 2 DAGs
[2025-11-24T15:36:24.643+0000] {logging_mixin.py:154} INFO - [2025-11-24T15:36:24.643+0000] {dag.py:3722} INFO - Setting next_dagrun for example_external_task_marker_child to None, run_after=None
[2025-11-24T15:36:24.648+0000] {logging_mixin.py:154} INFO - [2025-11-24T15:36:24.648+0000] {dag.py:3722} INFO - Setting next_dagrun for example_external_task_marker_parent to None, run_after=None
[2025-11-24T15:36:24.672+0000] {processor.py:179} INFO - Processing /home/airflow/.local/lib/python3.10/site-packages/airflow/example_dags/example_external_task_marker_dag.py took 0.108 seconds
[2025-11-24T15:36:54.923+0000] {processor.py:157} INFO - Started process (PID=889) to work on /home/airflow/.local/lib/python3.10/site-packages/airflow/example_dags/example_external_task_marker_dag.py
[2025-11-24T15:36:54.924+0000] {processor.py:829} INFO - Processing file /home/airflow/.local/lib/python3.10/site-packages/airflow/example_dags/example_external_task_marker_dag.py for tasks to queue
[2025-11-24T15:36:54.927+0000] {logging_mixin.py:154} INFO - [2025-11-24T15:36:54.926+0000] {dagbag.py:536} INFO - Filling up the DagBag from /home/airflow/.local/lib/python3.10/site-packages/airflow/example_dags/example_external_task_marker_dag.py
[2025-11-24T15:36:54.938+0000] {processor.py:839} INFO - DAG(s) dict_keys(['example_external_task_marker_parent', 'example_external_task_marker_child']) retrieved from /home/airflow/.local/lib/python3.10/site-packages/airflow/example_dags/example_external_task_marker_dag.py
[2025-11-24T15:36:54.972+0000] {logging_mixin.py:154} INFO - [2025-11-24T15:36:54.972+0000] {dag.py:2941} INFO - Sync 2 DAGs
[2025-11-24T15:36:54.992+0000] {logging_mixin.py:154} INFO - [2025-11-24T15:36:54.991+0000] {dag.py:3722} INFO - Setting next_dagrun for example_external_task_marker_child to None, run_after=None
[2025-11-24T15:36:54.997+0000] {logging_mixin.py:154} INFO - [2025-11-24T15:36:54.996+0000] {dag.py:3722} INFO - Setting next_dagrun for example_external_task_marker_parent to None, run_after=None
[2025-11-24T15:36:55.029+0000] {processor.py:179} INFO - Processing /home/airflow/.local/lib/python3.10/site-packages/airflow/example_dags/example_external_task_marker_dag.py took 0.116 seconds
[2025-11-24T15:37:25.603+0000] {processor.py:157} INFO - Started process (PID=943) to work on /home/airflow/.local/lib/python3.10/site-packages/airflow/example_dags/example_external_task_marker_dag.py
[2025-11-24T15:37:25.606+0000] {processor.py:829} INFO - Processing file /home/airflow/.local/lib/python3.10/site-packages/airflow/example_dags/example_external_task_marker_dag.py for tasks to queue
[2025-11-24T15:37:25.609+0000] {logging_mixin.py:154} INFO - [2025-11-24T15:37:25.609+0000] {dagbag.py:536} INFO - Filling up the DagBag from /home/airflow/.local/lib/python3.10/site-packages/airflow/example_dags/example_external_task_marker_dag.py
[2025-11-24T15:37:25.618+0000] {processor.py:839} INFO - DAG(s) dict_keys(['example_external_task_marker_child', 'example_external_task_marker_parent']) retrieved from /home/airflow/.local/lib/python3.10/site-packages/airflow/example_dags/example_external_task_marker_dag.py
[2025-11-24T15:37:25.654+0000] {logging_mixin.py:154} INFO - [2025-11-24T15:37:25.653+0000] {dag.py:2941} INFO - Sync 2 DAGs
[2025-11-24T15:37:25.674+0000] {logging_mixin.py:154} INFO - [2025-11-24T15:37:25.673+0000] {dag.py:3722} INFO - Setting next_dagrun for example_external_task_marker_child to None, run_after=None
[2025-11-24T15:37:25.679+0000] {logging_mixin.py:154} INFO - [2025-11-24T15:37:25.679+0000] {dag.py:3722} INFO - Setting next_dagrun for example_external_task_marker_parent to None, run_after=None
[2025-11-24T15:37:25.704+0000] {processor.py:179} INFO - Processing /home/airflow/.local/lib/python3.10/site-packages/airflow/example_dags/example_external_task_marker_dag.py took 0.105 seconds
[2025-11-24T15:37:56.291+0000] {processor.py:157} INFO - Started process (PID=998) to work on /home/airflow/.local/lib/python3.10/site-packages/airflow/example_dags/example_external_task_marker_dag.py
[2025-11-24T15:37:56.292+0000] {processor.py:829} INFO - Processing file /home/airflow/.local/lib/python3.10/site-packages/airflow/example_dags/example_external_task_marker_dag.py for tasks to queue
[2025-11-24T15:37:56.295+0000] {logging_mixin.py:154} INFO - [2025-11-24T15:37:56.295+0000] {dagbag.py:536} INFO - Filling up the DagBag from /home/airflow/.local/lib/python3.10/site-packages/airflow/example_dags/example_external_task_marker_dag.py
[2025-11-24T15:37:56.304+0000] {processor.py:839} INFO - DAG(s) dict_keys(['example_external_task_marker_child', 'example_external_task_marker_parent']) retrieved from /home/airflow/.local/lib/python3.10/site-packages/airflow/example_dags/example_external_task_marker_dag.py
[2025-11-24T15:37:56.338+0000] {logging_mixin.py:154} INFO - [2025-11-24T15:37:56.338+0000] {dag.py:2941} INFO - Sync 2 DAGs
[2025-11-24T15:37:56.363+0000] {logging_mixin.py:154} INFO - [2025-11-24T15:37:56.362+0000] {dag.py:3722} INFO - Setting next_dagrun for example_external_task_marker_child to None, run_after=None
[2025-11-24T15:37:56.367+0000] {logging_mixin.py:154} INFO - [2025-11-24T15:37:56.367+0000] {dag.py:3722} INFO - Setting next_dagrun for example_external_task_marker_parent to None, run_after=None
[2025-11-24T15:37:56.405+0000] {processor.py:179} INFO - Processing /home/airflow/.local/lib/python3.10/site-packages/airflow/example_dags/example_external_task_marker_dag.py took 0.119 seconds
