[2025-11-24T15:29:09.419+0000] {processor.py:157} INFO - Started process (PID=56) to work on /home/airflow/.local/lib/python3.10/site-packages/airflow/example_dags/example_setup_teardown.py
[2025-11-24T15:29:09.427+0000] {processor.py:829} INFO - Processing file /home/airflow/.local/lib/python3.10/site-packages/airflow/example_dags/example_setup_teardown.py for tasks to queue
[2025-11-24T15:29:09.434+0000] {logging_mixin.py:154} INFO - [2025-11-24T15:29:09.433+0000] {dagbag.py:536} INFO - Filling up the DagBag from /home/airflow/.local/lib/python3.10/site-packages/airflow/example_dags/example_setup_teardown.py
[2025-11-24T15:29:09.487+0000] {processor.py:839} INFO - DAG(s) dict_keys(['example_setup_teardown']) retrieved from /home/airflow/.local/lib/python3.10/site-packages/airflow/example_dags/example_setup_teardown.py
[2025-11-24T15:29:09.998+0000] {logging_mixin.py:154} INFO - [2025-11-24T15:29:09.997+0000] {manager.py:499} INFO - Created Permission View: %s
[2025-11-24T15:29:10.049+0000] {logging_mixin.py:154} INFO - [2025-11-24T15:29:10.049+0000] {manager.py:499} INFO - Created Permission View: %s
[2025-11-24T15:29:10.069+0000] {logging_mixin.py:154} INFO - [2025-11-24T15:29:10.069+0000] {manager.py:499} INFO - Created Permission View: %s
[2025-11-24T15:29:10.074+0000] {logging_mixin.py:154} INFO - [2025-11-24T15:29:10.070+0000] {dag.py:2941} INFO - Sync 1 DAGs
[2025-11-24T15:29:10.123+0000] {logging_mixin.py:154} INFO - [2025-11-24T15:29:10.123+0000] {dag.py:2963} INFO - Creating ORM DAG for example_setup_teardown
[2025-11-24T15:29:10.171+0000] {logging_mixin.py:154} INFO - [2025-11-24T15:29:10.171+0000] {dag.py:3722} INFO - Setting next_dagrun for example_setup_teardown to 2025-11-23T15:29:10.170772+00:00, run_after=2025-11-24T15:29:10.170772+00:00
[2025-11-24T15:29:10.242+0000] {processor.py:179} INFO - Processing /home/airflow/.local/lib/python3.10/site-packages/airflow/example_dags/example_setup_teardown.py took 0.846 seconds
[2025-11-24T15:29:40.950+0000] {processor.py:157} INFO - Started process (PID=110) to work on /home/airflow/.local/lib/python3.10/site-packages/airflow/example_dags/example_setup_teardown.py
[2025-11-24T15:29:40.952+0000] {processor.py:829} INFO - Processing file /home/airflow/.local/lib/python3.10/site-packages/airflow/example_dags/example_setup_teardown.py for tasks to queue
[2025-11-24T15:29:40.955+0000] {logging_mixin.py:154} INFO - [2025-11-24T15:29:40.954+0000] {dagbag.py:536} INFO - Filling up the DagBag from /home/airflow/.local/lib/python3.10/site-packages/airflow/example_dags/example_setup_teardown.py
[2025-11-24T15:29:40.965+0000] {processor.py:839} INFO - DAG(s) dict_keys(['example_setup_teardown']) retrieved from /home/airflow/.local/lib/python3.10/site-packages/airflow/example_dags/example_setup_teardown.py
[2025-11-24T15:29:40.995+0000] {logging_mixin.py:154} INFO - [2025-11-24T15:29:40.995+0000] {dag.py:2941} INFO - Sync 1 DAGs
[2025-11-24T15:29:41.027+0000] {logging_mixin.py:154} INFO - [2025-11-24T15:29:41.026+0000] {dag.py:3722} INFO - Setting next_dagrun for example_setup_teardown to 2025-11-23T15:29:41.026455+00:00, run_after=2025-11-24T15:29:41.026455+00:00
[2025-11-24T15:29:41.051+0000] {processor.py:179} INFO - Processing /home/airflow/.local/lib/python3.10/site-packages/airflow/example_dags/example_setup_teardown.py took 0.106 seconds
[2025-11-24T15:30:11.481+0000] {processor.py:157} INFO - Started process (PID=164) to work on /home/airflow/.local/lib/python3.10/site-packages/airflow/example_dags/example_setup_teardown.py
[2025-11-24T15:30:11.484+0000] {processor.py:829} INFO - Processing file /home/airflow/.local/lib/python3.10/site-packages/airflow/example_dags/example_setup_teardown.py for tasks to queue
[2025-11-24T15:30:11.488+0000] {logging_mixin.py:154} INFO - [2025-11-24T15:30:11.487+0000] {dagbag.py:536} INFO - Filling up the DagBag from /home/airflow/.local/lib/python3.10/site-packages/airflow/example_dags/example_setup_teardown.py
[2025-11-24T15:30:11.498+0000] {processor.py:839} INFO - DAG(s) dict_keys(['example_setup_teardown']) retrieved from /home/airflow/.local/lib/python3.10/site-packages/airflow/example_dags/example_setup_teardown.py
[2025-11-24T15:30:11.531+0000] {logging_mixin.py:154} INFO - [2025-11-24T15:30:11.531+0000] {dag.py:2941} INFO - Sync 1 DAGs
[2025-11-24T15:30:11.575+0000] {logging_mixin.py:154} INFO - [2025-11-24T15:30:11.575+0000] {dag.py:3722} INFO - Setting next_dagrun for example_setup_teardown to 2025-11-23T15:30:11.574663+00:00, run_after=2025-11-24T15:30:11.574663+00:00
[2025-11-24T15:30:11.599+0000] {processor.py:179} INFO - Processing /home/airflow/.local/lib/python3.10/site-packages/airflow/example_dags/example_setup_teardown.py took 0.123 seconds
[2025-11-24T15:30:41.823+0000] {processor.py:157} INFO - Started process (PID=218) to work on /home/airflow/.local/lib/python3.10/site-packages/airflow/example_dags/example_setup_teardown.py
[2025-11-24T15:30:41.825+0000] {processor.py:829} INFO - Processing file /home/airflow/.local/lib/python3.10/site-packages/airflow/example_dags/example_setup_teardown.py for tasks to queue
[2025-11-24T15:30:41.828+0000] {logging_mixin.py:154} INFO - [2025-11-24T15:30:41.827+0000] {dagbag.py:536} INFO - Filling up the DagBag from /home/airflow/.local/lib/python3.10/site-packages/airflow/example_dags/example_setup_teardown.py
[2025-11-24T15:30:41.839+0000] {processor.py:839} INFO - DAG(s) dict_keys(['example_setup_teardown']) retrieved from /home/airflow/.local/lib/python3.10/site-packages/airflow/example_dags/example_setup_teardown.py
[2025-11-24T15:30:41.870+0000] {logging_mixin.py:154} INFO - [2025-11-24T15:30:41.870+0000] {dag.py:2941} INFO - Sync 1 DAGs
[2025-11-24T15:30:41.904+0000] {logging_mixin.py:154} INFO - [2025-11-24T15:30:41.903+0000] {dag.py:3722} INFO - Setting next_dagrun for example_setup_teardown to 2025-11-23T15:30:41.903384+00:00, run_after=2025-11-24T15:30:41.903384+00:00
[2025-11-24T15:30:41.944+0000] {processor.py:179} INFO - Processing /home/airflow/.local/lib/python3.10/site-packages/airflow/example_dags/example_setup_teardown.py took 0.126 seconds
[2025-11-24T15:31:12.563+0000] {processor.py:157} INFO - Started process (PID=273) to work on /home/airflow/.local/lib/python3.10/site-packages/airflow/example_dags/example_setup_teardown.py
[2025-11-24T15:31:12.564+0000] {processor.py:829} INFO - Processing file /home/airflow/.local/lib/python3.10/site-packages/airflow/example_dags/example_setup_teardown.py for tasks to queue
[2025-11-24T15:31:12.567+0000] {logging_mixin.py:154} INFO - [2025-11-24T15:31:12.567+0000] {dagbag.py:536} INFO - Filling up the DagBag from /home/airflow/.local/lib/python3.10/site-packages/airflow/example_dags/example_setup_teardown.py
[2025-11-24T15:31:12.577+0000] {processor.py:839} INFO - DAG(s) dict_keys(['example_setup_teardown']) retrieved from /home/airflow/.local/lib/python3.10/site-packages/airflow/example_dags/example_setup_teardown.py
[2025-11-24T15:31:12.629+0000] {logging_mixin.py:154} INFO - [2025-11-24T15:31:12.629+0000] {dag.py:2941} INFO - Sync 1 DAGs
[2025-11-24T15:31:12.665+0000] {logging_mixin.py:154} INFO - [2025-11-24T15:31:12.665+0000] {dag.py:3722} INFO - Setting next_dagrun for example_setup_teardown to 2025-11-23T15:31:12.665240+00:00, run_after=2025-11-24T15:31:12.665240+00:00
[2025-11-24T15:31:12.690+0000] {processor.py:179} INFO - Processing /home/airflow/.local/lib/python3.10/site-packages/airflow/example_dags/example_setup_teardown.py took 0.132 seconds
[2025-11-24T15:31:42.946+0000] {processor.py:157} INFO - Started process (PID=327) to work on /home/airflow/.local/lib/python3.10/site-packages/airflow/example_dags/example_setup_teardown.py
[2025-11-24T15:31:42.948+0000] {processor.py:829} INFO - Processing file /home/airflow/.local/lib/python3.10/site-packages/airflow/example_dags/example_setup_teardown.py for tasks to queue
[2025-11-24T15:31:42.951+0000] {logging_mixin.py:154} INFO - [2025-11-24T15:31:42.950+0000] {dagbag.py:536} INFO - Filling up the DagBag from /home/airflow/.local/lib/python3.10/site-packages/airflow/example_dags/example_setup_teardown.py
[2025-11-24T15:31:42.961+0000] {processor.py:839} INFO - DAG(s) dict_keys(['example_setup_teardown']) retrieved from /home/airflow/.local/lib/python3.10/site-packages/airflow/example_dags/example_setup_teardown.py
[2025-11-24T15:31:42.990+0000] {logging_mixin.py:154} INFO - [2025-11-24T15:31:42.990+0000] {dag.py:2941} INFO - Sync 1 DAGs
[2025-11-24T15:31:43.023+0000] {logging_mixin.py:154} INFO - [2025-11-24T15:31:43.022+0000] {dag.py:3722} INFO - Setting next_dagrun for example_setup_teardown to 2025-11-23T15:31:43.022385+00:00, run_after=2025-11-24T15:31:43.022385+00:00
[2025-11-24T15:31:43.046+0000] {processor.py:179} INFO - Processing /home/airflow/.local/lib/python3.10/site-packages/airflow/example_dags/example_setup_teardown.py took 0.104 seconds
[2025-11-24T15:32:13.698+0000] {processor.py:157} INFO - Started process (PID=381) to work on /home/airflow/.local/lib/python3.10/site-packages/airflow/example_dags/example_setup_teardown.py
[2025-11-24T15:32:13.702+0000] {processor.py:829} INFO - Processing file /home/airflow/.local/lib/python3.10/site-packages/airflow/example_dags/example_setup_teardown.py for tasks to queue
[2025-11-24T15:32:13.705+0000] {logging_mixin.py:154} INFO - [2025-11-24T15:32:13.705+0000] {dagbag.py:536} INFO - Filling up the DagBag from /home/airflow/.local/lib/python3.10/site-packages/airflow/example_dags/example_setup_teardown.py
[2025-11-24T15:32:13.744+0000] {processor.py:839} INFO - DAG(s) dict_keys(['example_setup_teardown']) retrieved from /home/airflow/.local/lib/python3.10/site-packages/airflow/example_dags/example_setup_teardown.py
[2025-11-24T15:32:13.843+0000] {logging_mixin.py:154} INFO - [2025-11-24T15:32:13.843+0000] {dag.py:2941} INFO - Sync 1 DAGs
[2025-11-24T15:32:13.935+0000] {logging_mixin.py:154} INFO - [2025-11-24T15:32:13.935+0000] {dag.py:3722} INFO - Setting next_dagrun for example_setup_teardown to 2025-11-23T15:32:13.935153+00:00, run_after=2025-11-24T15:32:13.935153+00:00
[2025-11-24T15:32:14.020+0000] {processor.py:179} INFO - Processing /home/airflow/.local/lib/python3.10/site-packages/airflow/example_dags/example_setup_teardown.py took 0.334 seconds
[2025-11-24T15:32:44.636+0000] {processor.py:157} INFO - Started process (PID=434) to work on /home/airflow/.local/lib/python3.10/site-packages/airflow/example_dags/example_setup_teardown.py
[2025-11-24T15:32:44.646+0000] {processor.py:829} INFO - Processing file /home/airflow/.local/lib/python3.10/site-packages/airflow/example_dags/example_setup_teardown.py for tasks to queue
[2025-11-24T15:32:44.649+0000] {logging_mixin.py:154} INFO - [2025-11-24T15:32:44.649+0000] {dagbag.py:536} INFO - Filling up the DagBag from /home/airflow/.local/lib/python3.10/site-packages/airflow/example_dags/example_setup_teardown.py
[2025-11-24T15:32:44.665+0000] {processor.py:839} INFO - DAG(s) dict_keys(['example_setup_teardown']) retrieved from /home/airflow/.local/lib/python3.10/site-packages/airflow/example_dags/example_setup_teardown.py
[2025-11-24T15:32:44.735+0000] {logging_mixin.py:154} INFO - [2025-11-24T15:32:44.734+0000] {dag.py:2941} INFO - Sync 1 DAGs
[2025-11-24T15:32:44.766+0000] {logging_mixin.py:154} INFO - [2025-11-24T15:32:44.766+0000] {dag.py:3722} INFO - Setting next_dagrun for example_setup_teardown to 2025-11-23T15:32:44.766297+00:00, run_after=2025-11-24T15:32:44.766297+00:00
[2025-11-24T15:32:44.791+0000] {processor.py:179} INFO - Processing /home/airflow/.local/lib/python3.10/site-packages/airflow/example_dags/example_setup_teardown.py took 0.161 seconds
[2025-11-24T15:33:15.460+0000] {processor.py:157} INFO - Started process (PID=495) to work on /home/airflow/.local/lib/python3.10/site-packages/airflow/example_dags/example_setup_teardown.py
[2025-11-24T15:33:15.463+0000] {processor.py:829} INFO - Processing file /home/airflow/.local/lib/python3.10/site-packages/airflow/example_dags/example_setup_teardown.py for tasks to queue
[2025-11-24T15:33:15.466+0000] {logging_mixin.py:154} INFO - [2025-11-24T15:33:15.465+0000] {dagbag.py:536} INFO - Filling up the DagBag from /home/airflow/.local/lib/python3.10/site-packages/airflow/example_dags/example_setup_teardown.py
[2025-11-24T15:33:15.475+0000] {processor.py:839} INFO - DAG(s) dict_keys(['example_setup_teardown']) retrieved from /home/airflow/.local/lib/python3.10/site-packages/airflow/example_dags/example_setup_teardown.py
[2025-11-24T15:33:15.505+0000] {logging_mixin.py:154} INFO - [2025-11-24T15:33:15.505+0000] {dag.py:2941} INFO - Sync 1 DAGs
[2025-11-24T15:33:15.544+0000] {logging_mixin.py:154} INFO - [2025-11-24T15:33:15.543+0000] {dag.py:3722} INFO - Setting next_dagrun for example_setup_teardown to 2025-11-23T15:33:15.543446+00:00, run_after=2025-11-24T15:33:15.543446+00:00
[2025-11-24T15:33:15.572+0000] {processor.py:179} INFO - Processing /home/airflow/.local/lib/python3.10/site-packages/airflow/example_dags/example_setup_teardown.py took 0.117 seconds
[2025-11-24T15:33:46.021+0000] {processor.py:157} INFO - Started process (PID=549) to work on /home/airflow/.local/lib/python3.10/site-packages/airflow/example_dags/example_setup_teardown.py
[2025-11-24T15:33:46.023+0000] {processor.py:829} INFO - Processing file /home/airflow/.local/lib/python3.10/site-packages/airflow/example_dags/example_setup_teardown.py for tasks to queue
[2025-11-24T15:33:46.026+0000] {logging_mixin.py:154} INFO - [2025-11-24T15:33:46.026+0000] {dagbag.py:536} INFO - Filling up the DagBag from /home/airflow/.local/lib/python3.10/site-packages/airflow/example_dags/example_setup_teardown.py
[2025-11-24T15:33:46.037+0000] {processor.py:839} INFO - DAG(s) dict_keys(['example_setup_teardown']) retrieved from /home/airflow/.local/lib/python3.10/site-packages/airflow/example_dags/example_setup_teardown.py
[2025-11-24T15:33:46.068+0000] {logging_mixin.py:154} INFO - [2025-11-24T15:33:46.068+0000] {dag.py:2941} INFO - Sync 1 DAGs
[2025-11-24T15:33:46.103+0000] {logging_mixin.py:154} INFO - [2025-11-24T15:33:46.102+0000] {dag.py:3722} INFO - Setting next_dagrun for example_setup_teardown to 2025-11-23T15:33:46.102602+00:00, run_after=2025-11-24T15:33:46.102602+00:00
[2025-11-24T15:33:46.142+0000] {processor.py:179} INFO - Processing /home/airflow/.local/lib/python3.10/site-packages/airflow/example_dags/example_setup_teardown.py took 0.126 seconds
[2025-11-24T15:34:16.260+0000] {processor.py:157} INFO - Started process (PID=603) to work on /home/airflow/.local/lib/python3.10/site-packages/airflow/example_dags/example_setup_teardown.py
[2025-11-24T15:34:16.262+0000] {processor.py:829} INFO - Processing file /home/airflow/.local/lib/python3.10/site-packages/airflow/example_dags/example_setup_teardown.py for tasks to queue
[2025-11-24T15:34:16.265+0000] {logging_mixin.py:154} INFO - [2025-11-24T15:34:16.265+0000] {dagbag.py:536} INFO - Filling up the DagBag from /home/airflow/.local/lib/python3.10/site-packages/airflow/example_dags/example_setup_teardown.py
[2025-11-24T15:34:16.276+0000] {processor.py:839} INFO - DAG(s) dict_keys(['example_setup_teardown']) retrieved from /home/airflow/.local/lib/python3.10/site-packages/airflow/example_dags/example_setup_teardown.py
[2025-11-24T15:34:16.312+0000] {logging_mixin.py:154} INFO - [2025-11-24T15:34:16.312+0000] {dag.py:2941} INFO - Sync 1 DAGs
[2025-11-24T15:34:16.345+0000] {logging_mixin.py:154} INFO - [2025-11-24T15:34:16.344+0000] {dag.py:3722} INFO - Setting next_dagrun for example_setup_teardown to 2025-11-23T15:34:16.344431+00:00, run_after=2025-11-24T15:34:16.344431+00:00
[2025-11-24T15:34:16.386+0000] {processor.py:179} INFO - Processing /home/airflow/.local/lib/python3.10/site-packages/airflow/example_dags/example_setup_teardown.py took 0.130 seconds
[2025-11-24T15:34:46.743+0000] {processor.py:157} INFO - Started process (PID=656) to work on /home/airflow/.local/lib/python3.10/site-packages/airflow/example_dags/example_setup_teardown.py
[2025-11-24T15:34:46.745+0000] {processor.py:829} INFO - Processing file /home/airflow/.local/lib/python3.10/site-packages/airflow/example_dags/example_setup_teardown.py for tasks to queue
[2025-11-24T15:34:46.748+0000] {logging_mixin.py:154} INFO - [2025-11-24T15:34:46.747+0000] {dagbag.py:536} INFO - Filling up the DagBag from /home/airflow/.local/lib/python3.10/site-packages/airflow/example_dags/example_setup_teardown.py
[2025-11-24T15:34:46.759+0000] {processor.py:839} INFO - DAG(s) dict_keys(['example_setup_teardown']) retrieved from /home/airflow/.local/lib/python3.10/site-packages/airflow/example_dags/example_setup_teardown.py
[2025-11-24T15:34:46.790+0000] {logging_mixin.py:154} INFO - [2025-11-24T15:34:46.790+0000] {dag.py:2941} INFO - Sync 1 DAGs
[2025-11-24T15:34:46.824+0000] {logging_mixin.py:154} INFO - [2025-11-24T15:34:46.824+0000] {dag.py:3722} INFO - Setting next_dagrun for example_setup_teardown to 2025-11-23T15:34:46.823817+00:00, run_after=2025-11-24T15:34:46.823817+00:00
[2025-11-24T15:34:46.850+0000] {processor.py:179} INFO - Processing /home/airflow/.local/lib/python3.10/site-packages/airflow/example_dags/example_setup_teardown.py took 0.111 seconds
[2025-11-24T15:35:17.640+0000] {processor.py:157} INFO - Started process (PID=709) to work on /home/airflow/.local/lib/python3.10/site-packages/airflow/example_dags/example_setup_teardown.py
[2025-11-24T15:35:17.642+0000] {processor.py:829} INFO - Processing file /home/airflow/.local/lib/python3.10/site-packages/airflow/example_dags/example_setup_teardown.py for tasks to queue
[2025-11-24T15:35:17.645+0000] {logging_mixin.py:154} INFO - [2025-11-24T15:35:17.645+0000] {dagbag.py:536} INFO - Filling up the DagBag from /home/airflow/.local/lib/python3.10/site-packages/airflow/example_dags/example_setup_teardown.py
[2025-11-24T15:35:17.657+0000] {processor.py:839} INFO - DAG(s) dict_keys(['example_setup_teardown']) retrieved from /home/airflow/.local/lib/python3.10/site-packages/airflow/example_dags/example_setup_teardown.py
[2025-11-24T15:35:17.687+0000] {logging_mixin.py:154} INFO - [2025-11-24T15:35:17.687+0000] {dag.py:2941} INFO - Sync 1 DAGs
[2025-11-24T15:35:17.725+0000] {logging_mixin.py:154} INFO - [2025-11-24T15:35:17.724+0000] {dag.py:3722} INFO - Setting next_dagrun for example_setup_teardown to 2025-11-23T15:35:17.724425+00:00, run_after=2025-11-24T15:35:17.724425+00:00
[2025-11-24T15:35:17.758+0000] {processor.py:179} INFO - Processing /home/airflow/.local/lib/python3.10/site-packages/airflow/example_dags/example_setup_teardown.py took 0.122 seconds
[2025-11-24T15:35:48.098+0000] {processor.py:157} INFO - Started process (PID=763) to work on /home/airflow/.local/lib/python3.10/site-packages/airflow/example_dags/example_setup_teardown.py
[2025-11-24T15:35:48.099+0000] {processor.py:829} INFO - Processing file /home/airflow/.local/lib/python3.10/site-packages/airflow/example_dags/example_setup_teardown.py for tasks to queue
[2025-11-24T15:35:48.102+0000] {logging_mixin.py:154} INFO - [2025-11-24T15:35:48.102+0000] {dagbag.py:536} INFO - Filling up the DagBag from /home/airflow/.local/lib/python3.10/site-packages/airflow/example_dags/example_setup_teardown.py
[2025-11-24T15:35:48.113+0000] {processor.py:839} INFO - DAG(s) dict_keys(['example_setup_teardown']) retrieved from /home/airflow/.local/lib/python3.10/site-packages/airflow/example_dags/example_setup_teardown.py
[2025-11-24T15:35:48.143+0000] {logging_mixin.py:154} INFO - [2025-11-24T15:35:48.143+0000] {dag.py:2941} INFO - Sync 1 DAGs
[2025-11-24T15:35:48.181+0000] {logging_mixin.py:154} INFO - [2025-11-24T15:35:48.180+0000] {dag.py:3722} INFO - Setting next_dagrun for example_setup_teardown to 2025-11-23T15:35:48.180364+00:00, run_after=2025-11-24T15:35:48.180364+00:00
[2025-11-24T15:35:48.208+0000] {processor.py:179} INFO - Processing /home/airflow/.local/lib/python3.10/site-packages/airflow/example_dags/example_setup_teardown.py took 0.115 seconds
[2025-11-24T15:36:18.605+0000] {processor.py:157} INFO - Started process (PID=818) to work on /home/airflow/.local/lib/python3.10/site-packages/airflow/example_dags/example_setup_teardown.py
[2025-11-24T15:36:18.607+0000] {processor.py:829} INFO - Processing file /home/airflow/.local/lib/python3.10/site-packages/airflow/example_dags/example_setup_teardown.py for tasks to queue
[2025-11-24T15:36:18.610+0000] {logging_mixin.py:154} INFO - [2025-11-24T15:36:18.609+0000] {dagbag.py:536} INFO - Filling up the DagBag from /home/airflow/.local/lib/python3.10/site-packages/airflow/example_dags/example_setup_teardown.py
[2025-11-24T15:36:18.621+0000] {processor.py:839} INFO - DAG(s) dict_keys(['example_setup_teardown']) retrieved from /home/airflow/.local/lib/python3.10/site-packages/airflow/example_dags/example_setup_teardown.py
[2025-11-24T15:36:18.653+0000] {logging_mixin.py:154} INFO - [2025-11-24T15:36:18.653+0000] {dag.py:2941} INFO - Sync 1 DAGs
[2025-11-24T15:36:18.687+0000] {logging_mixin.py:154} INFO - [2025-11-24T15:36:18.687+0000] {dag.py:3722} INFO - Setting next_dagrun for example_setup_teardown to 2025-11-23T15:36:18.686715+00:00, run_after=2025-11-24T15:36:18.686715+00:00
[2025-11-24T15:36:18.716+0000] {processor.py:179} INFO - Processing /home/airflow/.local/lib/python3.10/site-packages/airflow/example_dags/example_setup_teardown.py took 0.116 seconds
[2025-11-24T15:36:48.971+0000] {processor.py:157} INFO - Started process (PID=872) to work on /home/airflow/.local/lib/python3.10/site-packages/airflow/example_dags/example_setup_teardown.py
[2025-11-24T15:36:48.972+0000] {processor.py:829} INFO - Processing file /home/airflow/.local/lib/python3.10/site-packages/airflow/example_dags/example_setup_teardown.py for tasks to queue
[2025-11-24T15:36:48.975+0000] {logging_mixin.py:154} INFO - [2025-11-24T15:36:48.974+0000] {dagbag.py:536} INFO - Filling up the DagBag from /home/airflow/.local/lib/python3.10/site-packages/airflow/example_dags/example_setup_teardown.py
[2025-11-24T15:36:48.998+0000] {processor.py:839} INFO - DAG(s) dict_keys(['example_setup_teardown']) retrieved from /home/airflow/.local/lib/python3.10/site-packages/airflow/example_dags/example_setup_teardown.py
[2025-11-24T15:36:49.077+0000] {logging_mixin.py:154} INFO - [2025-11-24T15:36:49.077+0000] {dag.py:2941} INFO - Sync 1 DAGs
[2025-11-24T15:36:49.124+0000] {logging_mixin.py:154} INFO - [2025-11-24T15:36:49.124+0000] {dag.py:3722} INFO - Setting next_dagrun for example_setup_teardown to 2025-11-23T15:36:49.123690+00:00, run_after=2025-11-24T15:36:49.123690+00:00
[2025-11-24T15:36:49.150+0000] {processor.py:179} INFO - Processing /home/airflow/.local/lib/python3.10/site-packages/airflow/example_dags/example_setup_teardown.py took 0.184 seconds
[2025-11-24T15:37:19.323+0000] {processor.py:157} INFO - Started process (PID=926) to work on /home/airflow/.local/lib/python3.10/site-packages/airflow/example_dags/example_setup_teardown.py
[2025-11-24T15:37:19.328+0000] {processor.py:829} INFO - Processing file /home/airflow/.local/lib/python3.10/site-packages/airflow/example_dags/example_setup_teardown.py for tasks to queue
[2025-11-24T15:37:19.331+0000] {logging_mixin.py:154} INFO - [2025-11-24T15:37:19.331+0000] {dagbag.py:536} INFO - Filling up the DagBag from /home/airflow/.local/lib/python3.10/site-packages/airflow/example_dags/example_setup_teardown.py
[2025-11-24T15:37:19.353+0000] {processor.py:839} INFO - DAG(s) dict_keys(['example_setup_teardown']) retrieved from /home/airflow/.local/lib/python3.10/site-packages/airflow/example_dags/example_setup_teardown.py
[2025-11-24T15:37:19.410+0000] {logging_mixin.py:154} INFO - [2025-11-24T15:37:19.400+0000] {dag.py:2941} INFO - Sync 1 DAGs
[2025-11-24T15:37:19.492+0000] {logging_mixin.py:154} INFO - [2025-11-24T15:37:19.491+0000] {dag.py:3722} INFO - Setting next_dagrun for example_setup_teardown to 2025-11-23T15:37:19.491362+00:00, run_after=2025-11-24T15:37:19.491362+00:00
[2025-11-24T15:37:19.545+0000] {processor.py:179} INFO - Processing /home/airflow/.local/lib/python3.10/site-packages/airflow/example_dags/example_setup_teardown.py took 0.235 seconds
[2025-11-24T15:37:49.973+0000] {processor.py:157} INFO - Started process (PID=981) to work on /home/airflow/.local/lib/python3.10/site-packages/airflow/example_dags/example_setup_teardown.py
[2025-11-24T15:37:49.982+0000] {processor.py:829} INFO - Processing file /home/airflow/.local/lib/python3.10/site-packages/airflow/example_dags/example_setup_teardown.py for tasks to queue
[2025-11-24T15:37:49.984+0000] {logging_mixin.py:154} INFO - [2025-11-24T15:37:49.984+0000] {dagbag.py:536} INFO - Filling up the DagBag from /home/airflow/.local/lib/python3.10/site-packages/airflow/example_dags/example_setup_teardown.py
[2025-11-24T15:37:50.008+0000] {processor.py:839} INFO - DAG(s) dict_keys(['example_setup_teardown']) retrieved from /home/airflow/.local/lib/python3.10/site-packages/airflow/example_dags/example_setup_teardown.py
[2025-11-24T15:37:50.119+0000] {logging_mixin.py:154} INFO - [2025-11-24T15:37:50.118+0000] {dag.py:2941} INFO - Sync 1 DAGs
[2025-11-24T15:37:50.205+0000] {logging_mixin.py:154} INFO - [2025-11-24T15:37:50.205+0000] {dag.py:3722} INFO - Setting next_dagrun for example_setup_teardown to 2025-11-23T15:37:50.204876+00:00, run_after=2025-11-24T15:37:50.204876+00:00
[2025-11-24T15:37:50.274+0000] {processor.py:179} INFO - Processing /home/airflow/.local/lib/python3.10/site-packages/airflow/example_dags/example_setup_teardown.py took 0.311 seconds
[2025-11-24T15:38:20.455+0000] {processor.py:157} INFO - Started process (PID=1035) to work on /home/airflow/.local/lib/python3.10/site-packages/airflow/example_dags/example_setup_teardown.py
[2025-11-24T15:38:20.456+0000] {processor.py:829} INFO - Processing file /home/airflow/.local/lib/python3.10/site-packages/airflow/example_dags/example_setup_teardown.py for tasks to queue
[2025-11-24T15:38:20.458+0000] {logging_mixin.py:154} INFO - [2025-11-24T15:38:20.458+0000] {dagbag.py:536} INFO - Filling up the DagBag from /home/airflow/.local/lib/python3.10/site-packages/airflow/example_dags/example_setup_teardown.py
[2025-11-24T15:38:20.466+0000] {processor.py:839} INFO - DAG(s) dict_keys(['example_setup_teardown']) retrieved from /home/airflow/.local/lib/python3.10/site-packages/airflow/example_dags/example_setup_teardown.py
[2025-11-24T15:38:20.489+0000] {logging_mixin.py:154} INFO - [2025-11-24T15:38:20.489+0000] {dag.py:2941} INFO - Sync 1 DAGs
[2025-11-24T15:38:20.513+0000] {logging_mixin.py:154} INFO - [2025-11-24T15:38:20.513+0000] {dag.py:3722} INFO - Setting next_dagrun for example_setup_teardown to 2025-11-23T15:38:20.512987+00:00, run_after=2025-11-24T15:38:20.512987+00:00
[2025-11-24T15:38:20.543+0000] {processor.py:179} INFO - Processing /home/airflow/.local/lib/python3.10/site-packages/airflow/example_dags/example_setup_teardown.py took 0.092 seconds
