[2025-11-24T15:29:10.549+0000] {processor.py:157} INFO - Started process (PID=59) to work on /home/airflow/.local/lib/python3.10/site-packages/airflow/example_dags/example_sensor_decorator.py
[2025-11-24T15:29:10.550+0000] {processor.py:829} INFO - Processing file /home/airflow/.local/lib/python3.10/site-packages/airflow/example_dags/example_sensor_decorator.py for tasks to queue
[2025-11-24T15:29:10.565+0000] {logging_mixin.py:154} INFO - [2025-11-24T15:29:10.564+0000] {dagbag.py:536} INFO - Filling up the DagBag from /home/airflow/.local/lib/python3.10/site-packages/airflow/example_dags/example_sensor_decorator.py
[2025-11-24T15:29:10.603+0000] {processor.py:839} INFO - DAG(s) dict_keys(['example_sensor_decorator']) retrieved from /home/airflow/.local/lib/python3.10/site-packages/airflow/example_dags/example_sensor_decorator.py
[2025-11-24T15:29:11.028+0000] {logging_mixin.py:154} INFO - [2025-11-24T15:29:11.028+0000] {manager.py:499} INFO - Created Permission View: %s
[2025-11-24T15:29:11.087+0000] {logging_mixin.py:154} INFO - [2025-11-24T15:29:11.086+0000] {manager.py:499} INFO - Created Permission View: %s
[2025-11-24T15:29:11.114+0000] {logging_mixin.py:154} INFO - [2025-11-24T15:29:11.114+0000] {manager.py:499} INFO - Created Permission View: %s
[2025-11-24T15:29:11.115+0000] {logging_mixin.py:154} INFO - [2025-11-24T15:29:11.115+0000] {dag.py:2941} INFO - Sync 1 DAGs
[2025-11-24T15:29:11.173+0000] {logging_mixin.py:154} INFO - [2025-11-24T15:29:11.173+0000] {dag.py:2963} INFO - Creating ORM DAG for example_sensor_decorator
[2025-11-24T15:29:11.177+0000] {logging_mixin.py:154} INFO - [2025-11-24T15:29:11.177+0000] {dag.py:3722} INFO - Setting next_dagrun for example_sensor_decorator to None, run_after=None
[2025-11-24T15:29:11.281+0000] {processor.py:179} INFO - Processing /home/airflow/.local/lib/python3.10/site-packages/airflow/example_dags/example_sensor_decorator.py took 0.746 seconds
[2025-11-24T15:29:41.995+0000] {processor.py:157} INFO - Started process (PID=113) to work on /home/airflow/.local/lib/python3.10/site-packages/airflow/example_dags/example_sensor_decorator.py
[2025-11-24T15:29:41.996+0000] {processor.py:829} INFO - Processing file /home/airflow/.local/lib/python3.10/site-packages/airflow/example_dags/example_sensor_decorator.py for tasks to queue
[2025-11-24T15:29:41.998+0000] {logging_mixin.py:154} INFO - [2025-11-24T15:29:41.998+0000] {dagbag.py:536} INFO - Filling up the DagBag from /home/airflow/.local/lib/python3.10/site-packages/airflow/example_dags/example_sensor_decorator.py
[2025-11-24T15:29:42.007+0000] {processor.py:839} INFO - DAG(s) dict_keys(['example_sensor_decorator']) retrieved from /home/airflow/.local/lib/python3.10/site-packages/airflow/example_dags/example_sensor_decorator.py
[2025-11-24T15:29:42.036+0000] {logging_mixin.py:154} INFO - [2025-11-24T15:29:42.036+0000] {dag.py:2941} INFO - Sync 1 DAGs
[2025-11-24T15:29:42.055+0000] {logging_mixin.py:154} INFO - [2025-11-24T15:29:42.055+0000] {dag.py:3722} INFO - Setting next_dagrun for example_sensor_decorator to None, run_after=None
[2025-11-24T15:29:42.108+0000] {processor.py:179} INFO - Processing /home/airflow/.local/lib/python3.10/site-packages/airflow/example_dags/example_sensor_decorator.py took 0.117 seconds
[2025-11-24T15:30:12.638+0000] {processor.py:157} INFO - Started process (PID=167) to work on /home/airflow/.local/lib/python3.10/site-packages/airflow/example_dags/example_sensor_decorator.py
[2025-11-24T15:30:12.643+0000] {processor.py:829} INFO - Processing file /home/airflow/.local/lib/python3.10/site-packages/airflow/example_dags/example_sensor_decorator.py for tasks to queue
[2025-11-24T15:30:12.645+0000] {logging_mixin.py:154} INFO - [2025-11-24T15:30:12.645+0000] {dagbag.py:536} INFO - Filling up the DagBag from /home/airflow/.local/lib/python3.10/site-packages/airflow/example_dags/example_sensor_decorator.py
[2025-11-24T15:30:12.654+0000] {processor.py:839} INFO - DAG(s) dict_keys(['example_sensor_decorator']) retrieved from /home/airflow/.local/lib/python3.10/site-packages/airflow/example_dags/example_sensor_decorator.py
[2025-11-24T15:30:12.683+0000] {logging_mixin.py:154} INFO - [2025-11-24T15:30:12.683+0000] {dag.py:2941} INFO - Sync 1 DAGs
[2025-11-24T15:30:12.702+0000] {logging_mixin.py:154} INFO - [2025-11-24T15:30:12.702+0000] {dag.py:3722} INFO - Setting next_dagrun for example_sensor_decorator to None, run_after=None
[2025-11-24T15:30:12.738+0000] {processor.py:179} INFO - Processing /home/airflow/.local/lib/python3.10/site-packages/airflow/example_dags/example_sensor_decorator.py took 0.105 seconds
[2025-11-24T15:30:42.867+0000] {processor.py:157} INFO - Started process (PID=221) to work on /home/airflow/.local/lib/python3.10/site-packages/airflow/example_dags/example_sensor_decorator.py
[2025-11-24T15:30:42.868+0000] {processor.py:829} INFO - Processing file /home/airflow/.local/lib/python3.10/site-packages/airflow/example_dags/example_sensor_decorator.py for tasks to queue
[2025-11-24T15:30:42.871+0000] {logging_mixin.py:154} INFO - [2025-11-24T15:30:42.871+0000] {dagbag.py:536} INFO - Filling up the DagBag from /home/airflow/.local/lib/python3.10/site-packages/airflow/example_dags/example_sensor_decorator.py
[2025-11-24T15:30:42.881+0000] {processor.py:839} INFO - DAG(s) dict_keys(['example_sensor_decorator']) retrieved from /home/airflow/.local/lib/python3.10/site-packages/airflow/example_dags/example_sensor_decorator.py
[2025-11-24T15:30:42.909+0000] {logging_mixin.py:154} INFO - [2025-11-24T15:30:42.909+0000] {dag.py:2941} INFO - Sync 1 DAGs
[2025-11-24T15:30:42.929+0000] {logging_mixin.py:154} INFO - [2025-11-24T15:30:42.928+0000] {dag.py:3722} INFO - Setting next_dagrun for example_sensor_decorator to None, run_after=None
[2025-11-24T15:30:42.979+0000] {processor.py:179} INFO - Processing /home/airflow/.local/lib/python3.10/site-packages/airflow/example_dags/example_sensor_decorator.py took 0.117 seconds
[2025-11-24T15:31:13.718+0000] {processor.py:157} INFO - Started process (PID=276) to work on /home/airflow/.local/lib/python3.10/site-packages/airflow/example_dags/example_sensor_decorator.py
[2025-11-24T15:31:13.719+0000] {processor.py:829} INFO - Processing file /home/airflow/.local/lib/python3.10/site-packages/airflow/example_dags/example_sensor_decorator.py for tasks to queue
[2025-11-24T15:31:13.723+0000] {logging_mixin.py:154} INFO - [2025-11-24T15:31:13.721+0000] {dagbag.py:536} INFO - Filling up the DagBag from /home/airflow/.local/lib/python3.10/site-packages/airflow/example_dags/example_sensor_decorator.py
[2025-11-24T15:31:13.732+0000] {processor.py:839} INFO - DAG(s) dict_keys(['example_sensor_decorator']) retrieved from /home/airflow/.local/lib/python3.10/site-packages/airflow/example_dags/example_sensor_decorator.py
[2025-11-24T15:31:13.759+0000] {logging_mixin.py:154} INFO - [2025-11-24T15:31:13.759+0000] {dag.py:2941} INFO - Sync 1 DAGs
[2025-11-24T15:31:13.783+0000] {logging_mixin.py:154} INFO - [2025-11-24T15:31:13.783+0000] {dag.py:3722} INFO - Setting next_dagrun for example_sensor_decorator to None, run_after=None
[2025-11-24T15:31:13.819+0000] {processor.py:179} INFO - Processing /home/airflow/.local/lib/python3.10/site-packages/airflow/example_dags/example_sensor_decorator.py took 0.109 seconds
[2025-11-24T15:31:44.084+0000] {processor.py:157} INFO - Started process (PID=330) to work on /home/airflow/.local/lib/python3.10/site-packages/airflow/example_dags/example_sensor_decorator.py
[2025-11-24T15:31:44.085+0000] {processor.py:829} INFO - Processing file /home/airflow/.local/lib/python3.10/site-packages/airflow/example_dags/example_sensor_decorator.py for tasks to queue
[2025-11-24T15:31:44.088+0000] {logging_mixin.py:154} INFO - [2025-11-24T15:31:44.088+0000] {dagbag.py:536} INFO - Filling up the DagBag from /home/airflow/.local/lib/python3.10/site-packages/airflow/example_dags/example_sensor_decorator.py
[2025-11-24T15:31:44.104+0000] {processor.py:839} INFO - DAG(s) dict_keys(['example_sensor_decorator']) retrieved from /home/airflow/.local/lib/python3.10/site-packages/airflow/example_dags/example_sensor_decorator.py
[2025-11-24T15:31:44.131+0000] {logging_mixin.py:154} INFO - [2025-11-24T15:31:44.131+0000] {dag.py:2941} INFO - Sync 1 DAGs
[2025-11-24T15:31:44.149+0000] {logging_mixin.py:154} INFO - [2025-11-24T15:31:44.149+0000] {dag.py:3722} INFO - Setting next_dagrun for example_sensor_decorator to None, run_after=None
[2025-11-24T15:31:44.239+0000] {processor.py:179} INFO - Processing /home/airflow/.local/lib/python3.10/site-packages/airflow/example_dags/example_sensor_decorator.py took 0.160 seconds
[2025-11-24T15:32:15.161+0000] {processor.py:157} INFO - Started process (PID=390) to work on /home/airflow/.local/lib/python3.10/site-packages/airflow/example_dags/example_sensor_decorator.py
[2025-11-24T15:32:15.173+0000] {processor.py:829} INFO - Processing file /home/airflow/.local/lib/python3.10/site-packages/airflow/example_dags/example_sensor_decorator.py for tasks to queue
[2025-11-24T15:32:15.176+0000] {logging_mixin.py:154} INFO - [2025-11-24T15:32:15.176+0000] {dagbag.py:536} INFO - Filling up the DagBag from /home/airflow/.local/lib/python3.10/site-packages/airflow/example_dags/example_sensor_decorator.py
[2025-11-24T15:32:15.211+0000] {processor.py:839} INFO - DAG(s) dict_keys(['example_sensor_decorator']) retrieved from /home/airflow/.local/lib/python3.10/site-packages/airflow/example_dags/example_sensor_decorator.py
[2025-11-24T15:32:15.327+0000] {logging_mixin.py:154} INFO - [2025-11-24T15:32:15.327+0000] {dag.py:2941} INFO - Sync 1 DAGs
[2025-11-24T15:32:15.369+0000] {logging_mixin.py:154} INFO - [2025-11-24T15:32:15.369+0000] {dag.py:3722} INFO - Setting next_dagrun for example_sensor_decorator to None, run_after=None
[2025-11-24T15:32:15.462+0000] {processor.py:179} INFO - Processing /home/airflow/.local/lib/python3.10/site-packages/airflow/example_dags/example_sensor_decorator.py took 0.341 seconds
[2025-11-24T15:32:45.828+0000] {processor.py:157} INFO - Started process (PID=444) to work on /home/airflow/.local/lib/python3.10/site-packages/airflow/example_dags/example_sensor_decorator.py
[2025-11-24T15:32:45.829+0000] {processor.py:829} INFO - Processing file /home/airflow/.local/lib/python3.10/site-packages/airflow/example_dags/example_sensor_decorator.py for tasks to queue
[2025-11-24T15:32:45.832+0000] {logging_mixin.py:154} INFO - [2025-11-24T15:32:45.831+0000] {dagbag.py:536} INFO - Filling up the DagBag from /home/airflow/.local/lib/python3.10/site-packages/airflow/example_dags/example_sensor_decorator.py
[2025-11-24T15:32:45.842+0000] {processor.py:839} INFO - DAG(s) dict_keys(['example_sensor_decorator']) retrieved from /home/airflow/.local/lib/python3.10/site-packages/airflow/example_dags/example_sensor_decorator.py
[2025-11-24T15:32:45.869+0000] {logging_mixin.py:154} INFO - [2025-11-24T15:32:45.868+0000] {dag.py:2941} INFO - Sync 1 DAGs
[2025-11-24T15:32:45.887+0000] {logging_mixin.py:154} INFO - [2025-11-24T15:32:45.887+0000] {dag.py:3722} INFO - Setting next_dagrun for example_sensor_decorator to None, run_after=None
[2025-11-24T15:32:45.928+0000] {processor.py:179} INFO - Processing /home/airflow/.local/lib/python3.10/site-packages/airflow/example_dags/example_sensor_decorator.py took 0.109 seconds
[2025-11-24T15:33:16.561+0000] {processor.py:157} INFO - Started process (PID=498) to work on /home/airflow/.local/lib/python3.10/site-packages/airflow/example_dags/example_sensor_decorator.py
[2025-11-24T15:33:16.565+0000] {processor.py:829} INFO - Processing file /home/airflow/.local/lib/python3.10/site-packages/airflow/example_dags/example_sensor_decorator.py for tasks to queue
[2025-11-24T15:33:16.567+0000] {logging_mixin.py:154} INFO - [2025-11-24T15:33:16.567+0000] {dagbag.py:536} INFO - Filling up the DagBag from /home/airflow/.local/lib/python3.10/site-packages/airflow/example_dags/example_sensor_decorator.py
[2025-11-24T15:33:16.577+0000] {processor.py:839} INFO - DAG(s) dict_keys(['example_sensor_decorator']) retrieved from /home/airflow/.local/lib/python3.10/site-packages/airflow/example_dags/example_sensor_decorator.py
[2025-11-24T15:33:16.609+0000] {logging_mixin.py:154} INFO - [2025-11-24T15:33:16.609+0000] {dag.py:2941} INFO - Sync 1 DAGs
[2025-11-24T15:33:16.629+0000] {logging_mixin.py:154} INFO - [2025-11-24T15:33:16.629+0000] {dag.py:3722} INFO - Setting next_dagrun for example_sensor_decorator to None, run_after=None
[2025-11-24T15:33:16.660+0000] {processor.py:179} INFO - Processing /home/airflow/.local/lib/python3.10/site-packages/airflow/example_dags/example_sensor_decorator.py took 0.104 seconds
[2025-11-24T15:33:47.167+0000] {processor.py:157} INFO - Started process (PID=552) to work on /home/airflow/.local/lib/python3.10/site-packages/airflow/example_dags/example_sensor_decorator.py
[2025-11-24T15:33:47.169+0000] {processor.py:829} INFO - Processing file /home/airflow/.local/lib/python3.10/site-packages/airflow/example_dags/example_sensor_decorator.py for tasks to queue
[2025-11-24T15:33:47.173+0000] {logging_mixin.py:154} INFO - [2025-11-24T15:33:47.172+0000] {dagbag.py:536} INFO - Filling up the DagBag from /home/airflow/.local/lib/python3.10/site-packages/airflow/example_dags/example_sensor_decorator.py
[2025-11-24T15:33:47.182+0000] {processor.py:839} INFO - DAG(s) dict_keys(['example_sensor_decorator']) retrieved from /home/airflow/.local/lib/python3.10/site-packages/airflow/example_dags/example_sensor_decorator.py
[2025-11-24T15:33:47.210+0000] {logging_mixin.py:154} INFO - [2025-11-24T15:33:47.210+0000] {dag.py:2941} INFO - Sync 1 DAGs
[2025-11-24T15:33:47.228+0000] {logging_mixin.py:154} INFO - [2025-11-24T15:33:47.228+0000] {dag.py:3722} INFO - Setting next_dagrun for example_sensor_decorator to None, run_after=None
[2025-11-24T15:33:47.255+0000] {processor.py:179} INFO - Processing /home/airflow/.local/lib/python3.10/site-packages/airflow/example_dags/example_sensor_decorator.py took 0.092 seconds
[2025-11-24T15:34:17.423+0000] {processor.py:157} INFO - Started process (PID=606) to work on /home/airflow/.local/lib/python3.10/site-packages/airflow/example_dags/example_sensor_decorator.py
[2025-11-24T15:34:17.424+0000] {processor.py:829} INFO - Processing file /home/airflow/.local/lib/python3.10/site-packages/airflow/example_dags/example_sensor_decorator.py for tasks to queue
[2025-11-24T15:34:17.427+0000] {logging_mixin.py:154} INFO - [2025-11-24T15:34:17.427+0000] {dagbag.py:536} INFO - Filling up the DagBag from /home/airflow/.local/lib/python3.10/site-packages/airflow/example_dags/example_sensor_decorator.py
[2025-11-24T15:34:17.448+0000] {processor.py:839} INFO - DAG(s) dict_keys(['example_sensor_decorator']) retrieved from /home/airflow/.local/lib/python3.10/site-packages/airflow/example_dags/example_sensor_decorator.py
[2025-11-24T15:34:17.478+0000] {logging_mixin.py:154} INFO - [2025-11-24T15:34:17.478+0000] {dag.py:2941} INFO - Sync 1 DAGs
[2025-11-24T15:34:17.499+0000] {logging_mixin.py:154} INFO - [2025-11-24T15:34:17.498+0000] {dag.py:3722} INFO - Setting next_dagrun for example_sensor_decorator to None, run_after=None
[2025-11-24T15:34:17.524+0000] {processor.py:179} INFO - Processing /home/airflow/.local/lib/python3.10/site-packages/airflow/example_dags/example_sensor_decorator.py took 0.118 seconds
[2025-11-24T15:34:47.892+0000] {processor.py:157} INFO - Started process (PID=659) to work on /home/airflow/.local/lib/python3.10/site-packages/airflow/example_dags/example_sensor_decorator.py
[2025-11-24T15:34:47.894+0000] {processor.py:829} INFO - Processing file /home/airflow/.local/lib/python3.10/site-packages/airflow/example_dags/example_sensor_decorator.py for tasks to queue
[2025-11-24T15:34:47.899+0000] {logging_mixin.py:154} INFO - [2025-11-24T15:34:47.898+0000] {dagbag.py:536} INFO - Filling up the DagBag from /home/airflow/.local/lib/python3.10/site-packages/airflow/example_dags/example_sensor_decorator.py
[2025-11-24T15:34:47.907+0000] {processor.py:839} INFO - DAG(s) dict_keys(['example_sensor_decorator']) retrieved from /home/airflow/.local/lib/python3.10/site-packages/airflow/example_dags/example_sensor_decorator.py
[2025-11-24T15:34:47.935+0000] {logging_mixin.py:154} INFO - [2025-11-24T15:34:47.935+0000] {dag.py:2941} INFO - Sync 1 DAGs
[2025-11-24T15:34:47.954+0000] {logging_mixin.py:154} INFO - [2025-11-24T15:34:47.953+0000] {dag.py:3722} INFO - Setting next_dagrun for example_sensor_decorator to None, run_after=None
[2025-11-24T15:34:47.980+0000] {processor.py:179} INFO - Processing /home/airflow/.local/lib/python3.10/site-packages/airflow/example_dags/example_sensor_decorator.py took 0.092 seconds
[2025-11-24T15:35:18.780+0000] {processor.py:157} INFO - Started process (PID=712) to work on /home/airflow/.local/lib/python3.10/site-packages/airflow/example_dags/example_sensor_decorator.py
[2025-11-24T15:35:18.783+0000] {processor.py:829} INFO - Processing file /home/airflow/.local/lib/python3.10/site-packages/airflow/example_dags/example_sensor_decorator.py for tasks to queue
[2025-11-24T15:35:18.787+0000] {logging_mixin.py:154} INFO - [2025-11-24T15:35:18.786+0000] {dagbag.py:536} INFO - Filling up the DagBag from /home/airflow/.local/lib/python3.10/site-packages/airflow/example_dags/example_sensor_decorator.py
[2025-11-24T15:35:18.849+0000] {processor.py:839} INFO - DAG(s) dict_keys(['example_sensor_decorator']) retrieved from /home/airflow/.local/lib/python3.10/site-packages/airflow/example_dags/example_sensor_decorator.py
[2025-11-24T15:35:18.910+0000] {logging_mixin.py:154} INFO - [2025-11-24T15:35:18.909+0000] {dag.py:2941} INFO - Sync 1 DAGs
[2025-11-24T15:35:18.928+0000] {logging_mixin.py:154} INFO - [2025-11-24T15:35:18.928+0000] {dag.py:3722} INFO - Setting next_dagrun for example_sensor_decorator to None, run_after=None
[2025-11-24T15:35:18.954+0000] {processor.py:179} INFO - Processing /home/airflow/.local/lib/python3.10/site-packages/airflow/example_dags/example_sensor_decorator.py took 0.179 seconds
[2025-11-24T15:35:49.245+0000] {processor.py:157} INFO - Started process (PID=766) to work on /home/airflow/.local/lib/python3.10/site-packages/airflow/example_dags/example_sensor_decorator.py
[2025-11-24T15:35:49.247+0000] {processor.py:829} INFO - Processing file /home/airflow/.local/lib/python3.10/site-packages/airflow/example_dags/example_sensor_decorator.py for tasks to queue
[2025-11-24T15:35:49.252+0000] {logging_mixin.py:154} INFO - [2025-11-24T15:35:49.251+0000] {dagbag.py:536} INFO - Filling up the DagBag from /home/airflow/.local/lib/python3.10/site-packages/airflow/example_dags/example_sensor_decorator.py
[2025-11-24T15:35:49.260+0000] {processor.py:839} INFO - DAG(s) dict_keys(['example_sensor_decorator']) retrieved from /home/airflow/.local/lib/python3.10/site-packages/airflow/example_dags/example_sensor_decorator.py
[2025-11-24T15:35:49.288+0000] {logging_mixin.py:154} INFO - [2025-11-24T15:35:49.288+0000] {dag.py:2941} INFO - Sync 1 DAGs
[2025-11-24T15:35:49.308+0000] {logging_mixin.py:154} INFO - [2025-11-24T15:35:49.308+0000] {dag.py:3722} INFO - Setting next_dagrun for example_sensor_decorator to None, run_after=None
[2025-11-24T15:35:49.334+0000] {processor.py:179} INFO - Processing /home/airflow/.local/lib/python3.10/site-packages/airflow/example_dags/example_sensor_decorator.py took 0.093 seconds
[2025-11-24T15:36:19.754+0000] {processor.py:157} INFO - Started process (PID=821) to work on /home/airflow/.local/lib/python3.10/site-packages/airflow/example_dags/example_sensor_decorator.py
[2025-11-24T15:36:19.763+0000] {processor.py:829} INFO - Processing file /home/airflow/.local/lib/python3.10/site-packages/airflow/example_dags/example_sensor_decorator.py for tasks to queue
[2025-11-24T15:36:19.767+0000] {logging_mixin.py:154} INFO - [2025-11-24T15:36:19.767+0000] {dagbag.py:536} INFO - Filling up the DagBag from /home/airflow/.local/lib/python3.10/site-packages/airflow/example_dags/example_sensor_decorator.py
[2025-11-24T15:36:19.775+0000] {processor.py:839} INFO - DAG(s) dict_keys(['example_sensor_decorator']) retrieved from /home/airflow/.local/lib/python3.10/site-packages/airflow/example_dags/example_sensor_decorator.py
[2025-11-24T15:36:19.802+0000] {logging_mixin.py:154} INFO - [2025-11-24T15:36:19.801+0000] {dag.py:2941} INFO - Sync 1 DAGs
[2025-11-24T15:36:19.821+0000] {logging_mixin.py:154} INFO - [2025-11-24T15:36:19.821+0000] {dag.py:3722} INFO - Setting next_dagrun for example_sensor_decorator to None, run_after=None
[2025-11-24T15:36:19.846+0000] {processor.py:179} INFO - Processing /home/airflow/.local/lib/python3.10/site-packages/airflow/example_dags/example_sensor_decorator.py took 0.097 seconds
[2025-11-24T15:36:50.132+0000] {processor.py:157} INFO - Started process (PID=875) to work on /home/airflow/.local/lib/python3.10/site-packages/airflow/example_dags/example_sensor_decorator.py
[2025-11-24T15:36:50.133+0000] {processor.py:829} INFO - Processing file /home/airflow/.local/lib/python3.10/site-packages/airflow/example_dags/example_sensor_decorator.py for tasks to queue
[2025-11-24T15:36:50.136+0000] {logging_mixin.py:154} INFO - [2025-11-24T15:36:50.136+0000] {dagbag.py:536} INFO - Filling up the DagBag from /home/airflow/.local/lib/python3.10/site-packages/airflow/example_dags/example_sensor_decorator.py
[2025-11-24T15:36:50.145+0000] {processor.py:839} INFO - DAG(s) dict_keys(['example_sensor_decorator']) retrieved from /home/airflow/.local/lib/python3.10/site-packages/airflow/example_dags/example_sensor_decorator.py
[2025-11-24T15:36:50.178+0000] {logging_mixin.py:154} INFO - [2025-11-24T15:36:50.178+0000] {dag.py:2941} INFO - Sync 1 DAGs
[2025-11-24T15:36:50.196+0000] {logging_mixin.py:154} INFO - [2025-11-24T15:36:50.196+0000] {dag.py:3722} INFO - Setting next_dagrun for example_sensor_decorator to None, run_after=None
[2025-11-24T15:36:50.220+0000] {processor.py:179} INFO - Processing /home/airflow/.local/lib/python3.10/site-packages/airflow/example_dags/example_sensor_decorator.py took 0.093 seconds
[2025-11-24T15:37:20.599+0000] {processor.py:157} INFO - Started process (PID=929) to work on /home/airflow/.local/lib/python3.10/site-packages/airflow/example_dags/example_sensor_decorator.py
[2025-11-24T15:37:20.601+0000] {processor.py:829} INFO - Processing file /home/airflow/.local/lib/python3.10/site-packages/airflow/example_dags/example_sensor_decorator.py for tasks to queue
[2025-11-24T15:37:20.604+0000] {logging_mixin.py:154} INFO - [2025-11-24T15:37:20.603+0000] {dagbag.py:536} INFO - Filling up the DagBag from /home/airflow/.local/lib/python3.10/site-packages/airflow/example_dags/example_sensor_decorator.py
[2025-11-24T15:37:20.622+0000] {processor.py:839} INFO - DAG(s) dict_keys(['example_sensor_decorator']) retrieved from /home/airflow/.local/lib/python3.10/site-packages/airflow/example_dags/example_sensor_decorator.py
[2025-11-24T15:37:20.683+0000] {logging_mixin.py:154} INFO - [2025-11-24T15:37:20.683+0000] {dag.py:2941} INFO - Sync 1 DAGs
[2025-11-24T15:37:20.713+0000] {logging_mixin.py:154} INFO - [2025-11-24T15:37:20.713+0000] {dag.py:3722} INFO - Setting next_dagrun for example_sensor_decorator to None, run_after=None
[2025-11-24T15:37:20.771+0000] {processor.py:179} INFO - Processing /home/airflow/.local/lib/python3.10/site-packages/airflow/example_dags/example_sensor_decorator.py took 0.192 seconds
[2025-11-24T15:37:51.363+0000] {processor.py:157} INFO - Started process (PID=984) to work on /home/airflow/.local/lib/python3.10/site-packages/airflow/example_dags/example_sensor_decorator.py
[2025-11-24T15:37:51.365+0000] {processor.py:829} INFO - Processing file /home/airflow/.local/lib/python3.10/site-packages/airflow/example_dags/example_sensor_decorator.py for tasks to queue
[2025-11-24T15:37:51.368+0000] {logging_mixin.py:154} INFO - [2025-11-24T15:37:51.367+0000] {dagbag.py:536} INFO - Filling up the DagBag from /home/airflow/.local/lib/python3.10/site-packages/airflow/example_dags/example_sensor_decorator.py
[2025-11-24T15:37:51.386+0000] {processor.py:839} INFO - DAG(s) dict_keys(['example_sensor_decorator']) retrieved from /home/airflow/.local/lib/python3.10/site-packages/airflow/example_dags/example_sensor_decorator.py
[2025-11-24T15:37:51.451+0000] {logging_mixin.py:154} INFO - [2025-11-24T15:37:51.451+0000] {dag.py:2941} INFO - Sync 1 DAGs
[2025-11-24T15:37:51.489+0000] {logging_mixin.py:154} INFO - [2025-11-24T15:37:51.488+0000] {dag.py:3722} INFO - Setting next_dagrun for example_sensor_decorator to None, run_after=None
[2025-11-24T15:37:51.538+0000] {processor.py:179} INFO - Processing /home/airflow/.local/lib/python3.10/site-packages/airflow/example_dags/example_sensor_decorator.py took 0.196 seconds
[2025-11-24T15:38:21.646+0000] {processor.py:157} INFO - Started process (PID=1038) to work on /home/airflow/.local/lib/python3.10/site-packages/airflow/example_dags/example_sensor_decorator.py
[2025-11-24T15:38:21.647+0000] {processor.py:829} INFO - Processing file /home/airflow/.local/lib/python3.10/site-packages/airflow/example_dags/example_sensor_decorator.py for tasks to queue
[2025-11-24T15:38:21.650+0000] {logging_mixin.py:154} INFO - [2025-11-24T15:38:21.649+0000] {dagbag.py:536} INFO - Filling up the DagBag from /home/airflow/.local/lib/python3.10/site-packages/airflow/example_dags/example_sensor_decorator.py
[2025-11-24T15:38:21.657+0000] {processor.py:839} INFO - DAG(s) dict_keys(['example_sensor_decorator']) retrieved from /home/airflow/.local/lib/python3.10/site-packages/airflow/example_dags/example_sensor_decorator.py
[2025-11-24T15:38:21.689+0000] {logging_mixin.py:154} INFO - [2025-11-24T15:38:21.689+0000] {dag.py:2941} INFO - Sync 1 DAGs
[2025-11-24T15:38:21.703+0000] {logging_mixin.py:154} INFO - [2025-11-24T15:38:21.703+0000] {dag.py:3722} INFO - Setting next_dagrun for example_sensor_decorator to None, run_after=None
[2025-11-24T15:38:21.722+0000] {processor.py:179} INFO - Processing /home/airflow/.local/lib/python3.10/site-packages/airflow/example_dags/example_sensor_decorator.py took 0.081 seconds
