[2025-11-24T15:28:59.562+0000] {processor.py:157} INFO - Started process (PID=36) to work on /home/airflow/.local/lib/python3.10/site-packages/airflow/example_dags/example_short_circuit_operator.py
[2025-11-24T15:28:59.563+0000] {processor.py:829} INFO - Processing file /home/airflow/.local/lib/python3.10/site-packages/airflow/example_dags/example_short_circuit_operator.py for tasks to queue
[2025-11-24T15:28:59.567+0000] {logging_mixin.py:154} INFO - [2025-11-24T15:28:59.566+0000] {dagbag.py:536} INFO - Filling up the DagBag from /home/airflow/.local/lib/python3.10/site-packages/airflow/example_dags/example_short_circuit_operator.py
[2025-11-24T15:28:59.588+0000] {processor.py:839} INFO - DAG(s) dict_keys(['example_short_circuit_operator']) retrieved from /home/airflow/.local/lib/python3.10/site-packages/airflow/example_dags/example_short_circuit_operator.py
[2025-11-24T15:28:59.863+0000] {logging_mixin.py:154} INFO - [2025-11-24T15:28:59.863+0000] {manager.py:499} INFO - Created Permission View: %s
[2025-11-24T15:28:59.927+0000] {logging_mixin.py:154} INFO - [2025-11-24T15:28:59.926+0000] {manager.py:499} INFO - Created Permission View: %s
[2025-11-24T15:28:59.948+0000] {logging_mixin.py:154} INFO - [2025-11-24T15:28:59.948+0000] {manager.py:499} INFO - Created Permission View: %s
[2025-11-24T15:28:59.949+0000] {logging_mixin.py:154} INFO - [2025-11-24T15:28:59.949+0000] {dag.py:2941} INFO - Sync 1 DAGs
[2025-11-24T15:29:00.008+0000] {logging_mixin.py:154} INFO - [2025-11-24T15:29:00.008+0000] {dag.py:2963} INFO - Creating ORM DAG for example_short_circuit_operator
[2025-11-24T15:29:00.059+0000] {logging_mixin.py:154} INFO - [2025-11-24T15:29:00.059+0000] {dag.py:3722} INFO - Setting next_dagrun for example_short_circuit_operator to 2025-11-23T15:29:00.059290+00:00, run_after=2025-11-24T15:29:00.059290+00:00
[2025-11-24T15:29:00.127+0000] {processor.py:179} INFO - Processing /home/airflow/.local/lib/python3.10/site-packages/airflow/example_dags/example_short_circuit_operator.py took 0.574 seconds
[2025-11-24T15:29:30.435+0000] {processor.py:157} INFO - Started process (PID=90) to work on /home/airflow/.local/lib/python3.10/site-packages/airflow/example_dags/example_short_circuit_operator.py
[2025-11-24T15:29:30.439+0000] {processor.py:829} INFO - Processing file /home/airflow/.local/lib/python3.10/site-packages/airflow/example_dags/example_short_circuit_operator.py for tasks to queue
[2025-11-24T15:29:30.442+0000] {logging_mixin.py:154} INFO - [2025-11-24T15:29:30.442+0000] {dagbag.py:536} INFO - Filling up the DagBag from /home/airflow/.local/lib/python3.10/site-packages/airflow/example_dags/example_short_circuit_operator.py
[2025-11-24T15:29:30.458+0000] {processor.py:839} INFO - DAG(s) dict_keys(['example_short_circuit_operator']) retrieved from /home/airflow/.local/lib/python3.10/site-packages/airflow/example_dags/example_short_circuit_operator.py
[2025-11-24T15:29:30.499+0000] {logging_mixin.py:154} INFO - [2025-11-24T15:29:30.499+0000] {dag.py:2941} INFO - Sync 1 DAGs
[2025-11-24T15:29:30.532+0000] {logging_mixin.py:154} INFO - [2025-11-24T15:29:30.532+0000] {dag.py:3722} INFO - Setting next_dagrun for example_short_circuit_operator to 2025-11-23T15:29:30.532270+00:00, run_after=2025-11-24T15:29:30.532270+00:00
[2025-11-24T15:29:30.580+0000] {processor.py:179} INFO - Processing /home/airflow/.local/lib/python3.10/site-packages/airflow/example_dags/example_short_circuit_operator.py took 0.151 seconds
[2025-11-24T15:30:00.988+0000] {processor.py:157} INFO - Started process (PID=144) to work on /home/airflow/.local/lib/python3.10/site-packages/airflow/example_dags/example_short_circuit_operator.py
[2025-11-24T15:30:00.989+0000] {processor.py:829} INFO - Processing file /home/airflow/.local/lib/python3.10/site-packages/airflow/example_dags/example_short_circuit_operator.py for tasks to queue
[2025-11-24T15:30:00.992+0000] {logging_mixin.py:154} INFO - [2025-11-24T15:30:00.991+0000] {dagbag.py:536} INFO - Filling up the DagBag from /home/airflow/.local/lib/python3.10/site-packages/airflow/example_dags/example_short_circuit_operator.py
[2025-11-24T15:30:01.003+0000] {processor.py:839} INFO - DAG(s) dict_keys(['example_short_circuit_operator']) retrieved from /home/airflow/.local/lib/python3.10/site-packages/airflow/example_dags/example_short_circuit_operator.py
[2025-11-24T15:30:01.036+0000] {logging_mixin.py:154} INFO - [2025-11-24T15:30:01.035+0000] {dag.py:2941} INFO - Sync 1 DAGs
[2025-11-24T15:30:01.069+0000] {logging_mixin.py:154} INFO - [2025-11-24T15:30:01.069+0000] {dag.py:3722} INFO - Setting next_dagrun for example_short_circuit_operator to 2025-11-23T15:30:01.069192+00:00, run_after=2025-11-24T15:30:01.069192+00:00
[2025-11-24T15:30:01.097+0000] {processor.py:179} INFO - Processing /home/airflow/.local/lib/python3.10/site-packages/airflow/example_dags/example_short_circuit_operator.py took 0.120 seconds
[2025-11-24T15:30:31.620+0000] {processor.py:157} INFO - Started process (PID=198) to work on /home/airflow/.local/lib/python3.10/site-packages/airflow/example_dags/example_short_circuit_operator.py
[2025-11-24T15:30:31.621+0000] {processor.py:829} INFO - Processing file /home/airflow/.local/lib/python3.10/site-packages/airflow/example_dags/example_short_circuit_operator.py for tasks to queue
[2025-11-24T15:30:31.624+0000] {logging_mixin.py:154} INFO - [2025-11-24T15:30:31.623+0000] {dagbag.py:536} INFO - Filling up the DagBag from /home/airflow/.local/lib/python3.10/site-packages/airflow/example_dags/example_short_circuit_operator.py
[2025-11-24T15:30:31.658+0000] {processor.py:839} INFO - DAG(s) dict_keys(['example_short_circuit_operator']) retrieved from /home/airflow/.local/lib/python3.10/site-packages/airflow/example_dags/example_short_circuit_operator.py
[2025-11-24T15:30:31.763+0000] {logging_mixin.py:154} INFO - [2025-11-24T15:30:31.763+0000] {dag.py:2941} INFO - Sync 1 DAGs
[2025-11-24T15:30:31.901+0000] {logging_mixin.py:154} INFO - [2025-11-24T15:30:31.900+0000] {dag.py:3722} INFO - Setting next_dagrun for example_short_circuit_operator to 2025-11-23T15:30:31.900341+00:00, run_after=2025-11-24T15:30:31.900341+00:00
[2025-11-24T15:30:32.015+0000] {processor.py:179} INFO - Processing /home/airflow/.local/lib/python3.10/site-packages/airflow/example_dags/example_short_circuit_operator.py took 0.414 seconds
[2025-11-24T15:31:02.062+0000] {processor.py:157} INFO - Started process (PID=253) to work on /home/airflow/.local/lib/python3.10/site-packages/airflow/example_dags/example_short_circuit_operator.py
[2025-11-24T15:31:02.063+0000] {processor.py:829} INFO - Processing file /home/airflow/.local/lib/python3.10/site-packages/airflow/example_dags/example_short_circuit_operator.py for tasks to queue
[2025-11-24T15:31:02.066+0000] {logging_mixin.py:154} INFO - [2025-11-24T15:31:02.066+0000] {dagbag.py:536} INFO - Filling up the DagBag from /home/airflow/.local/lib/python3.10/site-packages/airflow/example_dags/example_short_circuit_operator.py
[2025-11-24T15:31:02.078+0000] {processor.py:839} INFO - DAG(s) dict_keys(['example_short_circuit_operator']) retrieved from /home/airflow/.local/lib/python3.10/site-packages/airflow/example_dags/example_short_circuit_operator.py
[2025-11-24T15:31:02.113+0000] {logging_mixin.py:154} INFO - [2025-11-24T15:31:02.112+0000] {dag.py:2941} INFO - Sync 1 DAGs
[2025-11-24T15:31:02.146+0000] {logging_mixin.py:154} INFO - [2025-11-24T15:31:02.146+0000] {dag.py:3722} INFO - Setting next_dagrun for example_short_circuit_operator to 2025-11-23T15:31:02.145797+00:00, run_after=2025-11-24T15:31:02.145797+00:00
[2025-11-24T15:31:02.173+0000] {processor.py:179} INFO - Processing /home/airflow/.local/lib/python3.10/site-packages/airflow/example_dags/example_short_circuit_operator.py took 0.116 seconds
[2025-11-24T15:31:32.236+0000] {processor.py:157} INFO - Started process (PID=307) to work on /home/airflow/.local/lib/python3.10/site-packages/airflow/example_dags/example_short_circuit_operator.py
[2025-11-24T15:31:32.237+0000] {processor.py:829} INFO - Processing file /home/airflow/.local/lib/python3.10/site-packages/airflow/example_dags/example_short_circuit_operator.py for tasks to queue
[2025-11-24T15:31:32.240+0000] {logging_mixin.py:154} INFO - [2025-11-24T15:31:32.239+0000] {dagbag.py:536} INFO - Filling up the DagBag from /home/airflow/.local/lib/python3.10/site-packages/airflow/example_dags/example_short_circuit_operator.py
[2025-11-24T15:31:32.251+0000] {processor.py:839} INFO - DAG(s) dict_keys(['example_short_circuit_operator']) retrieved from /home/airflow/.local/lib/python3.10/site-packages/airflow/example_dags/example_short_circuit_operator.py
[2025-11-24T15:31:32.284+0000] {logging_mixin.py:154} INFO - [2025-11-24T15:31:32.284+0000] {dag.py:2941} INFO - Sync 1 DAGs
[2025-11-24T15:31:32.317+0000] {logging_mixin.py:154} INFO - [2025-11-24T15:31:32.317+0000] {dag.py:3722} INFO - Setting next_dagrun for example_short_circuit_operator to 2025-11-23T15:31:32.316837+00:00, run_after=2025-11-24T15:31:32.316837+00:00
[2025-11-24T15:31:32.384+0000] {processor.py:179} INFO - Processing /home/airflow/.local/lib/python3.10/site-packages/airflow/example_dags/example_short_circuit_operator.py took 0.157 seconds
[2025-11-24T15:32:02.772+0000] {processor.py:157} INFO - Started process (PID=361) to work on /home/airflow/.local/lib/python3.10/site-packages/airflow/example_dags/example_short_circuit_operator.py
[2025-11-24T15:32:02.776+0000] {processor.py:829} INFO - Processing file /home/airflow/.local/lib/python3.10/site-packages/airflow/example_dags/example_short_circuit_operator.py for tasks to queue
[2025-11-24T15:32:02.779+0000] {logging_mixin.py:154} INFO - [2025-11-24T15:32:02.779+0000] {dagbag.py:536} INFO - Filling up the DagBag from /home/airflow/.local/lib/python3.10/site-packages/airflow/example_dags/example_short_circuit_operator.py
[2025-11-24T15:32:02.791+0000] {processor.py:839} INFO - DAG(s) dict_keys(['example_short_circuit_operator']) retrieved from /home/airflow/.local/lib/python3.10/site-packages/airflow/example_dags/example_short_circuit_operator.py
[2025-11-24T15:32:02.824+0000] {logging_mixin.py:154} INFO - [2025-11-24T15:32:02.824+0000] {dag.py:2941} INFO - Sync 1 DAGs
[2025-11-24T15:32:02.858+0000] {logging_mixin.py:154} INFO - [2025-11-24T15:32:02.858+0000] {dag.py:3722} INFO - Setting next_dagrun for example_short_circuit_operator to 2025-11-23T15:32:02.857857+00:00, run_after=2025-11-24T15:32:02.857857+00:00
[2025-11-24T15:32:02.885+0000] {processor.py:179} INFO - Processing /home/airflow/.local/lib/python3.10/site-packages/airflow/example_dags/example_short_circuit_operator.py took 0.123 seconds
[2025-11-24T15:32:32.964+0000] {processor.py:157} INFO - Started process (PID=414) to work on /home/airflow/.local/lib/python3.10/site-packages/airflow/example_dags/example_short_circuit_operator.py
[2025-11-24T15:32:32.965+0000] {processor.py:829} INFO - Processing file /home/airflow/.local/lib/python3.10/site-packages/airflow/example_dags/example_short_circuit_operator.py for tasks to queue
[2025-11-24T15:32:32.968+0000] {logging_mixin.py:154} INFO - [2025-11-24T15:32:32.968+0000] {dagbag.py:536} INFO - Filling up the DagBag from /home/airflow/.local/lib/python3.10/site-packages/airflow/example_dags/example_short_circuit_operator.py
[2025-11-24T15:32:32.981+0000] {processor.py:839} INFO - DAG(s) dict_keys(['example_short_circuit_operator']) retrieved from /home/airflow/.local/lib/python3.10/site-packages/airflow/example_dags/example_short_circuit_operator.py
[2025-11-24T15:32:33.018+0000] {logging_mixin.py:154} INFO - [2025-11-24T15:32:33.018+0000] {dag.py:2941} INFO - Sync 1 DAGs
[2025-11-24T15:32:33.053+0000] {logging_mixin.py:154} INFO - [2025-11-24T15:32:33.052+0000] {dag.py:3722} INFO - Setting next_dagrun for example_short_circuit_operator to 2025-11-23T15:32:33.052420+00:00, run_after=2025-11-24T15:32:33.052420+00:00
[2025-11-24T15:32:33.077+0000] {processor.py:179} INFO - Processing /home/airflow/.local/lib/python3.10/site-packages/airflow/example_dags/example_short_circuit_operator.py took 0.118 seconds
[2025-11-24T15:33:03.960+0000] {processor.py:157} INFO - Started process (PID=468) to work on /home/airflow/.local/lib/python3.10/site-packages/airflow/example_dags/example_short_circuit_operator.py
[2025-11-24T15:33:03.969+0000] {processor.py:829} INFO - Processing file /home/airflow/.local/lib/python3.10/site-packages/airflow/example_dags/example_short_circuit_operator.py for tasks to queue
[2025-11-24T15:33:03.972+0000] {logging_mixin.py:154} INFO - [2025-11-24T15:33:03.971+0000] {dagbag.py:536} INFO - Filling up the DagBag from /home/airflow/.local/lib/python3.10/site-packages/airflow/example_dags/example_short_circuit_operator.py
[2025-11-24T15:33:03.983+0000] {processor.py:839} INFO - DAG(s) dict_keys(['example_short_circuit_operator']) retrieved from /home/airflow/.local/lib/python3.10/site-packages/airflow/example_dags/example_short_circuit_operator.py
[2025-11-24T15:33:04.017+0000] {logging_mixin.py:154} INFO - [2025-11-24T15:33:04.016+0000] {dag.py:2941} INFO - Sync 1 DAGs
[2025-11-24T15:33:04.049+0000] {logging_mixin.py:154} INFO - [2025-11-24T15:33:04.048+0000] {dag.py:3722} INFO - Setting next_dagrun for example_short_circuit_operator to 2025-11-23T15:33:04.048337+00:00, run_after=2025-11-24T15:33:04.048337+00:00
[2025-11-24T15:33:04.071+0000] {processor.py:179} INFO - Processing /home/airflow/.local/lib/python3.10/site-packages/airflow/example_dags/example_short_circuit_operator.py took 0.117 seconds
[2025-11-24T15:33:34.206+0000] {processor.py:157} INFO - Started process (PID=522) to work on /home/airflow/.local/lib/python3.10/site-packages/airflow/example_dags/example_short_circuit_operator.py
[2025-11-24T15:33:34.210+0000] {processor.py:829} INFO - Processing file /home/airflow/.local/lib/python3.10/site-packages/airflow/example_dags/example_short_circuit_operator.py for tasks to queue
[2025-11-24T15:33:34.214+0000] {logging_mixin.py:154} INFO - [2025-11-24T15:33:34.213+0000] {dagbag.py:536} INFO - Filling up the DagBag from /home/airflow/.local/lib/python3.10/site-packages/airflow/example_dags/example_short_circuit_operator.py
[2025-11-24T15:33:34.225+0000] {processor.py:839} INFO - DAG(s) dict_keys(['example_short_circuit_operator']) retrieved from /home/airflow/.local/lib/python3.10/site-packages/airflow/example_dags/example_short_circuit_operator.py
[2025-11-24T15:33:34.258+0000] {logging_mixin.py:154} INFO - [2025-11-24T15:33:34.258+0000] {dag.py:2941} INFO - Sync 1 DAGs
[2025-11-24T15:33:34.294+0000] {logging_mixin.py:154} INFO - [2025-11-24T15:33:34.294+0000] {dag.py:3722} INFO - Setting next_dagrun for example_short_circuit_operator to 2025-11-23T15:33:34.293962+00:00, run_after=2025-11-24T15:33:34.293962+00:00
[2025-11-24T15:33:34.351+0000] {processor.py:179} INFO - Processing /home/airflow/.local/lib/python3.10/site-packages/airflow/example_dags/example_short_circuit_operator.py took 0.150 seconds
[2025-11-24T15:34:04.653+0000] {processor.py:157} INFO - Started process (PID=576) to work on /home/airflow/.local/lib/python3.10/site-packages/airflow/example_dags/example_short_circuit_operator.py
[2025-11-24T15:34:04.654+0000] {processor.py:829} INFO - Processing file /home/airflow/.local/lib/python3.10/site-packages/airflow/example_dags/example_short_circuit_operator.py for tasks to queue
[2025-11-24T15:34:04.657+0000] {logging_mixin.py:154} INFO - [2025-11-24T15:34:04.657+0000] {dagbag.py:536} INFO - Filling up the DagBag from /home/airflow/.local/lib/python3.10/site-packages/airflow/example_dags/example_short_circuit_operator.py
[2025-11-24T15:34:04.683+0000] {processor.py:839} INFO - DAG(s) dict_keys(['example_short_circuit_operator']) retrieved from /home/airflow/.local/lib/python3.10/site-packages/airflow/example_dags/example_short_circuit_operator.py
[2025-11-24T15:34:04.743+0000] {logging_mixin.py:154} INFO - [2025-11-24T15:34:04.742+0000] {dag.py:2941} INFO - Sync 1 DAGs
[2025-11-24T15:34:04.795+0000] {logging_mixin.py:154} INFO - [2025-11-24T15:34:04.794+0000] {dag.py:3722} INFO - Setting next_dagrun for example_short_circuit_operator to 2025-11-23T15:34:04.794476+00:00, run_after=2025-11-24T15:34:04.794476+00:00
[2025-11-24T15:34:04.835+0000] {processor.py:179} INFO - Processing /home/airflow/.local/lib/python3.10/site-packages/airflow/example_dags/example_short_circuit_operator.py took 0.188 seconds
[2025-11-24T15:34:35.052+0000] {processor.py:157} INFO - Started process (PID=630) to work on /home/airflow/.local/lib/python3.10/site-packages/airflow/example_dags/example_short_circuit_operator.py
[2025-11-24T15:34:35.053+0000] {processor.py:829} INFO - Processing file /home/airflow/.local/lib/python3.10/site-packages/airflow/example_dags/example_short_circuit_operator.py for tasks to queue
[2025-11-24T15:34:35.059+0000] {logging_mixin.py:154} INFO - [2025-11-24T15:34:35.059+0000] {dagbag.py:536} INFO - Filling up the DagBag from /home/airflow/.local/lib/python3.10/site-packages/airflow/example_dags/example_short_circuit_operator.py
[2025-11-24T15:34:35.076+0000] {processor.py:839} INFO - DAG(s) dict_keys(['example_short_circuit_operator']) retrieved from /home/airflow/.local/lib/python3.10/site-packages/airflow/example_dags/example_short_circuit_operator.py
[2025-11-24T15:34:35.153+0000] {logging_mixin.py:154} INFO - [2025-11-24T15:34:35.152+0000] {dag.py:2941} INFO - Sync 1 DAGs
[2025-11-24T15:34:35.231+0000] {logging_mixin.py:154} INFO - [2025-11-24T15:34:35.231+0000] {dag.py:3722} INFO - Setting next_dagrun for example_short_circuit_operator to 2025-11-23T15:34:35.231240+00:00, run_after=2025-11-24T15:34:35.231240+00:00
[2025-11-24T15:34:35.264+0000] {processor.py:179} INFO - Processing /home/airflow/.local/lib/python3.10/site-packages/airflow/example_dags/example_short_circuit_operator.py took 0.233 seconds
[2025-11-24T15:35:05.624+0000] {processor.py:157} INFO - Started process (PID=683) to work on /home/airflow/.local/lib/python3.10/site-packages/airflow/example_dags/example_short_circuit_operator.py
[2025-11-24T15:35:05.638+0000] {processor.py:829} INFO - Processing file /home/airflow/.local/lib/python3.10/site-packages/airflow/example_dags/example_short_circuit_operator.py for tasks to queue
[2025-11-24T15:35:05.641+0000] {logging_mixin.py:154} INFO - [2025-11-24T15:35:05.641+0000] {dagbag.py:536} INFO - Filling up the DagBag from /home/airflow/.local/lib/python3.10/site-packages/airflow/example_dags/example_short_circuit_operator.py
[2025-11-24T15:35:05.689+0000] {processor.py:839} INFO - DAG(s) dict_keys(['example_short_circuit_operator']) retrieved from /home/airflow/.local/lib/python3.10/site-packages/airflow/example_dags/example_short_circuit_operator.py
[2025-11-24T15:35:05.808+0000] {logging_mixin.py:154} INFO - [2025-11-24T15:35:05.807+0000] {dag.py:2941} INFO - Sync 1 DAGs
[2025-11-24T15:35:05.940+0000] {logging_mixin.py:154} INFO - [2025-11-24T15:35:05.939+0000] {dag.py:3722} INFO - Setting next_dagrun for example_short_circuit_operator to 2025-11-23T15:35:05.939319+00:00, run_after=2025-11-24T15:35:05.939319+00:00
[2025-11-24T15:35:06.070+0000] {processor.py:179} INFO - Processing /home/airflow/.local/lib/python3.10/site-packages/airflow/example_dags/example_short_circuit_operator.py took 0.456 seconds
[2025-11-24T15:35:36.924+0000] {processor.py:157} INFO - Started process (PID=736) to work on /home/airflow/.local/lib/python3.10/site-packages/airflow/example_dags/example_short_circuit_operator.py
[2025-11-24T15:35:36.925+0000] {processor.py:829} INFO - Processing file /home/airflow/.local/lib/python3.10/site-packages/airflow/example_dags/example_short_circuit_operator.py for tasks to queue
[2025-11-24T15:35:36.928+0000] {logging_mixin.py:154} INFO - [2025-11-24T15:35:36.927+0000] {dagbag.py:536} INFO - Filling up the DagBag from /home/airflow/.local/lib/python3.10/site-packages/airflow/example_dags/example_short_circuit_operator.py
[2025-11-24T15:35:36.951+0000] {processor.py:839} INFO - DAG(s) dict_keys(['example_short_circuit_operator']) retrieved from /home/airflow/.local/lib/python3.10/site-packages/airflow/example_dags/example_short_circuit_operator.py
[2025-11-24T15:35:37.019+0000] {logging_mixin.py:154} INFO - [2025-11-24T15:35:37.019+0000] {dag.py:2941} INFO - Sync 1 DAGs
[2025-11-24T15:35:37.083+0000] {logging_mixin.py:154} INFO - [2025-11-24T15:35:37.083+0000] {dag.py:3722} INFO - Setting next_dagrun for example_short_circuit_operator to 2025-11-23T15:35:37.083311+00:00, run_after=2025-11-24T15:35:37.083311+00:00
[2025-11-24T15:35:37.125+0000] {processor.py:179} INFO - Processing /home/airflow/.local/lib/python3.10/site-packages/airflow/example_dags/example_short_circuit_operator.py took 0.227 seconds
[2025-11-24T15:36:07.163+0000] {processor.py:157} INFO - Started process (PID=790) to work on /home/airflow/.local/lib/python3.10/site-packages/airflow/example_dags/example_short_circuit_operator.py
[2025-11-24T15:36:07.164+0000] {processor.py:829} INFO - Processing file /home/airflow/.local/lib/python3.10/site-packages/airflow/example_dags/example_short_circuit_operator.py for tasks to queue
[2025-11-24T15:36:07.167+0000] {logging_mixin.py:154} INFO - [2025-11-24T15:36:07.167+0000] {dagbag.py:536} INFO - Filling up the DagBag from /home/airflow/.local/lib/python3.10/site-packages/airflow/example_dags/example_short_circuit_operator.py
[2025-11-24T15:36:07.179+0000] {processor.py:839} INFO - DAG(s) dict_keys(['example_short_circuit_operator']) retrieved from /home/airflow/.local/lib/python3.10/site-packages/airflow/example_dags/example_short_circuit_operator.py
[2025-11-24T15:36:07.213+0000] {logging_mixin.py:154} INFO - [2025-11-24T15:36:07.213+0000] {dag.py:2941} INFO - Sync 1 DAGs
[2025-11-24T15:36:07.246+0000] {logging_mixin.py:154} INFO - [2025-11-24T15:36:07.245+0000] {dag.py:3722} INFO - Setting next_dagrun for example_short_circuit_operator to 2025-11-23T15:36:07.245623+00:00, run_after=2025-11-24T15:36:07.245623+00:00
[2025-11-24T15:36:07.274+0000] {processor.py:179} INFO - Processing /home/airflow/.local/lib/python3.10/site-packages/airflow/example_dags/example_short_circuit_operator.py took 0.117 seconds
[2025-11-24T15:36:37.625+0000] {processor.py:157} INFO - Started process (PID=845) to work on /home/airflow/.local/lib/python3.10/site-packages/airflow/example_dags/example_short_circuit_operator.py
[2025-11-24T15:36:37.629+0000] {processor.py:829} INFO - Processing file /home/airflow/.local/lib/python3.10/site-packages/airflow/example_dags/example_short_circuit_operator.py for tasks to queue
[2025-11-24T15:36:37.633+0000] {logging_mixin.py:154} INFO - [2025-11-24T15:36:37.632+0000] {dagbag.py:536} INFO - Filling up the DagBag from /home/airflow/.local/lib/python3.10/site-packages/airflow/example_dags/example_short_circuit_operator.py
[2025-11-24T15:36:37.644+0000] {processor.py:839} INFO - DAG(s) dict_keys(['example_short_circuit_operator']) retrieved from /home/airflow/.local/lib/python3.10/site-packages/airflow/example_dags/example_short_circuit_operator.py
[2025-11-24T15:36:37.678+0000] {logging_mixin.py:154} INFO - [2025-11-24T15:36:37.678+0000] {dag.py:2941} INFO - Sync 1 DAGs
[2025-11-24T15:36:37.710+0000] {logging_mixin.py:154} INFO - [2025-11-24T15:36:37.710+0000] {dag.py:3722} INFO - Setting next_dagrun for example_short_circuit_operator to 2025-11-23T15:36:37.709907+00:00, run_after=2025-11-24T15:36:37.709907+00:00
[2025-11-24T15:36:37.733+0000] {processor.py:179} INFO - Processing /home/airflow/.local/lib/python3.10/site-packages/airflow/example_dags/example_short_circuit_operator.py took 0.113 seconds
[2025-11-24T15:37:07.922+0000] {processor.py:157} INFO - Started process (PID=899) to work on /home/airflow/.local/lib/python3.10/site-packages/airflow/example_dags/example_short_circuit_operator.py
[2025-11-24T15:37:07.924+0000] {processor.py:829} INFO - Processing file /home/airflow/.local/lib/python3.10/site-packages/airflow/example_dags/example_short_circuit_operator.py for tasks to queue
[2025-11-24T15:37:07.927+0000] {logging_mixin.py:154} INFO - [2025-11-24T15:37:07.927+0000] {dagbag.py:536} INFO - Filling up the DagBag from /home/airflow/.local/lib/python3.10/site-packages/airflow/example_dags/example_short_circuit_operator.py
[2025-11-24T15:37:07.940+0000] {processor.py:839} INFO - DAG(s) dict_keys(['example_short_circuit_operator']) retrieved from /home/airflow/.local/lib/python3.10/site-packages/airflow/example_dags/example_short_circuit_operator.py
[2025-11-24T15:37:07.975+0000] {logging_mixin.py:154} INFO - [2025-11-24T15:37:07.974+0000] {dag.py:2941} INFO - Sync 1 DAGs
[2025-11-24T15:37:08.007+0000] {logging_mixin.py:154} INFO - [2025-11-24T15:37:08.006+0000] {dag.py:3722} INFO - Setting next_dagrun for example_short_circuit_operator to 2025-11-23T15:37:08.006571+00:00, run_after=2025-11-24T15:37:08.006571+00:00
[2025-11-24T15:37:08.031+0000] {processor.py:179} INFO - Processing /home/airflow/.local/lib/python3.10/site-packages/airflow/example_dags/example_short_circuit_operator.py took 0.114 seconds
[2025-11-24T15:37:38.594+0000] {processor.py:157} INFO - Started process (PID=953) to work on /home/airflow/.local/lib/python3.10/site-packages/airflow/example_dags/example_short_circuit_operator.py
[2025-11-24T15:37:38.596+0000] {processor.py:829} INFO - Processing file /home/airflow/.local/lib/python3.10/site-packages/airflow/example_dags/example_short_circuit_operator.py for tasks to queue
[2025-11-24T15:37:38.599+0000] {logging_mixin.py:154} INFO - [2025-11-24T15:37:38.599+0000] {dagbag.py:536} INFO - Filling up the DagBag from /home/airflow/.local/lib/python3.10/site-packages/airflow/example_dags/example_short_circuit_operator.py
[2025-11-24T15:37:38.611+0000] {processor.py:839} INFO - DAG(s) dict_keys(['example_short_circuit_operator']) retrieved from /home/airflow/.local/lib/python3.10/site-packages/airflow/example_dags/example_short_circuit_operator.py
[2025-11-24T15:37:38.644+0000] {logging_mixin.py:154} INFO - [2025-11-24T15:37:38.644+0000] {dag.py:2941} INFO - Sync 1 DAGs
[2025-11-24T15:37:38.677+0000] {logging_mixin.py:154} INFO - [2025-11-24T15:37:38.677+0000] {dag.py:3722} INFO - Setting next_dagrun for example_short_circuit_operator to 2025-11-23T15:37:38.677202+00:00, run_after=2025-11-24T15:37:38.677202+00:00
[2025-11-24T15:37:38.718+0000] {processor.py:179} INFO - Processing /home/airflow/.local/lib/python3.10/site-packages/airflow/example_dags/example_short_circuit_operator.py took 0.128 seconds
[2025-11-24T15:38:08.814+0000] {processor.py:157} INFO - Started process (PID=1008) to work on /home/airflow/.local/lib/python3.10/site-packages/airflow/example_dags/example_short_circuit_operator.py
[2025-11-24T15:38:08.816+0000] {processor.py:829} INFO - Processing file /home/airflow/.local/lib/python3.10/site-packages/airflow/example_dags/example_short_circuit_operator.py for tasks to queue
[2025-11-24T15:38:08.819+0000] {logging_mixin.py:154} INFO - [2025-11-24T15:38:08.818+0000] {dagbag.py:536} INFO - Filling up the DagBag from /home/airflow/.local/lib/python3.10/site-packages/airflow/example_dags/example_short_circuit_operator.py
[2025-11-24T15:38:08.831+0000] {processor.py:839} INFO - DAG(s) dict_keys(['example_short_circuit_operator']) retrieved from /home/airflow/.local/lib/python3.10/site-packages/airflow/example_dags/example_short_circuit_operator.py
[2025-11-24T15:38:08.865+0000] {logging_mixin.py:154} INFO - [2025-11-24T15:38:08.864+0000] {dag.py:2941} INFO - Sync 1 DAGs
[2025-11-24T15:38:08.896+0000] {logging_mixin.py:154} INFO - [2025-11-24T15:38:08.896+0000] {dag.py:3722} INFO - Setting next_dagrun for example_short_circuit_operator to 2025-11-23T15:38:08.895947+00:00, run_after=2025-11-24T15:38:08.895947+00:00
[2025-11-24T15:38:08.921+0000] {processor.py:179} INFO - Processing /home/airflow/.local/lib/python3.10/site-packages/airflow/example_dags/example_short_circuit_operator.py took 0.111 seconds
