[2025-11-24T15:29:02.369+0000] {processor.py:157} INFO - Started process (PID=43) to work on /home/airflow/.local/lib/python3.10/site-packages/airflow/example_dags/example_task_group_decorator.py
[2025-11-24T15:29:02.373+0000] {processor.py:829} INFO - Processing file /home/airflow/.local/lib/python3.10/site-packages/airflow/example_dags/example_task_group_decorator.py for tasks to queue
[2025-11-24T15:29:02.380+0000] {logging_mixin.py:154} INFO - [2025-11-24T15:29:02.380+0000] {dagbag.py:536} INFO - Filling up the DagBag from /home/airflow/.local/lib/python3.10/site-packages/airflow/example_dags/example_task_group_decorator.py
[2025-11-24T15:29:02.464+0000] {processor.py:839} INFO - DAG(s) dict_keys(['example_task_group_decorator']) retrieved from /home/airflow/.local/lib/python3.10/site-packages/airflow/example_dags/example_task_group_decorator.py
[2025-11-24T15:29:03.049+0000] {logging_mixin.py:154} INFO - [2025-11-24T15:29:03.048+0000] {manager.py:499} INFO - Created Permission View: %s
[2025-11-24T15:29:03.095+0000] {logging_mixin.py:154} INFO - [2025-11-24T15:29:03.094+0000] {manager.py:499} INFO - Created Permission View: %s
[2025-11-24T15:29:03.135+0000] {logging_mixin.py:154} INFO - [2025-11-24T15:29:03.135+0000] {manager.py:499} INFO - Created Permission View: %s
[2025-11-24T15:29:03.137+0000] {logging_mixin.py:154} INFO - [2025-11-24T15:29:03.137+0000] {dag.py:2941} INFO - Sync 1 DAGs
[2025-11-24T15:29:03.232+0000] {logging_mixin.py:154} INFO - [2025-11-24T15:29:03.232+0000] {dag.py:2963} INFO - Creating ORM DAG for example_task_group_decorator
[2025-11-24T15:29:03.287+0000] {logging_mixin.py:154} INFO - [2025-11-24T15:29:03.287+0000] {dag.py:3722} INFO - Setting next_dagrun for example_task_group_decorator to 2025-11-23T15:29:03.287196+00:00, run_after=2025-11-24T15:29:03.287196+00:00
[2025-11-24T15:29:03.367+0000] {processor.py:179} INFO - Processing /home/airflow/.local/lib/python3.10/site-packages/airflow/example_dags/example_task_group_decorator.py took 1.012 seconds
[2025-11-24T15:29:33.984+0000] {processor.py:157} INFO - Started process (PID=97) to work on /home/airflow/.local/lib/python3.10/site-packages/airflow/example_dags/example_task_group_decorator.py
[2025-11-24T15:29:33.989+0000] {processor.py:829} INFO - Processing file /home/airflow/.local/lib/python3.10/site-packages/airflow/example_dags/example_task_group_decorator.py for tasks to queue
[2025-11-24T15:29:33.992+0000] {logging_mixin.py:154} INFO - [2025-11-24T15:29:33.991+0000] {dagbag.py:536} INFO - Filling up the DagBag from /home/airflow/.local/lib/python3.10/site-packages/airflow/example_dags/example_task_group_decorator.py
[2025-11-24T15:29:34.015+0000] {processor.py:839} INFO - DAG(s) dict_keys(['example_task_group_decorator']) retrieved from /home/airflow/.local/lib/python3.10/site-packages/airflow/example_dags/example_task_group_decorator.py
[2025-11-24T15:29:34.052+0000] {logging_mixin.py:154} INFO - [2025-11-24T15:29:34.051+0000] {dag.py:2941} INFO - Sync 1 DAGs
[2025-11-24T15:29:34.084+0000] {logging_mixin.py:154} INFO - [2025-11-24T15:29:34.084+0000] {dag.py:3722} INFO - Setting next_dagrun for example_task_group_decorator to 2025-11-23T15:29:34.084018+00:00, run_after=2025-11-24T15:29:34.084018+00:00
[2025-11-24T15:29:34.106+0000] {processor.py:179} INFO - Processing /home/airflow/.local/lib/python3.10/site-packages/airflow/example_dags/example_task_group_decorator.py took 0.127 seconds
[2025-11-24T15:30:04.465+0000] {processor.py:157} INFO - Started process (PID=151) to work on /home/airflow/.local/lib/python3.10/site-packages/airflow/example_dags/example_task_group_decorator.py
[2025-11-24T15:30:04.466+0000] {processor.py:829} INFO - Processing file /home/airflow/.local/lib/python3.10/site-packages/airflow/example_dags/example_task_group_decorator.py for tasks to queue
[2025-11-24T15:30:04.469+0000] {logging_mixin.py:154} INFO - [2025-11-24T15:30:04.469+0000] {dagbag.py:536} INFO - Filling up the DagBag from /home/airflow/.local/lib/python3.10/site-packages/airflow/example_dags/example_task_group_decorator.py
[2025-11-24T15:30:04.530+0000] {processor.py:839} INFO - DAG(s) dict_keys(['example_task_group_decorator']) retrieved from /home/airflow/.local/lib/python3.10/site-packages/airflow/example_dags/example_task_group_decorator.py
[2025-11-24T15:30:04.581+0000] {logging_mixin.py:154} INFO - [2025-11-24T15:30:04.581+0000] {dag.py:2941} INFO - Sync 1 DAGs
[2025-11-24T15:30:04.614+0000] {logging_mixin.py:154} INFO - [2025-11-24T15:30:04.614+0000] {dag.py:3722} INFO - Setting next_dagrun for example_task_group_decorator to 2025-11-23T15:30:04.614233+00:00, run_after=2025-11-24T15:30:04.614233+00:00
[2025-11-24T15:30:04.640+0000] {processor.py:179} INFO - Processing /home/airflow/.local/lib/python3.10/site-packages/airflow/example_dags/example_task_group_decorator.py took 0.191 seconds
[2025-11-24T15:30:34.690+0000] {processor.py:157} INFO - Started process (PID=205) to work on /home/airflow/.local/lib/python3.10/site-packages/airflow/example_dags/example_task_group_decorator.py
[2025-11-24T15:30:34.692+0000] {processor.py:829} INFO - Processing file /home/airflow/.local/lib/python3.10/site-packages/airflow/example_dags/example_task_group_decorator.py for tasks to queue
[2025-11-24T15:30:34.695+0000] {logging_mixin.py:154} INFO - [2025-11-24T15:30:34.694+0000] {dagbag.py:536} INFO - Filling up the DagBag from /home/airflow/.local/lib/python3.10/site-packages/airflow/example_dags/example_task_group_decorator.py
[2025-11-24T15:30:34.723+0000] {processor.py:839} INFO - DAG(s) dict_keys(['example_task_group_decorator']) retrieved from /home/airflow/.local/lib/python3.10/site-packages/airflow/example_dags/example_task_group_decorator.py
[2025-11-24T15:30:34.759+0000] {logging_mixin.py:154} INFO - [2025-11-24T15:30:34.759+0000] {dag.py:2941} INFO - Sync 1 DAGs
[2025-11-24T15:30:34.792+0000] {logging_mixin.py:154} INFO - [2025-11-24T15:30:34.791+0000] {dag.py:3722} INFO - Setting next_dagrun for example_task_group_decorator to 2025-11-23T15:30:34.791380+00:00, run_after=2025-11-24T15:30:34.791380+00:00
[2025-11-24T15:30:34.821+0000] {processor.py:179} INFO - Processing /home/airflow/.local/lib/python3.10/site-packages/airflow/example_dags/example_task_group_decorator.py took 0.137 seconds
[2025-11-24T15:31:05.303+0000] {processor.py:157} INFO - Started process (PID=260) to work on /home/airflow/.local/lib/python3.10/site-packages/airflow/example_dags/example_task_group_decorator.py
[2025-11-24T15:31:05.305+0000] {processor.py:829} INFO - Processing file /home/airflow/.local/lib/python3.10/site-packages/airflow/example_dags/example_task_group_decorator.py for tasks to queue
[2025-11-24T15:31:05.307+0000] {logging_mixin.py:154} INFO - [2025-11-24T15:31:05.307+0000] {dagbag.py:536} INFO - Filling up the DagBag from /home/airflow/.local/lib/python3.10/site-packages/airflow/example_dags/example_task_group_decorator.py
[2025-11-24T15:31:05.331+0000] {processor.py:839} INFO - DAG(s) dict_keys(['example_task_group_decorator']) retrieved from /home/airflow/.local/lib/python3.10/site-packages/airflow/example_dags/example_task_group_decorator.py
[2025-11-24T15:31:05.371+0000] {logging_mixin.py:154} INFO - [2025-11-24T15:31:05.370+0000] {dag.py:2941} INFO - Sync 1 DAGs
[2025-11-24T15:31:05.464+0000] {logging_mixin.py:154} INFO - [2025-11-24T15:31:05.463+0000] {dag.py:3722} INFO - Setting next_dagrun for example_task_group_decorator to 2025-11-23T15:31:05.463515+00:00, run_after=2025-11-24T15:31:05.463515+00:00
[2025-11-24T15:31:05.509+0000] {processor.py:179} INFO - Processing /home/airflow/.local/lib/python3.10/site-packages/airflow/example_dags/example_task_group_decorator.py took 0.211 seconds
[2025-11-24T15:31:35.814+0000] {processor.py:157} INFO - Started process (PID=314) to work on /home/airflow/.local/lib/python3.10/site-packages/airflow/example_dags/example_task_group_decorator.py
[2025-11-24T15:31:35.818+0000] {processor.py:829} INFO - Processing file /home/airflow/.local/lib/python3.10/site-packages/airflow/example_dags/example_task_group_decorator.py for tasks to queue
[2025-11-24T15:31:35.825+0000] {logging_mixin.py:154} INFO - [2025-11-24T15:31:35.824+0000] {dagbag.py:536} INFO - Filling up the DagBag from /home/airflow/.local/lib/python3.10/site-packages/airflow/example_dags/example_task_group_decorator.py
[2025-11-24T15:31:35.848+0000] {processor.py:839} INFO - DAG(s) dict_keys(['example_task_group_decorator']) retrieved from /home/airflow/.local/lib/python3.10/site-packages/airflow/example_dags/example_task_group_decorator.py
[2025-11-24T15:31:35.876+0000] {logging_mixin.py:154} INFO - [2025-11-24T15:31:35.875+0000] {dag.py:2941} INFO - Sync 1 DAGs
[2025-11-24T15:31:35.900+0000] {logging_mixin.py:154} INFO - [2025-11-24T15:31:35.900+0000] {dag.py:3722} INFO - Setting next_dagrun for example_task_group_decorator to 2025-11-23T15:31:35.900196+00:00, run_after=2025-11-24T15:31:35.900196+00:00
[2025-11-24T15:31:35.945+0000] {processor.py:179} INFO - Processing /home/airflow/.local/lib/python3.10/site-packages/airflow/example_dags/example_task_group_decorator.py took 0.137 seconds
[2025-11-24T15:32:06.422+0000] {processor.py:157} INFO - Started process (PID=368) to work on /home/airflow/.local/lib/python3.10/site-packages/airflow/example_dags/example_task_group_decorator.py
[2025-11-24T15:32:06.424+0000] {processor.py:829} INFO - Processing file /home/airflow/.local/lib/python3.10/site-packages/airflow/example_dags/example_task_group_decorator.py for tasks to queue
[2025-11-24T15:32:06.427+0000] {logging_mixin.py:154} INFO - [2025-11-24T15:32:06.427+0000] {dagbag.py:536} INFO - Filling up the DagBag from /home/airflow/.local/lib/python3.10/site-packages/airflow/example_dags/example_task_group_decorator.py
[2025-11-24T15:32:06.447+0000] {processor.py:839} INFO - DAG(s) dict_keys(['example_task_group_decorator']) retrieved from /home/airflow/.local/lib/python3.10/site-packages/airflow/example_dags/example_task_group_decorator.py
[2025-11-24T15:32:06.478+0000] {logging_mixin.py:154} INFO - [2025-11-24T15:32:06.478+0000] {dag.py:2941} INFO - Sync 1 DAGs
[2025-11-24T15:32:06.503+0000] {logging_mixin.py:154} INFO - [2025-11-24T15:32:06.503+0000] {dag.py:3722} INFO - Setting next_dagrun for example_task_group_decorator to 2025-11-23T15:32:06.503243+00:00, run_after=2025-11-24T15:32:06.503243+00:00
[2025-11-24T15:32:06.526+0000] {processor.py:179} INFO - Processing /home/airflow/.local/lib/python3.10/site-packages/airflow/example_dags/example_task_group_decorator.py took 0.109 seconds
[2025-11-24T15:32:36.666+0000] {processor.py:157} INFO - Started process (PID=421) to work on /home/airflow/.local/lib/python3.10/site-packages/airflow/example_dags/example_task_group_decorator.py
[2025-11-24T15:32:36.667+0000] {processor.py:829} INFO - Processing file /home/airflow/.local/lib/python3.10/site-packages/airflow/example_dags/example_task_group_decorator.py for tasks to queue
[2025-11-24T15:32:36.670+0000] {logging_mixin.py:154} INFO - [2025-11-24T15:32:36.669+0000] {dagbag.py:536} INFO - Filling up the DagBag from /home/airflow/.local/lib/python3.10/site-packages/airflow/example_dags/example_task_group_decorator.py
[2025-11-24T15:32:36.686+0000] {processor.py:839} INFO - DAG(s) dict_keys(['example_task_group_decorator']) retrieved from /home/airflow/.local/lib/python3.10/site-packages/airflow/example_dags/example_task_group_decorator.py
[2025-11-24T15:32:36.714+0000] {logging_mixin.py:154} INFO - [2025-11-24T15:32:36.714+0000] {dag.py:2941} INFO - Sync 1 DAGs
[2025-11-24T15:32:36.738+0000] {logging_mixin.py:154} INFO - [2025-11-24T15:32:36.738+0000] {dag.py:3722} INFO - Setting next_dagrun for example_task_group_decorator to 2025-11-23T15:32:36.738235+00:00, run_after=2025-11-24T15:32:36.738235+00:00
[2025-11-24T15:32:36.764+0000] {processor.py:179} INFO - Processing /home/airflow/.local/lib/python3.10/site-packages/airflow/example_dags/example_task_group_decorator.py took 0.101 seconds
[2025-11-24T15:33:07.479+0000] {processor.py:157} INFO - Started process (PID=475) to work on /home/airflow/.local/lib/python3.10/site-packages/airflow/example_dags/example_task_group_decorator.py
[2025-11-24T15:33:07.481+0000] {processor.py:829} INFO - Processing file /home/airflow/.local/lib/python3.10/site-packages/airflow/example_dags/example_task_group_decorator.py for tasks to queue
[2025-11-24T15:33:07.483+0000] {logging_mixin.py:154} INFO - [2025-11-24T15:33:07.483+0000] {dagbag.py:536} INFO - Filling up the DagBag from /home/airflow/.local/lib/python3.10/site-packages/airflow/example_dags/example_task_group_decorator.py
[2025-11-24T15:33:07.509+0000] {processor.py:839} INFO - DAG(s) dict_keys(['example_task_group_decorator']) retrieved from /home/airflow/.local/lib/python3.10/site-packages/airflow/example_dags/example_task_group_decorator.py
[2025-11-24T15:33:07.548+0000] {logging_mixin.py:154} INFO - [2025-11-24T15:33:07.547+0000] {dag.py:2941} INFO - Sync 1 DAGs
[2025-11-24T15:33:07.587+0000] {logging_mixin.py:154} INFO - [2025-11-24T15:33:07.587+0000] {dag.py:3722} INFO - Setting next_dagrun for example_task_group_decorator to 2025-11-23T15:33:07.587286+00:00, run_after=2025-11-24T15:33:07.587286+00:00
[2025-11-24T15:33:07.637+0000] {processor.py:179} INFO - Processing /home/airflow/.local/lib/python3.10/site-packages/airflow/example_dags/example_task_group_decorator.py took 0.164 seconds
[2025-11-24T15:33:37.771+0000] {processor.py:157} INFO - Started process (PID=529) to work on /home/airflow/.local/lib/python3.10/site-packages/airflow/example_dags/example_task_group_decorator.py
[2025-11-24T15:33:37.773+0000] {processor.py:829} INFO - Processing file /home/airflow/.local/lib/python3.10/site-packages/airflow/example_dags/example_task_group_decorator.py for tasks to queue
[2025-11-24T15:33:37.776+0000] {logging_mixin.py:154} INFO - [2025-11-24T15:33:37.776+0000] {dagbag.py:536} INFO - Filling up the DagBag from /home/airflow/.local/lib/python3.10/site-packages/airflow/example_dags/example_task_group_decorator.py
[2025-11-24T15:33:37.799+0000] {processor.py:839} INFO - DAG(s) dict_keys(['example_task_group_decorator']) retrieved from /home/airflow/.local/lib/python3.10/site-packages/airflow/example_dags/example_task_group_decorator.py
[2025-11-24T15:33:37.832+0000] {logging_mixin.py:154} INFO - [2025-11-24T15:33:37.832+0000] {dag.py:2941} INFO - Sync 1 DAGs
[2025-11-24T15:33:37.857+0000] {logging_mixin.py:154} INFO - [2025-11-24T15:33:37.856+0000] {dag.py:3722} INFO - Setting next_dagrun for example_task_group_decorator to 2025-11-23T15:33:37.856681+00:00, run_after=2025-11-24T15:33:37.856681+00:00
[2025-11-24T15:33:37.880+0000] {processor.py:179} INFO - Processing /home/airflow/.local/lib/python3.10/site-packages/airflow/example_dags/example_task_group_decorator.py took 0.115 seconds
[2025-11-24T15:34:08.327+0000] {processor.py:157} INFO - Started process (PID=583) to work on /home/airflow/.local/lib/python3.10/site-packages/airflow/example_dags/example_task_group_decorator.py
[2025-11-24T15:34:08.329+0000] {processor.py:829} INFO - Processing file /home/airflow/.local/lib/python3.10/site-packages/airflow/example_dags/example_task_group_decorator.py for tasks to queue
[2025-11-24T15:34:08.332+0000] {logging_mixin.py:154} INFO - [2025-11-24T15:34:08.331+0000] {dagbag.py:536} INFO - Filling up the DagBag from /home/airflow/.local/lib/python3.10/site-packages/airflow/example_dags/example_task_group_decorator.py
[2025-11-24T15:34:08.350+0000] {processor.py:839} INFO - DAG(s) dict_keys(['example_task_group_decorator']) retrieved from /home/airflow/.local/lib/python3.10/site-packages/airflow/example_dags/example_task_group_decorator.py
[2025-11-24T15:34:08.378+0000] {logging_mixin.py:154} INFO - [2025-11-24T15:34:08.378+0000] {dag.py:2941} INFO - Sync 1 DAGs
[2025-11-24T15:34:08.408+0000] {logging_mixin.py:154} INFO - [2025-11-24T15:34:08.408+0000] {dag.py:3722} INFO - Setting next_dagrun for example_task_group_decorator to 2025-11-23T15:34:08.407985+00:00, run_after=2025-11-24T15:34:08.407985+00:00
[2025-11-24T15:34:08.430+0000] {processor.py:179} INFO - Processing /home/airflow/.local/lib/python3.10/site-packages/airflow/example_dags/example_task_group_decorator.py took 0.108 seconds
[2025-11-24T15:34:38.814+0000] {processor.py:157} INFO - Started process (PID=637) to work on /home/airflow/.local/lib/python3.10/site-packages/airflow/example_dags/example_task_group_decorator.py
[2025-11-24T15:34:38.815+0000] {processor.py:829} INFO - Processing file /home/airflow/.local/lib/python3.10/site-packages/airflow/example_dags/example_task_group_decorator.py for tasks to queue
[2025-11-24T15:34:38.818+0000] {logging_mixin.py:154} INFO - [2025-11-24T15:34:38.818+0000] {dagbag.py:536} INFO - Filling up the DagBag from /home/airflow/.local/lib/python3.10/site-packages/airflow/example_dags/example_task_group_decorator.py
[2025-11-24T15:34:38.843+0000] {processor.py:839} INFO - DAG(s) dict_keys(['example_task_group_decorator']) retrieved from /home/airflow/.local/lib/python3.10/site-packages/airflow/example_dags/example_task_group_decorator.py
[2025-11-24T15:34:38.880+0000] {logging_mixin.py:154} INFO - [2025-11-24T15:34:38.880+0000] {dag.py:2941} INFO - Sync 1 DAGs
[2025-11-24T15:34:38.907+0000] {logging_mixin.py:154} INFO - [2025-11-24T15:34:38.907+0000] {dag.py:3722} INFO - Setting next_dagrun for example_task_group_decorator to 2025-11-23T15:34:38.906956+00:00, run_after=2025-11-24T15:34:38.906956+00:00
[2025-11-24T15:34:38.931+0000] {processor.py:179} INFO - Processing /home/airflow/.local/lib/python3.10/site-packages/airflow/example_dags/example_task_group_decorator.py took 0.123 seconds
[2025-11-24T15:35:09.612+0000] {processor.py:157} INFO - Started process (PID=690) to work on /home/airflow/.local/lib/python3.10/site-packages/airflow/example_dags/example_task_group_decorator.py
[2025-11-24T15:35:09.614+0000] {processor.py:829} INFO - Processing file /home/airflow/.local/lib/python3.10/site-packages/airflow/example_dags/example_task_group_decorator.py for tasks to queue
[2025-11-24T15:35:09.617+0000] {logging_mixin.py:154} INFO - [2025-11-24T15:35:09.617+0000] {dagbag.py:536} INFO - Filling up the DagBag from /home/airflow/.local/lib/python3.10/site-packages/airflow/example_dags/example_task_group_decorator.py
[2025-11-24T15:35:09.640+0000] {processor.py:839} INFO - DAG(s) dict_keys(['example_task_group_decorator']) retrieved from /home/airflow/.local/lib/python3.10/site-packages/airflow/example_dags/example_task_group_decorator.py
[2025-11-24T15:35:09.678+0000] {logging_mixin.py:154} INFO - [2025-11-24T15:35:09.677+0000] {dag.py:2941} INFO - Sync 1 DAGs
[2025-11-24T15:35:09.708+0000] {logging_mixin.py:154} INFO - [2025-11-24T15:35:09.707+0000] {dag.py:3722} INFO - Setting next_dagrun for example_task_group_decorator to 2025-11-23T15:35:09.707488+00:00, run_after=2025-11-24T15:35:09.707488+00:00
[2025-11-24T15:35:09.740+0000] {processor.py:179} INFO - Processing /home/airflow/.local/lib/python3.10/site-packages/airflow/example_dags/example_task_group_decorator.py took 0.133 seconds
[2025-11-24T15:35:40.919+0000] {processor.py:157} INFO - Started process (PID=743) to work on /home/airflow/.local/lib/python3.10/site-packages/airflow/example_dags/example_task_group_decorator.py
[2025-11-24T15:35:40.920+0000] {processor.py:829} INFO - Processing file /home/airflow/.local/lib/python3.10/site-packages/airflow/example_dags/example_task_group_decorator.py for tasks to queue
[2025-11-24T15:35:40.922+0000] {logging_mixin.py:154} INFO - [2025-11-24T15:35:40.922+0000] {dagbag.py:536} INFO - Filling up the DagBag from /home/airflow/.local/lib/python3.10/site-packages/airflow/example_dags/example_task_group_decorator.py
[2025-11-24T15:35:40.955+0000] {processor.py:839} INFO - DAG(s) dict_keys(['example_task_group_decorator']) retrieved from /home/airflow/.local/lib/python3.10/site-packages/airflow/example_dags/example_task_group_decorator.py
[2025-11-24T15:35:40.989+0000] {logging_mixin.py:154} INFO - [2025-11-24T15:35:40.989+0000] {dag.py:2941} INFO - Sync 1 DAGs
[2025-11-24T15:35:41.023+0000] {logging_mixin.py:154} INFO - [2025-11-24T15:35:41.022+0000] {dag.py:3722} INFO - Setting next_dagrun for example_task_group_decorator to 2025-11-23T15:35:41.022466+00:00, run_after=2025-11-24T15:35:41.022466+00:00
[2025-11-24T15:35:41.054+0000] {processor.py:179} INFO - Processing /home/airflow/.local/lib/python3.10/site-packages/airflow/example_dags/example_task_group_decorator.py took 0.152 seconds
[2025-11-24T15:36:12.140+0000] {processor.py:157} INFO - Started process (PID=797) to work on /home/airflow/.local/lib/python3.10/site-packages/airflow/example_dags/example_task_group_decorator.py
[2025-11-24T15:36:12.142+0000] {processor.py:829} INFO - Processing file /home/airflow/.local/lib/python3.10/site-packages/airflow/example_dags/example_task_group_decorator.py for tasks to queue
[2025-11-24T15:36:12.146+0000] {logging_mixin.py:154} INFO - [2025-11-24T15:36:12.145+0000] {dagbag.py:536} INFO - Filling up the DagBag from /home/airflow/.local/lib/python3.10/site-packages/airflow/example_dags/example_task_group_decorator.py
[2025-11-24T15:36:12.203+0000] {processor.py:839} INFO - DAG(s) dict_keys(['example_task_group_decorator']) retrieved from /home/airflow/.local/lib/python3.10/site-packages/airflow/example_dags/example_task_group_decorator.py
[2025-11-24T15:36:12.239+0000] {logging_mixin.py:154} INFO - [2025-11-24T15:36:12.239+0000] {dag.py:2941} INFO - Sync 1 DAGs
[2025-11-24T15:36:12.301+0000] {logging_mixin.py:154} INFO - [2025-11-24T15:36:12.301+0000] {dag.py:3722} INFO - Setting next_dagrun for example_task_group_decorator to 2025-11-23T15:36:12.301277+00:00, run_after=2025-11-24T15:36:12.301277+00:00
[2025-11-24T15:36:12.390+0000] {processor.py:179} INFO - Processing /home/airflow/.local/lib/python3.10/site-packages/airflow/example_dags/example_task_group_decorator.py took 0.259 seconds
[2025-11-24T15:36:42.433+0000] {processor.py:157} INFO - Started process (PID=852) to work on /home/airflow/.local/lib/python3.10/site-packages/airflow/example_dags/example_task_group_decorator.py
[2025-11-24T15:36:42.434+0000] {processor.py:829} INFO - Processing file /home/airflow/.local/lib/python3.10/site-packages/airflow/example_dags/example_task_group_decorator.py for tasks to queue
[2025-11-24T15:36:42.436+0000] {logging_mixin.py:154} INFO - [2025-11-24T15:36:42.436+0000] {dagbag.py:536} INFO - Filling up the DagBag from /home/airflow/.local/lib/python3.10/site-packages/airflow/example_dags/example_task_group_decorator.py
[2025-11-24T15:36:42.452+0000] {processor.py:839} INFO - DAG(s) dict_keys(['example_task_group_decorator']) retrieved from /home/airflow/.local/lib/python3.10/site-packages/airflow/example_dags/example_task_group_decorator.py
[2025-11-24T15:36:42.480+0000] {logging_mixin.py:154} INFO - [2025-11-24T15:36:42.480+0000] {dag.py:2941} INFO - Sync 1 DAGs
[2025-11-24T15:36:42.505+0000] {logging_mixin.py:154} INFO - [2025-11-24T15:36:42.504+0000] {dag.py:3722} INFO - Setting next_dagrun for example_task_group_decorator to 2025-11-23T15:36:42.504570+00:00, run_after=2025-11-24T15:36:42.504570+00:00
[2025-11-24T15:36:42.534+0000] {processor.py:179} INFO - Processing /home/airflow/.local/lib/python3.10/site-packages/airflow/example_dags/example_task_group_decorator.py took 0.104 seconds
[2025-11-24T15:37:12.639+0000] {processor.py:157} INFO - Started process (PID=906) to work on /home/airflow/.local/lib/python3.10/site-packages/airflow/example_dags/example_task_group_decorator.py
[2025-11-24T15:37:12.641+0000] {processor.py:829} INFO - Processing file /home/airflow/.local/lib/python3.10/site-packages/airflow/example_dags/example_task_group_decorator.py for tasks to queue
[2025-11-24T15:37:12.644+0000] {logging_mixin.py:154} INFO - [2025-11-24T15:37:12.643+0000] {dagbag.py:536} INFO - Filling up the DagBag from /home/airflow/.local/lib/python3.10/site-packages/airflow/example_dags/example_task_group_decorator.py
[2025-11-24T15:37:12.667+0000] {processor.py:839} INFO - DAG(s) dict_keys(['example_task_group_decorator']) retrieved from /home/airflow/.local/lib/python3.10/site-packages/airflow/example_dags/example_task_group_decorator.py
[2025-11-24T15:37:12.715+0000] {logging_mixin.py:154} INFO - [2025-11-24T15:37:12.715+0000] {dag.py:2941} INFO - Sync 1 DAGs
[2025-11-24T15:37:12.746+0000] {logging_mixin.py:154} INFO - [2025-11-24T15:37:12.745+0000] {dag.py:3722} INFO - Setting next_dagrun for example_task_group_decorator to 2025-11-23T15:37:12.745553+00:00, run_after=2025-11-24T15:37:12.745553+00:00
[2025-11-24T15:37:12.772+0000] {processor.py:179} INFO - Processing /home/airflow/.local/lib/python3.10/site-packages/airflow/example_dags/example_task_group_decorator.py took 0.139 seconds
[2025-11-24T15:37:43.625+0000] {processor.py:157} INFO - Started process (PID=960) to work on /home/airflow/.local/lib/python3.10/site-packages/airflow/example_dags/example_task_group_decorator.py
[2025-11-24T15:37:43.631+0000] {processor.py:829} INFO - Processing file /home/airflow/.local/lib/python3.10/site-packages/airflow/example_dags/example_task_group_decorator.py for tasks to queue
[2025-11-24T15:37:43.635+0000] {logging_mixin.py:154} INFO - [2025-11-24T15:37:43.635+0000] {dagbag.py:536} INFO - Filling up the DagBag from /home/airflow/.local/lib/python3.10/site-packages/airflow/example_dags/example_task_group_decorator.py
[2025-11-24T15:37:43.707+0000] {processor.py:839} INFO - DAG(s) dict_keys(['example_task_group_decorator']) retrieved from /home/airflow/.local/lib/python3.10/site-packages/airflow/example_dags/example_task_group_decorator.py
[2025-11-24T15:37:43.788+0000] {logging_mixin.py:154} INFO - [2025-11-24T15:37:43.788+0000] {dag.py:2941} INFO - Sync 1 DAGs
[2025-11-24T15:37:43.855+0000] {logging_mixin.py:154} INFO - [2025-11-24T15:37:43.855+0000] {dag.py:3722} INFO - Setting next_dagrun for example_task_group_decorator to 2025-11-23T15:37:43.855120+00:00, run_after=2025-11-24T15:37:43.855120+00:00
[2025-11-24T15:37:43.911+0000] {processor.py:179} INFO - Processing /home/airflow/.local/lib/python3.10/site-packages/airflow/example_dags/example_task_group_decorator.py took 0.306 seconds
[2025-11-24T15:38:14.427+0000] {processor.py:157} INFO - Started process (PID=1015) to work on /home/airflow/.local/lib/python3.10/site-packages/airflow/example_dags/example_task_group_decorator.py
[2025-11-24T15:38:14.429+0000] {processor.py:829} INFO - Processing file /home/airflow/.local/lib/python3.10/site-packages/airflow/example_dags/example_task_group_decorator.py for tasks to queue
[2025-11-24T15:38:14.431+0000] {logging_mixin.py:154} INFO - [2025-11-24T15:38:14.431+0000] {dagbag.py:536} INFO - Filling up the DagBag from /home/airflow/.local/lib/python3.10/site-packages/airflow/example_dags/example_task_group_decorator.py
[2025-11-24T15:38:14.447+0000] {processor.py:839} INFO - DAG(s) dict_keys(['example_task_group_decorator']) retrieved from /home/airflow/.local/lib/python3.10/site-packages/airflow/example_dags/example_task_group_decorator.py
[2025-11-24T15:38:14.475+0000] {logging_mixin.py:154} INFO - [2025-11-24T15:38:14.474+0000] {dag.py:2941} INFO - Sync 1 DAGs
[2025-11-24T15:38:14.499+0000] {logging_mixin.py:154} INFO - [2025-11-24T15:38:14.499+0000] {dag.py:3722} INFO - Setting next_dagrun for example_task_group_decorator to 2025-11-23T15:38:14.498807+00:00, run_after=2025-11-24T15:38:14.498807+00:00
[2025-11-24T15:38:14.519+0000] {processor.py:179} INFO - Processing /home/airflow/.local/lib/python3.10/site-packages/airflow/example_dags/example_task_group_decorator.py took 0.096 seconds
