[2025-11-24T15:29:09.690+0000] {processor.py:157} INFO - Started process (PID=57) to work on /home/airflow/.local/lib/python3.10/site-packages/airflow/example_dags/example_time_delta_sensor_async.py
[2025-11-24T15:29:09.699+0000] {processor.py:829} INFO - Processing file /home/airflow/.local/lib/python3.10/site-packages/airflow/example_dags/example_time_delta_sensor_async.py for tasks to queue
[2025-11-24T15:29:09.702+0000] {logging_mixin.py:154} INFO - [2025-11-24T15:29:09.701+0000] {dagbag.py:536} INFO - Filling up the DagBag from /home/airflow/.local/lib/python3.10/site-packages/airflow/example_dags/example_time_delta_sensor_async.py
[2025-11-24T15:29:09.726+0000] {processor.py:839} INFO - DAG(s) dict_keys(['example_time_delta_sensor_async']) retrieved from /home/airflow/.local/lib/python3.10/site-packages/airflow/example_dags/example_time_delta_sensor_async.py
[2025-11-24T15:29:10.231+0000] {logging_mixin.py:154} INFO - [2025-11-24T15:29:10.230+0000] {manager.py:499} INFO - Created Permission View: %s
[2025-11-24T15:29:10.269+0000] {logging_mixin.py:154} INFO - [2025-11-24T15:29:10.269+0000] {manager.py:499} INFO - Created Permission View: %s
[2025-11-24T15:29:10.362+0000] {logging_mixin.py:154} INFO - [2025-11-24T15:29:10.362+0000] {manager.py:499} INFO - Created Permission View: %s
[2025-11-24T15:29:10.362+0000] {logging_mixin.py:154} INFO - [2025-11-24T15:29:10.362+0000] {dag.py:2941} INFO - Sync 1 DAGs
[2025-11-24T15:29:10.413+0000] {logging_mixin.py:154} INFO - [2025-11-24T15:29:10.412+0000] {dag.py:2963} INFO - Creating ORM DAG for example_time_delta_sensor_async
[2025-11-24T15:29:10.427+0000] {logging_mixin.py:154} INFO - [2025-11-24T15:29:10.426+0000] {dag.py:3722} INFO - Setting next_dagrun for example_time_delta_sensor_async to None, run_after=None
[2025-11-24T15:29:10.474+0000] {processor.py:179} INFO - Processing /home/airflow/.local/lib/python3.10/site-packages/airflow/example_dags/example_time_delta_sensor_async.py took 0.794 seconds
[2025-11-24T15:29:40.965+0000] {processor.py:157} INFO - Started process (PID=111) to work on /home/airflow/.local/lib/python3.10/site-packages/airflow/example_dags/example_time_delta_sensor_async.py
[2025-11-24T15:29:40.969+0000] {processor.py:829} INFO - Processing file /home/airflow/.local/lib/python3.10/site-packages/airflow/example_dags/example_time_delta_sensor_async.py for tasks to queue
[2025-11-24T15:29:40.973+0000] {logging_mixin.py:154} INFO - [2025-11-24T15:29:40.973+0000] {dagbag.py:536} INFO - Filling up the DagBag from /home/airflow/.local/lib/python3.10/site-packages/airflow/example_dags/example_time_delta_sensor_async.py
[2025-11-24T15:29:40.980+0000] {processor.py:839} INFO - DAG(s) dict_keys(['example_time_delta_sensor_async']) retrieved from /home/airflow/.local/lib/python3.10/site-packages/airflow/example_dags/example_time_delta_sensor_async.py
[2025-11-24T15:29:41.008+0000] {logging_mixin.py:154} INFO - [2025-11-24T15:29:41.007+0000] {dag.py:2941} INFO - Sync 1 DAGs
[2025-11-24T15:29:41.026+0000] {logging_mixin.py:154} INFO - [2025-11-24T15:29:41.025+0000] {dag.py:3722} INFO - Setting next_dagrun for example_time_delta_sensor_async to None, run_after=None
[2025-11-24T15:29:41.050+0000] {processor.py:179} INFO - Processing /home/airflow/.local/lib/python3.10/site-packages/airflow/example_dags/example_time_delta_sensor_async.py took 0.095 seconds
[2025-11-24T15:30:11.496+0000] {processor.py:157} INFO - Started process (PID=165) to work on /home/airflow/.local/lib/python3.10/site-packages/airflow/example_dags/example_time_delta_sensor_async.py
[2025-11-24T15:30:11.500+0000] {processor.py:829} INFO - Processing file /home/airflow/.local/lib/python3.10/site-packages/airflow/example_dags/example_time_delta_sensor_async.py for tasks to queue
[2025-11-24T15:30:11.503+0000] {logging_mixin.py:154} INFO - [2025-11-24T15:30:11.503+0000] {dagbag.py:536} INFO - Filling up the DagBag from /home/airflow/.local/lib/python3.10/site-packages/airflow/example_dags/example_time_delta_sensor_async.py
[2025-11-24T15:30:11.511+0000] {processor.py:839} INFO - DAG(s) dict_keys(['example_time_delta_sensor_async']) retrieved from /home/airflow/.local/lib/python3.10/site-packages/airflow/example_dags/example_time_delta_sensor_async.py
[2025-11-24T15:30:11.541+0000] {logging_mixin.py:154} INFO - [2025-11-24T15:30:11.541+0000] {dag.py:2941} INFO - Sync 1 DAGs
[2025-11-24T15:30:11.560+0000] {logging_mixin.py:154} INFO - [2025-11-24T15:30:11.559+0000] {dag.py:3722} INFO - Setting next_dagrun for example_time_delta_sensor_async to None, run_after=None
[2025-11-24T15:30:11.589+0000] {processor.py:179} INFO - Processing /home/airflow/.local/lib/python3.10/site-packages/airflow/example_dags/example_time_delta_sensor_async.py took 0.103 seconds
[2025-11-24T15:30:41.841+0000] {processor.py:157} INFO - Started process (PID=219) to work on /home/airflow/.local/lib/python3.10/site-packages/airflow/example_dags/example_time_delta_sensor_async.py
[2025-11-24T15:30:41.842+0000] {processor.py:829} INFO - Processing file /home/airflow/.local/lib/python3.10/site-packages/airflow/example_dags/example_time_delta_sensor_async.py for tasks to queue
[2025-11-24T15:30:41.845+0000] {logging_mixin.py:154} INFO - [2025-11-24T15:30:41.844+0000] {dagbag.py:536} INFO - Filling up the DagBag from /home/airflow/.local/lib/python3.10/site-packages/airflow/example_dags/example_time_delta_sensor_async.py
[2025-11-24T15:30:41.852+0000] {processor.py:839} INFO - DAG(s) dict_keys(['example_time_delta_sensor_async']) retrieved from /home/airflow/.local/lib/python3.10/site-packages/airflow/example_dags/example_time_delta_sensor_async.py
[2025-11-24T15:30:41.879+0000] {logging_mixin.py:154} INFO - [2025-11-24T15:30:41.879+0000] {dag.py:2941} INFO - Sync 1 DAGs
[2025-11-24T15:30:41.898+0000] {logging_mixin.py:154} INFO - [2025-11-24T15:30:41.898+0000] {dag.py:3722} INFO - Setting next_dagrun for example_time_delta_sensor_async to None, run_after=None
[2025-11-24T15:30:41.941+0000] {processor.py:179} INFO - Processing /home/airflow/.local/lib/python3.10/site-packages/airflow/example_dags/example_time_delta_sensor_async.py took 0.109 seconds
[2025-11-24T15:31:12.577+0000] {processor.py:157} INFO - Started process (PID=274) to work on /home/airflow/.local/lib/python3.10/site-packages/airflow/example_dags/example_time_delta_sensor_async.py
[2025-11-24T15:31:12.580+0000] {processor.py:829} INFO - Processing file /home/airflow/.local/lib/python3.10/site-packages/airflow/example_dags/example_time_delta_sensor_async.py for tasks to queue
[2025-11-24T15:31:12.585+0000] {logging_mixin.py:154} INFO - [2025-11-24T15:31:12.585+0000] {dagbag.py:536} INFO - Filling up the DagBag from /home/airflow/.local/lib/python3.10/site-packages/airflow/example_dags/example_time_delta_sensor_async.py
[2025-11-24T15:31:12.593+0000] {processor.py:839} INFO - DAG(s) dict_keys(['example_time_delta_sensor_async']) retrieved from /home/airflow/.local/lib/python3.10/site-packages/airflow/example_dags/example_time_delta_sensor_async.py
[2025-11-24T15:31:12.623+0000] {logging_mixin.py:154} INFO - [2025-11-24T15:31:12.623+0000] {dag.py:2941} INFO - Sync 1 DAGs
[2025-11-24T15:31:12.642+0000] {logging_mixin.py:154} INFO - [2025-11-24T15:31:12.642+0000] {dag.py:3722} INFO - Setting next_dagrun for example_time_delta_sensor_async to None, run_after=None
[2025-11-24T15:31:12.667+0000] {processor.py:179} INFO - Processing /home/airflow/.local/lib/python3.10/site-packages/airflow/example_dags/example_time_delta_sensor_async.py took 0.095 seconds
[2025-11-24T15:31:42.958+0000] {processor.py:157} INFO - Started process (PID=328) to work on /home/airflow/.local/lib/python3.10/site-packages/airflow/example_dags/example_time_delta_sensor_async.py
[2025-11-24T15:31:42.960+0000] {processor.py:829} INFO - Processing file /home/airflow/.local/lib/python3.10/site-packages/airflow/example_dags/example_time_delta_sensor_async.py for tasks to queue
[2025-11-24T15:31:42.963+0000] {logging_mixin.py:154} INFO - [2025-11-24T15:31:42.962+0000] {dagbag.py:536} INFO - Filling up the DagBag from /home/airflow/.local/lib/python3.10/site-packages/airflow/example_dags/example_time_delta_sensor_async.py
[2025-11-24T15:31:42.972+0000] {processor.py:839} INFO - DAG(s) dict_keys(['example_time_delta_sensor_async']) retrieved from /home/airflow/.local/lib/python3.10/site-packages/airflow/example_dags/example_time_delta_sensor_async.py
[2025-11-24T15:31:43.007+0000] {logging_mixin.py:154} INFO - [2025-11-24T15:31:43.007+0000] {dag.py:2941} INFO - Sync 1 DAGs
[2025-11-24T15:31:43.026+0000] {logging_mixin.py:154} INFO - [2025-11-24T15:31:43.026+0000] {dag.py:3722} INFO - Setting next_dagrun for example_time_delta_sensor_async to None, run_after=None
[2025-11-24T15:31:43.080+0000] {processor.py:179} INFO - Processing /home/airflow/.local/lib/python3.10/site-packages/airflow/example_dags/example_time_delta_sensor_async.py took 0.128 seconds
[2025-11-24T15:32:13.723+0000] {processor.py:157} INFO - Started process (PID=382) to work on /home/airflow/.local/lib/python3.10/site-packages/airflow/example_dags/example_time_delta_sensor_async.py
[2025-11-24T15:32:13.735+0000] {processor.py:829} INFO - Processing file /home/airflow/.local/lib/python3.10/site-packages/airflow/example_dags/example_time_delta_sensor_async.py for tasks to queue
[2025-11-24T15:32:13.738+0000] {logging_mixin.py:154} INFO - [2025-11-24T15:32:13.737+0000] {dagbag.py:536} INFO - Filling up the DagBag from /home/airflow/.local/lib/python3.10/site-packages/airflow/example_dags/example_time_delta_sensor_async.py
[2025-11-24T15:32:13.751+0000] {processor.py:839} INFO - DAG(s) dict_keys(['example_time_delta_sensor_async']) retrieved from /home/airflow/.local/lib/python3.10/site-packages/airflow/example_dags/example_time_delta_sensor_async.py
[2025-11-24T15:32:13.831+0000] {logging_mixin.py:154} INFO - [2025-11-24T15:32:13.831+0000] {dag.py:2941} INFO - Sync 1 DAGs
[2025-11-24T15:32:13.878+0000] {logging_mixin.py:154} INFO - [2025-11-24T15:32:13.878+0000] {dag.py:3722} INFO - Setting next_dagrun for example_time_delta_sensor_async to None, run_after=None
[2025-11-24T15:32:13.982+0000] {processor.py:179} INFO - Processing /home/airflow/.local/lib/python3.10/site-packages/airflow/example_dags/example_time_delta_sensor_async.py took 0.273 seconds
[2025-11-24T15:32:44.656+0000] {processor.py:157} INFO - Started process (PID=440) to work on /home/airflow/.local/lib/python3.10/site-packages/airflow/example_dags/example_time_delta_sensor_async.py
[2025-11-24T15:32:44.660+0000] {processor.py:829} INFO - Processing file /home/airflow/.local/lib/python3.10/site-packages/airflow/example_dags/example_time_delta_sensor_async.py for tasks to queue
[2025-11-24T15:32:44.667+0000] {logging_mixin.py:154} INFO - [2025-11-24T15:32:44.666+0000] {dagbag.py:536} INFO - Filling up the DagBag from /home/airflow/.local/lib/python3.10/site-packages/airflow/example_dags/example_time_delta_sensor_async.py
[2025-11-24T15:32:44.698+0000] {processor.py:839} INFO - DAG(s) dict_keys(['example_time_delta_sensor_async']) retrieved from /home/airflow/.local/lib/python3.10/site-packages/airflow/example_dags/example_time_delta_sensor_async.py
[2025-11-24T15:32:44.733+0000] {logging_mixin.py:154} INFO - [2025-11-24T15:32:44.732+0000] {dag.py:2941} INFO - Sync 1 DAGs
[2025-11-24T15:32:44.751+0000] {logging_mixin.py:154} INFO - [2025-11-24T15:32:44.751+0000] {dag.py:3722} INFO - Setting next_dagrun for example_time_delta_sensor_async to None, run_after=None
[2025-11-24T15:32:44.779+0000] {processor.py:179} INFO - Processing /home/airflow/.local/lib/python3.10/site-packages/airflow/example_dags/example_time_delta_sensor_async.py took 0.136 seconds
[2025-11-24T15:33:15.470+0000] {processor.py:157} INFO - Started process (PID=496) to work on /home/airflow/.local/lib/python3.10/site-packages/airflow/example_dags/example_time_delta_sensor_async.py
[2025-11-24T15:33:15.479+0000] {processor.py:829} INFO - Processing file /home/airflow/.local/lib/python3.10/site-packages/airflow/example_dags/example_time_delta_sensor_async.py for tasks to queue
[2025-11-24T15:33:15.482+0000] {logging_mixin.py:154} INFO - [2025-11-24T15:33:15.482+0000] {dagbag.py:536} INFO - Filling up the DagBag from /home/airflow/.local/lib/python3.10/site-packages/airflow/example_dags/example_time_delta_sensor_async.py
[2025-11-24T15:33:15.490+0000] {processor.py:839} INFO - DAG(s) dict_keys(['example_time_delta_sensor_async']) retrieved from /home/airflow/.local/lib/python3.10/site-packages/airflow/example_dags/example_time_delta_sensor_async.py
[2025-11-24T15:33:15.519+0000] {logging_mixin.py:154} INFO - [2025-11-24T15:33:15.519+0000] {dag.py:2941} INFO - Sync 1 DAGs
[2025-11-24T15:33:15.540+0000] {logging_mixin.py:154} INFO - [2025-11-24T15:33:15.539+0000] {dag.py:3722} INFO - Setting next_dagrun for example_time_delta_sensor_async to None, run_after=None
[2025-11-24T15:33:15.570+0000] {processor.py:179} INFO - Processing /home/airflow/.local/lib/python3.10/site-packages/airflow/example_dags/example_time_delta_sensor_async.py took 0.105 seconds
[2025-11-24T15:33:46.032+0000] {processor.py:157} INFO - Started process (PID=550) to work on /home/airflow/.local/lib/python3.10/site-packages/airflow/example_dags/example_time_delta_sensor_async.py
[2025-11-24T15:33:46.034+0000] {processor.py:829} INFO - Processing file /home/airflow/.local/lib/python3.10/site-packages/airflow/example_dags/example_time_delta_sensor_async.py for tasks to queue
[2025-11-24T15:33:46.036+0000] {logging_mixin.py:154} INFO - [2025-11-24T15:33:46.036+0000] {dagbag.py:536} INFO - Filling up the DagBag from /home/airflow/.local/lib/python3.10/site-packages/airflow/example_dags/example_time_delta_sensor_async.py
[2025-11-24T15:33:46.044+0000] {processor.py:839} INFO - DAG(s) dict_keys(['example_time_delta_sensor_async']) retrieved from /home/airflow/.local/lib/python3.10/site-packages/airflow/example_dags/example_time_delta_sensor_async.py
[2025-11-24T15:33:46.072+0000] {logging_mixin.py:154} INFO - [2025-11-24T15:33:46.072+0000] {dag.py:2941} INFO - Sync 1 DAGs
[2025-11-24T15:33:46.096+0000] {logging_mixin.py:154} INFO - [2025-11-24T15:33:46.096+0000] {dag.py:3722} INFO - Setting next_dagrun for example_time_delta_sensor_async to None, run_after=None
[2025-11-24T15:33:46.124+0000] {processor.py:179} INFO - Processing /home/airflow/.local/lib/python3.10/site-packages/airflow/example_dags/example_time_delta_sensor_async.py took 0.097 seconds
[2025-11-24T15:34:16.271+0000] {processor.py:157} INFO - Started process (PID=604) to work on /home/airflow/.local/lib/python3.10/site-packages/airflow/example_dags/example_time_delta_sensor_async.py
[2025-11-24T15:34:16.272+0000] {processor.py:829} INFO - Processing file /home/airflow/.local/lib/python3.10/site-packages/airflow/example_dags/example_time_delta_sensor_async.py for tasks to queue
[2025-11-24T15:34:16.275+0000] {logging_mixin.py:154} INFO - [2025-11-24T15:34:16.275+0000] {dagbag.py:536} INFO - Filling up the DagBag from /home/airflow/.local/lib/python3.10/site-packages/airflow/example_dags/example_time_delta_sensor_async.py
[2025-11-24T15:34:16.282+0000] {processor.py:839} INFO - DAG(s) dict_keys(['example_time_delta_sensor_async']) retrieved from /home/airflow/.local/lib/python3.10/site-packages/airflow/example_dags/example_time_delta_sensor_async.py
[2025-11-24T15:34:16.312+0000] {logging_mixin.py:154} INFO - [2025-11-24T15:34:16.312+0000] {dag.py:2941} INFO - Sync 1 DAGs
[2025-11-24T15:34:16.331+0000] {logging_mixin.py:154} INFO - [2025-11-24T15:34:16.331+0000] {dag.py:3722} INFO - Setting next_dagrun for example_time_delta_sensor_async to None, run_after=None
[2025-11-24T15:34:16.381+0000] {processor.py:179} INFO - Processing /home/airflow/.local/lib/python3.10/site-packages/airflow/example_dags/example_time_delta_sensor_async.py took 0.115 seconds
[2025-11-24T15:34:46.754+0000] {processor.py:157} INFO - Started process (PID=657) to work on /home/airflow/.local/lib/python3.10/site-packages/airflow/example_dags/example_time_delta_sensor_async.py
[2025-11-24T15:34:46.755+0000] {processor.py:829} INFO - Processing file /home/airflow/.local/lib/python3.10/site-packages/airflow/example_dags/example_time_delta_sensor_async.py for tasks to queue
[2025-11-24T15:34:46.758+0000] {logging_mixin.py:154} INFO - [2025-11-24T15:34:46.757+0000] {dagbag.py:536} INFO - Filling up the DagBag from /home/airflow/.local/lib/python3.10/site-packages/airflow/example_dags/example_time_delta_sensor_async.py
[2025-11-24T15:34:46.765+0000] {processor.py:839} INFO - DAG(s) dict_keys(['example_time_delta_sensor_async']) retrieved from /home/airflow/.local/lib/python3.10/site-packages/airflow/example_dags/example_time_delta_sensor_async.py
[2025-11-24T15:34:46.793+0000] {logging_mixin.py:154} INFO - [2025-11-24T15:34:46.793+0000] {dag.py:2941} INFO - Sync 1 DAGs
[2025-11-24T15:34:46.814+0000] {logging_mixin.py:154} INFO - [2025-11-24T15:34:46.810+0000] {dag.py:3722} INFO - Setting next_dagrun for example_time_delta_sensor_async to None, run_after=None
[2025-11-24T15:34:46.841+0000] {processor.py:179} INFO - Processing /home/airflow/.local/lib/python3.10/site-packages/airflow/example_dags/example_time_delta_sensor_async.py took 0.093 seconds
[2025-11-24T15:35:17.651+0000] {processor.py:157} INFO - Started process (PID=710) to work on /home/airflow/.local/lib/python3.10/site-packages/airflow/example_dags/example_time_delta_sensor_async.py
[2025-11-24T15:35:17.652+0000] {processor.py:829} INFO - Processing file /home/airflow/.local/lib/python3.10/site-packages/airflow/example_dags/example_time_delta_sensor_async.py for tasks to queue
[2025-11-24T15:35:17.655+0000] {logging_mixin.py:154} INFO - [2025-11-24T15:35:17.655+0000] {dagbag.py:536} INFO - Filling up the DagBag from /home/airflow/.local/lib/python3.10/site-packages/airflow/example_dags/example_time_delta_sensor_async.py
[2025-11-24T15:35:17.664+0000] {processor.py:839} INFO - DAG(s) dict_keys(['example_time_delta_sensor_async']) retrieved from /home/airflow/.local/lib/python3.10/site-packages/airflow/example_dags/example_time_delta_sensor_async.py
[2025-11-24T15:35:17.692+0000] {logging_mixin.py:154} INFO - [2025-11-24T15:35:17.692+0000] {dag.py:2941} INFO - Sync 1 DAGs
[2025-11-24T15:35:17.711+0000] {logging_mixin.py:154} INFO - [2025-11-24T15:35:17.711+0000] {dag.py:3722} INFO - Setting next_dagrun for example_time_delta_sensor_async to None, run_after=None
[2025-11-24T15:35:17.738+0000] {processor.py:179} INFO - Processing /home/airflow/.local/lib/python3.10/site-packages/airflow/example_dags/example_time_delta_sensor_async.py took 0.092 seconds
[2025-11-24T15:35:48.108+0000] {processor.py:157} INFO - Started process (PID=764) to work on /home/airflow/.local/lib/python3.10/site-packages/airflow/example_dags/example_time_delta_sensor_async.py
[2025-11-24T15:35:48.110+0000] {processor.py:829} INFO - Processing file /home/airflow/.local/lib/python3.10/site-packages/airflow/example_dags/example_time_delta_sensor_async.py for tasks to queue
[2025-11-24T15:35:48.113+0000] {logging_mixin.py:154} INFO - [2025-11-24T15:35:48.112+0000] {dagbag.py:536} INFO - Filling up the DagBag from /home/airflow/.local/lib/python3.10/site-packages/airflow/example_dags/example_time_delta_sensor_async.py
[2025-11-24T15:35:48.121+0000] {processor.py:839} INFO - DAG(s) dict_keys(['example_time_delta_sensor_async']) retrieved from /home/airflow/.local/lib/python3.10/site-packages/airflow/example_dags/example_time_delta_sensor_async.py
[2025-11-24T15:35:48.151+0000] {logging_mixin.py:154} INFO - [2025-11-24T15:35:48.150+0000] {dag.py:2941} INFO - Sync 1 DAGs
[2025-11-24T15:35:48.170+0000] {logging_mixin.py:154} INFO - [2025-11-24T15:35:48.169+0000] {dag.py:3722} INFO - Setting next_dagrun for example_time_delta_sensor_async to None, run_after=None
[2025-11-24T15:35:48.195+0000] {processor.py:179} INFO - Processing /home/airflow/.local/lib/python3.10/site-packages/airflow/example_dags/example_time_delta_sensor_async.py took 0.092 seconds
[2025-11-24T15:36:18.616+0000] {processor.py:157} INFO - Started process (PID=819) to work on /home/airflow/.local/lib/python3.10/site-packages/airflow/example_dags/example_time_delta_sensor_async.py
[2025-11-24T15:36:18.618+0000] {processor.py:829} INFO - Processing file /home/airflow/.local/lib/python3.10/site-packages/airflow/example_dags/example_time_delta_sensor_async.py for tasks to queue
[2025-11-24T15:36:18.620+0000] {logging_mixin.py:154} INFO - [2025-11-24T15:36:18.620+0000] {dagbag.py:536} INFO - Filling up the DagBag from /home/airflow/.local/lib/python3.10/site-packages/airflow/example_dags/example_time_delta_sensor_async.py
[2025-11-24T15:36:18.628+0000] {processor.py:839} INFO - DAG(s) dict_keys(['example_time_delta_sensor_async']) retrieved from /home/airflow/.local/lib/python3.10/site-packages/airflow/example_dags/example_time_delta_sensor_async.py
[2025-11-24T15:36:18.656+0000] {logging_mixin.py:154} INFO - [2025-11-24T15:36:18.656+0000] {dag.py:2941} INFO - Sync 1 DAGs
[2025-11-24T15:36:18.675+0000] {logging_mixin.py:154} INFO - [2025-11-24T15:36:18.675+0000] {dag.py:3722} INFO - Setting next_dagrun for example_time_delta_sensor_async to None, run_after=None
[2025-11-24T15:36:18.702+0000] {processor.py:179} INFO - Processing /home/airflow/.local/lib/python3.10/site-packages/airflow/example_dags/example_time_delta_sensor_async.py took 0.092 seconds
[2025-11-24T15:36:48.982+0000] {processor.py:157} INFO - Started process (PID=873) to work on /home/airflow/.local/lib/python3.10/site-packages/airflow/example_dags/example_time_delta_sensor_async.py
[2025-11-24T15:36:48.986+0000] {processor.py:829} INFO - Processing file /home/airflow/.local/lib/python3.10/site-packages/airflow/example_dags/example_time_delta_sensor_async.py for tasks to queue
[2025-11-24T15:36:48.989+0000] {logging_mixin.py:154} INFO - [2025-11-24T15:36:48.988+0000] {dagbag.py:536} INFO - Filling up the DagBag from /home/airflow/.local/lib/python3.10/site-packages/airflow/example_dags/example_time_delta_sensor_async.py
[2025-11-24T15:36:48.996+0000] {processor.py:839} INFO - DAG(s) dict_keys(['example_time_delta_sensor_async']) retrieved from /home/airflow/.local/lib/python3.10/site-packages/airflow/example_dags/example_time_delta_sensor_async.py
[2025-11-24T15:36:49.032+0000] {logging_mixin.py:154} INFO - [2025-11-24T15:36:49.032+0000] {dag.py:2941} INFO - Sync 1 DAGs
[2025-11-24T15:36:49.051+0000] {logging_mixin.py:154} INFO - [2025-11-24T15:36:49.051+0000] {dag.py:3722} INFO - Setting next_dagrun for example_time_delta_sensor_async to None, run_after=None
[2025-11-24T15:36:49.082+0000] {processor.py:179} INFO - Processing /home/airflow/.local/lib/python3.10/site-packages/airflow/example_dags/example_time_delta_sensor_async.py took 0.106 seconds
[2025-11-24T15:37:19.326+0000] {processor.py:157} INFO - Started process (PID=927) to work on /home/airflow/.local/lib/python3.10/site-packages/airflow/example_dags/example_time_delta_sensor_async.py
[2025-11-24T15:37:19.335+0000] {processor.py:829} INFO - Processing file /home/airflow/.local/lib/python3.10/site-packages/airflow/example_dags/example_time_delta_sensor_async.py for tasks to queue
[2025-11-24T15:37:19.343+0000] {logging_mixin.py:154} INFO - [2025-11-24T15:37:19.342+0000] {dagbag.py:536} INFO - Filling up the DagBag from /home/airflow/.local/lib/python3.10/site-packages/airflow/example_dags/example_time_delta_sensor_async.py
[2025-11-24T15:37:19.350+0000] {processor.py:839} INFO - DAG(s) dict_keys(['example_time_delta_sensor_async']) retrieved from /home/airflow/.local/lib/python3.10/site-packages/airflow/example_dags/example_time_delta_sensor_async.py
[2025-11-24T15:37:19.430+0000] {logging_mixin.py:154} INFO - [2025-11-24T15:37:19.430+0000] {dag.py:2941} INFO - Sync 1 DAGs
[2025-11-24T15:37:19.482+0000] {logging_mixin.py:154} INFO - [2025-11-24T15:37:19.482+0000] {dag.py:3722} INFO - Setting next_dagrun for example_time_delta_sensor_async to None, run_after=None
[2025-11-24T15:37:19.525+0000] {processor.py:179} INFO - Processing /home/airflow/.local/lib/python3.10/site-packages/airflow/example_dags/example_time_delta_sensor_async.py took 0.205 seconds
[2025-11-24T15:37:50.050+0000] {processor.py:157} INFO - Started process (PID=982) to work on /home/airflow/.local/lib/python3.10/site-packages/airflow/example_dags/example_time_delta_sensor_async.py
[2025-11-24T15:37:50.067+0000] {processor.py:829} INFO - Processing file /home/airflow/.local/lib/python3.10/site-packages/airflow/example_dags/example_time_delta_sensor_async.py for tasks to queue
[2025-11-24T15:37:50.089+0000] {logging_mixin.py:154} INFO - [2025-11-24T15:37:50.088+0000] {dagbag.py:536} INFO - Filling up the DagBag from /home/airflow/.local/lib/python3.10/site-packages/airflow/example_dags/example_time_delta_sensor_async.py
[2025-11-24T15:37:50.110+0000] {processor.py:839} INFO - DAG(s) dict_keys(['example_time_delta_sensor_async']) retrieved from /home/airflow/.local/lib/python3.10/site-packages/airflow/example_dags/example_time_delta_sensor_async.py
[2025-11-24T15:37:50.225+0000] {logging_mixin.py:154} INFO - [2025-11-24T15:37:50.225+0000] {dag.py:2941} INFO - Sync 1 DAGs
[2025-11-24T15:37:50.298+0000] {logging_mixin.py:154} INFO - [2025-11-24T15:37:50.297+0000] {dag.py:3722} INFO - Setting next_dagrun for example_time_delta_sensor_async to None, run_after=None
[2025-11-24T15:37:50.458+0000] {processor.py:179} INFO - Processing /home/airflow/.local/lib/python3.10/site-packages/airflow/example_dags/example_time_delta_sensor_async.py took 0.431 seconds
[2025-11-24T15:38:20.540+0000] {processor.py:157} INFO - Started process (PID=1036) to work on /home/airflow/.local/lib/python3.10/site-packages/airflow/example_dags/example_time_delta_sensor_async.py
[2025-11-24T15:38:20.542+0000] {processor.py:829} INFO - Processing file /home/airflow/.local/lib/python3.10/site-packages/airflow/example_dags/example_time_delta_sensor_async.py for tasks to queue
[2025-11-24T15:38:20.545+0000] {logging_mixin.py:154} INFO - [2025-11-24T15:38:20.545+0000] {dagbag.py:536} INFO - Filling up the DagBag from /home/airflow/.local/lib/python3.10/site-packages/airflow/example_dags/example_time_delta_sensor_async.py
[2025-11-24T15:38:20.552+0000] {processor.py:839} INFO - DAG(s) dict_keys(['example_time_delta_sensor_async']) retrieved from /home/airflow/.local/lib/python3.10/site-packages/airflow/example_dags/example_time_delta_sensor_async.py
[2025-11-24T15:38:20.577+0000] {logging_mixin.py:154} INFO - [2025-11-24T15:38:20.576+0000] {dag.py:2941} INFO - Sync 1 DAGs
[2025-11-24T15:38:20.591+0000] {logging_mixin.py:154} INFO - [2025-11-24T15:38:20.590+0000] {dag.py:3722} INFO - Setting next_dagrun for example_time_delta_sensor_async to None, run_after=None
[2025-11-24T15:38:20.611+0000] {processor.py:179} INFO - Processing /home/airflow/.local/lib/python3.10/site-packages/airflow/example_dags/example_time_delta_sensor_async.py took 0.075 seconds
