[2025-11-24T15:29:13.669+0000] {processor.py:157} INFO - Started process (PID=67) to work on /home/airflow/.local/lib/python3.10/site-packages/airflow/example_dags/example_python_operator.py
[2025-11-24T15:29:13.682+0000] {processor.py:829} INFO - Processing file /home/airflow/.local/lib/python3.10/site-packages/airflow/example_dags/example_python_operator.py for tasks to queue
[2025-11-24T15:29:13.684+0000] {logging_mixin.py:154} INFO - [2025-11-24T15:29:13.684+0000] {dagbag.py:536} INFO - Filling up the DagBag from /home/airflow/.local/lib/python3.10/site-packages/airflow/example_dags/example_python_operator.py
[2025-11-24T15:29:13.772+0000] {processor.py:839} INFO - DAG(s) dict_keys(['example_python_operator']) retrieved from /home/airflow/.local/lib/python3.10/site-packages/airflow/example_dags/example_python_operator.py
[2025-11-24T15:29:14.033+0000] {logging_mixin.py:154} INFO - [2025-11-24T15:29:14.033+0000] {manager.py:499} INFO - Created Permission View: %s
[2025-11-24T15:29:14.078+0000] {logging_mixin.py:154} INFO - [2025-11-24T15:29:14.077+0000] {manager.py:499} INFO - Created Permission View: %s
[2025-11-24T15:29:14.108+0000] {logging_mixin.py:154} INFO - [2025-11-24T15:29:14.107+0000] {manager.py:499} INFO - Created Permission View: %s
[2025-11-24T15:29:14.108+0000] {logging_mixin.py:154} INFO - [2025-11-24T15:29:14.108+0000] {dag.py:2941} INFO - Sync 1 DAGs
[2025-11-24T15:29:14.152+0000] {logging_mixin.py:154} INFO - [2025-11-24T15:29:14.152+0000] {dag.py:2963} INFO - Creating ORM DAG for example_python_operator
[2025-11-24T15:29:14.153+0000] {logging_mixin.py:154} INFO - [2025-11-24T15:29:14.153+0000] {dag.py:3722} INFO - Setting next_dagrun for example_python_operator to None, run_after=None
[2025-11-24T15:29:14.203+0000] {processor.py:179} INFO - Processing /home/airflow/.local/lib/python3.10/site-packages/airflow/example_dags/example_python_operator.py took 0.569 seconds
[2025-11-24T15:29:44.599+0000] {processor.py:157} INFO - Started process (PID=128) to work on /home/airflow/.local/lib/python3.10/site-packages/airflow/example_dags/example_python_operator.py
[2025-11-24T15:29:44.601+0000] {processor.py:829} INFO - Processing file /home/airflow/.local/lib/python3.10/site-packages/airflow/example_dags/example_python_operator.py for tasks to queue
[2025-11-24T15:29:44.605+0000] {logging_mixin.py:154} INFO - [2025-11-24T15:29:44.605+0000] {dagbag.py:536} INFO - Filling up the DagBag from /home/airflow/.local/lib/python3.10/site-packages/airflow/example_dags/example_python_operator.py
[2025-11-24T15:29:44.621+0000] {processor.py:839} INFO - DAG(s) dict_keys(['example_python_operator']) retrieved from /home/airflow/.local/lib/python3.10/site-packages/airflow/example_dags/example_python_operator.py
[2025-11-24T15:29:44.655+0000] {logging_mixin.py:154} INFO - [2025-11-24T15:29:44.655+0000] {dag.py:2941} INFO - Sync 1 DAGs
[2025-11-24T15:29:44.673+0000] {logging_mixin.py:154} INFO - [2025-11-24T15:29:44.673+0000] {dag.py:3722} INFO - Setting next_dagrun for example_python_operator to None, run_after=None
[2025-11-24T15:29:44.701+0000] {processor.py:179} INFO - Processing /home/airflow/.local/lib/python3.10/site-packages/airflow/example_dags/example_python_operator.py took 0.107 seconds
[2025-11-24T15:30:15.283+0000] {processor.py:157} INFO - Started process (PID=182) to work on /home/airflow/.local/lib/python3.10/site-packages/airflow/example_dags/example_python_operator.py
[2025-11-24T15:30:15.298+0000] {processor.py:829} INFO - Processing file /home/airflow/.local/lib/python3.10/site-packages/airflow/example_dags/example_python_operator.py for tasks to queue
[2025-11-24T15:30:15.302+0000] {logging_mixin.py:154} INFO - [2025-11-24T15:30:15.301+0000] {dagbag.py:536} INFO - Filling up the DagBag from /home/airflow/.local/lib/python3.10/site-packages/airflow/example_dags/example_python_operator.py
[2025-11-24T15:30:15.318+0000] {processor.py:839} INFO - DAG(s) dict_keys(['example_python_operator']) retrieved from /home/airflow/.local/lib/python3.10/site-packages/airflow/example_dags/example_python_operator.py
[2025-11-24T15:30:15.357+0000] {logging_mixin.py:154} INFO - [2025-11-24T15:30:15.356+0000] {dag.py:2941} INFO - Sync 1 DAGs
[2025-11-24T15:30:15.371+0000] {logging_mixin.py:154} INFO - [2025-11-24T15:30:15.370+0000] {dag.py:3722} INFO - Setting next_dagrun for example_python_operator to None, run_after=None
[2025-11-24T15:30:15.416+0000] {processor.py:179} INFO - Processing /home/airflow/.local/lib/python3.10/site-packages/airflow/example_dags/example_python_operator.py took 0.138 seconds
[2025-11-24T15:30:45.632+0000] {processor.py:157} INFO - Started process (PID=237) to work on /home/airflow/.local/lib/python3.10/site-packages/airflow/example_dags/example_python_operator.py
[2025-11-24T15:30:45.633+0000] {processor.py:829} INFO - Processing file /home/airflow/.local/lib/python3.10/site-packages/airflow/example_dags/example_python_operator.py for tasks to queue
[2025-11-24T15:30:45.637+0000] {logging_mixin.py:154} INFO - [2025-11-24T15:30:45.636+0000] {dagbag.py:536} INFO - Filling up the DagBag from /home/airflow/.local/lib/python3.10/site-packages/airflow/example_dags/example_python_operator.py
[2025-11-24T15:30:45.653+0000] {processor.py:839} INFO - DAG(s) dict_keys(['example_python_operator']) retrieved from /home/airflow/.local/lib/python3.10/site-packages/airflow/example_dags/example_python_operator.py
[2025-11-24T15:30:45.687+0000] {logging_mixin.py:154} INFO - [2025-11-24T15:30:45.687+0000] {dag.py:2941} INFO - Sync 1 DAGs
[2025-11-24T15:30:45.706+0000] {logging_mixin.py:154} INFO - [2025-11-24T15:30:45.706+0000] {dag.py:3722} INFO - Setting next_dagrun for example_python_operator to None, run_after=None
[2025-11-24T15:30:45.731+0000] {processor.py:179} INFO - Processing /home/airflow/.local/lib/python3.10/site-packages/airflow/example_dags/example_python_operator.py took 0.104 seconds
[2025-11-24T15:31:16.238+0000] {processor.py:157} INFO - Started process (PID=291) to work on /home/airflow/.local/lib/python3.10/site-packages/airflow/example_dags/example_python_operator.py
[2025-11-24T15:31:16.240+0000] {processor.py:829} INFO - Processing file /home/airflow/.local/lib/python3.10/site-packages/airflow/example_dags/example_python_operator.py for tasks to queue
[2025-11-24T15:31:16.243+0000] {logging_mixin.py:154} INFO - [2025-11-24T15:31:16.242+0000] {dagbag.py:536} INFO - Filling up the DagBag from /home/airflow/.local/lib/python3.10/site-packages/airflow/example_dags/example_python_operator.py
[2025-11-24T15:31:16.258+0000] {processor.py:839} INFO - DAG(s) dict_keys(['example_python_operator']) retrieved from /home/airflow/.local/lib/python3.10/site-packages/airflow/example_dags/example_python_operator.py
[2025-11-24T15:31:16.292+0000] {logging_mixin.py:154} INFO - [2025-11-24T15:31:16.292+0000] {dag.py:2941} INFO - Sync 1 DAGs
[2025-11-24T15:31:16.311+0000] {logging_mixin.py:154} INFO - [2025-11-24T15:31:16.311+0000] {dag.py:3722} INFO - Setting next_dagrun for example_python_operator to None, run_after=None
[2025-11-24T15:31:16.339+0000] {processor.py:179} INFO - Processing /home/airflow/.local/lib/python3.10/site-packages/airflow/example_dags/example_python_operator.py took 0.106 seconds
[2025-11-24T15:31:46.774+0000] {processor.py:157} INFO - Started process (PID=345) to work on /home/airflow/.local/lib/python3.10/site-packages/airflow/example_dags/example_python_operator.py
[2025-11-24T15:31:46.775+0000] {processor.py:829} INFO - Processing file /home/airflow/.local/lib/python3.10/site-packages/airflow/example_dags/example_python_operator.py for tasks to queue
[2025-11-24T15:31:46.779+0000] {logging_mixin.py:154} INFO - [2025-11-24T15:31:46.778+0000] {dagbag.py:536} INFO - Filling up the DagBag from /home/airflow/.local/lib/python3.10/site-packages/airflow/example_dags/example_python_operator.py
[2025-11-24T15:31:46.794+0000] {processor.py:839} INFO - DAG(s) dict_keys(['example_python_operator']) retrieved from /home/airflow/.local/lib/python3.10/site-packages/airflow/example_dags/example_python_operator.py
[2025-11-24T15:31:46.828+0000] {logging_mixin.py:154} INFO - [2025-11-24T15:31:46.828+0000] {dag.py:2941} INFO - Sync 1 DAGs
[2025-11-24T15:31:46.847+0000] {logging_mixin.py:154} INFO - [2025-11-24T15:31:46.846+0000] {dag.py:3722} INFO - Setting next_dagrun for example_python_operator to None, run_after=None
[2025-11-24T15:31:46.874+0000] {processor.py:179} INFO - Processing /home/airflow/.local/lib/python3.10/site-packages/airflow/example_dags/example_python_operator.py took 0.105 seconds
[2025-11-24T15:32:17.184+0000] {processor.py:157} INFO - Started process (PID=398) to work on /home/airflow/.local/lib/python3.10/site-packages/airflow/example_dags/example_python_operator.py
[2025-11-24T15:32:17.211+0000] {processor.py:829} INFO - Processing file /home/airflow/.local/lib/python3.10/site-packages/airflow/example_dags/example_python_operator.py for tasks to queue
[2025-11-24T15:32:17.251+0000] {logging_mixin.py:154} INFO - [2025-11-24T15:32:17.221+0000] {dagbag.py:536} INFO - Filling up the DagBag from /home/airflow/.local/lib/python3.10/site-packages/airflow/example_dags/example_python_operator.py
[2025-11-24T15:32:17.351+0000] {processor.py:839} INFO - DAG(s) dict_keys(['example_python_operator']) retrieved from /home/airflow/.local/lib/python3.10/site-packages/airflow/example_dags/example_python_operator.py
[2025-11-24T15:32:17.434+0000] {logging_mixin.py:154} INFO - [2025-11-24T15:32:17.433+0000] {dag.py:2941} INFO - Sync 1 DAGs
[2025-11-24T15:32:17.487+0000] {logging_mixin.py:154} INFO - [2025-11-24T15:32:17.487+0000] {dag.py:3722} INFO - Setting next_dagrun for example_python_operator to None, run_after=None
[2025-11-24T15:32:17.563+0000] {processor.py:179} INFO - Processing /home/airflow/.local/lib/python3.10/site-packages/airflow/example_dags/example_python_operator.py took 0.411 seconds
[2025-11-24T15:32:48.362+0000] {processor.py:157} INFO - Started process (PID=452) to work on /home/airflow/.local/lib/python3.10/site-packages/airflow/example_dags/example_python_operator.py
[2025-11-24T15:32:48.368+0000] {processor.py:829} INFO - Processing file /home/airflow/.local/lib/python3.10/site-packages/airflow/example_dags/example_python_operator.py for tasks to queue
[2025-11-24T15:32:48.371+0000] {logging_mixin.py:154} INFO - [2025-11-24T15:32:48.370+0000] {dagbag.py:536} INFO - Filling up the DagBag from /home/airflow/.local/lib/python3.10/site-packages/airflow/example_dags/example_python_operator.py
[2025-11-24T15:32:48.428+0000] {processor.py:839} INFO - DAG(s) dict_keys(['example_python_operator']) retrieved from /home/airflow/.local/lib/python3.10/site-packages/airflow/example_dags/example_python_operator.py
[2025-11-24T15:32:48.549+0000] {logging_mixin.py:154} INFO - [2025-11-24T15:32:48.549+0000] {dag.py:2941} INFO - Sync 1 DAGs
[2025-11-24T15:32:48.622+0000] {logging_mixin.py:154} INFO - [2025-11-24T15:32:48.606+0000] {dag.py:3722} INFO - Setting next_dagrun for example_python_operator to None, run_after=None
[2025-11-24T15:32:48.783+0000] {processor.py:179} INFO - Processing /home/airflow/.local/lib/python3.10/site-packages/airflow/example_dags/example_python_operator.py took 0.440 seconds
[2025-11-24T15:33:19.134+0000] {processor.py:157} INFO - Started process (PID=506) to work on /home/airflow/.local/lib/python3.10/site-packages/airflow/example_dags/example_python_operator.py
[2025-11-24T15:33:19.139+0000] {processor.py:829} INFO - Processing file /home/airflow/.local/lib/python3.10/site-packages/airflow/example_dags/example_python_operator.py for tasks to queue
[2025-11-24T15:33:19.142+0000] {logging_mixin.py:154} INFO - [2025-11-24T15:33:19.142+0000] {dagbag.py:536} INFO - Filling up the DagBag from /home/airflow/.local/lib/python3.10/site-packages/airflow/example_dags/example_python_operator.py
[2025-11-24T15:33:19.158+0000] {processor.py:839} INFO - DAG(s) dict_keys(['example_python_operator']) retrieved from /home/airflow/.local/lib/python3.10/site-packages/airflow/example_dags/example_python_operator.py
[2025-11-24T15:33:19.192+0000] {logging_mixin.py:154} INFO - [2025-11-24T15:33:19.192+0000] {dag.py:2941} INFO - Sync 1 DAGs
[2025-11-24T15:33:19.211+0000] {logging_mixin.py:154} INFO - [2025-11-24T15:33:19.210+0000] {dag.py:3722} INFO - Setting next_dagrun for example_python_operator to None, run_after=None
[2025-11-24T15:33:19.235+0000] {processor.py:179} INFO - Processing /home/airflow/.local/lib/python3.10/site-packages/airflow/example_dags/example_python_operator.py took 0.105 seconds
[2025-11-24T15:33:49.658+0000] {processor.py:157} INFO - Started process (PID=560) to work on /home/airflow/.local/lib/python3.10/site-packages/airflow/example_dags/example_python_operator.py
[2025-11-24T15:33:49.660+0000] {processor.py:829} INFO - Processing file /home/airflow/.local/lib/python3.10/site-packages/airflow/example_dags/example_python_operator.py for tasks to queue
[2025-11-24T15:33:49.664+0000] {logging_mixin.py:154} INFO - [2025-11-24T15:33:49.663+0000] {dagbag.py:536} INFO - Filling up the DagBag from /home/airflow/.local/lib/python3.10/site-packages/airflow/example_dags/example_python_operator.py
[2025-11-24T15:33:49.680+0000] {processor.py:839} INFO - DAG(s) dict_keys(['example_python_operator']) retrieved from /home/airflow/.local/lib/python3.10/site-packages/airflow/example_dags/example_python_operator.py
[2025-11-24T15:33:49.717+0000] {logging_mixin.py:154} INFO - [2025-11-24T15:33:49.716+0000] {dag.py:2941} INFO - Sync 1 DAGs
[2025-11-24T15:33:49.737+0000] {logging_mixin.py:154} INFO - [2025-11-24T15:33:49.737+0000] {dag.py:3722} INFO - Setting next_dagrun for example_python_operator to None, run_after=None
[2025-11-24T15:33:49.763+0000] {processor.py:179} INFO - Processing /home/airflow/.local/lib/python3.10/site-packages/airflow/example_dags/example_python_operator.py took 0.110 seconds
[2025-11-24T15:34:19.928+0000] {processor.py:157} INFO - Started process (PID=614) to work on /home/airflow/.local/lib/python3.10/site-packages/airflow/example_dags/example_python_operator.py
[2025-11-24T15:34:19.930+0000] {processor.py:829} INFO - Processing file /home/airflow/.local/lib/python3.10/site-packages/airflow/example_dags/example_python_operator.py for tasks to queue
[2025-11-24T15:34:19.933+0000] {logging_mixin.py:154} INFO - [2025-11-24T15:34:19.933+0000] {dagbag.py:536} INFO - Filling up the DagBag from /home/airflow/.local/lib/python3.10/site-packages/airflow/example_dags/example_python_operator.py
[2025-11-24T15:34:19.949+0000] {processor.py:839} INFO - DAG(s) dict_keys(['example_python_operator']) retrieved from /home/airflow/.local/lib/python3.10/site-packages/airflow/example_dags/example_python_operator.py
[2025-11-24T15:34:19.983+0000] {logging_mixin.py:154} INFO - [2025-11-24T15:34:19.983+0000] {dag.py:2941} INFO - Sync 1 DAGs
[2025-11-24T15:34:20.002+0000] {logging_mixin.py:154} INFO - [2025-11-24T15:34:20.001+0000] {dag.py:3722} INFO - Setting next_dagrun for example_python_operator to None, run_after=None
[2025-11-24T15:34:20.058+0000] {processor.py:179} INFO - Processing /home/airflow/.local/lib/python3.10/site-packages/airflow/example_dags/example_python_operator.py took 0.135 seconds
[2025-11-24T15:34:50.458+0000] {processor.py:157} INFO - Started process (PID=667) to work on /home/airflow/.local/lib/python3.10/site-packages/airflow/example_dags/example_python_operator.py
[2025-11-24T15:34:50.459+0000] {processor.py:829} INFO - Processing file /home/airflow/.local/lib/python3.10/site-packages/airflow/example_dags/example_python_operator.py for tasks to queue
[2025-11-24T15:34:50.462+0000] {logging_mixin.py:154} INFO - [2025-11-24T15:34:50.462+0000] {dagbag.py:536} INFO - Filling up the DagBag from /home/airflow/.local/lib/python3.10/site-packages/airflow/example_dags/example_python_operator.py
[2025-11-24T15:34:50.478+0000] {processor.py:839} INFO - DAG(s) dict_keys(['example_python_operator']) retrieved from /home/airflow/.local/lib/python3.10/site-packages/airflow/example_dags/example_python_operator.py
[2025-11-24T15:34:50.518+0000] {logging_mixin.py:154} INFO - [2025-11-24T15:34:50.518+0000] {dag.py:2941} INFO - Sync 1 DAGs
[2025-11-24T15:34:50.539+0000] {logging_mixin.py:154} INFO - [2025-11-24T15:34:50.539+0000] {dag.py:3722} INFO - Setting next_dagrun for example_python_operator to None, run_after=None
[2025-11-24T15:34:50.563+0000] {processor.py:179} INFO - Processing /home/airflow/.local/lib/python3.10/site-packages/airflow/example_dags/example_python_operator.py took 0.111 seconds
[2025-11-24T15:35:21.423+0000] {processor.py:157} INFO - Started process (PID=720) to work on /home/airflow/.local/lib/python3.10/site-packages/airflow/example_dags/example_python_operator.py
[2025-11-24T15:35:21.424+0000] {processor.py:829} INFO - Processing file /home/airflow/.local/lib/python3.10/site-packages/airflow/example_dags/example_python_operator.py for tasks to queue
[2025-11-24T15:35:21.428+0000] {logging_mixin.py:154} INFO - [2025-11-24T15:35:21.427+0000] {dagbag.py:536} INFO - Filling up the DagBag from /home/airflow/.local/lib/python3.10/site-packages/airflow/example_dags/example_python_operator.py
[2025-11-24T15:35:21.444+0000] {processor.py:839} INFO - DAG(s) dict_keys(['example_python_operator']) retrieved from /home/airflow/.local/lib/python3.10/site-packages/airflow/example_dags/example_python_operator.py
[2025-11-24T15:35:21.481+0000] {logging_mixin.py:154} INFO - [2025-11-24T15:35:21.481+0000] {dag.py:2941} INFO - Sync 1 DAGs
[2025-11-24T15:35:21.500+0000] {logging_mixin.py:154} INFO - [2025-11-24T15:35:21.500+0000] {dag.py:3722} INFO - Setting next_dagrun for example_python_operator to None, run_after=None
[2025-11-24T15:35:21.526+0000] {processor.py:179} INFO - Processing /home/airflow/.local/lib/python3.10/site-packages/airflow/example_dags/example_python_operator.py took 0.115 seconds
[2025-11-24T15:35:51.736+0000] {processor.py:157} INFO - Started process (PID=774) to work on /home/airflow/.local/lib/python3.10/site-packages/airflow/example_dags/example_python_operator.py
[2025-11-24T15:35:51.737+0000] {processor.py:829} INFO - Processing file /home/airflow/.local/lib/python3.10/site-packages/airflow/example_dags/example_python_operator.py for tasks to queue
[2025-11-24T15:35:51.740+0000] {logging_mixin.py:154} INFO - [2025-11-24T15:35:51.740+0000] {dagbag.py:536} INFO - Filling up the DagBag from /home/airflow/.local/lib/python3.10/site-packages/airflow/example_dags/example_python_operator.py
[2025-11-24T15:35:51.757+0000] {processor.py:839} INFO - DAG(s) dict_keys(['example_python_operator']) retrieved from /home/airflow/.local/lib/python3.10/site-packages/airflow/example_dags/example_python_operator.py
[2025-11-24T15:35:51.793+0000] {logging_mixin.py:154} INFO - [2025-11-24T15:35:51.793+0000] {dag.py:2941} INFO - Sync 1 DAGs
[2025-11-24T15:35:51.811+0000] {logging_mixin.py:154} INFO - [2025-11-24T15:35:51.811+0000] {dag.py:3722} INFO - Setting next_dagrun for example_python_operator to None, run_after=None
[2025-11-24T15:35:51.835+0000] {processor.py:179} INFO - Processing /home/airflow/.local/lib/python3.10/site-packages/airflow/example_dags/example_python_operator.py took 0.104 seconds
[2025-11-24T15:36:22.231+0000] {processor.py:157} INFO - Started process (PID=829) to work on /home/airflow/.local/lib/python3.10/site-packages/airflow/example_dags/example_python_operator.py
[2025-11-24T15:36:22.233+0000] {processor.py:829} INFO - Processing file /home/airflow/.local/lib/python3.10/site-packages/airflow/example_dags/example_python_operator.py for tasks to queue
[2025-11-24T15:36:22.237+0000] {logging_mixin.py:154} INFO - [2025-11-24T15:36:22.237+0000] {dagbag.py:536} INFO - Filling up the DagBag from /home/airflow/.local/lib/python3.10/site-packages/airflow/example_dags/example_python_operator.py
[2025-11-24T15:36:22.253+0000] {processor.py:839} INFO - DAG(s) dict_keys(['example_python_operator']) retrieved from /home/airflow/.local/lib/python3.10/site-packages/airflow/example_dags/example_python_operator.py
[2025-11-24T15:36:22.287+0000] {logging_mixin.py:154} INFO - [2025-11-24T15:36:22.287+0000] {dag.py:2941} INFO - Sync 1 DAGs
[2025-11-24T15:36:22.306+0000] {logging_mixin.py:154} INFO - [2025-11-24T15:36:22.306+0000] {dag.py:3722} INFO - Setting next_dagrun for example_python_operator to None, run_after=None
[2025-11-24T15:36:22.387+0000] {processor.py:179} INFO - Processing /home/airflow/.local/lib/python3.10/site-packages/airflow/example_dags/example_python_operator.py took 0.161 seconds
[2025-11-24T15:36:52.613+0000] {processor.py:157} INFO - Started process (PID=883) to work on /home/airflow/.local/lib/python3.10/site-packages/airflow/example_dags/example_python_operator.py
[2025-11-24T15:36:52.615+0000] {processor.py:829} INFO - Processing file /home/airflow/.local/lib/python3.10/site-packages/airflow/example_dags/example_python_operator.py for tasks to queue
[2025-11-24T15:36:52.618+0000] {logging_mixin.py:154} INFO - [2025-11-24T15:36:52.617+0000] {dagbag.py:536} INFO - Filling up the DagBag from /home/airflow/.local/lib/python3.10/site-packages/airflow/example_dags/example_python_operator.py
[2025-11-24T15:36:52.634+0000] {processor.py:839} INFO - DAG(s) dict_keys(['example_python_operator']) retrieved from /home/airflow/.local/lib/python3.10/site-packages/airflow/example_dags/example_python_operator.py
[2025-11-24T15:36:52.669+0000] {logging_mixin.py:154} INFO - [2025-11-24T15:36:52.669+0000] {dag.py:2941} INFO - Sync 1 DAGs
[2025-11-24T15:36:52.688+0000] {logging_mixin.py:154} INFO - [2025-11-24T15:36:52.687+0000] {dag.py:3722} INFO - Setting next_dagrun for example_python_operator to None, run_after=None
[2025-11-24T15:36:52.715+0000] {processor.py:179} INFO - Processing /home/airflow/.local/lib/python3.10/site-packages/airflow/example_dags/example_python_operator.py took 0.107 seconds
[2025-11-24T15:37:23.300+0000] {processor.py:157} INFO - Started process (PID=937) to work on /home/airflow/.local/lib/python3.10/site-packages/airflow/example_dags/example_python_operator.py
[2025-11-24T15:37:23.302+0000] {processor.py:829} INFO - Processing file /home/airflow/.local/lib/python3.10/site-packages/airflow/example_dags/example_python_operator.py for tasks to queue
[2025-11-24T15:37:23.305+0000] {logging_mixin.py:154} INFO - [2025-11-24T15:37:23.305+0000] {dagbag.py:536} INFO - Filling up the DagBag from /home/airflow/.local/lib/python3.10/site-packages/airflow/example_dags/example_python_operator.py
[2025-11-24T15:37:23.321+0000] {processor.py:839} INFO - DAG(s) dict_keys(['example_python_operator']) retrieved from /home/airflow/.local/lib/python3.10/site-packages/airflow/example_dags/example_python_operator.py
[2025-11-24T15:37:23.354+0000] {logging_mixin.py:154} INFO - [2025-11-24T15:37:23.354+0000] {dag.py:2941} INFO - Sync 1 DAGs
[2025-11-24T15:37:23.373+0000] {logging_mixin.py:154} INFO - [2025-11-24T15:37:23.373+0000] {dag.py:3722} INFO - Setting next_dagrun for example_python_operator to None, run_after=None
[2025-11-24T15:37:23.399+0000] {processor.py:179} INFO - Processing /home/airflow/.local/lib/python3.10/site-packages/airflow/example_dags/example_python_operator.py took 0.104 seconds
[2025-11-24T15:37:53.501+0000] {processor.py:157} INFO - Started process (PID=992) to work on /home/airflow/.local/lib/python3.10/site-packages/airflow/example_dags/example_python_operator.py
[2025-11-24T15:37:53.503+0000] {processor.py:829} INFO - Processing file /home/airflow/.local/lib/python3.10/site-packages/airflow/example_dags/example_python_operator.py for tasks to queue
[2025-11-24T15:37:53.505+0000] {logging_mixin.py:154} INFO - [2025-11-24T15:37:53.505+0000] {dagbag.py:536} INFO - Filling up the DagBag from /home/airflow/.local/lib/python3.10/site-packages/airflow/example_dags/example_python_operator.py
[2025-11-24T15:37:53.538+0000] {processor.py:839} INFO - DAG(s) dict_keys(['example_python_operator']) retrieved from /home/airflow/.local/lib/python3.10/site-packages/airflow/example_dags/example_python_operator.py
[2025-11-24T15:37:53.606+0000] {logging_mixin.py:154} INFO - [2025-11-24T15:37:53.606+0000] {dag.py:2941} INFO - Sync 1 DAGs
[2025-11-24T15:37:53.637+0000] {logging_mixin.py:154} INFO - [2025-11-24T15:37:53.637+0000] {dag.py:3722} INFO - Setting next_dagrun for example_python_operator to None, run_after=None
[2025-11-24T15:37:53.680+0000] {processor.py:179} INFO - Processing /home/airflow/.local/lib/python3.10/site-packages/airflow/example_dags/example_python_operator.py took 0.192 seconds
