[2025-11-24T15:29:00.485+0000] {processor.py:157} INFO - Started process (PID=39) to work on /home/airflow/.local/lib/python3.10/site-packages/airflow/example_dags/example_latest_only.py
[2025-11-24T15:29:00.497+0000] {processor.py:829} INFO - Processing file /home/airflow/.local/lib/python3.10/site-packages/airflow/example_dags/example_latest_only.py for tasks to queue
[2025-11-24T15:29:00.501+0000] {logging_mixin.py:154} INFO - [2025-11-24T15:29:00.500+0000] {dagbag.py:536} INFO - Filling up the DagBag from /home/airflow/.local/lib/python3.10/site-packages/airflow/example_dags/example_latest_only.py
[2025-11-24T15:29:00.549+0000] {processor.py:839} INFO - DAG(s) dict_keys(['latest_only']) retrieved from /home/airflow/.local/lib/python3.10/site-packages/airflow/example_dags/example_latest_only.py
[2025-11-24T15:29:01.116+0000] {logging_mixin.py:154} INFO - [2025-11-24T15:29:01.116+0000] {manager.py:499} INFO - Created Permission View: %s
[2025-11-24T15:29:01.183+0000] {logging_mixin.py:154} INFO - [2025-11-24T15:29:01.183+0000] {manager.py:499} INFO - Created Permission View: %s
[2025-11-24T15:29:01.209+0000] {logging_mixin.py:154} INFO - [2025-11-24T15:29:01.209+0000] {manager.py:499} INFO - Created Permission View: %s
[2025-11-24T15:29:01.209+0000] {logging_mixin.py:154} INFO - [2025-11-24T15:29:01.209+0000] {dag.py:2941} INFO - Sync 1 DAGs
[2025-11-24T15:29:01.252+0000] {logging_mixin.py:154} INFO - [2025-11-24T15:29:01.252+0000] {dag.py:2963} INFO - Creating ORM DAG for latest_only
[2025-11-24T15:29:01.319+0000] {logging_mixin.py:154} INFO - [2025-11-24T15:29:01.319+0000] {dag.py:3722} INFO - Setting next_dagrun for latest_only to 2025-11-24T11:29:01.319126+00:00, run_after=2025-11-24T15:29:01.319126+00:00
[2025-11-24T15:29:01.381+0000] {processor.py:179} INFO - Processing /home/airflow/.local/lib/python3.10/site-packages/airflow/example_dags/example_latest_only.py took 0.909 seconds
[2025-11-24T15:29:31.688+0000] {processor.py:157} INFO - Started process (PID=93) to work on /home/airflow/.local/lib/python3.10/site-packages/airflow/example_dags/example_latest_only.py
[2025-11-24T15:29:31.690+0000] {processor.py:829} INFO - Processing file /home/airflow/.local/lib/python3.10/site-packages/airflow/example_dags/example_latest_only.py for tasks to queue
[2025-11-24T15:29:31.693+0000] {logging_mixin.py:154} INFO - [2025-11-24T15:29:31.692+0000] {dagbag.py:536} INFO - Filling up the DagBag from /home/airflow/.local/lib/python3.10/site-packages/airflow/example_dags/example_latest_only.py
[2025-11-24T15:29:31.700+0000] {processor.py:839} INFO - DAG(s) dict_keys(['latest_only']) retrieved from /home/airflow/.local/lib/python3.10/site-packages/airflow/example_dags/example_latest_only.py
[2025-11-24T15:29:31.731+0000] {logging_mixin.py:154} INFO - [2025-11-24T15:29:31.731+0000] {dag.py:2941} INFO - Sync 1 DAGs
[2025-11-24T15:29:31.764+0000] {logging_mixin.py:154} INFO - [2025-11-24T15:29:31.764+0000] {dag.py:3722} INFO - Setting next_dagrun for latest_only to 2025-11-24T11:29:31.764290+00:00, run_after=2025-11-24T15:29:31.764290+00:00
[2025-11-24T15:29:31.793+0000] {processor.py:179} INFO - Processing /home/airflow/.local/lib/python3.10/site-packages/airflow/example_dags/example_latest_only.py took 0.110 seconds
[2025-11-24T15:30:02.145+0000] {processor.py:157} INFO - Started process (PID=147) to work on /home/airflow/.local/lib/python3.10/site-packages/airflow/example_dags/example_latest_only.py
[2025-11-24T15:30:02.147+0000] {processor.py:829} INFO - Processing file /home/airflow/.local/lib/python3.10/site-packages/airflow/example_dags/example_latest_only.py for tasks to queue
[2025-11-24T15:30:02.150+0000] {logging_mixin.py:154} INFO - [2025-11-24T15:30:02.149+0000] {dagbag.py:536} INFO - Filling up the DagBag from /home/airflow/.local/lib/python3.10/site-packages/airflow/example_dags/example_latest_only.py
[2025-11-24T15:30:02.158+0000] {processor.py:839} INFO - DAG(s) dict_keys(['latest_only']) retrieved from /home/airflow/.local/lib/python3.10/site-packages/airflow/example_dags/example_latest_only.py
[2025-11-24T15:30:02.187+0000] {logging_mixin.py:154} INFO - [2025-11-24T15:30:02.186+0000] {dag.py:2941} INFO - Sync 1 DAGs
[2025-11-24T15:30:02.226+0000] {logging_mixin.py:154} INFO - [2025-11-24T15:30:02.226+0000] {dag.py:3722} INFO - Setting next_dagrun for latest_only to 2025-11-24T11:30:02.225918+00:00, run_after=2025-11-24T15:30:02.225918+00:00
[2025-11-24T15:30:02.260+0000] {processor.py:179} INFO - Processing /home/airflow/.local/lib/python3.10/site-packages/airflow/example_dags/example_latest_only.py took 0.120 seconds
[2025-11-24T15:30:33.099+0000] {processor.py:157} INFO - Started process (PID=201) to work on /home/airflow/.local/lib/python3.10/site-packages/airflow/example_dags/example_latest_only.py
[2025-11-24T15:30:33.103+0000] {processor.py:829} INFO - Processing file /home/airflow/.local/lib/python3.10/site-packages/airflow/example_dags/example_latest_only.py for tasks to queue
[2025-11-24T15:30:33.115+0000] {logging_mixin.py:154} INFO - [2025-11-24T15:30:33.115+0000] {dagbag.py:536} INFO - Filling up the DagBag from /home/airflow/.local/lib/python3.10/site-packages/airflow/example_dags/example_latest_only.py
[2025-11-24T15:30:33.130+0000] {processor.py:839} INFO - DAG(s) dict_keys(['latest_only']) retrieved from /home/airflow/.local/lib/python3.10/site-packages/airflow/example_dags/example_latest_only.py
[2025-11-24T15:30:33.185+0000] {logging_mixin.py:154} INFO - [2025-11-24T15:30:33.184+0000] {dag.py:2941} INFO - Sync 1 DAGs
[2025-11-24T15:30:33.241+0000] {logging_mixin.py:154} INFO - [2025-11-24T15:30:33.241+0000] {dag.py:3722} INFO - Setting next_dagrun for latest_only to 2025-11-24T11:30:33.240901+00:00, run_after=2025-11-24T15:30:33.240901+00:00
[2025-11-24T15:30:33.284+0000] {processor.py:179} INFO - Processing /home/airflow/.local/lib/python3.10/site-packages/airflow/example_dags/example_latest_only.py took 0.194 seconds
[2025-11-24T15:31:04.287+0000] {processor.py:157} INFO - Started process (PID=256) to work on /home/airflow/.local/lib/python3.10/site-packages/airflow/example_dags/example_latest_only.py
[2025-11-24T15:31:04.288+0000] {processor.py:829} INFO - Processing file /home/airflow/.local/lib/python3.10/site-packages/airflow/example_dags/example_latest_only.py for tasks to queue
[2025-11-24T15:31:04.299+0000] {logging_mixin.py:154} INFO - [2025-11-24T15:31:04.298+0000] {dagbag.py:536} INFO - Filling up the DagBag from /home/airflow/.local/lib/python3.10/site-packages/airflow/example_dags/example_latest_only.py
[2025-11-24T15:31:04.321+0000] {processor.py:839} INFO - DAG(s) dict_keys(['latest_only']) retrieved from /home/airflow/.local/lib/python3.10/site-packages/airflow/example_dags/example_latest_only.py
[2025-11-24T15:31:04.395+0000] {logging_mixin.py:154} INFO - [2025-11-24T15:31:04.395+0000] {dag.py:2941} INFO - Sync 1 DAGs
[2025-11-24T15:31:04.496+0000] {logging_mixin.py:154} INFO - [2025-11-24T15:31:04.496+0000] {dag.py:3722} INFO - Setting next_dagrun for latest_only to 2025-11-24T11:31:04.496277+00:00, run_after=2025-11-24T15:31:04.496277+00:00
[2025-11-24T15:31:04.570+0000] {processor.py:179} INFO - Processing /home/airflow/.local/lib/python3.10/site-packages/airflow/example_dags/example_latest_only.py took 0.315 seconds
[2025-11-24T15:31:35.439+0000] {processor.py:157} INFO - Started process (PID=310) to work on /home/airflow/.local/lib/python3.10/site-packages/airflow/example_dags/example_latest_only.py
[2025-11-24T15:31:35.441+0000] {processor.py:829} INFO - Processing file /home/airflow/.local/lib/python3.10/site-packages/airflow/example_dags/example_latest_only.py for tasks to queue
[2025-11-24T15:31:35.444+0000] {logging_mixin.py:154} INFO - [2025-11-24T15:31:35.443+0000] {dagbag.py:536} INFO - Filling up the DagBag from /home/airflow/.local/lib/python3.10/site-packages/airflow/example_dags/example_latest_only.py
[2025-11-24T15:31:35.452+0000] {processor.py:839} INFO - DAG(s) dict_keys(['latest_only']) retrieved from /home/airflow/.local/lib/python3.10/site-packages/airflow/example_dags/example_latest_only.py
[2025-11-24T15:31:35.480+0000] {logging_mixin.py:154} INFO - [2025-11-24T15:31:35.479+0000] {dag.py:2941} INFO - Sync 1 DAGs
[2025-11-24T15:31:35.518+0000] {logging_mixin.py:154} INFO - [2025-11-24T15:31:35.518+0000] {dag.py:3722} INFO - Setting next_dagrun for latest_only to 2025-11-24T11:31:35.518005+00:00, run_after=2025-11-24T15:31:35.518005+00:00
[2025-11-24T15:31:35.544+0000] {processor.py:179} INFO - Processing /home/airflow/.local/lib/python3.10/site-packages/airflow/example_dags/example_latest_only.py took 0.110 seconds
[2025-11-24T15:32:05.934+0000] {processor.py:157} INFO - Started process (PID=364) to work on /home/airflow/.local/lib/python3.10/site-packages/airflow/example_dags/example_latest_only.py
[2025-11-24T15:32:05.937+0000] {processor.py:829} INFO - Processing file /home/airflow/.local/lib/python3.10/site-packages/airflow/example_dags/example_latest_only.py for tasks to queue
[2025-11-24T15:32:05.940+0000] {logging_mixin.py:154} INFO - [2025-11-24T15:32:05.940+0000] {dagbag.py:536} INFO - Filling up the DagBag from /home/airflow/.local/lib/python3.10/site-packages/airflow/example_dags/example_latest_only.py
[2025-11-24T15:32:05.948+0000] {processor.py:839} INFO - DAG(s) dict_keys(['latest_only']) retrieved from /home/airflow/.local/lib/python3.10/site-packages/airflow/example_dags/example_latest_only.py
[2025-11-24T15:32:05.976+0000] {logging_mixin.py:154} INFO - [2025-11-24T15:32:05.976+0000] {dag.py:2941} INFO - Sync 1 DAGs
[2025-11-24T15:32:06.013+0000] {logging_mixin.py:154} INFO - [2025-11-24T15:32:06.013+0000] {dag.py:3722} INFO - Setting next_dagrun for latest_only to 2025-11-24T11:32:06.012979+00:00, run_after=2025-11-24T15:32:06.012979+00:00
[2025-11-24T15:32:06.060+0000] {processor.py:179} INFO - Processing /home/airflow/.local/lib/python3.10/site-packages/airflow/example_dags/example_latest_only.py took 0.132 seconds
[2025-11-24T15:32:36.124+0000] {processor.py:157} INFO - Started process (PID=416) to work on /home/airflow/.local/lib/python3.10/site-packages/airflow/example_dags/example_latest_only.py
[2025-11-24T15:32:36.125+0000] {processor.py:829} INFO - Processing file /home/airflow/.local/lib/python3.10/site-packages/airflow/example_dags/example_latest_only.py for tasks to queue
[2025-11-24T15:32:36.128+0000] {logging_mixin.py:154} INFO - [2025-11-24T15:32:36.127+0000] {dagbag.py:536} INFO - Filling up the DagBag from /home/airflow/.local/lib/python3.10/site-packages/airflow/example_dags/example_latest_only.py
[2025-11-24T15:32:36.133+0000] {processor.py:839} INFO - DAG(s) dict_keys(['latest_only']) retrieved from /home/airflow/.local/lib/python3.10/site-packages/airflow/example_dags/example_latest_only.py
[2025-11-24T15:32:36.156+0000] {logging_mixin.py:154} INFO - [2025-11-24T15:32:36.155+0000] {dag.py:2941} INFO - Sync 1 DAGs
[2025-11-24T15:32:36.180+0000] {logging_mixin.py:154} INFO - [2025-11-24T15:32:36.180+0000] {dag.py:3722} INFO - Setting next_dagrun for latest_only to 2025-11-24T11:32:36.179907+00:00, run_after=2025-11-24T15:32:36.179907+00:00
[2025-11-24T15:32:36.206+0000] {processor.py:179} INFO - Processing /home/airflow/.local/lib/python3.10/site-packages/airflow/example_dags/example_latest_only.py took 0.085 seconds
[2025-11-24T15:33:07.121+0000] {processor.py:157} INFO - Started process (PID=471) to work on /home/airflow/.local/lib/python3.10/site-packages/airflow/example_dags/example_latest_only.py
[2025-11-24T15:33:07.123+0000] {processor.py:829} INFO - Processing file /home/airflow/.local/lib/python3.10/site-packages/airflow/example_dags/example_latest_only.py for tasks to queue
[2025-11-24T15:33:07.125+0000] {logging_mixin.py:154} INFO - [2025-11-24T15:33:07.125+0000] {dagbag.py:536} INFO - Filling up the DagBag from /home/airflow/.local/lib/python3.10/site-packages/airflow/example_dags/example_latest_only.py
[2025-11-24T15:33:07.133+0000] {processor.py:839} INFO - DAG(s) dict_keys(['latest_only']) retrieved from /home/airflow/.local/lib/python3.10/site-packages/airflow/example_dags/example_latest_only.py
[2025-11-24T15:33:07.162+0000] {logging_mixin.py:154} INFO - [2025-11-24T15:33:07.162+0000] {dag.py:2941} INFO - Sync 1 DAGs
[2025-11-24T15:33:07.201+0000] {logging_mixin.py:154} INFO - [2025-11-24T15:33:07.201+0000] {dag.py:3722} INFO - Setting next_dagrun for latest_only to 2025-11-24T11:33:07.200981+00:00, run_after=2025-11-24T15:33:07.200981+00:00
[2025-11-24T15:33:07.226+0000] {processor.py:179} INFO - Processing /home/airflow/.local/lib/python3.10/site-packages/airflow/example_dags/example_latest_only.py took 0.110 seconds
[2025-11-24T15:33:37.401+0000] {processor.py:157} INFO - Started process (PID=525) to work on /home/airflow/.local/lib/python3.10/site-packages/airflow/example_dags/example_latest_only.py
[2025-11-24T15:33:37.405+0000] {processor.py:829} INFO - Processing file /home/airflow/.local/lib/python3.10/site-packages/airflow/example_dags/example_latest_only.py for tasks to queue
[2025-11-24T15:33:37.408+0000] {logging_mixin.py:154} INFO - [2025-11-24T15:33:37.407+0000] {dagbag.py:536} INFO - Filling up the DagBag from /home/airflow/.local/lib/python3.10/site-packages/airflow/example_dags/example_latest_only.py
[2025-11-24T15:33:37.415+0000] {processor.py:839} INFO - DAG(s) dict_keys(['latest_only']) retrieved from /home/airflow/.local/lib/python3.10/site-packages/airflow/example_dags/example_latest_only.py
[2025-11-24T15:33:37.447+0000] {logging_mixin.py:154} INFO - [2025-11-24T15:33:37.447+0000] {dag.py:2941} INFO - Sync 1 DAGs
[2025-11-24T15:33:37.482+0000] {logging_mixin.py:154} INFO - [2025-11-24T15:33:37.481+0000] {dag.py:3722} INFO - Setting next_dagrun for latest_only to 2025-11-24T11:33:37.481592+00:00, run_after=2025-11-24T15:33:37.481592+00:00
[2025-11-24T15:33:37.509+0000] {processor.py:179} INFO - Processing /home/airflow/.local/lib/python3.10/site-packages/airflow/example_dags/example_latest_only.py took 0.112 seconds
[2025-11-24T15:34:07.913+0000] {processor.py:157} INFO - Started process (PID=579) to work on /home/airflow/.local/lib/python3.10/site-packages/airflow/example_dags/example_latest_only.py
[2025-11-24T15:34:07.914+0000] {processor.py:829} INFO - Processing file /home/airflow/.local/lib/python3.10/site-packages/airflow/example_dags/example_latest_only.py for tasks to queue
[2025-11-24T15:34:07.917+0000] {logging_mixin.py:154} INFO - [2025-11-24T15:34:07.916+0000] {dagbag.py:536} INFO - Filling up the DagBag from /home/airflow/.local/lib/python3.10/site-packages/airflow/example_dags/example_latest_only.py
[2025-11-24T15:34:07.924+0000] {processor.py:839} INFO - DAG(s) dict_keys(['latest_only']) retrieved from /home/airflow/.local/lib/python3.10/site-packages/airflow/example_dags/example_latest_only.py
[2025-11-24T15:34:07.952+0000] {logging_mixin.py:154} INFO - [2025-11-24T15:34:07.952+0000] {dag.py:2941} INFO - Sync 1 DAGs
[2025-11-24T15:34:07.989+0000] {logging_mixin.py:154} INFO - [2025-11-24T15:34:07.989+0000] {dag.py:3722} INFO - Setting next_dagrun for latest_only to 2025-11-24T11:34:07.988763+00:00, run_after=2025-11-24T15:34:07.988763+00:00
[2025-11-24T15:34:08.020+0000] {processor.py:179} INFO - Processing /home/airflow/.local/lib/python3.10/site-packages/airflow/example_dags/example_latest_only.py took 0.113 seconds
[2025-11-24T15:34:38.322+0000] {processor.py:157} INFO - Started process (PID=633) to work on /home/airflow/.local/lib/python3.10/site-packages/airflow/example_dags/example_latest_only.py
[2025-11-24T15:34:38.323+0000] {processor.py:829} INFO - Processing file /home/airflow/.local/lib/python3.10/site-packages/airflow/example_dags/example_latest_only.py for tasks to queue
[2025-11-24T15:34:38.326+0000] {logging_mixin.py:154} INFO - [2025-11-24T15:34:38.325+0000] {dagbag.py:536} INFO - Filling up the DagBag from /home/airflow/.local/lib/python3.10/site-packages/airflow/example_dags/example_latest_only.py
[2025-11-24T15:34:38.333+0000] {processor.py:839} INFO - DAG(s) dict_keys(['latest_only']) retrieved from /home/airflow/.local/lib/python3.10/site-packages/airflow/example_dags/example_latest_only.py
[2025-11-24T15:34:38.362+0000] {logging_mixin.py:154} INFO - [2025-11-24T15:34:38.362+0000] {dag.py:2941} INFO - Sync 1 DAGs
[2025-11-24T15:34:38.414+0000] {logging_mixin.py:154} INFO - [2025-11-24T15:34:38.414+0000] {dag.py:3722} INFO - Setting next_dagrun for latest_only to 2025-11-24T11:34:38.413834+00:00, run_after=2025-11-24T15:34:38.413834+00:00
[2025-11-24T15:34:38.475+0000] {processor.py:179} INFO - Processing /home/airflow/.local/lib/python3.10/site-packages/airflow/example_dags/example_latest_only.py took 0.158 seconds
[2025-11-24T15:35:09.133+0000] {processor.py:157} INFO - Started process (PID=686) to work on /home/airflow/.local/lib/python3.10/site-packages/airflow/example_dags/example_latest_only.py
[2025-11-24T15:35:09.146+0000] {processor.py:829} INFO - Processing file /home/airflow/.local/lib/python3.10/site-packages/airflow/example_dags/example_latest_only.py for tasks to queue
[2025-11-24T15:35:09.150+0000] {logging_mixin.py:154} INFO - [2025-11-24T15:35:09.149+0000] {dagbag.py:536} INFO - Filling up the DagBag from /home/airflow/.local/lib/python3.10/site-packages/airflow/example_dags/example_latest_only.py
[2025-11-24T15:35:09.158+0000] {processor.py:839} INFO - DAG(s) dict_keys(['latest_only']) retrieved from /home/airflow/.local/lib/python3.10/site-packages/airflow/example_dags/example_latest_only.py
[2025-11-24T15:35:09.192+0000] {logging_mixin.py:154} INFO - [2025-11-24T15:35:09.192+0000] {dag.py:2941} INFO - Sync 1 DAGs
[2025-11-24T15:35:09.225+0000] {logging_mixin.py:154} INFO - [2025-11-24T15:35:09.225+0000] {dag.py:3722} INFO - Setting next_dagrun for latest_only to 2025-11-24T11:35:09.225013+00:00, run_after=2025-11-24T15:35:09.225013+00:00
[2025-11-24T15:35:09.360+0000] {processor.py:179} INFO - Processing /home/airflow/.local/lib/python3.10/site-packages/airflow/example_dags/example_latest_only.py took 0.232 seconds
[2025-11-24T15:35:40.206+0000] {processor.py:157} INFO - Started process (PID=739) to work on /home/airflow/.local/lib/python3.10/site-packages/airflow/example_dags/example_latest_only.py
[2025-11-24T15:35:40.208+0000] {processor.py:829} INFO - Processing file /home/airflow/.local/lib/python3.10/site-packages/airflow/example_dags/example_latest_only.py for tasks to queue
[2025-11-24T15:35:40.211+0000] {logging_mixin.py:154} INFO - [2025-11-24T15:35:40.210+0000] {dagbag.py:536} INFO - Filling up the DagBag from /home/airflow/.local/lib/python3.10/site-packages/airflow/example_dags/example_latest_only.py
[2025-11-24T15:35:40.221+0000] {processor.py:839} INFO - DAG(s) dict_keys(['latest_only']) retrieved from /home/airflow/.local/lib/python3.10/site-packages/airflow/example_dags/example_latest_only.py
[2025-11-24T15:35:40.306+0000] {logging_mixin.py:154} INFO - [2025-11-24T15:35:40.305+0000] {dag.py:2941} INFO - Sync 1 DAGs
[2025-11-24T15:35:40.371+0000] {logging_mixin.py:154} INFO - [2025-11-24T15:35:40.371+0000] {dag.py:3722} INFO - Setting next_dagrun for latest_only to 2025-11-24T11:35:40.371153+00:00, run_after=2025-11-24T15:35:40.371153+00:00
[2025-11-24T15:35:40.422+0000] {processor.py:179} INFO - Processing /home/airflow/.local/lib/python3.10/site-packages/airflow/example_dags/example_latest_only.py took 0.228 seconds
[2025-11-24T15:36:11.348+0000] {processor.py:157} INFO - Started process (PID=793) to work on /home/airflow/.local/lib/python3.10/site-packages/airflow/example_dags/example_latest_only.py
[2025-11-24T15:36:11.351+0000] {processor.py:829} INFO - Processing file /home/airflow/.local/lib/python3.10/site-packages/airflow/example_dags/example_latest_only.py for tasks to queue
[2025-11-24T15:36:11.363+0000] {logging_mixin.py:154} INFO - [2025-11-24T15:36:11.363+0000] {dagbag.py:536} INFO - Filling up the DagBag from /home/airflow/.local/lib/python3.10/site-packages/airflow/example_dags/example_latest_only.py
[2025-11-24T15:36:11.378+0000] {processor.py:839} INFO - DAG(s) dict_keys(['latest_only']) retrieved from /home/airflow/.local/lib/python3.10/site-packages/airflow/example_dags/example_latest_only.py
[2025-11-24T15:36:11.438+0000] {logging_mixin.py:154} INFO - [2025-11-24T15:36:11.437+0000] {dag.py:2941} INFO - Sync 1 DAGs
[2025-11-24T15:36:11.505+0000] {logging_mixin.py:154} INFO - [2025-11-24T15:36:11.505+0000] {dag.py:3722} INFO - Setting next_dagrun for latest_only to 2025-11-24T11:36:11.504916+00:00, run_after=2025-11-24T15:36:11.504916+00:00
[2025-11-24T15:36:11.556+0000] {processor.py:179} INFO - Processing /home/airflow/.local/lib/python3.10/site-packages/airflow/example_dags/example_latest_only.py took 0.217 seconds
[2025-11-24T15:36:41.779+0000] {processor.py:157} INFO - Started process (PID=847) to work on /home/airflow/.local/lib/python3.10/site-packages/airflow/example_dags/example_latest_only.py
[2025-11-24T15:36:41.780+0000] {processor.py:829} INFO - Processing file /home/airflow/.local/lib/python3.10/site-packages/airflow/example_dags/example_latest_only.py for tasks to queue
[2025-11-24T15:36:41.782+0000] {logging_mixin.py:154} INFO - [2025-11-24T15:36:41.782+0000] {dagbag.py:536} INFO - Filling up the DagBag from /home/airflow/.local/lib/python3.10/site-packages/airflow/example_dags/example_latest_only.py
[2025-11-24T15:36:41.788+0000] {processor.py:839} INFO - DAG(s) dict_keys(['latest_only']) retrieved from /home/airflow/.local/lib/python3.10/site-packages/airflow/example_dags/example_latest_only.py
[2025-11-24T15:36:41.810+0000] {logging_mixin.py:154} INFO - [2025-11-24T15:36:41.810+0000] {dag.py:2941} INFO - Sync 1 DAGs
[2025-11-24T15:36:41.835+0000] {logging_mixin.py:154} INFO - [2025-11-24T15:36:41.834+0000] {dag.py:3722} INFO - Setting next_dagrun for latest_only to 2025-11-24T11:36:41.834592+00:00, run_after=2025-11-24T15:36:41.834592+00:00
[2025-11-24T15:36:41.854+0000] {processor.py:179} INFO - Processing /home/airflow/.local/lib/python3.10/site-packages/airflow/example_dags/example_latest_only.py took 0.080 seconds
[2025-11-24T15:37:12.077+0000] {processor.py:157} INFO - Started process (PID=901) to work on /home/airflow/.local/lib/python3.10/site-packages/airflow/example_dags/example_latest_only.py
[2025-11-24T15:37:12.079+0000] {processor.py:829} INFO - Processing file /home/airflow/.local/lib/python3.10/site-packages/airflow/example_dags/example_latest_only.py for tasks to queue
[2025-11-24T15:37:12.082+0000] {logging_mixin.py:154} INFO - [2025-11-24T15:37:12.082+0000] {dagbag.py:536} INFO - Filling up the DagBag from /home/airflow/.local/lib/python3.10/site-packages/airflow/example_dags/example_latest_only.py
[2025-11-24T15:37:12.087+0000] {processor.py:839} INFO - DAG(s) dict_keys(['latest_only']) retrieved from /home/airflow/.local/lib/python3.10/site-packages/airflow/example_dags/example_latest_only.py
[2025-11-24T15:37:12.109+0000] {logging_mixin.py:154} INFO - [2025-11-24T15:37:12.109+0000] {dag.py:2941} INFO - Sync 1 DAGs
[2025-11-24T15:37:12.136+0000] {logging_mixin.py:154} INFO - [2025-11-24T15:37:12.136+0000] {dag.py:3722} INFO - Setting next_dagrun for latest_only to 2025-11-24T11:37:12.135915+00:00, run_after=2025-11-24T15:37:12.135915+00:00
[2025-11-24T15:37:12.160+0000] {processor.py:179} INFO - Processing /home/airflow/.local/lib/python3.10/site-packages/airflow/example_dags/example_latest_only.py took 0.087 seconds
[2025-11-24T15:37:42.801+0000] {processor.py:157} INFO - Started process (PID=956) to work on /home/airflow/.local/lib/python3.10/site-packages/airflow/example_dags/example_latest_only.py
[2025-11-24T15:37:42.810+0000] {processor.py:829} INFO - Processing file /home/airflow/.local/lib/python3.10/site-packages/airflow/example_dags/example_latest_only.py for tasks to queue
[2025-11-24T15:37:42.822+0000] {logging_mixin.py:154} INFO - [2025-11-24T15:37:42.814+0000] {dagbag.py:536} INFO - Filling up the DagBag from /home/airflow/.local/lib/python3.10/site-packages/airflow/example_dags/example_latest_only.py
[2025-11-24T15:37:42.830+0000] {processor.py:839} INFO - DAG(s) dict_keys(['latest_only']) retrieved from /home/airflow/.local/lib/python3.10/site-packages/airflow/example_dags/example_latest_only.py
[2025-11-24T15:37:42.883+0000] {logging_mixin.py:154} INFO - [2025-11-24T15:37:42.883+0000] {dag.py:2941} INFO - Sync 1 DAGs
[2025-11-24T15:37:42.917+0000] {logging_mixin.py:154} INFO - [2025-11-24T15:37:42.916+0000] {dag.py:3722} INFO - Setting next_dagrun for latest_only to 2025-11-24T11:37:42.916506+00:00, run_after=2025-11-24T15:37:42.916506+00:00
[2025-11-24T15:37:42.943+0000] {processor.py:179} INFO - Processing /home/airflow/.local/lib/python3.10/site-packages/airflow/example_dags/example_latest_only.py took 0.150 seconds
[2025-11-24T15:38:13.034+0000] {processor.py:157} INFO - Started process (PID=1010) to work on /home/airflow/.local/lib/python3.10/site-packages/airflow/example_dags/example_latest_only.py
[2025-11-24T15:38:13.035+0000] {processor.py:829} INFO - Processing file /home/airflow/.local/lib/python3.10/site-packages/airflow/example_dags/example_latest_only.py for tasks to queue
[2025-11-24T15:38:13.038+0000] {logging_mixin.py:154} INFO - [2025-11-24T15:38:13.038+0000] {dagbag.py:536} INFO - Filling up the DagBag from /home/airflow/.local/lib/python3.10/site-packages/airflow/example_dags/example_latest_only.py
[2025-11-24T15:38:13.044+0000] {processor.py:839} INFO - DAG(s) dict_keys(['latest_only']) retrieved from /home/airflow/.local/lib/python3.10/site-packages/airflow/example_dags/example_latest_only.py
[2025-11-24T15:38:13.065+0000] {logging_mixin.py:154} INFO - [2025-11-24T15:38:13.065+0000] {dag.py:2941} INFO - Sync 1 DAGs
[2025-11-24T15:38:13.093+0000] {logging_mixin.py:154} INFO - [2025-11-24T15:38:13.093+0000] {dag.py:3722} INFO - Setting next_dagrun for latest_only to 2025-11-24T11:38:13.093276+00:00, run_after=2025-11-24T15:38:13.093276+00:00
[2025-11-24T15:38:13.115+0000] {processor.py:179} INFO - Processing /home/airflow/.local/lib/python3.10/site-packages/airflow/example_dags/example_latest_only.py took 0.085 seconds
