[2025-11-24T15:29:00.218+0000] {processor.py:157} INFO - Started process (PID=38) to work on /home/airflow/.local/lib/python3.10/site-packages/airflow/example_dags/example_dag_decorator.py
[2025-11-24T15:29:00.226+0000] {processor.py:829} INFO - Processing file /home/airflow/.local/lib/python3.10/site-packages/airflow/example_dags/example_dag_decorator.py for tasks to queue
[2025-11-24T15:29:00.229+0000] {logging_mixin.py:154} INFO - [2025-11-24T15:29:00.229+0000] {dagbag.py:536} INFO - Filling up the DagBag from /home/airflow/.local/lib/python3.10/site-packages/airflow/example_dags/example_dag_decorator.py
[2025-11-24T15:29:00.314+0000] {processor.py:839} INFO - DAG(s) dict_keys(['example_dag_decorator']) retrieved from /home/airflow/.local/lib/python3.10/site-packages/airflow/example_dags/example_dag_decorator.py
[2025-11-24T15:29:00.870+0000] {logging_mixin.py:154} INFO - [2025-11-24T15:29:00.870+0000] {manager.py:499} INFO - Created Permission View: %s
[2025-11-24T15:29:00.961+0000] {logging_mixin.py:154} INFO - [2025-11-24T15:29:00.961+0000] {manager.py:499} INFO - Created Permission View: %s
[2025-11-24T15:29:00.987+0000] {logging_mixin.py:154} INFO - [2025-11-24T15:29:00.986+0000] {manager.py:499} INFO - Created Permission View: %s
[2025-11-24T15:29:00.987+0000] {logging_mixin.py:154} INFO - [2025-11-24T15:29:00.987+0000] {dag.py:2941} INFO - Sync 1 DAGs
[2025-11-24T15:29:01.037+0000] {logging_mixin.py:154} INFO - [2025-11-24T15:29:01.036+0000] {dag.py:2963} INFO - Creating ORM DAG for example_dag_decorator
[2025-11-24T15:29:01.038+0000] {logging_mixin.py:154} INFO - [2025-11-24T15:29:01.038+0000] {dag.py:3722} INFO - Setting next_dagrun for example_dag_decorator to None, run_after=None
[2025-11-24T15:29:01.117+0000] {processor.py:179} INFO - Processing /home/airflow/.local/lib/python3.10/site-packages/airflow/example_dags/example_dag_decorator.py took 0.917 seconds
[2025-11-24T15:29:31.677+0000] {processor.py:157} INFO - Started process (PID=92) to work on /home/airflow/.local/lib/python3.10/site-packages/airflow/example_dags/example_dag_decorator.py
[2025-11-24T15:29:31.681+0000] {processor.py:829} INFO - Processing file /home/airflow/.local/lib/python3.10/site-packages/airflow/example_dags/example_dag_decorator.py for tasks to queue
[2025-11-24T15:29:31.684+0000] {logging_mixin.py:154} INFO - [2025-11-24T15:29:31.683+0000] {dagbag.py:536} INFO - Filling up the DagBag from /home/airflow/.local/lib/python3.10/site-packages/airflow/example_dags/example_dag_decorator.py
[2025-11-24T15:29:31.704+0000] {processor.py:839} INFO - DAG(s) dict_keys(['example_dag_decorator']) retrieved from /home/airflow/.local/lib/python3.10/site-packages/airflow/example_dags/example_dag_decorator.py
[2025-11-24T15:29:31.848+0000] {logging_mixin.py:154} INFO - [2025-11-24T15:29:31.847+0000] {dag.py:2941} INFO - Sync 1 DAGs
[2025-11-24T15:29:31.859+0000] {logging_mixin.py:154} INFO - [2025-11-24T15:29:31.859+0000] {dag.py:3722} INFO - Setting next_dagrun for example_dag_decorator to None, run_after=None
[2025-11-24T15:29:31.880+0000] {processor.py:179} INFO - Processing /home/airflow/.local/lib/python3.10/site-packages/airflow/example_dags/example_dag_decorator.py took 0.207 seconds
[2025-11-24T15:30:02.133+0000] {processor.py:157} INFO - Started process (PID=146) to work on /home/airflow/.local/lib/python3.10/site-packages/airflow/example_dags/example_dag_decorator.py
[2025-11-24T15:30:02.134+0000] {processor.py:829} INFO - Processing file /home/airflow/.local/lib/python3.10/site-packages/airflow/example_dags/example_dag_decorator.py for tasks to queue
[2025-11-24T15:30:02.137+0000] {logging_mixin.py:154} INFO - [2025-11-24T15:30:02.137+0000] {dagbag.py:536} INFO - Filling up the DagBag from /home/airflow/.local/lib/python3.10/site-packages/airflow/example_dags/example_dag_decorator.py
[2025-11-24T15:30:02.155+0000] {processor.py:839} INFO - DAG(s) dict_keys(['example_dag_decorator']) retrieved from /home/airflow/.local/lib/python3.10/site-packages/airflow/example_dags/example_dag_decorator.py
[2025-11-24T15:30:02.313+0000] {logging_mixin.py:154} INFO - [2025-11-24T15:30:02.312+0000] {dag.py:2941} INFO - Sync 1 DAGs
[2025-11-24T15:30:02.329+0000] {logging_mixin.py:154} INFO - [2025-11-24T15:30:02.329+0000] {dag.py:3722} INFO - Setting next_dagrun for example_dag_decorator to None, run_after=None
[2025-11-24T15:30:02.395+0000] {processor.py:179} INFO - Processing /home/airflow/.local/lib/python3.10/site-packages/airflow/example_dags/example_dag_decorator.py took 0.267 seconds
[2025-11-24T15:30:33.084+0000] {processor.py:157} INFO - Started process (PID=200) to work on /home/airflow/.local/lib/python3.10/site-packages/airflow/example_dags/example_dag_decorator.py
[2025-11-24T15:30:33.095+0000] {processor.py:829} INFO - Processing file /home/airflow/.local/lib/python3.10/site-packages/airflow/example_dags/example_dag_decorator.py for tasks to queue
[2025-11-24T15:30:33.098+0000] {logging_mixin.py:154} INFO - [2025-11-24T15:30:33.097+0000] {dagbag.py:536} INFO - Filling up the DagBag from /home/airflow/.local/lib/python3.10/site-packages/airflow/example_dags/example_dag_decorator.py
[2025-11-24T15:30:33.128+0000] {processor.py:839} INFO - DAG(s) dict_keys(['example_dag_decorator']) retrieved from /home/airflow/.local/lib/python3.10/site-packages/airflow/example_dags/example_dag_decorator.py
[2025-11-24T15:30:33.402+0000] {logging_mixin.py:154} INFO - [2025-11-24T15:30:33.402+0000] {dag.py:2941} INFO - Sync 1 DAGs
[2025-11-24T15:30:33.420+0000] {logging_mixin.py:154} INFO - [2025-11-24T15:30:33.420+0000] {dag.py:3722} INFO - Setting next_dagrun for example_dag_decorator to None, run_after=None
[2025-11-24T15:30:33.449+0000] {processor.py:179} INFO - Processing /home/airflow/.local/lib/python3.10/site-packages/airflow/example_dags/example_dag_decorator.py took 0.370 seconds
[2025-11-24T15:31:04.244+0000] {processor.py:157} INFO - Started process (PID=255) to work on /home/airflow/.local/lib/python3.10/site-packages/airflow/example_dags/example_dag_decorator.py
[2025-11-24T15:31:04.245+0000] {processor.py:829} INFO - Processing file /home/airflow/.local/lib/python3.10/site-packages/airflow/example_dags/example_dag_decorator.py for tasks to queue
[2025-11-24T15:31:04.256+0000] {logging_mixin.py:154} INFO - [2025-11-24T15:31:04.256+0000] {dagbag.py:536} INFO - Filling up the DagBag from /home/airflow/.local/lib/python3.10/site-packages/airflow/example_dags/example_dag_decorator.py
[2025-11-24T15:31:04.306+0000] {processor.py:839} INFO - DAG(s) dict_keys(['example_dag_decorator']) retrieved from /home/airflow/.local/lib/python3.10/site-packages/airflow/example_dags/example_dag_decorator.py
[2025-11-24T15:31:04.879+0000] {logging_mixin.py:154} INFO - [2025-11-24T15:31:04.879+0000] {dag.py:2941} INFO - Sync 1 DAGs
[2025-11-24T15:31:04.925+0000] {logging_mixin.py:154} INFO - [2025-11-24T15:31:04.925+0000] {dag.py:3722} INFO - Setting next_dagrun for example_dag_decorator to None, run_after=None
[2025-11-24T15:31:05.009+0000] {processor.py:179} INFO - Processing /home/airflow/.local/lib/python3.10/site-packages/airflow/example_dags/example_dag_decorator.py took 0.778 seconds
[2025-11-24T15:31:35.430+0000] {processor.py:157} INFO - Started process (PID=309) to work on /home/airflow/.local/lib/python3.10/site-packages/airflow/example_dags/example_dag_decorator.py
[2025-11-24T15:31:35.431+0000] {processor.py:829} INFO - Processing file /home/airflow/.local/lib/python3.10/site-packages/airflow/example_dags/example_dag_decorator.py for tasks to queue
[2025-11-24T15:31:35.434+0000] {logging_mixin.py:154} INFO - [2025-11-24T15:31:35.434+0000] {dagbag.py:536} INFO - Filling up the DagBag from /home/airflow/.local/lib/python3.10/site-packages/airflow/example_dags/example_dag_decorator.py
[2025-11-24T15:31:35.454+0000] {processor.py:839} INFO - DAG(s) dict_keys(['example_dag_decorator']) retrieved from /home/airflow/.local/lib/python3.10/site-packages/airflow/example_dags/example_dag_decorator.py
[2025-11-24T15:31:35.610+0000] {logging_mixin.py:154} INFO - [2025-11-24T15:31:35.610+0000] {dag.py:2941} INFO - Sync 1 DAGs
[2025-11-24T15:31:35.627+0000] {logging_mixin.py:154} INFO - [2025-11-24T15:31:35.627+0000] {dag.py:3722} INFO - Setting next_dagrun for example_dag_decorator to None, run_after=None
[2025-11-24T15:31:35.654+0000] {processor.py:179} INFO - Processing /home/airflow/.local/lib/python3.10/site-packages/airflow/example_dags/example_dag_decorator.py took 0.229 seconds
[2025-11-24T15:32:05.924+0000] {processor.py:157} INFO - Started process (PID=363) to work on /home/airflow/.local/lib/python3.10/site-packages/airflow/example_dags/example_dag_decorator.py
[2025-11-24T15:32:05.927+0000] {processor.py:829} INFO - Processing file /home/airflow/.local/lib/python3.10/site-packages/airflow/example_dags/example_dag_decorator.py for tasks to queue
[2025-11-24T15:32:05.930+0000] {logging_mixin.py:154} INFO - [2025-11-24T15:32:05.929+0000] {dagbag.py:536} INFO - Filling up the DagBag from /home/airflow/.local/lib/python3.10/site-packages/airflow/example_dags/example_dag_decorator.py
[2025-11-24T15:32:05.947+0000] {processor.py:839} INFO - DAG(s) dict_keys(['example_dag_decorator']) retrieved from /home/airflow/.local/lib/python3.10/site-packages/airflow/example_dags/example_dag_decorator.py
[2025-11-24T15:32:06.095+0000] {logging_mixin.py:154} INFO - [2025-11-24T15:32:06.095+0000] {dag.py:2941} INFO - Sync 1 DAGs
[2025-11-24T15:32:06.108+0000] {logging_mixin.py:154} INFO - [2025-11-24T15:32:06.108+0000] {dag.py:3722} INFO - Setting next_dagrun for example_dag_decorator to None, run_after=None
[2025-11-24T15:32:06.172+0000] {processor.py:179} INFO - Processing /home/airflow/.local/lib/python3.10/site-packages/airflow/example_dags/example_dag_decorator.py took 0.253 seconds
[2025-11-24T15:32:36.205+0000] {processor.py:157} INFO - Started process (PID=417) to work on /home/airflow/.local/lib/python3.10/site-packages/airflow/example_dags/example_dag_decorator.py
[2025-11-24T15:32:36.207+0000] {processor.py:829} INFO - Processing file /home/airflow/.local/lib/python3.10/site-packages/airflow/example_dags/example_dag_decorator.py for tasks to queue
[2025-11-24T15:32:36.210+0000] {logging_mixin.py:154} INFO - [2025-11-24T15:32:36.209+0000] {dagbag.py:536} INFO - Filling up the DagBag from /home/airflow/.local/lib/python3.10/site-packages/airflow/example_dags/example_dag_decorator.py
[2025-11-24T15:32:36.227+0000] {processor.py:839} INFO - DAG(s) dict_keys(['example_dag_decorator']) retrieved from /home/airflow/.local/lib/python3.10/site-packages/airflow/example_dags/example_dag_decorator.py
[2025-11-24T15:32:36.341+0000] {logging_mixin.py:154} INFO - [2025-11-24T15:32:36.341+0000] {dag.py:2941} INFO - Sync 1 DAGs
[2025-11-24T15:32:36.353+0000] {logging_mixin.py:154} INFO - [2025-11-24T15:32:36.352+0000] {dag.py:3722} INFO - Setting next_dagrun for example_dag_decorator to None, run_after=None
[2025-11-24T15:32:36.391+0000] {processor.py:179} INFO - Processing /home/airflow/.local/lib/python3.10/site-packages/airflow/example_dags/example_dag_decorator.py took 0.191 seconds
[2025-11-24T15:33:07.111+0000] {processor.py:157} INFO - Started process (PID=470) to work on /home/airflow/.local/lib/python3.10/site-packages/airflow/example_dags/example_dag_decorator.py
[2025-11-24T15:33:07.113+0000] {processor.py:829} INFO - Processing file /home/airflow/.local/lib/python3.10/site-packages/airflow/example_dags/example_dag_decorator.py for tasks to queue
[2025-11-24T15:33:07.116+0000] {logging_mixin.py:154} INFO - [2025-11-24T15:33:07.115+0000] {dagbag.py:536} INFO - Filling up the DagBag from /home/airflow/.local/lib/python3.10/site-packages/airflow/example_dags/example_dag_decorator.py
[2025-11-24T15:33:07.134+0000] {processor.py:839} INFO - DAG(s) dict_keys(['example_dag_decorator']) retrieved from /home/airflow/.local/lib/python3.10/site-packages/airflow/example_dags/example_dag_decorator.py
[2025-11-24T15:33:07.291+0000] {logging_mixin.py:154} INFO - [2025-11-24T15:33:07.291+0000] {dag.py:2941} INFO - Sync 1 DAGs
[2025-11-24T15:33:07.308+0000] {logging_mixin.py:154} INFO - [2025-11-24T15:33:07.308+0000] {dag.py:3722} INFO - Setting next_dagrun for example_dag_decorator to None, run_after=None
[2025-11-24T15:33:07.349+0000] {processor.py:179} INFO - Processing /home/airflow/.local/lib/python3.10/site-packages/airflow/example_dags/example_dag_decorator.py took 0.243 seconds
[2025-11-24T15:33:37.391+0000] {processor.py:157} INFO - Started process (PID=524) to work on /home/airflow/.local/lib/python3.10/site-packages/airflow/example_dags/example_dag_decorator.py
[2025-11-24T15:33:37.395+0000] {processor.py:829} INFO - Processing file /home/airflow/.local/lib/python3.10/site-packages/airflow/example_dags/example_dag_decorator.py for tasks to queue
[2025-11-24T15:33:37.398+0000] {logging_mixin.py:154} INFO - [2025-11-24T15:33:37.398+0000] {dagbag.py:536} INFO - Filling up the DagBag from /home/airflow/.local/lib/python3.10/site-packages/airflow/example_dags/example_dag_decorator.py
[2025-11-24T15:33:37.416+0000] {processor.py:839} INFO - DAG(s) dict_keys(['example_dag_decorator']) retrieved from /home/airflow/.local/lib/python3.10/site-packages/airflow/example_dags/example_dag_decorator.py
[2025-11-24T15:33:37.574+0000] {logging_mixin.py:154} INFO - [2025-11-24T15:33:37.574+0000] {dag.py:2941} INFO - Sync 1 DAGs
[2025-11-24T15:33:37.592+0000] {logging_mixin.py:154} INFO - [2025-11-24T15:33:37.592+0000] {dag.py:3722} INFO - Setting next_dagrun for example_dag_decorator to None, run_after=None
[2025-11-24T15:33:37.618+0000] {processor.py:179} INFO - Processing /home/airflow/.local/lib/python3.10/site-packages/airflow/example_dags/example_dag_decorator.py took 0.232 seconds
[2025-11-24T15:34:07.902+0000] {processor.py:157} INFO - Started process (PID=578) to work on /home/airflow/.local/lib/python3.10/site-packages/airflow/example_dags/example_dag_decorator.py
[2025-11-24T15:34:07.904+0000] {processor.py:829} INFO - Processing file /home/airflow/.local/lib/python3.10/site-packages/airflow/example_dags/example_dag_decorator.py for tasks to queue
[2025-11-24T15:34:07.907+0000] {logging_mixin.py:154} INFO - [2025-11-24T15:34:07.906+0000] {dagbag.py:536} INFO - Filling up the DagBag from /home/airflow/.local/lib/python3.10/site-packages/airflow/example_dags/example_dag_decorator.py
[2025-11-24T15:34:07.925+0000] {processor.py:839} INFO - DAG(s) dict_keys(['example_dag_decorator']) retrieved from /home/airflow/.local/lib/python3.10/site-packages/airflow/example_dags/example_dag_decorator.py
[2025-11-24T15:34:08.078+0000] {logging_mixin.py:154} INFO - [2025-11-24T15:34:08.077+0000] {dag.py:2941} INFO - Sync 1 DAGs
[2025-11-24T15:34:08.094+0000] {logging_mixin.py:154} INFO - [2025-11-24T15:34:08.094+0000] {dag.py:3722} INFO - Setting next_dagrun for example_dag_decorator to None, run_after=None
[2025-11-24T15:34:08.124+0000] {processor.py:179} INFO - Processing /home/airflow/.local/lib/python3.10/site-packages/airflow/example_dags/example_dag_decorator.py took 0.226 seconds
[2025-11-24T15:34:38.311+0000] {processor.py:157} INFO - Started process (PID=632) to work on /home/airflow/.local/lib/python3.10/site-packages/airflow/example_dags/example_dag_decorator.py
[2025-11-24T15:34:38.312+0000] {processor.py:829} INFO - Processing file /home/airflow/.local/lib/python3.10/site-packages/airflow/example_dags/example_dag_decorator.py for tasks to queue
[2025-11-24T15:34:38.315+0000] {logging_mixin.py:154} INFO - [2025-11-24T15:34:38.315+0000] {dagbag.py:536} INFO - Filling up the DagBag from /home/airflow/.local/lib/python3.10/site-packages/airflow/example_dags/example_dag_decorator.py
[2025-11-24T15:34:38.334+0000] {processor.py:839} INFO - DAG(s) dict_keys(['example_dag_decorator']) retrieved from /home/airflow/.local/lib/python3.10/site-packages/airflow/example_dags/example_dag_decorator.py
[2025-11-24T15:34:38.564+0000] {logging_mixin.py:154} INFO - [2025-11-24T15:34:38.564+0000] {dag.py:2941} INFO - Sync 1 DAGs
[2025-11-24T15:34:38.596+0000] {logging_mixin.py:154} INFO - [2025-11-24T15:34:38.595+0000] {dag.py:3722} INFO - Setting next_dagrun for example_dag_decorator to None, run_after=None
[2025-11-24T15:34:38.659+0000] {processor.py:179} INFO - Processing /home/airflow/.local/lib/python3.10/site-packages/airflow/example_dags/example_dag_decorator.py took 0.353 seconds
[2025-11-24T15:35:09.122+0000] {processor.py:157} INFO - Started process (PID=685) to work on /home/airflow/.local/lib/python3.10/site-packages/airflow/example_dags/example_dag_decorator.py
[2025-11-24T15:35:09.124+0000] {processor.py:829} INFO - Processing file /home/airflow/.local/lib/python3.10/site-packages/airflow/example_dags/example_dag_decorator.py for tasks to queue
[2025-11-24T15:35:09.127+0000] {logging_mixin.py:154} INFO - [2025-11-24T15:35:09.127+0000] {dagbag.py:536} INFO - Filling up the DagBag from /home/airflow/.local/lib/python3.10/site-packages/airflow/example_dags/example_dag_decorator.py
[2025-11-24T15:35:09.142+0000] {processor.py:839} INFO - DAG(s) dict_keys(['example_dag_decorator']) retrieved from /home/airflow/.local/lib/python3.10/site-packages/airflow/example_dags/example_dag_decorator.py
[2025-11-24T15:35:09.285+0000] {logging_mixin.py:154} INFO - [2025-11-24T15:35:09.285+0000] {dag.py:2941} INFO - Sync 1 DAGs
[2025-11-24T15:35:09.296+0000] {logging_mixin.py:154} INFO - [2025-11-24T15:35:09.296+0000] {dag.py:3722} INFO - Setting next_dagrun for example_dag_decorator to None, run_after=None
[2025-11-24T15:35:09.376+0000] {processor.py:179} INFO - Processing /home/airflow/.local/lib/python3.10/site-packages/airflow/example_dags/example_dag_decorator.py took 0.259 seconds
[2025-11-24T15:35:40.190+0000] {processor.py:157} INFO - Started process (PID=738) to work on /home/airflow/.local/lib/python3.10/site-packages/airflow/example_dags/example_dag_decorator.py
[2025-11-24T15:35:40.191+0000] {processor.py:829} INFO - Processing file /home/airflow/.local/lib/python3.10/site-packages/airflow/example_dags/example_dag_decorator.py for tasks to queue
[2025-11-24T15:35:40.199+0000] {logging_mixin.py:154} INFO - [2025-11-24T15:35:40.199+0000] {dagbag.py:536} INFO - Filling up the DagBag from /home/airflow/.local/lib/python3.10/site-packages/airflow/example_dags/example_dag_decorator.py
[2025-11-24T15:35:40.230+0000] {processor.py:839} INFO - DAG(s) dict_keys(['example_dag_decorator']) retrieved from /home/airflow/.local/lib/python3.10/site-packages/airflow/example_dags/example_dag_decorator.py
[2025-11-24T15:35:40.565+0000] {logging_mixin.py:154} INFO - [2025-11-24T15:35:40.565+0000] {dag.py:2941} INFO - Sync 1 DAGs
[2025-11-24T15:35:40.592+0000] {logging_mixin.py:154} INFO - [2025-11-24T15:35:40.592+0000] {dag.py:3722} INFO - Setting next_dagrun for example_dag_decorator to None, run_after=None
[2025-11-24T15:35:40.645+0000] {processor.py:179} INFO - Processing /home/airflow/.local/lib/python3.10/site-packages/airflow/example_dags/example_dag_decorator.py took 0.470 seconds
[2025-11-24T15:36:11.333+0000] {processor.py:157} INFO - Started process (PID=792) to work on /home/airflow/.local/lib/python3.10/site-packages/airflow/example_dags/example_dag_decorator.py
[2025-11-24T15:36:11.343+0000] {processor.py:829} INFO - Processing file /home/airflow/.local/lib/python3.10/site-packages/airflow/example_dags/example_dag_decorator.py for tasks to queue
[2025-11-24T15:36:11.346+0000] {logging_mixin.py:154} INFO - [2025-11-24T15:36:11.345+0000] {dagbag.py:536} INFO - Filling up the DagBag from /home/airflow/.local/lib/python3.10/site-packages/airflow/example_dags/example_dag_decorator.py
[2025-11-24T15:36:11.376+0000] {processor.py:839} INFO - DAG(s) dict_keys(['example_dag_decorator']) retrieved from /home/airflow/.local/lib/python3.10/site-packages/airflow/example_dags/example_dag_decorator.py
[2025-11-24T15:36:11.717+0000] {logging_mixin.py:154} INFO - [2025-11-24T15:36:11.717+0000] {dag.py:2941} INFO - Sync 1 DAGs
[2025-11-24T15:36:11.750+0000] {logging_mixin.py:154} INFO - [2025-11-24T15:36:11.750+0000] {dag.py:3722} INFO - Setting next_dagrun for example_dag_decorator to None, run_after=None
[2025-11-24T15:36:11.833+0000] {processor.py:179} INFO - Processing /home/airflow/.local/lib/python3.10/site-packages/airflow/example_dags/example_dag_decorator.py took 0.505 seconds
[2025-11-24T15:36:41.877+0000] {processor.py:157} INFO - Started process (PID=848) to work on /home/airflow/.local/lib/python3.10/site-packages/airflow/example_dags/example_dag_decorator.py
[2025-11-24T15:36:41.878+0000] {processor.py:829} INFO - Processing file /home/airflow/.local/lib/python3.10/site-packages/airflow/example_dags/example_dag_decorator.py for tasks to queue
[2025-11-24T15:36:41.880+0000] {logging_mixin.py:154} INFO - [2025-11-24T15:36:41.880+0000] {dagbag.py:536} INFO - Filling up the DagBag from /home/airflow/.local/lib/python3.10/site-packages/airflow/example_dags/example_dag_decorator.py
[2025-11-24T15:36:41.894+0000] {processor.py:839} INFO - DAG(s) dict_keys(['example_dag_decorator']) retrieved from /home/airflow/.local/lib/python3.10/site-packages/airflow/example_dags/example_dag_decorator.py
[2025-11-24T15:36:42.007+0000] {logging_mixin.py:154} INFO - [2025-11-24T15:36:42.007+0000] {dag.py:2941} INFO - Sync 1 DAGs
[2025-11-24T15:36:42.018+0000] {logging_mixin.py:154} INFO - [2025-11-24T15:36:42.018+0000] {dag.py:3722} INFO - Setting next_dagrun for example_dag_decorator to None, run_after=None
[2025-11-24T15:36:42.046+0000] {processor.py:179} INFO - Processing /home/airflow/.local/lib/python3.10/site-packages/airflow/example_dags/example_dag_decorator.py took 0.173 seconds
[2025-11-24T15:37:12.159+0000] {processor.py:157} INFO - Started process (PID=902) to work on /home/airflow/.local/lib/python3.10/site-packages/airflow/example_dags/example_dag_decorator.py
[2025-11-24T15:37:12.161+0000] {processor.py:829} INFO - Processing file /home/airflow/.local/lib/python3.10/site-packages/airflow/example_dags/example_dag_decorator.py for tasks to queue
[2025-11-24T15:37:12.164+0000] {logging_mixin.py:154} INFO - [2025-11-24T15:37:12.164+0000] {dagbag.py:536} INFO - Filling up the DagBag from /home/airflow/.local/lib/python3.10/site-packages/airflow/example_dags/example_dag_decorator.py
[2025-11-24T15:37:12.181+0000] {processor.py:839} INFO - DAG(s) dict_keys(['example_dag_decorator']) retrieved from /home/airflow/.local/lib/python3.10/site-packages/airflow/example_dags/example_dag_decorator.py
[2025-11-24T15:37:12.294+0000] {logging_mixin.py:154} INFO - [2025-11-24T15:37:12.293+0000] {dag.py:2941} INFO - Sync 1 DAGs
[2025-11-24T15:37:12.309+0000] {logging_mixin.py:154} INFO - [2025-11-24T15:37:12.308+0000] {dag.py:3722} INFO - Setting next_dagrun for example_dag_decorator to None, run_after=None
[2025-11-24T15:37:12.395+0000] {processor.py:179} INFO - Processing /home/airflow/.local/lib/python3.10/site-packages/airflow/example_dags/example_dag_decorator.py took 0.242 seconds
[2025-11-24T15:37:42.791+0000] {processor.py:157} INFO - Started process (PID=955) to work on /home/airflow/.local/lib/python3.10/site-packages/airflow/example_dags/example_dag_decorator.py
[2025-11-24T15:37:42.795+0000] {processor.py:829} INFO - Processing file /home/airflow/.local/lib/python3.10/site-packages/airflow/example_dags/example_dag_decorator.py for tasks to queue
[2025-11-24T15:37:42.803+0000] {logging_mixin.py:154} INFO - [2025-11-24T15:37:42.802+0000] {dagbag.py:536} INFO - Filling up the DagBag from /home/airflow/.local/lib/python3.10/site-packages/airflow/example_dags/example_dag_decorator.py
[2025-11-24T15:37:42.833+0000] {processor.py:839} INFO - DAG(s) dict_keys(['example_dag_decorator']) retrieved from /home/airflow/.local/lib/python3.10/site-packages/airflow/example_dags/example_dag_decorator.py
[2025-11-24T15:37:43.019+0000] {logging_mixin.py:154} INFO - [2025-11-24T15:37:43.019+0000] {dag.py:2941} INFO - Sync 1 DAGs
[2025-11-24T15:37:43.036+0000] {logging_mixin.py:154} INFO - [2025-11-24T15:37:43.036+0000] {dag.py:3722} INFO - Setting next_dagrun for example_dag_decorator to None, run_after=None
[2025-11-24T15:37:43.355+0000] {processor.py:179} INFO - Processing /home/airflow/.local/lib/python3.10/site-packages/airflow/example_dags/example_dag_decorator.py took 0.573 seconds
[2025-11-24T15:38:14.153+0000] {processor.py:157} INFO - Started process (PID=1012) to work on /home/airflow/.local/lib/python3.10/site-packages/airflow/example_dags/example_dag_decorator.py
[2025-11-24T15:38:14.155+0000] {processor.py:829} INFO - Processing file /home/airflow/.local/lib/python3.10/site-packages/airflow/example_dags/example_dag_decorator.py for tasks to queue
[2025-11-24T15:38:14.158+0000] {logging_mixin.py:154} INFO - [2025-11-24T15:38:14.157+0000] {dagbag.py:536} INFO - Filling up the DagBag from /home/airflow/.local/lib/python3.10/site-packages/airflow/example_dags/example_dag_decorator.py
[2025-11-24T15:38:14.176+0000] {processor.py:839} INFO - DAG(s) dict_keys(['example_dag_decorator']) retrieved from /home/airflow/.local/lib/python3.10/site-packages/airflow/example_dags/example_dag_decorator.py
[2025-11-24T15:38:14.341+0000] {logging_mixin.py:154} INFO - [2025-11-24T15:38:14.341+0000] {dag.py:2941} INFO - Sync 1 DAGs
[2025-11-24T15:38:14.357+0000] {logging_mixin.py:154} INFO - [2025-11-24T15:38:14.357+0000] {dag.py:3722} INFO - Setting next_dagrun for example_dag_decorator to None, run_after=None
[2025-11-24T15:38:14.400+0000] {processor.py:179} INFO - Processing /home/airflow/.local/lib/python3.10/site-packages/airflow/example_dags/example_dag_decorator.py took 0.251 seconds
