[2025-11-24T15:29:07.813+0000] {processor.py:157} INFO - Started process (PID=53) to work on /home/airflow/.local/lib/python3.10/site-packages/airflow/example_dags/example_bash_operator.py
[2025-11-24T15:29:07.826+0000] {processor.py:829} INFO - Processing file /home/airflow/.local/lib/python3.10/site-packages/airflow/example_dags/example_bash_operator.py for tasks to queue
[2025-11-24T15:29:07.831+0000] {logging_mixin.py:154} INFO - [2025-11-24T15:29:07.831+0000] {dagbag.py:536} INFO - Filling up the DagBag from /home/airflow/.local/lib/python3.10/site-packages/airflow/example_dags/example_bash_operator.py
[2025-11-24T15:29:07.894+0000] {processor.py:839} INFO - DAG(s) dict_keys(['example_bash_operator']) retrieved from /home/airflow/.local/lib/python3.10/site-packages/airflow/example_dags/example_bash_operator.py
[2025-11-24T15:29:08.494+0000] {logging_mixin.py:154} INFO - [2025-11-24T15:29:08.494+0000] {manager.py:499} INFO - Created Permission View: %s
[2025-11-24T15:29:08.528+0000] {logging_mixin.py:154} INFO - [2025-11-24T15:29:08.528+0000] {manager.py:499} INFO - Created Permission View: %s
[2025-11-24T15:29:08.553+0000] {logging_mixin.py:154} INFO - [2025-11-24T15:29:08.553+0000] {manager.py:499} INFO - Created Permission View: %s
[2025-11-24T15:29:08.554+0000] {logging_mixin.py:154} INFO - [2025-11-24T15:29:08.554+0000] {dag.py:2941} INFO - Sync 1 DAGs
[2025-11-24T15:29:08.606+0000] {logging_mixin.py:154} INFO - [2025-11-24T15:29:08.606+0000] {dag.py:2963} INFO - Creating ORM DAG for example_bash_operator
[2025-11-24T15:29:08.660+0000] {logging_mixin.py:154} INFO - [2025-11-24T15:29:08.660+0000] {dag.py:3722} INFO - Setting next_dagrun for example_bash_operator to 2025-11-23T00:00:00+00:00, run_after=2025-11-24T00:00:00+00:00
[2025-11-24T15:29:08.735+0000] {processor.py:179} INFO - Processing /home/airflow/.local/lib/python3.10/site-packages/airflow/example_dags/example_bash_operator.py took 0.932 seconds
[2025-11-24T15:29:38.788+0000] {processor.py:157} INFO - Started process (PID=107) to work on /home/airflow/.local/lib/python3.10/site-packages/airflow/example_dags/example_bash_operator.py
[2025-11-24T15:29:38.794+0000] {processor.py:829} INFO - Processing file /home/airflow/.local/lib/python3.10/site-packages/airflow/example_dags/example_bash_operator.py for tasks to queue
[2025-11-24T15:29:38.797+0000] {logging_mixin.py:154} INFO - [2025-11-24T15:29:38.796+0000] {dagbag.py:536} INFO - Filling up the DagBag from /home/airflow/.local/lib/python3.10/site-packages/airflow/example_dags/example_bash_operator.py
[2025-11-24T15:29:38.810+0000] {processor.py:839} INFO - DAG(s) dict_keys(['example_bash_operator']) retrieved from /home/airflow/.local/lib/python3.10/site-packages/airflow/example_dags/example_bash_operator.py
[2025-11-24T15:29:38.841+0000] {logging_mixin.py:154} INFO - [2025-11-24T15:29:38.841+0000] {dag.py:2941} INFO - Sync 1 DAGs
[2025-11-24T15:29:38.867+0000] {logging_mixin.py:154} INFO - [2025-11-24T15:29:38.867+0000] {dag.py:3722} INFO - Setting next_dagrun for example_bash_operator to 2025-11-23T00:00:00+00:00, run_after=2025-11-24T00:00:00+00:00
[2025-11-24T15:29:38.888+0000] {processor.py:179} INFO - Processing /home/airflow/.local/lib/python3.10/site-packages/airflow/example_dags/example_bash_operator.py took 0.104 seconds
[2025-11-24T15:30:09.340+0000] {processor.py:157} INFO - Started process (PID=161) to work on /home/airflow/.local/lib/python3.10/site-packages/airflow/example_dags/example_bash_operator.py
[2025-11-24T15:30:09.341+0000] {processor.py:829} INFO - Processing file /home/airflow/.local/lib/python3.10/site-packages/airflow/example_dags/example_bash_operator.py for tasks to queue
[2025-11-24T15:30:09.343+0000] {logging_mixin.py:154} INFO - [2025-11-24T15:30:09.343+0000] {dagbag.py:536} INFO - Filling up the DagBag from /home/airflow/.local/lib/python3.10/site-packages/airflow/example_dags/example_bash_operator.py
[2025-11-24T15:30:09.357+0000] {processor.py:839} INFO - DAG(s) dict_keys(['example_bash_operator']) retrieved from /home/airflow/.local/lib/python3.10/site-packages/airflow/example_dags/example_bash_operator.py
[2025-11-24T15:30:09.388+0000] {logging_mixin.py:154} INFO - [2025-11-24T15:30:09.388+0000] {dag.py:2941} INFO - Sync 1 DAGs
[2025-11-24T15:30:09.413+0000] {logging_mixin.py:154} INFO - [2025-11-24T15:30:09.413+0000] {dag.py:3722} INFO - Setting next_dagrun for example_bash_operator to 2025-11-23T00:00:00+00:00, run_after=2025-11-24T00:00:00+00:00
[2025-11-24T15:30:09.432+0000] {processor.py:179} INFO - Processing /home/airflow/.local/lib/python3.10/site-packages/airflow/example_dags/example_bash_operator.py took 0.095 seconds
[2025-11-24T15:30:39.636+0000] {processor.py:157} INFO - Started process (PID=215) to work on /home/airflow/.local/lib/python3.10/site-packages/airflow/example_dags/example_bash_operator.py
[2025-11-24T15:30:39.638+0000] {processor.py:829} INFO - Processing file /home/airflow/.local/lib/python3.10/site-packages/airflow/example_dags/example_bash_operator.py for tasks to queue
[2025-11-24T15:30:39.640+0000] {logging_mixin.py:154} INFO - [2025-11-24T15:30:39.639+0000] {dagbag.py:536} INFO - Filling up the DagBag from /home/airflow/.local/lib/python3.10/site-packages/airflow/example_dags/example_bash_operator.py
[2025-11-24T15:30:39.653+0000] {processor.py:839} INFO - DAG(s) dict_keys(['example_bash_operator']) retrieved from /home/airflow/.local/lib/python3.10/site-packages/airflow/example_dags/example_bash_operator.py
[2025-11-24T15:30:39.685+0000] {logging_mixin.py:154} INFO - [2025-11-24T15:30:39.684+0000] {dag.py:2941} INFO - Sync 1 DAGs
[2025-11-24T15:30:39.711+0000] {logging_mixin.py:154} INFO - [2025-11-24T15:30:39.710+0000] {dag.py:3722} INFO - Setting next_dagrun for example_bash_operator to 2025-11-23T00:00:00+00:00, run_after=2025-11-24T00:00:00+00:00
[2025-11-24T15:30:39.740+0000] {processor.py:179} INFO - Processing /home/airflow/.local/lib/python3.10/site-packages/airflow/example_dags/example_bash_operator.py took 0.108 seconds
[2025-11-24T15:31:10.416+0000] {processor.py:157} INFO - Started process (PID=270) to work on /home/airflow/.local/lib/python3.10/site-packages/airflow/example_dags/example_bash_operator.py
[2025-11-24T15:31:10.417+0000] {processor.py:829} INFO - Processing file /home/airflow/.local/lib/python3.10/site-packages/airflow/example_dags/example_bash_operator.py for tasks to queue
[2025-11-24T15:31:10.419+0000] {logging_mixin.py:154} INFO - [2025-11-24T15:31:10.419+0000] {dagbag.py:536} INFO - Filling up the DagBag from /home/airflow/.local/lib/python3.10/site-packages/airflow/example_dags/example_bash_operator.py
[2025-11-24T15:31:10.433+0000] {processor.py:839} INFO - DAG(s) dict_keys(['example_bash_operator']) retrieved from /home/airflow/.local/lib/python3.10/site-packages/airflow/example_dags/example_bash_operator.py
[2025-11-24T15:31:10.465+0000] {logging_mixin.py:154} INFO - [2025-11-24T15:31:10.465+0000] {dag.py:2941} INFO - Sync 1 DAGs
[2025-11-24T15:31:10.492+0000] {logging_mixin.py:154} INFO - [2025-11-24T15:31:10.491+0000] {dag.py:3722} INFO - Setting next_dagrun for example_bash_operator to 2025-11-23T00:00:00+00:00, run_after=2025-11-24T00:00:00+00:00
[2025-11-24T15:31:10.511+0000] {processor.py:179} INFO - Processing /home/airflow/.local/lib/python3.10/site-packages/airflow/example_dags/example_bash_operator.py took 0.099 seconds
[2025-11-24T15:31:41.281+0000] {processor.py:157} INFO - Started process (PID=324) to work on /home/airflow/.local/lib/python3.10/site-packages/airflow/example_dags/example_bash_operator.py
[2025-11-24T15:31:41.291+0000] {processor.py:829} INFO - Processing file /home/airflow/.local/lib/python3.10/site-packages/airflow/example_dags/example_bash_operator.py for tasks to queue
[2025-11-24T15:31:41.293+0000] {logging_mixin.py:154} INFO - [2025-11-24T15:31:41.293+0000] {dagbag.py:536} INFO - Filling up the DagBag from /home/airflow/.local/lib/python3.10/site-packages/airflow/example_dags/example_bash_operator.py
[2025-11-24T15:31:41.341+0000] {processor.py:839} INFO - DAG(s) dict_keys(['example_bash_operator']) retrieved from /home/airflow/.local/lib/python3.10/site-packages/airflow/example_dags/example_bash_operator.py
[2025-11-24T15:31:41.435+0000] {logging_mixin.py:154} INFO - [2025-11-24T15:31:41.435+0000] {dag.py:2941} INFO - Sync 1 DAGs
[2025-11-24T15:31:41.495+0000] {logging_mixin.py:154} INFO - [2025-11-24T15:31:41.495+0000] {dag.py:3722} INFO - Setting next_dagrun for example_bash_operator to 2025-11-23T00:00:00+00:00, run_after=2025-11-24T00:00:00+00:00
[2025-11-24T15:31:41.550+0000] {processor.py:179} INFO - Processing /home/airflow/.local/lib/python3.10/site-packages/airflow/example_dags/example_bash_operator.py took 0.288 seconds
[2025-11-24T15:32:12.288+0000] {processor.py:157} INFO - Started process (PID=378) to work on /home/airflow/.local/lib/python3.10/site-packages/airflow/example_dags/example_bash_operator.py
[2025-11-24T15:32:12.290+0000] {processor.py:829} INFO - Processing file /home/airflow/.local/lib/python3.10/site-packages/airflow/example_dags/example_bash_operator.py for tasks to queue
[2025-11-24T15:32:12.293+0000] {logging_mixin.py:154} INFO - [2025-11-24T15:32:12.293+0000] {dagbag.py:536} INFO - Filling up the DagBag from /home/airflow/.local/lib/python3.10/site-packages/airflow/example_dags/example_bash_operator.py
[2025-11-24T15:32:12.341+0000] {processor.py:839} INFO - DAG(s) dict_keys(['example_bash_operator']) retrieved from /home/airflow/.local/lib/python3.10/site-packages/airflow/example_dags/example_bash_operator.py
[2025-11-24T15:32:12.425+0000] {logging_mixin.py:154} INFO - [2025-11-24T15:32:12.424+0000] {dag.py:2941} INFO - Sync 1 DAGs
[2025-11-24T15:32:12.494+0000] {logging_mixin.py:154} INFO - [2025-11-24T15:32:12.493+0000] {dag.py:3722} INFO - Setting next_dagrun for example_bash_operator to 2025-11-23T00:00:00+00:00, run_after=2025-11-24T00:00:00+00:00
[2025-11-24T15:32:12.559+0000] {processor.py:179} INFO - Processing /home/airflow/.local/lib/python3.10/site-packages/airflow/example_dags/example_bash_operator.py took 0.285 seconds
[2025-11-24T15:32:43.444+0000] {processor.py:157} INFO - Started process (PID=431) to work on /home/airflow/.local/lib/python3.10/site-packages/airflow/example_dags/example_bash_operator.py
[2025-11-24T15:32:43.445+0000] {processor.py:829} INFO - Processing file /home/airflow/.local/lib/python3.10/site-packages/airflow/example_dags/example_bash_operator.py for tasks to queue
[2025-11-24T15:32:43.448+0000] {logging_mixin.py:154} INFO - [2025-11-24T15:32:43.447+0000] {dagbag.py:536} INFO - Filling up the DagBag from /home/airflow/.local/lib/python3.10/site-packages/airflow/example_dags/example_bash_operator.py
[2025-11-24T15:32:43.465+0000] {processor.py:839} INFO - DAG(s) dict_keys(['example_bash_operator']) retrieved from /home/airflow/.local/lib/python3.10/site-packages/airflow/example_dags/example_bash_operator.py
[2025-11-24T15:32:43.509+0000] {logging_mixin.py:154} INFO - [2025-11-24T15:32:43.509+0000] {dag.py:2941} INFO - Sync 1 DAGs
[2025-11-24T15:32:43.550+0000] {logging_mixin.py:154} INFO - [2025-11-24T15:32:43.549+0000] {dag.py:3722} INFO - Setting next_dagrun for example_bash_operator to 2025-11-23T00:00:00+00:00, run_after=2025-11-24T00:00:00+00:00
[2025-11-24T15:32:43.573+0000] {processor.py:179} INFO - Processing /home/airflow/.local/lib/python3.10/site-packages/airflow/example_dags/example_bash_operator.py took 0.134 seconds
[2025-11-24T15:33:14.296+0000] {processor.py:157} INFO - Started process (PID=485) to work on /home/airflow/.local/lib/python3.10/site-packages/airflow/example_dags/example_bash_operator.py
[2025-11-24T15:33:14.299+0000] {processor.py:829} INFO - Processing file /home/airflow/.local/lib/python3.10/site-packages/airflow/example_dags/example_bash_operator.py for tasks to queue
[2025-11-24T15:33:14.302+0000] {logging_mixin.py:154} INFO - [2025-11-24T15:33:14.302+0000] {dagbag.py:536} INFO - Filling up the DagBag from /home/airflow/.local/lib/python3.10/site-packages/airflow/example_dags/example_bash_operator.py
[2025-11-24T15:33:14.320+0000] {processor.py:839} INFO - DAG(s) dict_keys(['example_bash_operator']) retrieved from /home/airflow/.local/lib/python3.10/site-packages/airflow/example_dags/example_bash_operator.py
[2025-11-24T15:33:14.364+0000] {logging_mixin.py:154} INFO - [2025-11-24T15:33:14.364+0000] {dag.py:2941} INFO - Sync 1 DAGs
[2025-11-24T15:33:14.400+0000] {logging_mixin.py:154} INFO - [2025-11-24T15:33:14.400+0000] {dag.py:3722} INFO - Setting next_dagrun for example_bash_operator to 2025-11-23T00:00:00+00:00, run_after=2025-11-24T00:00:00+00:00
[2025-11-24T15:33:14.423+0000] {processor.py:179} INFO - Processing /home/airflow/.local/lib/python3.10/site-packages/airflow/example_dags/example_bash_operator.py took 0.132 seconds
[2025-11-24T15:33:44.678+0000] {processor.py:157} INFO - Started process (PID=539) to work on /home/airflow/.local/lib/python3.10/site-packages/airflow/example_dags/example_bash_operator.py
[2025-11-24T15:33:44.685+0000] {processor.py:829} INFO - Processing file /home/airflow/.local/lib/python3.10/site-packages/airflow/example_dags/example_bash_operator.py for tasks to queue
[2025-11-24T15:33:44.696+0000] {logging_mixin.py:154} INFO - [2025-11-24T15:33:44.695+0000] {dagbag.py:536} INFO - Filling up the DagBag from /home/airflow/.local/lib/python3.10/site-packages/airflow/example_dags/example_bash_operator.py
[2025-11-24T15:33:44.733+0000] {processor.py:839} INFO - DAG(s) dict_keys(['example_bash_operator']) retrieved from /home/airflow/.local/lib/python3.10/site-packages/airflow/example_dags/example_bash_operator.py
[2025-11-24T15:33:44.839+0000] {logging_mixin.py:154} INFO - [2025-11-24T15:33:44.839+0000] {dag.py:2941} INFO - Sync 1 DAGs
[2025-11-24T15:33:44.926+0000] {logging_mixin.py:154} INFO - [2025-11-24T15:33:44.921+0000] {dag.py:3722} INFO - Setting next_dagrun for example_bash_operator to 2025-11-23T00:00:00+00:00, run_after=2025-11-24T00:00:00+00:00
[2025-11-24T15:33:44.987+0000] {processor.py:179} INFO - Processing /home/airflow/.local/lib/python3.10/site-packages/airflow/example_dags/example_bash_operator.py took 0.317 seconds
[2025-11-24T15:34:15.093+0000] {processor.py:157} INFO - Started process (PID=600) to work on /home/airflow/.local/lib/python3.10/site-packages/airflow/example_dags/example_bash_operator.py
[2025-11-24T15:34:15.095+0000] {processor.py:829} INFO - Processing file /home/airflow/.local/lib/python3.10/site-packages/airflow/example_dags/example_bash_operator.py for tasks to queue
[2025-11-24T15:34:15.098+0000] {logging_mixin.py:154} INFO - [2025-11-24T15:34:15.097+0000] {dagbag.py:536} INFO - Filling up the DagBag from /home/airflow/.local/lib/python3.10/site-packages/airflow/example_dags/example_bash_operator.py
[2025-11-24T15:34:15.117+0000] {processor.py:839} INFO - DAG(s) dict_keys(['example_bash_operator']) retrieved from /home/airflow/.local/lib/python3.10/site-packages/airflow/example_dags/example_bash_operator.py
[2025-11-24T15:34:15.159+0000] {logging_mixin.py:154} INFO - [2025-11-24T15:34:15.159+0000] {dag.py:2941} INFO - Sync 1 DAGs
[2025-11-24T15:34:15.200+0000] {logging_mixin.py:154} INFO - [2025-11-24T15:34:15.199+0000] {dag.py:3722} INFO - Setting next_dagrun for example_bash_operator to 2025-11-23T00:00:00+00:00, run_after=2025-11-24T00:00:00+00:00
[2025-11-24T15:34:15.223+0000] {processor.py:179} INFO - Processing /home/airflow/.local/lib/python3.10/site-packages/airflow/example_dags/example_bash_operator.py took 0.135 seconds
[2025-11-24T15:34:45.575+0000] {processor.py:157} INFO - Started process (PID=653) to work on /home/airflow/.local/lib/python3.10/site-packages/airflow/example_dags/example_bash_operator.py
[2025-11-24T15:34:45.576+0000] {processor.py:829} INFO - Processing file /home/airflow/.local/lib/python3.10/site-packages/airflow/example_dags/example_bash_operator.py for tasks to queue
[2025-11-24T15:34:45.579+0000] {logging_mixin.py:154} INFO - [2025-11-24T15:34:45.579+0000] {dagbag.py:536} INFO - Filling up the DagBag from /home/airflow/.local/lib/python3.10/site-packages/airflow/example_dags/example_bash_operator.py
[2025-11-24T15:34:45.598+0000] {processor.py:839} INFO - DAG(s) dict_keys(['example_bash_operator']) retrieved from /home/airflow/.local/lib/python3.10/site-packages/airflow/example_dags/example_bash_operator.py
[2025-11-24T15:34:45.642+0000] {logging_mixin.py:154} INFO - [2025-11-24T15:34:45.642+0000] {dag.py:2941} INFO - Sync 1 DAGs
[2025-11-24T15:34:45.677+0000] {logging_mixin.py:154} INFO - [2025-11-24T15:34:45.677+0000] {dag.py:3722} INFO - Setting next_dagrun for example_bash_operator to 2025-11-23T00:00:00+00:00, run_after=2025-11-24T00:00:00+00:00
[2025-11-24T15:34:45.705+0000] {processor.py:179} INFO - Processing /home/airflow/.local/lib/python3.10/site-packages/airflow/example_dags/example_bash_operator.py took 0.136 seconds
[2025-11-24T15:35:16.418+0000] {processor.py:157} INFO - Started process (PID=706) to work on /home/airflow/.local/lib/python3.10/site-packages/airflow/example_dags/example_bash_operator.py
[2025-11-24T15:35:16.420+0000] {processor.py:829} INFO - Processing file /home/airflow/.local/lib/python3.10/site-packages/airflow/example_dags/example_bash_operator.py for tasks to queue
[2025-11-24T15:35:16.422+0000] {logging_mixin.py:154} INFO - [2025-11-24T15:35:16.422+0000] {dagbag.py:536} INFO - Filling up the DagBag from /home/airflow/.local/lib/python3.10/site-packages/airflow/example_dags/example_bash_operator.py
[2025-11-24T15:35:16.441+0000] {processor.py:839} INFO - DAG(s) dict_keys(['example_bash_operator']) retrieved from /home/airflow/.local/lib/python3.10/site-packages/airflow/example_dags/example_bash_operator.py
[2025-11-24T15:35:16.484+0000] {logging_mixin.py:154} INFO - [2025-11-24T15:35:16.483+0000] {dag.py:2941} INFO - Sync 1 DAGs
[2025-11-24T15:35:16.518+0000] {logging_mixin.py:154} INFO - [2025-11-24T15:35:16.518+0000] {dag.py:3722} INFO - Setting next_dagrun for example_bash_operator to 2025-11-23T00:00:00+00:00, run_after=2025-11-24T00:00:00+00:00
[2025-11-24T15:35:16.583+0000] {processor.py:179} INFO - Processing /home/airflow/.local/lib/python3.10/site-packages/airflow/example_dags/example_bash_operator.py took 0.170 seconds
[2025-11-24T15:35:46.936+0000] {processor.py:157} INFO - Started process (PID=760) to work on /home/airflow/.local/lib/python3.10/site-packages/airflow/example_dags/example_bash_operator.py
[2025-11-24T15:35:46.938+0000] {processor.py:829} INFO - Processing file /home/airflow/.local/lib/python3.10/site-packages/airflow/example_dags/example_bash_operator.py for tasks to queue
[2025-11-24T15:35:46.940+0000] {logging_mixin.py:154} INFO - [2025-11-24T15:35:46.940+0000] {dagbag.py:536} INFO - Filling up the DagBag from /home/airflow/.local/lib/python3.10/site-packages/airflow/example_dags/example_bash_operator.py
[2025-11-24T15:35:46.959+0000] {processor.py:839} INFO - DAG(s) dict_keys(['example_bash_operator']) retrieved from /home/airflow/.local/lib/python3.10/site-packages/airflow/example_dags/example_bash_operator.py
[2025-11-24T15:35:47.003+0000] {logging_mixin.py:154} INFO - [2025-11-24T15:35:47.003+0000] {dag.py:2941} INFO - Sync 1 DAGs
[2025-11-24T15:35:47.037+0000] {logging_mixin.py:154} INFO - [2025-11-24T15:35:47.037+0000] {dag.py:3722} INFO - Setting next_dagrun for example_bash_operator to 2025-11-23T00:00:00+00:00, run_after=2025-11-24T00:00:00+00:00
[2025-11-24T15:35:47.064+0000] {processor.py:179} INFO - Processing /home/airflow/.local/lib/python3.10/site-packages/airflow/example_dags/example_bash_operator.py took 0.132 seconds
[2025-11-24T15:36:17.429+0000] {processor.py:157} INFO - Started process (PID=815) to work on /home/airflow/.local/lib/python3.10/site-packages/airflow/example_dags/example_bash_operator.py
[2025-11-24T15:36:17.430+0000] {processor.py:829} INFO - Processing file /home/airflow/.local/lib/python3.10/site-packages/airflow/example_dags/example_bash_operator.py for tasks to queue
[2025-11-24T15:36:17.433+0000] {logging_mixin.py:154} INFO - [2025-11-24T15:36:17.432+0000] {dagbag.py:536} INFO - Filling up the DagBag from /home/airflow/.local/lib/python3.10/site-packages/airflow/example_dags/example_bash_operator.py
[2025-11-24T15:36:17.451+0000] {processor.py:839} INFO - DAG(s) dict_keys(['example_bash_operator']) retrieved from /home/airflow/.local/lib/python3.10/site-packages/airflow/example_dags/example_bash_operator.py
[2025-11-24T15:36:17.495+0000] {logging_mixin.py:154} INFO - [2025-11-24T15:36:17.495+0000] {dag.py:2941} INFO - Sync 1 DAGs
[2025-11-24T15:36:17.530+0000] {logging_mixin.py:154} INFO - [2025-11-24T15:36:17.530+0000] {dag.py:3722} INFO - Setting next_dagrun for example_bash_operator to 2025-11-23T00:00:00+00:00, run_after=2025-11-24T00:00:00+00:00
[2025-11-24T15:36:17.569+0000] {processor.py:179} INFO - Processing /home/airflow/.local/lib/python3.10/site-packages/airflow/example_dags/example_bash_operator.py took 0.145 seconds
[2025-11-24T15:36:47.644+0000] {processor.py:157} INFO - Started process (PID=869) to work on /home/airflow/.local/lib/python3.10/site-packages/airflow/example_dags/example_bash_operator.py
[2025-11-24T15:36:47.645+0000] {processor.py:829} INFO - Processing file /home/airflow/.local/lib/python3.10/site-packages/airflow/example_dags/example_bash_operator.py for tasks to queue
[2025-11-24T15:36:47.651+0000] {logging_mixin.py:154} INFO - [2025-11-24T15:36:47.651+0000] {dagbag.py:536} INFO - Filling up the DagBag from /home/airflow/.local/lib/python3.10/site-packages/airflow/example_dags/example_bash_operator.py
[2025-11-24T15:36:47.685+0000] {processor.py:839} INFO - DAG(s) dict_keys(['example_bash_operator']) retrieved from /home/airflow/.local/lib/python3.10/site-packages/airflow/example_dags/example_bash_operator.py
[2025-11-24T15:36:47.772+0000] {logging_mixin.py:154} INFO - [2025-11-24T15:36:47.771+0000] {dag.py:2941} INFO - Sync 1 DAGs
[2025-11-24T15:36:47.845+0000] {logging_mixin.py:154} INFO - [2025-11-24T15:36:47.845+0000] {dag.py:3722} INFO - Setting next_dagrun for example_bash_operator to 2025-11-23T00:00:00+00:00, run_after=2025-11-24T00:00:00+00:00
[2025-11-24T15:36:47.926+0000] {processor.py:179} INFO - Processing /home/airflow/.local/lib/python3.10/site-packages/airflow/example_dags/example_bash_operator.py took 0.296 seconds
[2025-11-24T15:37:17.999+0000] {processor.py:157} INFO - Started process (PID=923) to work on /home/airflow/.local/lib/python3.10/site-packages/airflow/example_dags/example_bash_operator.py
[2025-11-24T15:37:18.008+0000] {processor.py:829} INFO - Processing file /home/airflow/.local/lib/python3.10/site-packages/airflow/example_dags/example_bash_operator.py for tasks to queue
[2025-11-24T15:37:18.011+0000] {logging_mixin.py:154} INFO - [2025-11-24T15:37:18.011+0000] {dagbag.py:536} INFO - Filling up the DagBag from /home/airflow/.local/lib/python3.10/site-packages/airflow/example_dags/example_bash_operator.py
[2025-11-24T15:37:18.037+0000] {processor.py:839} INFO - DAG(s) dict_keys(['example_bash_operator']) retrieved from /home/airflow/.local/lib/python3.10/site-packages/airflow/example_dags/example_bash_operator.py
[2025-11-24T15:37:18.118+0000] {logging_mixin.py:154} INFO - [2025-11-24T15:37:18.117+0000] {dag.py:2941} INFO - Sync 1 DAGs
[2025-11-24T15:37:18.180+0000] {logging_mixin.py:154} INFO - [2025-11-24T15:37:18.176+0000] {dag.py:3722} INFO - Setting next_dagrun for example_bash_operator to 2025-11-23T00:00:00+00:00, run_after=2025-11-24T00:00:00+00:00
[2025-11-24T15:37:18.224+0000] {processor.py:179} INFO - Processing /home/airflow/.local/lib/python3.10/site-packages/airflow/example_dags/example_bash_operator.py took 0.229 seconds
[2025-11-24T15:37:48.749+0000] {processor.py:157} INFO - Started process (PID=978) to work on /home/airflow/.local/lib/python3.10/site-packages/airflow/example_dags/example_bash_operator.py
[2025-11-24T15:37:48.750+0000] {processor.py:829} INFO - Processing file /home/airflow/.local/lib/python3.10/site-packages/airflow/example_dags/example_bash_operator.py for tasks to queue
[2025-11-24T15:37:48.753+0000] {logging_mixin.py:154} INFO - [2025-11-24T15:37:48.753+0000] {dagbag.py:536} INFO - Filling up the DagBag from /home/airflow/.local/lib/python3.10/site-packages/airflow/example_dags/example_bash_operator.py
[2025-11-24T15:37:48.771+0000] {processor.py:839} INFO - DAG(s) dict_keys(['example_bash_operator']) retrieved from /home/airflow/.local/lib/python3.10/site-packages/airflow/example_dags/example_bash_operator.py
[2025-11-24T15:37:48.815+0000] {logging_mixin.py:154} INFO - [2025-11-24T15:37:48.815+0000] {dag.py:2941} INFO - Sync 1 DAGs
[2025-11-24T15:37:48.851+0000] {logging_mixin.py:154} INFO - [2025-11-24T15:37:48.850+0000] {dag.py:3722} INFO - Setting next_dagrun for example_bash_operator to 2025-11-23T00:00:00+00:00, run_after=2025-11-24T00:00:00+00:00
[2025-11-24T15:37:48.874+0000] {processor.py:179} INFO - Processing /home/airflow/.local/lib/python3.10/site-packages/airflow/example_dags/example_bash_operator.py took 0.130 seconds
[2025-11-24T15:38:19.289+0000] {processor.py:157} INFO - Started process (PID=1032) to work on /home/airflow/.local/lib/python3.10/site-packages/airflow/example_dags/example_bash_operator.py
[2025-11-24T15:38:19.291+0000] {processor.py:829} INFO - Processing file /home/airflow/.local/lib/python3.10/site-packages/airflow/example_dags/example_bash_operator.py for tasks to queue
[2025-11-24T15:38:19.293+0000] {logging_mixin.py:154} INFO - [2025-11-24T15:38:19.293+0000] {dagbag.py:536} INFO - Filling up the DagBag from /home/airflow/.local/lib/python3.10/site-packages/airflow/example_dags/example_bash_operator.py
[2025-11-24T15:38:19.313+0000] {processor.py:839} INFO - DAG(s) dict_keys(['example_bash_operator']) retrieved from /home/airflow/.local/lib/python3.10/site-packages/airflow/example_dags/example_bash_operator.py
[2025-11-24T15:38:19.356+0000] {logging_mixin.py:154} INFO - [2025-11-24T15:38:19.355+0000] {dag.py:2941} INFO - Sync 1 DAGs
[2025-11-24T15:38:19.389+0000] {logging_mixin.py:154} INFO - [2025-11-24T15:38:19.389+0000] {dag.py:3722} INFO - Setting next_dagrun for example_bash_operator to 2025-11-23T00:00:00+00:00, run_after=2025-11-24T00:00:00+00:00
[2025-11-24T15:38:19.416+0000] {processor.py:179} INFO - Processing /home/airflow/.local/lib/python3.10/site-packages/airflow/example_dags/example_bash_operator.py took 0.131 seconds
