[2025-11-24T15:29:14.731+0000] {processor.py:157} INFO - Started process (PID=77) to work on /home/airflow/.local/lib/python3.10/site-packages/airflow/example_dags/example_task_group.py
[2025-11-24T15:29:14.734+0000] {processor.py:829} INFO - Processing file /home/airflow/.local/lib/python3.10/site-packages/airflow/example_dags/example_task_group.py for tasks to queue
[2025-11-24T15:29:14.736+0000] {logging_mixin.py:154} INFO - [2025-11-24T15:29:14.736+0000] {dagbag.py:536} INFO - Filling up the DagBag from /home/airflow/.local/lib/python3.10/site-packages/airflow/example_dags/example_task_group.py
[2025-11-24T15:29:14.748+0000] {processor.py:839} INFO - DAG(s) dict_keys(['example_task_group']) retrieved from /home/airflow/.local/lib/python3.10/site-packages/airflow/example_dags/example_task_group.py
[2025-11-24T15:29:15.017+0000] {logging_mixin.py:154} INFO - [2025-11-24T15:29:15.017+0000] {manager.py:499} INFO - Created Permission View: %s
[2025-11-24T15:29:15.062+0000] {logging_mixin.py:154} INFO - [2025-11-24T15:29:15.062+0000] {manager.py:499} INFO - Created Permission View: %s
[2025-11-24T15:29:15.074+0000] {logging_mixin.py:154} INFO - [2025-11-24T15:29:15.074+0000] {manager.py:499} INFO - Created Permission View: %s
[2025-11-24T15:29:15.074+0000] {logging_mixin.py:154} INFO - [2025-11-24T15:29:15.074+0000] {dag.py:2941} INFO - Sync 1 DAGs
[2025-11-24T15:29:15.105+0000] {logging_mixin.py:154} INFO - [2025-11-24T15:29:15.105+0000] {dag.py:2963} INFO - Creating ORM DAG for example_task_group
[2025-11-24T15:29:15.127+0000] {logging_mixin.py:154} INFO - [2025-11-24T15:29:15.127+0000] {dag.py:3722} INFO - Setting next_dagrun for example_task_group to 2025-11-23T15:29:15.127139+00:00, run_after=2025-11-24T15:29:15.127139+00:00
[2025-11-24T15:29:15.171+0000] {processor.py:179} INFO - Processing /home/airflow/.local/lib/python3.10/site-packages/airflow/example_dags/example_task_group.py took 0.445 seconds
[2025-11-24T15:29:45.862+0000] {processor.py:157} INFO - Started process (PID=131) to work on /home/airflow/.local/lib/python3.10/site-packages/airflow/example_dags/example_task_group.py
[2025-11-24T15:29:45.865+0000] {processor.py:829} INFO - Processing file /home/airflow/.local/lib/python3.10/site-packages/airflow/example_dags/example_task_group.py for tasks to queue
[2025-11-24T15:29:45.868+0000] {logging_mixin.py:154} INFO - [2025-11-24T15:29:45.868+0000] {dagbag.py:536} INFO - Filling up the DagBag from /home/airflow/.local/lib/python3.10/site-packages/airflow/example_dags/example_task_group.py
[2025-11-24T15:29:45.878+0000] {processor.py:839} INFO - DAG(s) dict_keys(['example_task_group']) retrieved from /home/airflow/.local/lib/python3.10/site-packages/airflow/example_dags/example_task_group.py
[2025-11-24T15:29:45.912+0000] {logging_mixin.py:154} INFO - [2025-11-24T15:29:45.912+0000] {dag.py:2941} INFO - Sync 1 DAGs
[2025-11-24T15:29:45.944+0000] {logging_mixin.py:154} INFO - [2025-11-24T15:29:45.944+0000] {dag.py:3722} INFO - Setting next_dagrun for example_task_group to 2025-11-23T15:29:45.943995+00:00, run_after=2025-11-24T15:29:45.943995+00:00
[2025-11-24T15:29:45.970+0000] {processor.py:179} INFO - Processing /home/airflow/.local/lib/python3.10/site-packages/airflow/example_dags/example_task_group.py took 0.113 seconds
[2025-11-24T15:30:16.589+0000] {processor.py:157} INFO - Started process (PID=185) to work on /home/airflow/.local/lib/python3.10/site-packages/airflow/example_dags/example_task_group.py
[2025-11-24T15:30:16.591+0000] {processor.py:829} INFO - Processing file /home/airflow/.local/lib/python3.10/site-packages/airflow/example_dags/example_task_group.py for tasks to queue
[2025-11-24T15:30:16.594+0000] {logging_mixin.py:154} INFO - [2025-11-24T15:30:16.593+0000] {dagbag.py:536} INFO - Filling up the DagBag from /home/airflow/.local/lib/python3.10/site-packages/airflow/example_dags/example_task_group.py
[2025-11-24T15:30:16.605+0000] {processor.py:839} INFO - DAG(s) dict_keys(['example_task_group']) retrieved from /home/airflow/.local/lib/python3.10/site-packages/airflow/example_dags/example_task_group.py
[2025-11-24T15:30:16.639+0000] {logging_mixin.py:154} INFO - [2025-11-24T15:30:16.639+0000] {dag.py:2941} INFO - Sync 1 DAGs
[2025-11-24T15:30:16.672+0000] {logging_mixin.py:154} INFO - [2025-11-24T15:30:16.672+0000] {dag.py:3722} INFO - Setting next_dagrun for example_task_group to 2025-11-23T15:30:16.671989+00:00, run_after=2025-11-24T15:30:16.671989+00:00
[2025-11-24T15:30:16.697+0000] {processor.py:179} INFO - Processing /home/airflow/.local/lib/python3.10/site-packages/airflow/example_dags/example_task_group.py took 0.112 seconds
[2025-11-24T15:30:46.910+0000] {processor.py:157} INFO - Started process (PID=240) to work on /home/airflow/.local/lib/python3.10/site-packages/airflow/example_dags/example_task_group.py
[2025-11-24T15:30:46.912+0000] {processor.py:829} INFO - Processing file /home/airflow/.local/lib/python3.10/site-packages/airflow/example_dags/example_task_group.py for tasks to queue
[2025-11-24T15:30:46.915+0000] {logging_mixin.py:154} INFO - [2025-11-24T15:30:46.914+0000] {dagbag.py:536} INFO - Filling up the DagBag from /home/airflow/.local/lib/python3.10/site-packages/airflow/example_dags/example_task_group.py
[2025-11-24T15:30:46.927+0000] {processor.py:839} INFO - DAG(s) dict_keys(['example_task_group']) retrieved from /home/airflow/.local/lib/python3.10/site-packages/airflow/example_dags/example_task_group.py
[2025-11-24T15:30:46.964+0000] {logging_mixin.py:154} INFO - [2025-11-24T15:30:46.963+0000] {dag.py:2941} INFO - Sync 1 DAGs
[2025-11-24T15:30:46.997+0000] {logging_mixin.py:154} INFO - [2025-11-24T15:30:46.996+0000] {dag.py:3722} INFO - Setting next_dagrun for example_task_group to 2025-11-23T15:30:46.996338+00:00, run_after=2025-11-24T15:30:46.996338+00:00
[2025-11-24T15:30:47.022+0000] {processor.py:179} INFO - Processing /home/airflow/.local/lib/python3.10/site-packages/airflow/example_dags/example_task_group.py took 0.116 seconds
[2025-11-24T15:31:17.525+0000] {processor.py:157} INFO - Started process (PID=294) to work on /home/airflow/.local/lib/python3.10/site-packages/airflow/example_dags/example_task_group.py
[2025-11-24T15:31:17.526+0000] {processor.py:829} INFO - Processing file /home/airflow/.local/lib/python3.10/site-packages/airflow/example_dags/example_task_group.py for tasks to queue
[2025-11-24T15:31:17.529+0000] {logging_mixin.py:154} INFO - [2025-11-24T15:31:17.528+0000] {dagbag.py:536} INFO - Filling up the DagBag from /home/airflow/.local/lib/python3.10/site-packages/airflow/example_dags/example_task_group.py
[2025-11-24T15:31:17.541+0000] {processor.py:839} INFO - DAG(s) dict_keys(['example_task_group']) retrieved from /home/airflow/.local/lib/python3.10/site-packages/airflow/example_dags/example_task_group.py
[2025-11-24T15:31:17.576+0000] {logging_mixin.py:154} INFO - [2025-11-24T15:31:17.575+0000] {dag.py:2941} INFO - Sync 1 DAGs
[2025-11-24T15:31:17.610+0000] {logging_mixin.py:154} INFO - [2025-11-24T15:31:17.609+0000] {dag.py:3722} INFO - Setting next_dagrun for example_task_group to 2025-11-23T15:31:17.609474+00:00, run_after=2025-11-24T15:31:17.609474+00:00
[2025-11-24T15:31:17.653+0000] {processor.py:179} INFO - Processing /home/airflow/.local/lib/python3.10/site-packages/airflow/example_dags/example_task_group.py took 0.133 seconds
[2025-11-24T15:31:48.056+0000] {processor.py:157} INFO - Started process (PID=348) to work on /home/airflow/.local/lib/python3.10/site-packages/airflow/example_dags/example_task_group.py
[2025-11-24T15:31:48.058+0000] {processor.py:829} INFO - Processing file /home/airflow/.local/lib/python3.10/site-packages/airflow/example_dags/example_task_group.py for tasks to queue
[2025-11-24T15:31:48.061+0000] {logging_mixin.py:154} INFO - [2025-11-24T15:31:48.060+0000] {dagbag.py:536} INFO - Filling up the DagBag from /home/airflow/.local/lib/python3.10/site-packages/airflow/example_dags/example_task_group.py
[2025-11-24T15:31:48.072+0000] {processor.py:839} INFO - DAG(s) dict_keys(['example_task_group']) retrieved from /home/airflow/.local/lib/python3.10/site-packages/airflow/example_dags/example_task_group.py
[2025-11-24T15:31:48.106+0000] {logging_mixin.py:154} INFO - [2025-11-24T15:31:48.106+0000] {dag.py:2941} INFO - Sync 1 DAGs
[2025-11-24T15:31:48.141+0000] {logging_mixin.py:154} INFO - [2025-11-24T15:31:48.140+0000] {dag.py:3722} INFO - Setting next_dagrun for example_task_group to 2025-11-23T15:31:48.140624+00:00, run_after=2025-11-24T15:31:48.140624+00:00
[2025-11-24T15:31:48.166+0000] {processor.py:179} INFO - Processing /home/airflow/.local/lib/python3.10/site-packages/airflow/example_dags/example_task_group.py took 0.115 seconds
[2025-11-24T15:32:18.752+0000] {processor.py:157} INFO - Started process (PID=401) to work on /home/airflow/.local/lib/python3.10/site-packages/airflow/example_dags/example_task_group.py
[2025-11-24T15:32:18.755+0000] {processor.py:829} INFO - Processing file /home/airflow/.local/lib/python3.10/site-packages/airflow/example_dags/example_task_group.py for tasks to queue
[2025-11-24T15:32:18.758+0000] {logging_mixin.py:154} INFO - [2025-11-24T15:32:18.757+0000] {dagbag.py:536} INFO - Filling up the DagBag from /home/airflow/.local/lib/python3.10/site-packages/airflow/example_dags/example_task_group.py
[2025-11-24T15:32:18.769+0000] {processor.py:839} INFO - DAG(s) dict_keys(['example_task_group']) retrieved from /home/airflow/.local/lib/python3.10/site-packages/airflow/example_dags/example_task_group.py
[2025-11-24T15:32:18.801+0000] {logging_mixin.py:154} INFO - [2025-11-24T15:32:18.801+0000] {dag.py:2941} INFO - Sync 1 DAGs
[2025-11-24T15:32:18.847+0000] {logging_mixin.py:154} INFO - [2025-11-24T15:32:18.847+0000] {dag.py:3722} INFO - Setting next_dagrun for example_task_group to 2025-11-23T15:32:18.847084+00:00, run_after=2025-11-24T15:32:18.847084+00:00
[2025-11-24T15:32:18.905+0000] {processor.py:179} INFO - Processing /home/airflow/.local/lib/python3.10/site-packages/airflow/example_dags/example_task_group.py took 0.158 seconds
[2025-11-24T15:32:49.294+0000] {processor.py:157} INFO - Started process (PID=455) to work on /home/airflow/.local/lib/python3.10/site-packages/airflow/example_dags/example_task_group.py
[2025-11-24T15:32:49.307+0000] {processor.py:829} INFO - Processing file /home/airflow/.local/lib/python3.10/site-packages/airflow/example_dags/example_task_group.py for tasks to queue
[2025-11-24T15:32:49.310+0000] {logging_mixin.py:154} INFO - [2025-11-24T15:32:49.309+0000] {dagbag.py:536} INFO - Filling up the DagBag from /home/airflow/.local/lib/python3.10/site-packages/airflow/example_dags/example_task_group.py
[2025-11-24T15:32:49.354+0000] {processor.py:839} INFO - DAG(s) dict_keys(['example_task_group']) retrieved from /home/airflow/.local/lib/python3.10/site-packages/airflow/example_dags/example_task_group.py
[2025-11-24T15:32:49.439+0000] {logging_mixin.py:154} INFO - [2025-11-24T15:32:49.439+0000] {dag.py:2941} INFO - Sync 1 DAGs
[2025-11-24T15:32:49.592+0000] {logging_mixin.py:154} INFO - [2025-11-24T15:32:49.592+0000] {dag.py:3722} INFO - Setting next_dagrun for example_task_group to 2025-11-23T15:32:49.578261+00:00, run_after=2025-11-24T15:32:49.578261+00:00
[2025-11-24T15:32:49.679+0000] {processor.py:179} INFO - Processing /home/airflow/.local/lib/python3.10/site-packages/airflow/example_dags/example_task_group.py took 0.399 seconds
[2025-11-24T15:33:20.400+0000] {processor.py:157} INFO - Started process (PID=509) to work on /home/airflow/.local/lib/python3.10/site-packages/airflow/example_dags/example_task_group.py
[2025-11-24T15:33:20.407+0000] {processor.py:829} INFO - Processing file /home/airflow/.local/lib/python3.10/site-packages/airflow/example_dags/example_task_group.py for tasks to queue
[2025-11-24T15:33:20.410+0000] {logging_mixin.py:154} INFO - [2025-11-24T15:33:20.409+0000] {dagbag.py:536} INFO - Filling up the DagBag from /home/airflow/.local/lib/python3.10/site-packages/airflow/example_dags/example_task_group.py
[2025-11-24T15:33:20.425+0000] {processor.py:839} INFO - DAG(s) dict_keys(['example_task_group']) retrieved from /home/airflow/.local/lib/python3.10/site-packages/airflow/example_dags/example_task_group.py
[2025-11-24T15:33:20.461+0000] {logging_mixin.py:154} INFO - [2025-11-24T15:33:20.461+0000] {dag.py:2941} INFO - Sync 1 DAGs
[2025-11-24T15:33:20.498+0000] {logging_mixin.py:154} INFO - [2025-11-24T15:33:20.497+0000] {dag.py:3722} INFO - Setting next_dagrun for example_task_group to 2025-11-23T15:33:20.497566+00:00, run_after=2025-11-24T15:33:20.497566+00:00
[2025-11-24T15:33:20.532+0000] {processor.py:179} INFO - Processing /home/airflow/.local/lib/python3.10/site-packages/airflow/example_dags/example_task_group.py took 0.143 seconds
[2025-11-24T15:33:50.954+0000] {processor.py:157} INFO - Started process (PID=563) to work on /home/airflow/.local/lib/python3.10/site-packages/airflow/example_dags/example_task_group.py
[2025-11-24T15:33:50.956+0000] {processor.py:829} INFO - Processing file /home/airflow/.local/lib/python3.10/site-packages/airflow/example_dags/example_task_group.py for tasks to queue
[2025-11-24T15:33:50.959+0000] {logging_mixin.py:154} INFO - [2025-11-24T15:33:50.958+0000] {dagbag.py:536} INFO - Filling up the DagBag from /home/airflow/.local/lib/python3.10/site-packages/airflow/example_dags/example_task_group.py
[2025-11-24T15:33:50.970+0000] {processor.py:839} INFO - DAG(s) dict_keys(['example_task_group']) retrieved from /home/airflow/.local/lib/python3.10/site-packages/airflow/example_dags/example_task_group.py
[2025-11-24T15:33:51.004+0000] {logging_mixin.py:154} INFO - [2025-11-24T15:33:51.003+0000] {dag.py:2941} INFO - Sync 1 DAGs
[2025-11-24T15:33:51.036+0000] {logging_mixin.py:154} INFO - [2025-11-24T15:33:51.036+0000] {dag.py:3722} INFO - Setting next_dagrun for example_task_group to 2025-11-23T15:33:51.035877+00:00, run_after=2025-11-24T15:33:51.035877+00:00
[2025-11-24T15:33:51.060+0000] {processor.py:179} INFO - Processing /home/airflow/.local/lib/python3.10/site-packages/airflow/example_dags/example_task_group.py took 0.110 seconds
[2025-11-24T15:34:21.176+0000] {processor.py:157} INFO - Started process (PID=617) to work on /home/airflow/.local/lib/python3.10/site-packages/airflow/example_dags/example_task_group.py
[2025-11-24T15:34:21.178+0000] {processor.py:829} INFO - Processing file /home/airflow/.local/lib/python3.10/site-packages/airflow/example_dags/example_task_group.py for tasks to queue
[2025-11-24T15:34:21.181+0000] {logging_mixin.py:154} INFO - [2025-11-24T15:34:21.180+0000] {dagbag.py:536} INFO - Filling up the DagBag from /home/airflow/.local/lib/python3.10/site-packages/airflow/example_dags/example_task_group.py
[2025-11-24T15:34:21.191+0000] {processor.py:839} INFO - DAG(s) dict_keys(['example_task_group']) retrieved from /home/airflow/.local/lib/python3.10/site-packages/airflow/example_dags/example_task_group.py
[2025-11-24T15:34:21.224+0000] {logging_mixin.py:154} INFO - [2025-11-24T15:34:21.223+0000] {dag.py:2941} INFO - Sync 1 DAGs
[2025-11-24T15:34:21.257+0000] {logging_mixin.py:154} INFO - [2025-11-24T15:34:21.257+0000] {dag.py:3722} INFO - Setting next_dagrun for example_task_group to 2025-11-23T15:34:21.257004+00:00, run_after=2025-11-24T15:34:21.257004+00:00
[2025-11-24T15:34:21.300+0000] {processor.py:179} INFO - Processing /home/airflow/.local/lib/python3.10/site-packages/airflow/example_dags/example_task_group.py took 0.129 seconds
[2025-11-24T15:34:51.778+0000] {processor.py:157} INFO - Started process (PID=670) to work on /home/airflow/.local/lib/python3.10/site-packages/airflow/example_dags/example_task_group.py
[2025-11-24T15:34:51.780+0000] {processor.py:829} INFO - Processing file /home/airflow/.local/lib/python3.10/site-packages/airflow/example_dags/example_task_group.py for tasks to queue
[2025-11-24T15:34:51.782+0000] {logging_mixin.py:154} INFO - [2025-11-24T15:34:51.782+0000] {dagbag.py:536} INFO - Filling up the DagBag from /home/airflow/.local/lib/python3.10/site-packages/airflow/example_dags/example_task_group.py
[2025-11-24T15:34:51.794+0000] {processor.py:839} INFO - DAG(s) dict_keys(['example_task_group']) retrieved from /home/airflow/.local/lib/python3.10/site-packages/airflow/example_dags/example_task_group.py
[2025-11-24T15:34:51.828+0000] {logging_mixin.py:154} INFO - [2025-11-24T15:34:51.827+0000] {dag.py:2941} INFO - Sync 1 DAGs
[2025-11-24T15:34:51.862+0000] {logging_mixin.py:154} INFO - [2025-11-24T15:34:51.862+0000] {dag.py:3722} INFO - Setting next_dagrun for example_task_group to 2025-11-23T15:34:51.862144+00:00, run_after=2025-11-24T15:34:51.862144+00:00
[2025-11-24T15:34:51.892+0000] {processor.py:179} INFO - Processing /home/airflow/.local/lib/python3.10/site-packages/airflow/example_dags/example_task_group.py took 0.118 seconds
[2025-11-24T15:35:22.696+0000] {processor.py:157} INFO - Started process (PID=723) to work on /home/airflow/.local/lib/python3.10/site-packages/airflow/example_dags/example_task_group.py
[2025-11-24T15:35:22.698+0000] {processor.py:829} INFO - Processing file /home/airflow/.local/lib/python3.10/site-packages/airflow/example_dags/example_task_group.py for tasks to queue
[2025-11-24T15:35:22.701+0000] {logging_mixin.py:154} INFO - [2025-11-24T15:35:22.701+0000] {dagbag.py:536} INFO - Filling up the DagBag from /home/airflow/.local/lib/python3.10/site-packages/airflow/example_dags/example_task_group.py
[2025-11-24T15:35:22.712+0000] {processor.py:839} INFO - DAG(s) dict_keys(['example_task_group']) retrieved from /home/airflow/.local/lib/python3.10/site-packages/airflow/example_dags/example_task_group.py
[2025-11-24T15:35:22.747+0000] {logging_mixin.py:154} INFO - [2025-11-24T15:35:22.747+0000] {dag.py:2941} INFO - Sync 1 DAGs
[2025-11-24T15:35:22.780+0000] {logging_mixin.py:154} INFO - [2025-11-24T15:35:22.779+0000] {dag.py:3722} INFO - Setting next_dagrun for example_task_group to 2025-11-23T15:35:22.779402+00:00, run_after=2025-11-24T15:35:22.779402+00:00
[2025-11-24T15:35:22.813+0000] {processor.py:179} INFO - Processing /home/airflow/.local/lib/python3.10/site-packages/airflow/example_dags/example_task_group.py took 0.122 seconds
[2025-11-24T15:35:52.878+0000] {processor.py:157} INFO - Started process (PID=777) to work on /home/airflow/.local/lib/python3.10/site-packages/airflow/example_dags/example_task_group.py
[2025-11-24T15:35:52.880+0000] {processor.py:829} INFO - Processing file /home/airflow/.local/lib/python3.10/site-packages/airflow/example_dags/example_task_group.py for tasks to queue
[2025-11-24T15:35:52.883+0000] {logging_mixin.py:154} INFO - [2025-11-24T15:35:52.882+0000] {dagbag.py:536} INFO - Filling up the DagBag from /home/airflow/.local/lib/python3.10/site-packages/airflow/example_dags/example_task_group.py
[2025-11-24T15:35:52.895+0000] {processor.py:839} INFO - DAG(s) dict_keys(['example_task_group']) retrieved from /home/airflow/.local/lib/python3.10/site-packages/airflow/example_dags/example_task_group.py
[2025-11-24T15:35:52.928+0000] {logging_mixin.py:154} INFO - [2025-11-24T15:35:52.928+0000] {dag.py:2941} INFO - Sync 1 DAGs
[2025-11-24T15:35:52.961+0000] {logging_mixin.py:154} INFO - [2025-11-24T15:35:52.960+0000] {dag.py:3722} INFO - Setting next_dagrun for example_task_group to 2025-11-23T15:35:52.960524+00:00, run_after=2025-11-24T15:35:52.960524+00:00
[2025-11-24T15:35:53.020+0000] {processor.py:179} INFO - Processing /home/airflow/.local/lib/python3.10/site-packages/airflow/example_dags/example_task_group.py took 0.146 seconds
[2025-11-24T15:36:23.499+0000] {processor.py:157} INFO - Started process (PID=832) to work on /home/airflow/.local/lib/python3.10/site-packages/airflow/example_dags/example_task_group.py
[2025-11-24T15:36:23.501+0000] {processor.py:829} INFO - Processing file /home/airflow/.local/lib/python3.10/site-packages/airflow/example_dags/example_task_group.py for tasks to queue
[2025-11-24T15:36:23.504+0000] {logging_mixin.py:154} INFO - [2025-11-24T15:36:23.503+0000] {dagbag.py:536} INFO - Filling up the DagBag from /home/airflow/.local/lib/python3.10/site-packages/airflow/example_dags/example_task_group.py
[2025-11-24T15:36:23.516+0000] {processor.py:839} INFO - DAG(s) dict_keys(['example_task_group']) retrieved from /home/airflow/.local/lib/python3.10/site-packages/airflow/example_dags/example_task_group.py
[2025-11-24T15:36:23.549+0000] {logging_mixin.py:154} INFO - [2025-11-24T15:36:23.549+0000] {dag.py:2941} INFO - Sync 1 DAGs
[2025-11-24T15:36:23.584+0000] {logging_mixin.py:154} INFO - [2025-11-24T15:36:23.583+0000] {dag.py:3722} INFO - Setting next_dagrun for example_task_group to 2025-11-23T15:36:23.583612+00:00, run_after=2025-11-24T15:36:23.583612+00:00
[2025-11-24T15:36:23.620+0000] {processor.py:179} INFO - Processing /home/airflow/.local/lib/python3.10/site-packages/airflow/example_dags/example_task_group.py took 0.126 seconds
[2025-11-24T15:36:53.760+0000] {processor.py:157} INFO - Started process (PID=886) to work on /home/airflow/.local/lib/python3.10/site-packages/airflow/example_dags/example_task_group.py
[2025-11-24T15:36:53.761+0000] {processor.py:829} INFO - Processing file /home/airflow/.local/lib/python3.10/site-packages/airflow/example_dags/example_task_group.py for tasks to queue
[2025-11-24T15:36:53.764+0000] {logging_mixin.py:154} INFO - [2025-11-24T15:36:53.764+0000] {dagbag.py:536} INFO - Filling up the DagBag from /home/airflow/.local/lib/python3.10/site-packages/airflow/example_dags/example_task_group.py
[2025-11-24T15:36:53.775+0000] {processor.py:839} INFO - DAG(s) dict_keys(['example_task_group']) retrieved from /home/airflow/.local/lib/python3.10/site-packages/airflow/example_dags/example_task_group.py
[2025-11-24T15:36:53.806+0000] {logging_mixin.py:154} INFO - [2025-11-24T15:36:53.806+0000] {dag.py:2941} INFO - Sync 1 DAGs
[2025-11-24T15:36:53.840+0000] {logging_mixin.py:154} INFO - [2025-11-24T15:36:53.840+0000] {dag.py:3722} INFO - Setting next_dagrun for example_task_group to 2025-11-23T15:36:53.839860+00:00, run_after=2025-11-24T15:36:53.839860+00:00
[2025-11-24T15:36:53.878+0000] {processor.py:179} INFO - Processing /home/airflow/.local/lib/python3.10/site-packages/airflow/example_dags/example_task_group.py took 0.123 seconds
[2025-11-24T15:37:24.444+0000] {processor.py:157} INFO - Started process (PID=940) to work on /home/airflow/.local/lib/python3.10/site-packages/airflow/example_dags/example_task_group.py
[2025-11-24T15:37:24.446+0000] {processor.py:829} INFO - Processing file /home/airflow/.local/lib/python3.10/site-packages/airflow/example_dags/example_task_group.py for tasks to queue
[2025-11-24T15:37:24.449+0000] {logging_mixin.py:154} INFO - [2025-11-24T15:37:24.449+0000] {dagbag.py:536} INFO - Filling up the DagBag from /home/airflow/.local/lib/python3.10/site-packages/airflow/example_dags/example_task_group.py
[2025-11-24T15:37:24.461+0000] {processor.py:839} INFO - DAG(s) dict_keys(['example_task_group']) retrieved from /home/airflow/.local/lib/python3.10/site-packages/airflow/example_dags/example_task_group.py
[2025-11-24T15:37:24.495+0000] {logging_mixin.py:154} INFO - [2025-11-24T15:37:24.494+0000] {dag.py:2941} INFO - Sync 1 DAGs
[2025-11-24T15:37:24.529+0000] {logging_mixin.py:154} INFO - [2025-11-24T15:37:24.529+0000] {dag.py:3722} INFO - Setting next_dagrun for example_task_group to 2025-11-23T15:37:24.529145+00:00, run_after=2025-11-24T15:37:24.529145+00:00
[2025-11-24T15:37:24.562+0000] {processor.py:179} INFO - Processing /home/airflow/.local/lib/python3.10/site-packages/airflow/example_dags/example_task_group.py took 0.123 seconds
[2025-11-24T15:37:55.048+0000] {processor.py:157} INFO - Started process (PID=995) to work on /home/airflow/.local/lib/python3.10/site-packages/airflow/example_dags/example_task_group.py
[2025-11-24T15:37:55.049+0000] {processor.py:829} INFO - Processing file /home/airflow/.local/lib/python3.10/site-packages/airflow/example_dags/example_task_group.py for tasks to queue
[2025-11-24T15:37:55.080+0000] {logging_mixin.py:154} INFO - [2025-11-24T15:37:55.079+0000] {dagbag.py:536} INFO - Filling up the DagBag from /home/airflow/.local/lib/python3.10/site-packages/airflow/example_dags/example_task_group.py
[2025-11-24T15:37:55.099+0000] {processor.py:839} INFO - DAG(s) dict_keys(['example_task_group']) retrieved from /home/airflow/.local/lib/python3.10/site-packages/airflow/example_dags/example_task_group.py
[2025-11-24T15:37:55.130+0000] {logging_mixin.py:154} INFO - [2025-11-24T15:37:55.130+0000] {dag.py:2941} INFO - Sync 1 DAGs
[2025-11-24T15:37:55.178+0000] {logging_mixin.py:154} INFO - [2025-11-24T15:37:55.178+0000] {dag.py:3722} INFO - Setting next_dagrun for example_task_group to 2025-11-23T15:37:55.178095+00:00, run_after=2025-11-24T15:37:55.178095+00:00
[2025-11-24T15:37:55.231+0000] {processor.py:179} INFO - Processing /home/airflow/.local/lib/python3.10/site-packages/airflow/example_dags/example_task_group.py took 0.203 seconds
