[2025-11-24T15:29:14.877+0000] {processor.py:157} INFO - Started process (PID=78) to work on /home/airflow/.local/lib/python3.10/site-packages/airflow/example_dags/example_branch_python_dop_operator_3.py
[2025-11-24T15:29:14.882+0000] {processor.py:829} INFO - Processing file /home/airflow/.local/lib/python3.10/site-packages/airflow/example_dags/example_branch_python_dop_operator_3.py for tasks to queue
[2025-11-24T15:29:14.885+0000] {logging_mixin.py:154} INFO - [2025-11-24T15:29:14.885+0000] {dagbag.py:536} INFO - Filling up the DagBag from /home/airflow/.local/lib/python3.10/site-packages/airflow/example_dags/example_branch_python_dop_operator_3.py
[2025-11-24T15:29:14.913+0000] {processor.py:839} INFO - DAG(s) dict_keys(['example_branch_dop_operator_v3']) retrieved from /home/airflow/.local/lib/python3.10/site-packages/airflow/example_dags/example_branch_python_dop_operator_3.py
[2025-11-24T15:29:15.242+0000] {logging_mixin.py:154} INFO - [2025-11-24T15:29:15.242+0000] {manager.py:499} INFO - Created Permission View: %s
[2025-11-24T15:29:15.287+0000] {logging_mixin.py:154} INFO - [2025-11-24T15:29:15.286+0000] {manager.py:499} INFO - Created Permission View: %s
[2025-11-24T15:29:15.306+0000] {logging_mixin.py:154} INFO - [2025-11-24T15:29:15.305+0000] {manager.py:499} INFO - Created Permission View: %s
[2025-11-24T15:29:15.306+0000] {logging_mixin.py:154} INFO - [2025-11-24T15:29:15.306+0000] {dag.py:2941} INFO - Sync 1 DAGs
[2025-11-24T15:29:15.331+0000] {logging_mixin.py:154} INFO - [2025-11-24T15:29:15.331+0000] {dag.py:2963} INFO - Creating ORM DAG for example_branch_dop_operator_v3
[2025-11-24T15:29:15.381+0000] {logging_mixin.py:154} INFO - [2025-11-24T15:29:15.381+0000] {dag.py:3722} INFO - Setting next_dagrun for example_branch_dop_operator_v3 to 2025-11-24T15:28:00+00:00, run_after=2025-11-24T15:29:00+00:00
[2025-11-24T15:29:15.420+0000] {processor.py:179} INFO - Processing /home/airflow/.local/lib/python3.10/site-packages/airflow/example_dags/example_branch_python_dop_operator_3.py took 0.553 seconds
[2025-11-24T15:29:45.872+0000] {processor.py:157} INFO - Started process (PID=132) to work on /home/airflow/.local/lib/python3.10/site-packages/airflow/example_dags/example_branch_python_dop_operator_3.py
[2025-11-24T15:29:45.877+0000] {processor.py:829} INFO - Processing file /home/airflow/.local/lib/python3.10/site-packages/airflow/example_dags/example_branch_python_dop_operator_3.py for tasks to queue
[2025-11-24T15:29:45.880+0000] {logging_mixin.py:154} INFO - [2025-11-24T15:29:45.880+0000] {dagbag.py:536} INFO - Filling up the DagBag from /home/airflow/.local/lib/python3.10/site-packages/airflow/example_dags/example_branch_python_dop_operator_3.py
[2025-11-24T15:29:45.894+0000] {processor.py:839} INFO - DAG(s) dict_keys(['example_branch_dop_operator_v3']) retrieved from /home/airflow/.local/lib/python3.10/site-packages/airflow/example_dags/example_branch_python_dop_operator_3.py
[2025-11-24T15:29:45.923+0000] {logging_mixin.py:154} INFO - [2025-11-24T15:29:45.922+0000] {dag.py:2941} INFO - Sync 1 DAGs
[2025-11-24T15:29:45.962+0000] {logging_mixin.py:154} INFO - [2025-11-24T15:29:45.961+0000] {dag.py:3722} INFO - Setting next_dagrun for example_branch_dop_operator_v3 to 2025-11-24T15:28:00+00:00, run_after=2025-11-24T15:29:00+00:00
[2025-11-24T15:29:45.988+0000] {processor.py:179} INFO - Processing /home/airflow/.local/lib/python3.10/site-packages/airflow/example_dags/example_branch_python_dop_operator_3.py took 0.121 seconds
[2025-11-24T15:30:16.606+0000] {processor.py:157} INFO - Started process (PID=186) to work on /home/airflow/.local/lib/python3.10/site-packages/airflow/example_dags/example_branch_python_dop_operator_3.py
[2025-11-24T15:30:16.609+0000] {processor.py:829} INFO - Processing file /home/airflow/.local/lib/python3.10/site-packages/airflow/example_dags/example_branch_python_dop_operator_3.py for tasks to queue
[2025-11-24T15:30:16.612+0000] {logging_mixin.py:154} INFO - [2025-11-24T15:30:16.611+0000] {dagbag.py:536} INFO - Filling up the DagBag from /home/airflow/.local/lib/python3.10/site-packages/airflow/example_dags/example_branch_python_dop_operator_3.py
[2025-11-24T15:30:16.625+0000] {processor.py:839} INFO - DAG(s) dict_keys(['example_branch_dop_operator_v3']) retrieved from /home/airflow/.local/lib/python3.10/site-packages/airflow/example_dags/example_branch_python_dop_operator_3.py
[2025-11-24T15:30:16.665+0000] {logging_mixin.py:154} INFO - [2025-11-24T15:30:16.665+0000] {dag.py:2941} INFO - Sync 1 DAGs
[2025-11-24T15:30:16.705+0000] {logging_mixin.py:154} INFO - [2025-11-24T15:30:16.704+0000] {dag.py:3722} INFO - Setting next_dagrun for example_branch_dop_operator_v3 to 2025-11-24T15:29:00+00:00, run_after=2025-11-24T15:30:00+00:00
[2025-11-24T15:30:16.729+0000] {processor.py:179} INFO - Processing /home/airflow/.local/lib/python3.10/site-packages/airflow/example_dags/example_branch_python_dop_operator_3.py took 0.129 seconds
[2025-11-24T15:30:46.928+0000] {processor.py:157} INFO - Started process (PID=241) to work on /home/airflow/.local/lib/python3.10/site-packages/airflow/example_dags/example_branch_python_dop_operator_3.py
[2025-11-24T15:30:46.929+0000] {processor.py:829} INFO - Processing file /home/airflow/.local/lib/python3.10/site-packages/airflow/example_dags/example_branch_python_dop_operator_3.py for tasks to queue
[2025-11-24T15:30:46.931+0000] {logging_mixin.py:154} INFO - [2025-11-24T15:30:46.931+0000] {dagbag.py:536} INFO - Filling up the DagBag from /home/airflow/.local/lib/python3.10/site-packages/airflow/example_dags/example_branch_python_dop_operator_3.py
[2025-11-24T15:30:46.945+0000] {processor.py:839} INFO - DAG(s) dict_keys(['example_branch_dop_operator_v3']) retrieved from /home/airflow/.local/lib/python3.10/site-packages/airflow/example_dags/example_branch_python_dop_operator_3.py
[2025-11-24T15:30:46.974+0000] {logging_mixin.py:154} INFO - [2025-11-24T15:30:46.974+0000] {dag.py:2941} INFO - Sync 1 DAGs
[2025-11-24T15:30:47.014+0000] {logging_mixin.py:154} INFO - [2025-11-24T15:30:47.013+0000] {dag.py:3722} INFO - Setting next_dagrun for example_branch_dop_operator_v3 to 2025-11-24T15:29:00+00:00, run_after=2025-11-24T15:30:00+00:00
[2025-11-24T15:30:47.037+0000] {processor.py:179} INFO - Processing /home/airflow/.local/lib/python3.10/site-packages/airflow/example_dags/example_branch_python_dop_operator_3.py took 0.117 seconds
[2025-11-24T15:31:17.543+0000] {processor.py:157} INFO - Started process (PID=295) to work on /home/airflow/.local/lib/python3.10/site-packages/airflow/example_dags/example_branch_python_dop_operator_3.py
[2025-11-24T15:31:17.544+0000] {processor.py:829} INFO - Processing file /home/airflow/.local/lib/python3.10/site-packages/airflow/example_dags/example_branch_python_dop_operator_3.py for tasks to queue
[2025-11-24T15:31:17.547+0000] {logging_mixin.py:154} INFO - [2025-11-24T15:31:17.546+0000] {dagbag.py:536} INFO - Filling up the DagBag from /home/airflow/.local/lib/python3.10/site-packages/airflow/example_dags/example_branch_python_dop_operator_3.py
[2025-11-24T15:31:17.560+0000] {processor.py:839} INFO - DAG(s) dict_keys(['example_branch_dop_operator_v3']) retrieved from /home/airflow/.local/lib/python3.10/site-packages/airflow/example_dags/example_branch_python_dop_operator_3.py
[2025-11-24T15:31:17.588+0000] {logging_mixin.py:154} INFO - [2025-11-24T15:31:17.588+0000] {dag.py:2941} INFO - Sync 1 DAGs
[2025-11-24T15:31:17.627+0000] {logging_mixin.py:154} INFO - [2025-11-24T15:31:17.627+0000] {dag.py:3722} INFO - Setting next_dagrun for example_branch_dop_operator_v3 to 2025-11-24T15:30:00+00:00, run_after=2025-11-24T15:31:00+00:00
[2025-11-24T15:31:17.653+0000] {processor.py:179} INFO - Processing /home/airflow/.local/lib/python3.10/site-packages/airflow/example_dags/example_branch_python_dop_operator_3.py took 0.118 seconds
[2025-11-24T15:31:48.067+0000] {processor.py:157} INFO - Started process (PID=349) to work on /home/airflow/.local/lib/python3.10/site-packages/airflow/example_dags/example_branch_python_dop_operator_3.py
[2025-11-24T15:31:48.068+0000] {processor.py:829} INFO - Processing file /home/airflow/.local/lib/python3.10/site-packages/airflow/example_dags/example_branch_python_dop_operator_3.py for tasks to queue
[2025-11-24T15:31:48.071+0000] {logging_mixin.py:154} INFO - [2025-11-24T15:31:48.070+0000] {dagbag.py:536} INFO - Filling up the DagBag from /home/airflow/.local/lib/python3.10/site-packages/airflow/example_dags/example_branch_python_dop_operator_3.py
[2025-11-24T15:31:48.085+0000] {processor.py:839} INFO - DAG(s) dict_keys(['example_branch_dop_operator_v3']) retrieved from /home/airflow/.local/lib/python3.10/site-packages/airflow/example_dags/example_branch_python_dop_operator_3.py
[2025-11-24T15:31:48.118+0000] {logging_mixin.py:154} INFO - [2025-11-24T15:31:48.118+0000] {dag.py:2941} INFO - Sync 1 DAGs
[2025-11-24T15:31:48.158+0000] {logging_mixin.py:154} INFO - [2025-11-24T15:31:48.158+0000] {dag.py:3722} INFO - Setting next_dagrun for example_branch_dop_operator_v3 to 2025-11-24T15:30:00+00:00, run_after=2025-11-24T15:31:00+00:00
[2025-11-24T15:31:48.182+0000] {processor.py:179} INFO - Processing /home/airflow/.local/lib/python3.10/site-packages/airflow/example_dags/example_branch_python_dop_operator_3.py took 0.121 seconds
[2025-11-24T15:32:18.765+0000] {processor.py:157} INFO - Started process (PID=402) to work on /home/airflow/.local/lib/python3.10/site-packages/airflow/example_dags/example_branch_python_dop_operator_3.py
[2025-11-24T15:32:18.771+0000] {processor.py:829} INFO - Processing file /home/airflow/.local/lib/python3.10/site-packages/airflow/example_dags/example_branch_python_dop_operator_3.py for tasks to queue
[2025-11-24T15:32:18.773+0000] {logging_mixin.py:154} INFO - [2025-11-24T15:32:18.773+0000] {dagbag.py:536} INFO - Filling up the DagBag from /home/airflow/.local/lib/python3.10/site-packages/airflow/example_dags/example_branch_python_dop_operator_3.py
[2025-11-24T15:32:18.788+0000] {processor.py:839} INFO - DAG(s) dict_keys(['example_branch_dop_operator_v3']) retrieved from /home/airflow/.local/lib/python3.10/site-packages/airflow/example_dags/example_branch_python_dop_operator_3.py
[2025-11-24T15:32:18.818+0000] {logging_mixin.py:154} INFO - [2025-11-24T15:32:18.817+0000] {dag.py:2941} INFO - Sync 1 DAGs
[2025-11-24T15:32:18.859+0000] {logging_mixin.py:154} INFO - [2025-11-24T15:32:18.859+0000] {dag.py:3722} INFO - Setting next_dagrun for example_branch_dop_operator_v3 to 2025-11-24T15:31:00+00:00, run_after=2025-11-24T15:32:00+00:00
[2025-11-24T15:32:18.913+0000] {processor.py:179} INFO - Processing /home/airflow/.local/lib/python3.10/site-packages/airflow/example_dags/example_branch_python_dop_operator_3.py took 0.153 seconds
[2025-11-24T15:32:49.385+0000] {processor.py:157} INFO - Started process (PID=456) to work on /home/airflow/.local/lib/python3.10/site-packages/airflow/example_dags/example_branch_python_dop_operator_3.py
[2025-11-24T15:32:49.402+0000] {processor.py:829} INFO - Processing file /home/airflow/.local/lib/python3.10/site-packages/airflow/example_dags/example_branch_python_dop_operator_3.py for tasks to queue
[2025-11-24T15:32:49.415+0000] {logging_mixin.py:154} INFO - [2025-11-24T15:32:49.415+0000] {dagbag.py:536} INFO - Filling up the DagBag from /home/airflow/.local/lib/python3.10/site-packages/airflow/example_dags/example_branch_python_dop_operator_3.py
[2025-11-24T15:32:49.480+0000] {processor.py:839} INFO - DAG(s) dict_keys(['example_branch_dop_operator_v3']) retrieved from /home/airflow/.local/lib/python3.10/site-packages/airflow/example_dags/example_branch_python_dop_operator_3.py
[2025-11-24T15:32:49.581+0000] {logging_mixin.py:154} INFO - [2025-11-24T15:32:49.580+0000] {dag.py:2941} INFO - Sync 1 DAGs
[2025-11-24T15:32:49.732+0000] {logging_mixin.py:154} INFO - [2025-11-24T15:32:49.732+0000] {dag.py:3722} INFO - Setting next_dagrun for example_branch_dop_operator_v3 to 2025-11-24T15:31:00+00:00, run_after=2025-11-24T15:32:00+00:00
[2025-11-24T15:32:49.827+0000] {processor.py:179} INFO - Processing /home/airflow/.local/lib/python3.10/site-packages/airflow/example_dags/example_branch_python_dop_operator_3.py took 0.455 seconds
[2025-11-24T15:33:20.420+0000] {processor.py:157} INFO - Started process (PID=510) to work on /home/airflow/.local/lib/python3.10/site-packages/airflow/example_dags/example_branch_python_dop_operator_3.py
[2025-11-24T15:33:20.423+0000] {processor.py:829} INFO - Processing file /home/airflow/.local/lib/python3.10/site-packages/airflow/example_dags/example_branch_python_dop_operator_3.py for tasks to queue
[2025-11-24T15:33:20.425+0000] {logging_mixin.py:154} INFO - [2025-11-24T15:33:20.425+0000] {dagbag.py:536} INFO - Filling up the DagBag from /home/airflow/.local/lib/python3.10/site-packages/airflow/example_dags/example_branch_python_dop_operator_3.py
[2025-11-24T15:33:20.440+0000] {processor.py:839} INFO - DAG(s) dict_keys(['example_branch_dop_operator_v3']) retrieved from /home/airflow/.local/lib/python3.10/site-packages/airflow/example_dags/example_branch_python_dop_operator_3.py
[2025-11-24T15:33:20.469+0000] {logging_mixin.py:154} INFO - [2025-11-24T15:33:20.468+0000] {dag.py:2941} INFO - Sync 1 DAGs
[2025-11-24T15:33:20.514+0000] {logging_mixin.py:154} INFO - [2025-11-24T15:33:20.514+0000] {dag.py:3722} INFO - Setting next_dagrun for example_branch_dop_operator_v3 to 2025-11-24T15:32:00+00:00, run_after=2025-11-24T15:33:00+00:00
[2025-11-24T15:33:20.547+0000] {processor.py:179} INFO - Processing /home/airflow/.local/lib/python3.10/site-packages/airflow/example_dags/example_branch_python_dop_operator_3.py took 0.144 seconds
[2025-11-24T15:33:50.965+0000] {processor.py:157} INFO - Started process (PID=564) to work on /home/airflow/.local/lib/python3.10/site-packages/airflow/example_dags/example_branch_python_dop_operator_3.py
[2025-11-24T15:33:50.966+0000] {processor.py:829} INFO - Processing file /home/airflow/.local/lib/python3.10/site-packages/airflow/example_dags/example_branch_python_dop_operator_3.py for tasks to queue
[2025-11-24T15:33:50.969+0000] {logging_mixin.py:154} INFO - [2025-11-24T15:33:50.969+0000] {dagbag.py:536} INFO - Filling up the DagBag from /home/airflow/.local/lib/python3.10/site-packages/airflow/example_dags/example_branch_python_dop_operator_3.py
[2025-11-24T15:33:50.983+0000] {processor.py:839} INFO - DAG(s) dict_keys(['example_branch_dop_operator_v3']) retrieved from /home/airflow/.local/lib/python3.10/site-packages/airflow/example_dags/example_branch_python_dop_operator_3.py
[2025-11-24T15:33:51.012+0000] {logging_mixin.py:154} INFO - [2025-11-24T15:33:51.011+0000] {dag.py:2941} INFO - Sync 1 DAGs
[2025-11-24T15:33:51.051+0000] {logging_mixin.py:154} INFO - [2025-11-24T15:33:51.051+0000] {dag.py:3722} INFO - Setting next_dagrun for example_branch_dop_operator_v3 to 2025-11-24T15:32:00+00:00, run_after=2025-11-24T15:33:00+00:00
[2025-11-24T15:33:51.081+0000] {processor.py:179} INFO - Processing /home/airflow/.local/lib/python3.10/site-packages/airflow/example_dags/example_branch_python_dop_operator_3.py took 0.121 seconds
[2025-11-24T15:34:21.188+0000] {processor.py:157} INFO - Started process (PID=618) to work on /home/airflow/.local/lib/python3.10/site-packages/airflow/example_dags/example_branch_python_dop_operator_3.py
[2025-11-24T15:34:21.190+0000] {processor.py:829} INFO - Processing file /home/airflow/.local/lib/python3.10/site-packages/airflow/example_dags/example_branch_python_dop_operator_3.py for tasks to queue
[2025-11-24T15:34:21.193+0000] {logging_mixin.py:154} INFO - [2025-11-24T15:34:21.192+0000] {dagbag.py:536} INFO - Filling up the DagBag from /home/airflow/.local/lib/python3.10/site-packages/airflow/example_dags/example_branch_python_dop_operator_3.py
[2025-11-24T15:34:21.208+0000] {processor.py:839} INFO - DAG(s) dict_keys(['example_branch_dop_operator_v3']) retrieved from /home/airflow/.local/lib/python3.10/site-packages/airflow/example_dags/example_branch_python_dop_operator_3.py
[2025-11-24T15:34:21.238+0000] {logging_mixin.py:154} INFO - [2025-11-24T15:34:21.238+0000] {dag.py:2941} INFO - Sync 1 DAGs
[2025-11-24T15:34:21.280+0000] {logging_mixin.py:154} INFO - [2025-11-24T15:34:21.280+0000] {dag.py:3722} INFO - Setting next_dagrun for example_branch_dop_operator_v3 to 2025-11-24T15:33:00+00:00, run_after=2025-11-24T15:34:00+00:00
[2025-11-24T15:34:21.324+0000] {processor.py:179} INFO - Processing /home/airflow/.local/lib/python3.10/site-packages/airflow/example_dags/example_branch_python_dop_operator_3.py took 0.141 seconds
[2025-11-24T15:34:51.796+0000] {processor.py:157} INFO - Started process (PID=671) to work on /home/airflow/.local/lib/python3.10/site-packages/airflow/example_dags/example_branch_python_dop_operator_3.py
[2025-11-24T15:34:51.797+0000] {processor.py:829} INFO - Processing file /home/airflow/.local/lib/python3.10/site-packages/airflow/example_dags/example_branch_python_dop_operator_3.py for tasks to queue
[2025-11-24T15:34:51.800+0000] {logging_mixin.py:154} INFO - [2025-11-24T15:34:51.799+0000] {dagbag.py:536} INFO - Filling up the DagBag from /home/airflow/.local/lib/python3.10/site-packages/airflow/example_dags/example_branch_python_dop_operator_3.py
[2025-11-24T15:34:51.814+0000] {processor.py:839} INFO - DAG(s) dict_keys(['example_branch_dop_operator_v3']) retrieved from /home/airflow/.local/lib/python3.10/site-packages/airflow/example_dags/example_branch_python_dop_operator_3.py
[2025-11-24T15:34:51.841+0000] {logging_mixin.py:154} INFO - [2025-11-24T15:34:51.841+0000] {dag.py:2941} INFO - Sync 1 DAGs
[2025-11-24T15:34:51.880+0000] {logging_mixin.py:154} INFO - [2025-11-24T15:34:51.879+0000] {dag.py:3722} INFO - Setting next_dagrun for example_branch_dop_operator_v3 to 2025-11-24T15:33:00+00:00, run_after=2025-11-24T15:34:00+00:00
[2025-11-24T15:34:51.906+0000] {processor.py:179} INFO - Processing /home/airflow/.local/lib/python3.10/site-packages/airflow/example_dags/example_branch_python_dop_operator_3.py took 0.116 seconds
[2025-11-24T15:35:22.715+0000] {processor.py:157} INFO - Started process (PID=724) to work on /home/airflow/.local/lib/python3.10/site-packages/airflow/example_dags/example_branch_python_dop_operator_3.py
[2025-11-24T15:35:22.717+0000] {processor.py:829} INFO - Processing file /home/airflow/.local/lib/python3.10/site-packages/airflow/example_dags/example_branch_python_dop_operator_3.py for tasks to queue
[2025-11-24T15:35:22.719+0000] {logging_mixin.py:154} INFO - [2025-11-24T15:35:22.719+0000] {dagbag.py:536} INFO - Filling up the DagBag from /home/airflow/.local/lib/python3.10/site-packages/airflow/example_dags/example_branch_python_dop_operator_3.py
[2025-11-24T15:35:22.733+0000] {processor.py:839} INFO - DAG(s) dict_keys(['example_branch_dop_operator_v3']) retrieved from /home/airflow/.local/lib/python3.10/site-packages/airflow/example_dags/example_branch_python_dop_operator_3.py
[2025-11-24T15:35:22.760+0000] {logging_mixin.py:154} INFO - [2025-11-24T15:35:22.760+0000] {dag.py:2941} INFO - Sync 1 DAGs
[2025-11-24T15:35:22.799+0000] {logging_mixin.py:154} INFO - [2025-11-24T15:35:22.799+0000] {dag.py:3722} INFO - Setting next_dagrun for example_branch_dop_operator_v3 to 2025-11-24T15:34:00+00:00, run_after=2025-11-24T15:35:00+00:00
[2025-11-24T15:35:22.851+0000] {processor.py:179} INFO - Processing /home/airflow/.local/lib/python3.10/site-packages/airflow/example_dags/example_branch_python_dop_operator_3.py took 0.141 seconds
[2025-11-24T15:35:52.890+0000] {processor.py:157} INFO - Started process (PID=778) to work on /home/airflow/.local/lib/python3.10/site-packages/airflow/example_dags/example_branch_python_dop_operator_3.py
[2025-11-24T15:35:52.891+0000] {processor.py:829} INFO - Processing file /home/airflow/.local/lib/python3.10/site-packages/airflow/example_dags/example_branch_python_dop_operator_3.py for tasks to queue
[2025-11-24T15:35:52.894+0000] {logging_mixin.py:154} INFO - [2025-11-24T15:35:52.894+0000] {dagbag.py:536} INFO - Filling up the DagBag from /home/airflow/.local/lib/python3.10/site-packages/airflow/example_dags/example_branch_python_dop_operator_3.py
[2025-11-24T15:35:52.908+0000] {processor.py:839} INFO - DAG(s) dict_keys(['example_branch_dop_operator_v3']) retrieved from /home/airflow/.local/lib/python3.10/site-packages/airflow/example_dags/example_branch_python_dop_operator_3.py
[2025-11-24T15:35:52.938+0000] {logging_mixin.py:154} INFO - [2025-11-24T15:35:52.937+0000] {dag.py:2941} INFO - Sync 1 DAGs
[2025-11-24T15:35:52.976+0000] {logging_mixin.py:154} INFO - [2025-11-24T15:35:52.976+0000] {dag.py:3722} INFO - Setting next_dagrun for example_branch_dop_operator_v3 to 2025-11-24T15:34:00+00:00, run_after=2025-11-24T15:35:00+00:00
[2025-11-24T15:35:53.024+0000] {processor.py:179} INFO - Processing /home/airflow/.local/lib/python3.10/site-packages/airflow/example_dags/example_branch_python_dop_operator_3.py took 0.139 seconds
[2025-11-24T15:36:23.510+0000] {processor.py:157} INFO - Started process (PID=833) to work on /home/airflow/.local/lib/python3.10/site-packages/airflow/example_dags/example_branch_python_dop_operator_3.py
[2025-11-24T15:36:23.511+0000] {processor.py:829} INFO - Processing file /home/airflow/.local/lib/python3.10/site-packages/airflow/example_dags/example_branch_python_dop_operator_3.py for tasks to queue
[2025-11-24T15:36:23.514+0000] {logging_mixin.py:154} INFO - [2025-11-24T15:36:23.514+0000] {dagbag.py:536} INFO - Filling up the DagBag from /home/airflow/.local/lib/python3.10/site-packages/airflow/example_dags/example_branch_python_dop_operator_3.py
[2025-11-24T15:36:23.528+0000] {processor.py:839} INFO - DAG(s) dict_keys(['example_branch_dop_operator_v3']) retrieved from /home/airflow/.local/lib/python3.10/site-packages/airflow/example_dags/example_branch_python_dop_operator_3.py
[2025-11-24T15:36:23.563+0000] {logging_mixin.py:154} INFO - [2025-11-24T15:36:23.563+0000] {dag.py:2941} INFO - Sync 1 DAGs
[2025-11-24T15:36:23.601+0000] {logging_mixin.py:154} INFO - [2025-11-24T15:36:23.600+0000] {dag.py:3722} INFO - Setting next_dagrun for example_branch_dop_operator_v3 to 2025-11-24T15:35:00+00:00, run_after=2025-11-24T15:36:00+00:00
[2025-11-24T15:36:23.622+0000] {processor.py:179} INFO - Processing /home/airflow/.local/lib/python3.10/site-packages/airflow/example_dags/example_branch_python_dop_operator_3.py took 0.117 seconds
[2025-11-24T15:36:53.771+0000] {processor.py:157} INFO - Started process (PID=887) to work on /home/airflow/.local/lib/python3.10/site-packages/airflow/example_dags/example_branch_python_dop_operator_3.py
[2025-11-24T15:36:53.773+0000] {processor.py:829} INFO - Processing file /home/airflow/.local/lib/python3.10/site-packages/airflow/example_dags/example_branch_python_dop_operator_3.py for tasks to queue
[2025-11-24T15:36:53.776+0000] {logging_mixin.py:154} INFO - [2025-11-24T15:36:53.776+0000] {dagbag.py:536} INFO - Filling up the DagBag from /home/airflow/.local/lib/python3.10/site-packages/airflow/example_dags/example_branch_python_dop_operator_3.py
[2025-11-24T15:36:53.791+0000] {processor.py:839} INFO - DAG(s) dict_keys(['example_branch_dop_operator_v3']) retrieved from /home/airflow/.local/lib/python3.10/site-packages/airflow/example_dags/example_branch_python_dop_operator_3.py
[2025-11-24T15:36:53.820+0000] {logging_mixin.py:154} INFO - [2025-11-24T15:36:53.820+0000] {dag.py:2941} INFO - Sync 1 DAGs
[2025-11-24T15:36:53.859+0000] {logging_mixin.py:154} INFO - [2025-11-24T15:36:53.859+0000] {dag.py:3722} INFO - Setting next_dagrun for example_branch_dop_operator_v3 to 2025-11-24T15:35:00+00:00, run_after=2025-11-24T15:36:00+00:00
[2025-11-24T15:36:53.907+0000] {processor.py:179} INFO - Processing /home/airflow/.local/lib/python3.10/site-packages/airflow/example_dags/example_branch_python_dop_operator_3.py took 0.141 seconds
[2025-11-24T15:37:24.455+0000] {processor.py:157} INFO - Started process (PID=941) to work on /home/airflow/.local/lib/python3.10/site-packages/airflow/example_dags/example_branch_python_dop_operator_3.py
[2025-11-24T15:37:24.457+0000] {processor.py:829} INFO - Processing file /home/airflow/.local/lib/python3.10/site-packages/airflow/example_dags/example_branch_python_dop_operator_3.py for tasks to queue
[2025-11-24T15:37:24.459+0000] {logging_mixin.py:154} INFO - [2025-11-24T15:37:24.459+0000] {dagbag.py:536} INFO - Filling up the DagBag from /home/airflow/.local/lib/python3.10/site-packages/airflow/example_dags/example_branch_python_dop_operator_3.py
[2025-11-24T15:37:24.473+0000] {processor.py:839} INFO - DAG(s) dict_keys(['example_branch_dop_operator_v3']) retrieved from /home/airflow/.local/lib/python3.10/site-packages/airflow/example_dags/example_branch_python_dop_operator_3.py
[2025-11-24T15:37:24.503+0000] {logging_mixin.py:154} INFO - [2025-11-24T15:37:24.503+0000] {dag.py:2941} INFO - Sync 1 DAGs
[2025-11-24T15:37:24.544+0000] {logging_mixin.py:154} INFO - [2025-11-24T15:37:24.543+0000] {dag.py:3722} INFO - Setting next_dagrun for example_branch_dop_operator_v3 to 2025-11-24T15:36:00+00:00, run_after=2025-11-24T15:37:00+00:00
[2025-11-24T15:37:24.579+0000] {processor.py:179} INFO - Processing /home/airflow/.local/lib/python3.10/site-packages/airflow/example_dags/example_branch_python_dop_operator_3.py took 0.129 seconds
[2025-11-24T15:37:55.103+0000] {processor.py:157} INFO - Started process (PID=996) to work on /home/airflow/.local/lib/python3.10/site-packages/airflow/example_dags/example_branch_python_dop_operator_3.py
[2025-11-24T15:37:55.106+0000] {processor.py:829} INFO - Processing file /home/airflow/.local/lib/python3.10/site-packages/airflow/example_dags/example_branch_python_dop_operator_3.py for tasks to queue
[2025-11-24T15:37:55.115+0000] {logging_mixin.py:154} INFO - [2025-11-24T15:37:55.115+0000] {dagbag.py:536} INFO - Filling up the DagBag from /home/airflow/.local/lib/python3.10/site-packages/airflow/example_dags/example_branch_python_dop_operator_3.py
[2025-11-24T15:37:55.158+0000] {processor.py:839} INFO - DAG(s) dict_keys(['example_branch_dop_operator_v3']) retrieved from /home/airflow/.local/lib/python3.10/site-packages/airflow/example_dags/example_branch_python_dop_operator_3.py
[2025-11-24T15:37:55.213+0000] {logging_mixin.py:154} INFO - [2025-11-24T15:37:55.213+0000] {dag.py:2941} INFO - Sync 1 DAGs
[2025-11-24T15:37:55.284+0000] {logging_mixin.py:154} INFO - [2025-11-24T15:37:55.284+0000] {dag.py:3722} INFO - Setting next_dagrun for example_branch_dop_operator_v3 to 2025-11-24T15:36:00+00:00, run_after=2025-11-24T15:37:00+00:00
[2025-11-24T15:37:55.335+0000] {processor.py:179} INFO - Processing /home/airflow/.local/lib/python3.10/site-packages/airflow/example_dags/example_branch_python_dop_operator_3.py took 0.268 seconds
