[2025-11-24T15:29:15.853+0000] {processor.py:157} INFO - Started process (PID=81) to work on /home/airflow/.local/lib/python3.10/site-packages/airflow/example_dags/example_skip_dag.py
[2025-11-24T15:29:15.855+0000] {processor.py:829} INFO - Processing file /home/airflow/.local/lib/python3.10/site-packages/airflow/example_dags/example_skip_dag.py for tasks to queue
[2025-11-24T15:29:15.858+0000] {logging_mixin.py:154} INFO - [2025-11-24T15:29:15.858+0000] {dagbag.py:536} INFO - Filling up the DagBag from /home/airflow/.local/lib/python3.10/site-packages/airflow/example_dags/example_skip_dag.py
[2025-11-24T15:29:15.869+0000] {processor.py:839} INFO - DAG(s) dict_keys(['example_skip_dag']) retrieved from /home/airflow/.local/lib/python3.10/site-packages/airflow/example_dags/example_skip_dag.py
[2025-11-24T15:29:16.107+0000] {logging_mixin.py:154} INFO - [2025-11-24T15:29:16.107+0000] {manager.py:499} INFO - Created Permission View: %s
[2025-11-24T15:29:16.135+0000] {logging_mixin.py:154} INFO - [2025-11-24T15:29:16.135+0000] {manager.py:499} INFO - Created Permission View: %s
[2025-11-24T15:29:16.172+0000] {logging_mixin.py:154} INFO - [2025-11-24T15:29:16.172+0000] {manager.py:499} INFO - Created Permission View: %s
[2025-11-24T15:29:16.172+0000] {logging_mixin.py:154} INFO - [2025-11-24T15:29:16.172+0000] {dag.py:2941} INFO - Sync 1 DAGs
[2025-11-24T15:29:16.214+0000] {logging_mixin.py:154} INFO - [2025-11-24T15:29:16.214+0000] {dag.py:2963} INFO - Creating ORM DAG for example_skip_dag
[2025-11-24T15:29:16.251+0000] {logging_mixin.py:154} INFO - [2025-11-24T15:29:16.251+0000] {dag.py:3722} INFO - Setting next_dagrun for example_skip_dag to 2025-11-23T15:29:16.251098+00:00, run_after=2025-11-24T15:29:16.251098+00:00
[2025-11-24T15:29:16.384+0000] {processor.py:179} INFO - Processing /home/airflow/.local/lib/python3.10/site-packages/airflow/example_dags/example_skip_dag.py took 0.535 seconds
[2025-11-24T15:29:47.383+0000] {processor.py:157} INFO - Started process (PID=137) to work on /home/airflow/.local/lib/python3.10/site-packages/airflow/example_dags/example_skip_dag.py
[2025-11-24T15:29:47.385+0000] {processor.py:829} INFO - Processing file /home/airflow/.local/lib/python3.10/site-packages/airflow/example_dags/example_skip_dag.py for tasks to queue
[2025-11-24T15:29:47.388+0000] {logging_mixin.py:154} INFO - [2025-11-24T15:29:47.387+0000] {dagbag.py:536} INFO - Filling up the DagBag from /home/airflow/.local/lib/python3.10/site-packages/airflow/example_dags/example_skip_dag.py
[2025-11-24T15:29:47.403+0000] {processor.py:839} INFO - DAG(s) dict_keys(['example_skip_dag']) retrieved from /home/airflow/.local/lib/python3.10/site-packages/airflow/example_dags/example_skip_dag.py
[2025-11-24T15:29:47.445+0000] {logging_mixin.py:154} INFO - [2025-11-24T15:29:47.444+0000] {dag.py:2941} INFO - Sync 1 DAGs
[2025-11-24T15:29:47.497+0000] {logging_mixin.py:154} INFO - [2025-11-24T15:29:47.497+0000] {dag.py:3722} INFO - Setting next_dagrun for example_skip_dag to 2025-11-23T15:29:47.496816+00:00, run_after=2025-11-24T15:29:47.496816+00:00
[2025-11-24T15:29:47.548+0000] {processor.py:179} INFO - Processing /home/airflow/.local/lib/python3.10/site-packages/airflow/example_dags/example_skip_dag.py took 0.170 seconds
[2025-11-24T15:30:17.940+0000] {processor.py:157} INFO - Started process (PID=191) to work on /home/airflow/.local/lib/python3.10/site-packages/airflow/example_dags/example_skip_dag.py
[2025-11-24T15:30:17.943+0000] {processor.py:829} INFO - Processing file /home/airflow/.local/lib/python3.10/site-packages/airflow/example_dags/example_skip_dag.py for tasks to queue
[2025-11-24T15:30:17.946+0000] {logging_mixin.py:154} INFO - [2025-11-24T15:30:17.945+0000] {dagbag.py:536} INFO - Filling up the DagBag from /home/airflow/.local/lib/python3.10/site-packages/airflow/example_dags/example_skip_dag.py
[2025-11-24T15:30:17.956+0000] {processor.py:839} INFO - DAG(s) dict_keys(['example_skip_dag']) retrieved from /home/airflow/.local/lib/python3.10/site-packages/airflow/example_dags/example_skip_dag.py
[2025-11-24T15:30:17.987+0000] {logging_mixin.py:154} INFO - [2025-11-24T15:30:17.987+0000] {dag.py:2941} INFO - Sync 1 DAGs
[2025-11-24T15:30:18.014+0000] {logging_mixin.py:154} INFO - [2025-11-24T15:30:18.014+0000] {dag.py:3722} INFO - Setting next_dagrun for example_skip_dag to 2025-11-23T15:30:18.014407+00:00, run_after=2025-11-24T15:30:18.014407+00:00
[2025-11-24T15:30:18.039+0000] {processor.py:179} INFO - Processing /home/airflow/.local/lib/python3.10/site-packages/airflow/example_dags/example_skip_dag.py took 0.103 seconds
[2025-11-24T15:30:48.259+0000] {processor.py:157} INFO - Started process (PID=246) to work on /home/airflow/.local/lib/python3.10/site-packages/airflow/example_dags/example_skip_dag.py
[2025-11-24T15:30:48.260+0000] {processor.py:829} INFO - Processing file /home/airflow/.local/lib/python3.10/site-packages/airflow/example_dags/example_skip_dag.py for tasks to queue
[2025-11-24T15:30:48.263+0000] {logging_mixin.py:154} INFO - [2025-11-24T15:30:48.263+0000] {dagbag.py:536} INFO - Filling up the DagBag from /home/airflow/.local/lib/python3.10/site-packages/airflow/example_dags/example_skip_dag.py
[2025-11-24T15:30:48.274+0000] {processor.py:839} INFO - DAG(s) dict_keys(['example_skip_dag']) retrieved from /home/airflow/.local/lib/python3.10/site-packages/airflow/example_dags/example_skip_dag.py
[2025-11-24T15:30:48.308+0000] {logging_mixin.py:154} INFO - [2025-11-24T15:30:48.308+0000] {dag.py:2941} INFO - Sync 1 DAGs
[2025-11-24T15:30:48.343+0000] {logging_mixin.py:154} INFO - [2025-11-24T15:30:48.343+0000] {dag.py:3722} INFO - Setting next_dagrun for example_skip_dag to 2025-11-23T15:30:48.342868+00:00, run_after=2025-11-24T15:30:48.342868+00:00
[2025-11-24T15:30:48.379+0000] {processor.py:179} INFO - Processing /home/airflow/.local/lib/python3.10/site-packages/airflow/example_dags/example_skip_dag.py took 0.126 seconds
[2025-11-24T15:31:18.891+0000] {processor.py:157} INFO - Started process (PID=300) to work on /home/airflow/.local/lib/python3.10/site-packages/airflow/example_dags/example_skip_dag.py
[2025-11-24T15:31:18.893+0000] {processor.py:829} INFO - Processing file /home/airflow/.local/lib/python3.10/site-packages/airflow/example_dags/example_skip_dag.py for tasks to queue
[2025-11-24T15:31:18.896+0000] {logging_mixin.py:154} INFO - [2025-11-24T15:31:18.895+0000] {dagbag.py:536} INFO - Filling up the DagBag from /home/airflow/.local/lib/python3.10/site-packages/airflow/example_dags/example_skip_dag.py
[2025-11-24T15:31:18.912+0000] {processor.py:839} INFO - DAG(s) dict_keys(['example_skip_dag']) retrieved from /home/airflow/.local/lib/python3.10/site-packages/airflow/example_dags/example_skip_dag.py
[2025-11-24T15:31:18.942+0000] {logging_mixin.py:154} INFO - [2025-11-24T15:31:18.942+0000] {dag.py:2941} INFO - Sync 1 DAGs
[2025-11-24T15:31:18.967+0000] {logging_mixin.py:154} INFO - [2025-11-24T15:31:18.967+0000] {dag.py:3722} INFO - Setting next_dagrun for example_skip_dag to 2025-11-23T15:31:18.966877+00:00, run_after=2025-11-24T15:31:18.966877+00:00
[2025-11-24T15:31:19.004+0000] {processor.py:179} INFO - Processing /home/airflow/.local/lib/python3.10/site-packages/airflow/example_dags/example_skip_dag.py took 0.118 seconds
[2025-11-24T15:31:49.436+0000] {processor.py:157} INFO - Started process (PID=354) to work on /home/airflow/.local/lib/python3.10/site-packages/airflow/example_dags/example_skip_dag.py
[2025-11-24T15:31:49.438+0000] {processor.py:829} INFO - Processing file /home/airflow/.local/lib/python3.10/site-packages/airflow/example_dags/example_skip_dag.py for tasks to queue
[2025-11-24T15:31:49.441+0000] {logging_mixin.py:154} INFO - [2025-11-24T15:31:49.441+0000] {dagbag.py:536} INFO - Filling up the DagBag from /home/airflow/.local/lib/python3.10/site-packages/airflow/example_dags/example_skip_dag.py
[2025-11-24T15:31:49.452+0000] {processor.py:839} INFO - DAG(s) dict_keys(['example_skip_dag']) retrieved from /home/airflow/.local/lib/python3.10/site-packages/airflow/example_dags/example_skip_dag.py
[2025-11-24T15:31:49.486+0000] {logging_mixin.py:154} INFO - [2025-11-24T15:31:49.486+0000] {dag.py:2941} INFO - Sync 1 DAGs
[2025-11-24T15:31:49.513+0000] {logging_mixin.py:154} INFO - [2025-11-24T15:31:49.513+0000] {dag.py:3722} INFO - Setting next_dagrun for example_skip_dag to 2025-11-23T15:31:49.513280+00:00, run_after=2025-11-24T15:31:49.513280+00:00
[2025-11-24T15:31:49.534+0000] {processor.py:179} INFO - Processing /home/airflow/.local/lib/python3.10/site-packages/airflow/example_dags/example_skip_dag.py took 0.103 seconds
[2025-11-24T15:32:20.215+0000] {processor.py:157} INFO - Started process (PID=407) to work on /home/airflow/.local/lib/python3.10/site-packages/airflow/example_dags/example_skip_dag.py
[2025-11-24T15:32:20.222+0000] {processor.py:829} INFO - Processing file /home/airflow/.local/lib/python3.10/site-packages/airflow/example_dags/example_skip_dag.py for tasks to queue
[2025-11-24T15:32:20.224+0000] {logging_mixin.py:154} INFO - [2025-11-24T15:32:20.224+0000] {dagbag.py:536} INFO - Filling up the DagBag from /home/airflow/.local/lib/python3.10/site-packages/airflow/example_dags/example_skip_dag.py
[2025-11-24T15:32:20.233+0000] {processor.py:839} INFO - DAG(s) dict_keys(['example_skip_dag']) retrieved from /home/airflow/.local/lib/python3.10/site-packages/airflow/example_dags/example_skip_dag.py
[2025-11-24T15:32:20.266+0000] {logging_mixin.py:154} INFO - [2025-11-24T15:32:20.266+0000] {dag.py:2941} INFO - Sync 1 DAGs
[2025-11-24T15:32:20.299+0000] {logging_mixin.py:154} INFO - [2025-11-24T15:32:20.298+0000] {dag.py:3722} INFO - Setting next_dagrun for example_skip_dag to 2025-11-23T15:32:20.298370+00:00, run_after=2025-11-24T15:32:20.298370+00:00
[2025-11-24T15:32:20.351+0000] {processor.py:179} INFO - Processing /home/airflow/.local/lib/python3.10/site-packages/airflow/example_dags/example_skip_dag.py took 0.141 seconds
[2025-11-24T15:32:50.485+0000] {processor.py:157} INFO - Started process (PID=462) to work on /home/airflow/.local/lib/python3.10/site-packages/airflow/example_dags/example_skip_dag.py
[2025-11-24T15:32:50.493+0000] {processor.py:829} INFO - Processing file /home/airflow/.local/lib/python3.10/site-packages/airflow/example_dags/example_skip_dag.py for tasks to queue
[2025-11-24T15:32:50.507+0000] {logging_mixin.py:154} INFO - [2025-11-24T15:32:50.507+0000] {dagbag.py:536} INFO - Filling up the DagBag from /home/airflow/.local/lib/python3.10/site-packages/airflow/example_dags/example_skip_dag.py
[2025-11-24T15:32:50.523+0000] {processor.py:839} INFO - DAG(s) dict_keys(['example_skip_dag']) retrieved from /home/airflow/.local/lib/python3.10/site-packages/airflow/example_dags/example_skip_dag.py
[2025-11-24T15:32:50.597+0000] {logging_mixin.py:154} INFO - [2025-11-24T15:32:50.596+0000] {dag.py:2941} INFO - Sync 1 DAGs
[2025-11-24T15:32:50.664+0000] {logging_mixin.py:154} INFO - [2025-11-24T15:32:50.663+0000] {dag.py:3722} INFO - Setting next_dagrun for example_skip_dag to 2025-11-23T15:32:50.663206+00:00, run_after=2025-11-24T15:32:50.663206+00:00
[2025-11-24T15:32:50.728+0000] {processor.py:179} INFO - Processing /home/airflow/.local/lib/python3.10/site-packages/airflow/example_dags/example_skip_dag.py took 0.256 seconds
[2025-11-24T15:33:20.764+0000] {processor.py:157} INFO - Started process (PID=514) to work on /home/airflow/.local/lib/python3.10/site-packages/airflow/example_dags/example_skip_dag.py
[2025-11-24T15:33:20.766+0000] {processor.py:829} INFO - Processing file /home/airflow/.local/lib/python3.10/site-packages/airflow/example_dags/example_skip_dag.py for tasks to queue
[2025-11-24T15:33:20.769+0000] {logging_mixin.py:154} INFO - [2025-11-24T15:33:20.769+0000] {dagbag.py:536} INFO - Filling up the DagBag from /home/airflow/.local/lib/python3.10/site-packages/airflow/example_dags/example_skip_dag.py
[2025-11-24T15:33:20.779+0000] {processor.py:839} INFO - DAG(s) dict_keys(['example_skip_dag']) retrieved from /home/airflow/.local/lib/python3.10/site-packages/airflow/example_dags/example_skip_dag.py
[2025-11-24T15:33:20.811+0000] {logging_mixin.py:154} INFO - [2025-11-24T15:33:20.810+0000] {dag.py:2941} INFO - Sync 1 DAGs
[2025-11-24T15:33:20.844+0000] {logging_mixin.py:154} INFO - [2025-11-24T15:33:20.844+0000] {dag.py:3722} INFO - Setting next_dagrun for example_skip_dag to 2025-11-23T15:33:20.843787+00:00, run_after=2025-11-24T15:33:20.843787+00:00
[2025-11-24T15:33:20.884+0000] {processor.py:179} INFO - Processing /home/airflow/.local/lib/python3.10/site-packages/airflow/example_dags/example_skip_dag.py took 0.125 seconds
[2025-11-24T15:33:51.233+0000] {processor.py:157} INFO - Started process (PID=567) to work on /home/airflow/.local/lib/python3.10/site-packages/airflow/example_dags/example_skip_dag.py
[2025-11-24T15:33:51.234+0000] {processor.py:829} INFO - Processing file /home/airflow/.local/lib/python3.10/site-packages/airflow/example_dags/example_skip_dag.py for tasks to queue
[2025-11-24T15:33:51.237+0000] {logging_mixin.py:154} INFO - [2025-11-24T15:33:51.236+0000] {dagbag.py:536} INFO - Filling up the DagBag from /home/airflow/.local/lib/python3.10/site-packages/airflow/example_dags/example_skip_dag.py
[2025-11-24T15:33:51.247+0000] {processor.py:839} INFO - DAG(s) dict_keys(['example_skip_dag']) retrieved from /home/airflow/.local/lib/python3.10/site-packages/airflow/example_dags/example_skip_dag.py
[2025-11-24T15:33:51.277+0000] {logging_mixin.py:154} INFO - [2025-11-24T15:33:51.276+0000] {dag.py:2941} INFO - Sync 1 DAGs
[2025-11-24T15:33:51.309+0000] {logging_mixin.py:154} INFO - [2025-11-24T15:33:51.308+0000] {dag.py:3722} INFO - Setting next_dagrun for example_skip_dag to 2025-11-23T15:33:51.308609+00:00, run_after=2025-11-24T15:33:51.308609+00:00
[2025-11-24T15:33:51.332+0000] {processor.py:179} INFO - Processing /home/airflow/.local/lib/python3.10/site-packages/airflow/example_dags/example_skip_dag.py took 0.105 seconds
[2025-11-24T15:34:21.471+0000] {processor.py:157} INFO - Started process (PID=621) to work on /home/airflow/.local/lib/python3.10/site-packages/airflow/example_dags/example_skip_dag.py
[2025-11-24T15:34:21.472+0000] {processor.py:829} INFO - Processing file /home/airflow/.local/lib/python3.10/site-packages/airflow/example_dags/example_skip_dag.py for tasks to queue
[2025-11-24T15:34:21.475+0000] {logging_mixin.py:154} INFO - [2025-11-24T15:34:21.474+0000] {dagbag.py:536} INFO - Filling up the DagBag from /home/airflow/.local/lib/python3.10/site-packages/airflow/example_dags/example_skip_dag.py
[2025-11-24T15:34:21.484+0000] {processor.py:839} INFO - DAG(s) dict_keys(['example_skip_dag']) retrieved from /home/airflow/.local/lib/python3.10/site-packages/airflow/example_dags/example_skip_dag.py
[2025-11-24T15:34:21.515+0000] {logging_mixin.py:154} INFO - [2025-11-24T15:34:21.515+0000] {dag.py:2941} INFO - Sync 1 DAGs
[2025-11-24T15:34:21.548+0000] {logging_mixin.py:154} INFO - [2025-11-24T15:34:21.548+0000] {dag.py:3722} INFO - Setting next_dagrun for example_skip_dag to 2025-11-23T15:34:21.547820+00:00, run_after=2025-11-24T15:34:21.547820+00:00
[2025-11-24T15:34:21.584+0000] {processor.py:179} INFO - Processing /home/airflow/.local/lib/python3.10/site-packages/airflow/example_dags/example_skip_dag.py took 0.118 seconds
[2025-11-24T15:34:52.068+0000] {processor.py:157} INFO - Started process (PID=674) to work on /home/airflow/.local/lib/python3.10/site-packages/airflow/example_dags/example_skip_dag.py
[2025-11-24T15:34:52.071+0000] {processor.py:829} INFO - Processing file /home/airflow/.local/lib/python3.10/site-packages/airflow/example_dags/example_skip_dag.py for tasks to queue
[2025-11-24T15:34:52.074+0000] {logging_mixin.py:154} INFO - [2025-11-24T15:34:52.073+0000] {dagbag.py:536} INFO - Filling up the DagBag from /home/airflow/.local/lib/python3.10/site-packages/airflow/example_dags/example_skip_dag.py
[2025-11-24T15:34:52.084+0000] {processor.py:839} INFO - DAG(s) dict_keys(['example_skip_dag']) retrieved from /home/airflow/.local/lib/python3.10/site-packages/airflow/example_dags/example_skip_dag.py
[2025-11-24T15:34:52.113+0000] {logging_mixin.py:154} INFO - [2025-11-24T15:34:52.112+0000] {dag.py:2941} INFO - Sync 1 DAGs
[2025-11-24T15:34:52.146+0000] {logging_mixin.py:154} INFO - [2025-11-24T15:34:52.146+0000] {dag.py:3722} INFO - Setting next_dagrun for example_skip_dag to 2025-11-23T15:34:52.145809+00:00, run_after=2025-11-24T15:34:52.145809+00:00
[2025-11-24T15:34:52.172+0000] {processor.py:179} INFO - Processing /home/airflow/.local/lib/python3.10/site-packages/airflow/example_dags/example_skip_dag.py took 0.109 seconds
[2025-11-24T15:35:23.055+0000] {processor.py:157} INFO - Started process (PID=727) to work on /home/airflow/.local/lib/python3.10/site-packages/airflow/example_dags/example_skip_dag.py
[2025-11-24T15:35:23.057+0000] {processor.py:829} INFO - Processing file /home/airflow/.local/lib/python3.10/site-packages/airflow/example_dags/example_skip_dag.py for tasks to queue
[2025-11-24T15:35:23.060+0000] {logging_mixin.py:154} INFO - [2025-11-24T15:35:23.059+0000] {dagbag.py:536} INFO - Filling up the DagBag from /home/airflow/.local/lib/python3.10/site-packages/airflow/example_dags/example_skip_dag.py
[2025-11-24T15:35:23.071+0000] {processor.py:839} INFO - DAG(s) dict_keys(['example_skip_dag']) retrieved from /home/airflow/.local/lib/python3.10/site-packages/airflow/example_dags/example_skip_dag.py
[2025-11-24T15:35:23.101+0000] {logging_mixin.py:154} INFO - [2025-11-24T15:35:23.101+0000] {dag.py:2941} INFO - Sync 1 DAGs
[2025-11-24T15:35:23.133+0000] {logging_mixin.py:154} INFO - [2025-11-24T15:35:23.133+0000] {dag.py:3722} INFO - Setting next_dagrun for example_skip_dag to 2025-11-23T15:35:23.132841+00:00, run_after=2025-11-24T15:35:23.132841+00:00
[2025-11-24T15:35:23.158+0000] {processor.py:179} INFO - Processing /home/airflow/.local/lib/python3.10/site-packages/airflow/example_dags/example_skip_dag.py took 0.108 seconds
[2025-11-24T15:35:54.172+0000] {processor.py:157} INFO - Started process (PID=781) to work on /home/airflow/.local/lib/python3.10/site-packages/airflow/example_dags/example_skip_dag.py
[2025-11-24T15:35:54.173+0000] {processor.py:829} INFO - Processing file /home/airflow/.local/lib/python3.10/site-packages/airflow/example_dags/example_skip_dag.py for tasks to queue
[2025-11-24T15:35:54.175+0000] {logging_mixin.py:154} INFO - [2025-11-24T15:35:54.175+0000] {dagbag.py:536} INFO - Filling up the DagBag from /home/airflow/.local/lib/python3.10/site-packages/airflow/example_dags/example_skip_dag.py
[2025-11-24T15:35:54.183+0000] {processor.py:839} INFO - DAG(s) dict_keys(['example_skip_dag']) retrieved from /home/airflow/.local/lib/python3.10/site-packages/airflow/example_dags/example_skip_dag.py
[2025-11-24T15:35:54.209+0000] {logging_mixin.py:154} INFO - [2025-11-24T15:35:54.209+0000] {dag.py:2941} INFO - Sync 1 DAGs
[2025-11-24T15:35:54.240+0000] {logging_mixin.py:154} INFO - [2025-11-24T15:35:54.240+0000] {dag.py:3722} INFO - Setting next_dagrun for example_skip_dag to 2025-11-23T15:35:54.240134+00:00, run_after=2025-11-24T15:35:54.240134+00:00
[2025-11-24T15:35:54.274+0000] {processor.py:179} INFO - Processing /home/airflow/.local/lib/python3.10/site-packages/airflow/example_dags/example_skip_dag.py took 0.106 seconds
[2025-11-24T15:36:24.699+0000] {processor.py:157} INFO - Started process (PID=836) to work on /home/airflow/.local/lib/python3.10/site-packages/airflow/example_dags/example_skip_dag.py
[2025-11-24T15:36:24.700+0000] {processor.py:829} INFO - Processing file /home/airflow/.local/lib/python3.10/site-packages/airflow/example_dags/example_skip_dag.py for tasks to queue
[2025-11-24T15:36:24.703+0000] {logging_mixin.py:154} INFO - [2025-11-24T15:36:24.702+0000] {dagbag.py:536} INFO - Filling up the DagBag from /home/airflow/.local/lib/python3.10/site-packages/airflow/example_dags/example_skip_dag.py
[2025-11-24T15:36:24.712+0000] {processor.py:839} INFO - DAG(s) dict_keys(['example_skip_dag']) retrieved from /home/airflow/.local/lib/python3.10/site-packages/airflow/example_dags/example_skip_dag.py
[2025-11-24T15:36:24.744+0000] {logging_mixin.py:154} INFO - [2025-11-24T15:36:24.744+0000] {dag.py:2941} INFO - Sync 1 DAGs
[2025-11-24T15:36:24.776+0000] {logging_mixin.py:154} INFO - [2025-11-24T15:36:24.776+0000] {dag.py:3722} INFO - Setting next_dagrun for example_skip_dag to 2025-11-23T15:36:24.775664+00:00, run_after=2025-11-24T15:36:24.775664+00:00
[2025-11-24T15:36:24.801+0000] {processor.py:179} INFO - Processing /home/airflow/.local/lib/python3.10/site-packages/airflow/example_dags/example_skip_dag.py took 0.107 seconds
[2025-11-24T15:36:55.056+0000] {processor.py:157} INFO - Started process (PID=890) to work on /home/airflow/.local/lib/python3.10/site-packages/airflow/example_dags/example_skip_dag.py
[2025-11-24T15:36:55.058+0000] {processor.py:829} INFO - Processing file /home/airflow/.local/lib/python3.10/site-packages/airflow/example_dags/example_skip_dag.py for tasks to queue
[2025-11-24T15:36:55.060+0000] {logging_mixin.py:154} INFO - [2025-11-24T15:36:55.060+0000] {dagbag.py:536} INFO - Filling up the DagBag from /home/airflow/.local/lib/python3.10/site-packages/airflow/example_dags/example_skip_dag.py
[2025-11-24T15:36:55.068+0000] {processor.py:839} INFO - DAG(s) dict_keys(['example_skip_dag']) retrieved from /home/airflow/.local/lib/python3.10/site-packages/airflow/example_dags/example_skip_dag.py
[2025-11-24T15:36:55.092+0000] {logging_mixin.py:154} INFO - [2025-11-24T15:36:55.092+0000] {dag.py:2941} INFO - Sync 1 DAGs
[2025-11-24T15:36:55.117+0000] {logging_mixin.py:154} INFO - [2025-11-24T15:36:55.117+0000] {dag.py:3722} INFO - Setting next_dagrun for example_skip_dag to 2025-11-23T15:36:55.117261+00:00, run_after=2025-11-24T15:36:55.117261+00:00
[2025-11-24T15:36:55.139+0000] {processor.py:179} INFO - Processing /home/airflow/.local/lib/python3.10/site-packages/airflow/example_dags/example_skip_dag.py took 0.087 seconds
[2025-11-24T15:37:25.734+0000] {processor.py:157} INFO - Started process (PID=944) to work on /home/airflow/.local/lib/python3.10/site-packages/airflow/example_dags/example_skip_dag.py
[2025-11-24T15:37:25.736+0000] {processor.py:829} INFO - Processing file /home/airflow/.local/lib/python3.10/site-packages/airflow/example_dags/example_skip_dag.py for tasks to queue
[2025-11-24T15:37:25.738+0000] {logging_mixin.py:154} INFO - [2025-11-24T15:37:25.738+0000] {dagbag.py:536} INFO - Filling up the DagBag from /home/airflow/.local/lib/python3.10/site-packages/airflow/example_dags/example_skip_dag.py
[2025-11-24T15:37:25.748+0000] {processor.py:839} INFO - DAG(s) dict_keys(['example_skip_dag']) retrieved from /home/airflow/.local/lib/python3.10/site-packages/airflow/example_dags/example_skip_dag.py
[2025-11-24T15:37:25.777+0000] {logging_mixin.py:154} INFO - [2025-11-24T15:37:25.777+0000] {dag.py:2941} INFO - Sync 1 DAGs
[2025-11-24T15:37:25.809+0000] {logging_mixin.py:154} INFO - [2025-11-24T15:37:25.809+0000] {dag.py:3722} INFO - Setting next_dagrun for example_skip_dag to 2025-11-23T15:37:25.808949+00:00, run_after=2025-11-24T15:37:25.808949+00:00
[2025-11-24T15:37:25.834+0000] {processor.py:179} INFO - Processing /home/airflow/.local/lib/python3.10/site-packages/airflow/example_dags/example_skip_dag.py took 0.106 seconds
[2025-11-24T15:37:56.432+0000] {processor.py:157} INFO - Started process (PID=999) to work on /home/airflow/.local/lib/python3.10/site-packages/airflow/example_dags/example_skip_dag.py
[2025-11-24T15:37:56.434+0000] {processor.py:829} INFO - Processing file /home/airflow/.local/lib/python3.10/site-packages/airflow/example_dags/example_skip_dag.py for tasks to queue
[2025-11-24T15:37:56.437+0000] {logging_mixin.py:154} INFO - [2025-11-24T15:37:56.436+0000] {dagbag.py:536} INFO - Filling up the DagBag from /home/airflow/.local/lib/python3.10/site-packages/airflow/example_dags/example_skip_dag.py
[2025-11-24T15:37:56.448+0000] {processor.py:839} INFO - DAG(s) dict_keys(['example_skip_dag']) retrieved from /home/airflow/.local/lib/python3.10/site-packages/airflow/example_dags/example_skip_dag.py
[2025-11-24T15:37:56.480+0000] {logging_mixin.py:154} INFO - [2025-11-24T15:37:56.480+0000] {dag.py:2941} INFO - Sync 1 DAGs
[2025-11-24T15:37:56.511+0000] {logging_mixin.py:154} INFO - [2025-11-24T15:37:56.511+0000] {dag.py:3722} INFO - Setting next_dagrun for example_skip_dag to 2025-11-23T15:37:56.511144+00:00, run_after=2025-11-24T15:37:56.511144+00:00
[2025-11-24T15:37:56.547+0000] {processor.py:179} INFO - Processing /home/airflow/.local/lib/python3.10/site-packages/airflow/example_dags/example_skip_dag.py took 0.120 seconds
