[2025-11-24T15:29:14.059+0000] {processor.py:157} INFO - Started process (PID=75) to work on /home/airflow/.local/lib/python3.10/site-packages/airflow/example_dags/example_branch_datetime_operator.py
[2025-11-24T15:29:14.061+0000] {processor.py:829} INFO - Processing file /home/airflow/.local/lib/python3.10/site-packages/airflow/example_dags/example_branch_datetime_operator.py for tasks to queue
[2025-11-24T15:29:14.064+0000] {logging_mixin.py:154} INFO - [2025-11-24T15:29:14.063+0000] {dagbag.py:536} INFO - Filling up the DagBag from /home/airflow/.local/lib/python3.10/site-packages/airflow/example_dags/example_branch_datetime_operator.py
[2025-11-24T15:29:14.082+0000] {processor.py:839} INFO - DAG(s) dict_keys(['example_branch_datetime_operator_3', 'example_branch_datetime_operator_2', 'example_branch_datetime_operator']) retrieved from /home/airflow/.local/lib/python3.10/site-packages/airflow/example_dags/example_branch_datetime_operator.py
[2025-11-24T15:29:14.366+0000] {logging_mixin.py:154} INFO - [2025-11-24T15:29:14.359+0000] {manager.py:499} INFO - Created Permission View: %s
[2025-11-24T15:29:14.409+0000] {logging_mixin.py:154} INFO - [2025-11-24T15:29:14.409+0000] {manager.py:499} INFO - Created Permission View: %s
[2025-11-24T15:29:14.435+0000] {logging_mixin.py:154} INFO - [2025-11-24T15:29:14.435+0000] {manager.py:499} INFO - Created Permission View: %s
[2025-11-24T15:29:14.461+0000] {logging_mixin.py:154} INFO - [2025-11-24T15:29:14.461+0000] {manager.py:499} INFO - Created Permission View: %s
[2025-11-24T15:29:14.477+0000] {logging_mixin.py:154} INFO - [2025-11-24T15:29:14.477+0000] {manager.py:499} INFO - Created Permission View: %s
[2025-11-24T15:29:14.495+0000] {logging_mixin.py:154} INFO - [2025-11-24T15:29:14.495+0000] {manager.py:499} INFO - Created Permission View: %s
[2025-11-24T15:29:14.523+0000] {logging_mixin.py:154} INFO - [2025-11-24T15:29:14.523+0000] {manager.py:499} INFO - Created Permission View: %s
[2025-11-24T15:29:14.537+0000] {logging_mixin.py:154} INFO - [2025-11-24T15:29:14.537+0000] {manager.py:499} INFO - Created Permission View: %s
[2025-11-24T15:29:14.552+0000] {logging_mixin.py:154} INFO - [2025-11-24T15:29:14.552+0000] {manager.py:499} INFO - Created Permission View: %s
[2025-11-24T15:29:14.553+0000] {logging_mixin.py:154} INFO - [2025-11-24T15:29:14.553+0000] {dag.py:2941} INFO - Sync 3 DAGs
[2025-11-24T15:29:14.583+0000] {logging_mixin.py:154} INFO - [2025-11-24T15:29:14.583+0000] {dag.py:2963} INFO - Creating ORM DAG for example_branch_datetime_operator_3
[2025-11-24T15:29:14.584+0000] {logging_mixin.py:154} INFO - [2025-11-24T15:29:14.584+0000] {dag.py:2963} INFO - Creating ORM DAG for example_branch_datetime_operator_2
[2025-11-24T15:29:14.585+0000] {logging_mixin.py:154} INFO - [2025-11-24T15:29:14.585+0000] {dag.py:2963} INFO - Creating ORM DAG for example_branch_datetime_operator
[2025-11-24T15:29:14.611+0000] {logging_mixin.py:154} INFO - [2025-11-24T15:29:14.610+0000] {dag.py:3722} INFO - Setting next_dagrun for example_branch_datetime_operator to 2025-11-23T00:00:00+00:00, run_after=2025-11-24T00:00:00+00:00
[2025-11-24T15:29:14.617+0000] {logging_mixin.py:154} INFO - [2025-11-24T15:29:14.616+0000] {dag.py:3722} INFO - Setting next_dagrun for example_branch_datetime_operator_2 to 2025-11-23T00:00:00+00:00, run_after=2025-11-24T00:00:00+00:00
[2025-11-24T15:29:14.623+0000] {logging_mixin.py:154} INFO - [2025-11-24T15:29:14.623+0000] {dag.py:3722} INFO - Setting next_dagrun for example_branch_datetime_operator_3 to 2025-11-23T00:00:00+00:00, run_after=2025-11-24T00:00:00+00:00
[2025-11-24T15:29:14.673+0000] {processor.py:179} INFO - Processing /home/airflow/.local/lib/python3.10/site-packages/airflow/example_dags/example_branch_datetime_operator.py took 0.619 seconds
[2025-11-24T15:29:44.728+0000] {processor.py:157} INFO - Started process (PID=129) to work on /home/airflow/.local/lib/python3.10/site-packages/airflow/example_dags/example_branch_datetime_operator.py
[2025-11-24T15:29:44.729+0000] {processor.py:829} INFO - Processing file /home/airflow/.local/lib/python3.10/site-packages/airflow/example_dags/example_branch_datetime_operator.py for tasks to queue
[2025-11-24T15:29:44.731+0000] {logging_mixin.py:154} INFO - [2025-11-24T15:29:44.731+0000] {dagbag.py:536} INFO - Filling up the DagBag from /home/airflow/.local/lib/python3.10/site-packages/airflow/example_dags/example_branch_datetime_operator.py
[2025-11-24T15:29:44.742+0000] {processor.py:839} INFO - DAG(s) dict_keys(['example_branch_datetime_operator_3', 'example_branch_datetime_operator_2', 'example_branch_datetime_operator']) retrieved from /home/airflow/.local/lib/python3.10/site-packages/airflow/example_dags/example_branch_datetime_operator.py
[2025-11-24T15:29:44.774+0000] {logging_mixin.py:154} INFO - [2025-11-24T15:29:44.774+0000] {dag.py:2941} INFO - Sync 3 DAGs
[2025-11-24T15:29:44.800+0000] {logging_mixin.py:154} INFO - [2025-11-24T15:29:44.800+0000] {dag.py:3722} INFO - Setting next_dagrun for example_branch_datetime_operator to 2025-11-23T00:00:00+00:00, run_after=2025-11-24T00:00:00+00:00
[2025-11-24T15:29:44.806+0000] {logging_mixin.py:154} INFO - [2025-11-24T15:29:44.805+0000] {dag.py:3722} INFO - Setting next_dagrun for example_branch_datetime_operator_2 to 2025-11-23T00:00:00+00:00, run_after=2025-11-24T00:00:00+00:00
[2025-11-24T15:29:44.810+0000] {logging_mixin.py:154} INFO - [2025-11-24T15:29:44.809+0000] {dag.py:3722} INFO - Setting next_dagrun for example_branch_datetime_operator_3 to 2025-11-23T00:00:00+00:00, run_after=2025-11-24T00:00:00+00:00
[2025-11-24T15:29:44.828+0000] {processor.py:179} INFO - Processing /home/airflow/.local/lib/python3.10/site-packages/airflow/example_dags/example_branch_datetime_operator.py took 0.103 seconds
[2025-11-24T15:30:15.423+0000] {processor.py:157} INFO - Started process (PID=183) to work on /home/airflow/.local/lib/python3.10/site-packages/airflow/example_dags/example_branch_datetime_operator.py
[2025-11-24T15:30:15.426+0000] {processor.py:829} INFO - Processing file /home/airflow/.local/lib/python3.10/site-packages/airflow/example_dags/example_branch_datetime_operator.py for tasks to queue
[2025-11-24T15:30:15.428+0000] {logging_mixin.py:154} INFO - [2025-11-24T15:30:15.428+0000] {dagbag.py:536} INFO - Filling up the DagBag from /home/airflow/.local/lib/python3.10/site-packages/airflow/example_dags/example_branch_datetime_operator.py
[2025-11-24T15:30:15.443+0000] {processor.py:839} INFO - DAG(s) dict_keys(['example_branch_datetime_operator_3', 'example_branch_datetime_operator_2', 'example_branch_datetime_operator']) retrieved from /home/airflow/.local/lib/python3.10/site-packages/airflow/example_dags/example_branch_datetime_operator.py
[2025-11-24T15:30:15.479+0000] {logging_mixin.py:154} INFO - [2025-11-24T15:30:15.478+0000] {dag.py:2941} INFO - Sync 3 DAGs
[2025-11-24T15:30:15.515+0000] {logging_mixin.py:154} INFO - [2025-11-24T15:30:15.515+0000] {dag.py:3722} INFO - Setting next_dagrun for example_branch_datetime_operator to 2025-11-23T00:00:00+00:00, run_after=2025-11-24T00:00:00+00:00
[2025-11-24T15:30:15.524+0000] {logging_mixin.py:154} INFO - [2025-11-24T15:30:15.523+0000] {dag.py:3722} INFO - Setting next_dagrun for example_branch_datetime_operator_2 to 2025-11-23T00:00:00+00:00, run_after=2025-11-24T00:00:00+00:00
[2025-11-24T15:30:15.528+0000] {logging_mixin.py:154} INFO - [2025-11-24T15:30:15.528+0000] {dag.py:3722} INFO - Setting next_dagrun for example_branch_datetime_operator_3 to 2025-11-23T00:00:00+00:00, run_after=2025-11-24T00:00:00+00:00
[2025-11-24T15:30:15.555+0000] {processor.py:179} INFO - Processing /home/airflow/.local/lib/python3.10/site-packages/airflow/example_dags/example_branch_datetime_operator.py took 0.137 seconds
[2025-11-24T15:30:45.757+0000] {processor.py:157} INFO - Started process (PID=238) to work on /home/airflow/.local/lib/python3.10/site-packages/airflow/example_dags/example_branch_datetime_operator.py
[2025-11-24T15:30:45.759+0000] {processor.py:829} INFO - Processing file /home/airflow/.local/lib/python3.10/site-packages/airflow/example_dags/example_branch_datetime_operator.py for tasks to queue
[2025-11-24T15:30:45.762+0000] {logging_mixin.py:154} INFO - [2025-11-24T15:30:45.761+0000] {dagbag.py:536} INFO - Filling up the DagBag from /home/airflow/.local/lib/python3.10/site-packages/airflow/example_dags/example_branch_datetime_operator.py
[2025-11-24T15:30:45.778+0000] {processor.py:839} INFO - DAG(s) dict_keys(['example_branch_datetime_operator', 'example_branch_datetime_operator_3', 'example_branch_datetime_operator_2']) retrieved from /home/airflow/.local/lib/python3.10/site-packages/airflow/example_dags/example_branch_datetime_operator.py
[2025-11-24T15:30:45.819+0000] {logging_mixin.py:154} INFO - [2025-11-24T15:30:45.818+0000] {dag.py:2941} INFO - Sync 3 DAGs
[2025-11-24T15:30:45.854+0000] {logging_mixin.py:154} INFO - [2025-11-24T15:30:45.854+0000] {dag.py:3722} INFO - Setting next_dagrun for example_branch_datetime_operator to 2025-11-23T00:00:00+00:00, run_after=2025-11-24T00:00:00+00:00
[2025-11-24T15:30:45.861+0000] {logging_mixin.py:154} INFO - [2025-11-24T15:30:45.861+0000] {dag.py:3722} INFO - Setting next_dagrun for example_branch_datetime_operator_2 to 2025-11-23T00:00:00+00:00, run_after=2025-11-24T00:00:00+00:00
[2025-11-24T15:30:45.866+0000] {logging_mixin.py:154} INFO - [2025-11-24T15:30:45.866+0000] {dag.py:3722} INFO - Setting next_dagrun for example_branch_datetime_operator_3 to 2025-11-23T00:00:00+00:00, run_after=2025-11-24T00:00:00+00:00
[2025-11-24T15:30:45.892+0000] {processor.py:179} INFO - Processing /home/airflow/.local/lib/python3.10/site-packages/airflow/example_dags/example_branch_datetime_operator.py took 0.139 seconds
[2025-11-24T15:31:16.364+0000] {processor.py:157} INFO - Started process (PID=292) to work on /home/airflow/.local/lib/python3.10/site-packages/airflow/example_dags/example_branch_datetime_operator.py
[2025-11-24T15:31:16.366+0000] {processor.py:829} INFO - Processing file /home/airflow/.local/lib/python3.10/site-packages/airflow/example_dags/example_branch_datetime_operator.py for tasks to queue
[2025-11-24T15:31:16.369+0000] {logging_mixin.py:154} INFO - [2025-11-24T15:31:16.369+0000] {dagbag.py:536} INFO - Filling up the DagBag from /home/airflow/.local/lib/python3.10/site-packages/airflow/example_dags/example_branch_datetime_operator.py
[2025-11-24T15:31:16.385+0000] {processor.py:839} INFO - DAG(s) dict_keys(['example_branch_datetime_operator_2', 'example_branch_datetime_operator_3', 'example_branch_datetime_operator']) retrieved from /home/airflow/.local/lib/python3.10/site-packages/airflow/example_dags/example_branch_datetime_operator.py
[2025-11-24T15:31:16.426+0000] {logging_mixin.py:154} INFO - [2025-11-24T15:31:16.426+0000] {dag.py:2941} INFO - Sync 3 DAGs
[2025-11-24T15:31:16.464+0000] {logging_mixin.py:154} INFO - [2025-11-24T15:31:16.464+0000] {dag.py:3722} INFO - Setting next_dagrun for example_branch_datetime_operator to 2025-11-23T00:00:00+00:00, run_after=2025-11-24T00:00:00+00:00
[2025-11-24T15:31:16.472+0000] {logging_mixin.py:154} INFO - [2025-11-24T15:31:16.472+0000] {dag.py:3722} INFO - Setting next_dagrun for example_branch_datetime_operator_2 to 2025-11-23T00:00:00+00:00, run_after=2025-11-24T00:00:00+00:00
[2025-11-24T15:31:16.477+0000] {logging_mixin.py:154} INFO - [2025-11-24T15:31:16.477+0000] {dag.py:3722} INFO - Setting next_dagrun for example_branch_datetime_operator_3 to 2025-11-23T00:00:00+00:00, run_after=2025-11-24T00:00:00+00:00
[2025-11-24T15:31:16.499+0000] {processor.py:179} INFO - Processing /home/airflow/.local/lib/python3.10/site-packages/airflow/example_dags/example_branch_datetime_operator.py took 0.139 seconds
[2025-11-24T15:31:46.893+0000] {processor.py:157} INFO - Started process (PID=346) to work on /home/airflow/.local/lib/python3.10/site-packages/airflow/example_dags/example_branch_datetime_operator.py
[2025-11-24T15:31:46.894+0000] {processor.py:829} INFO - Processing file /home/airflow/.local/lib/python3.10/site-packages/airflow/example_dags/example_branch_datetime_operator.py for tasks to queue
[2025-11-24T15:31:46.897+0000] {logging_mixin.py:154} INFO - [2025-11-24T15:31:46.897+0000] {dagbag.py:536} INFO - Filling up the DagBag from /home/airflow/.local/lib/python3.10/site-packages/airflow/example_dags/example_branch_datetime_operator.py
[2025-11-24T15:31:46.913+0000] {processor.py:839} INFO - DAG(s) dict_keys(['example_branch_datetime_operator', 'example_branch_datetime_operator_3', 'example_branch_datetime_operator_2']) retrieved from /home/airflow/.local/lib/python3.10/site-packages/airflow/example_dags/example_branch_datetime_operator.py
[2025-11-24T15:31:46.955+0000] {logging_mixin.py:154} INFO - [2025-11-24T15:31:46.954+0000] {dag.py:2941} INFO - Sync 3 DAGs
[2025-11-24T15:31:47.013+0000] {logging_mixin.py:154} INFO - [2025-11-24T15:31:47.013+0000] {dag.py:3722} INFO - Setting next_dagrun for example_branch_datetime_operator to 2025-11-23T00:00:00+00:00, run_after=2025-11-24T00:00:00+00:00
[2025-11-24T15:31:47.021+0000] {logging_mixin.py:154} INFO - [2025-11-24T15:31:47.021+0000] {dag.py:3722} INFO - Setting next_dagrun for example_branch_datetime_operator_2 to 2025-11-23T00:00:00+00:00, run_after=2025-11-24T00:00:00+00:00
[2025-11-24T15:31:47.025+0000] {logging_mixin.py:154} INFO - [2025-11-24T15:31:47.025+0000] {dag.py:3722} INFO - Setting next_dagrun for example_branch_datetime_operator_3 to 2025-11-23T00:00:00+00:00, run_after=2025-11-24T00:00:00+00:00
[2025-11-24T15:31:47.053+0000] {processor.py:179} INFO - Processing /home/airflow/.local/lib/python3.10/site-packages/airflow/example_dags/example_branch_datetime_operator.py took 0.165 seconds
[2025-11-24T15:32:17.555+0000] {processor.py:157} INFO - Started process (PID=399) to work on /home/airflow/.local/lib/python3.10/site-packages/airflow/example_dags/example_branch_datetime_operator.py
[2025-11-24T15:32:17.571+0000] {processor.py:829} INFO - Processing file /home/airflow/.local/lib/python3.10/site-packages/airflow/example_dags/example_branch_datetime_operator.py for tasks to queue
[2025-11-24T15:32:17.578+0000] {logging_mixin.py:154} INFO - [2025-11-24T15:32:17.577+0000] {dagbag.py:536} INFO - Filling up the DagBag from /home/airflow/.local/lib/python3.10/site-packages/airflow/example_dags/example_branch_datetime_operator.py
[2025-11-24T15:32:17.593+0000] {processor.py:839} INFO - DAG(s) dict_keys(['example_branch_datetime_operator_3', 'example_branch_datetime_operator', 'example_branch_datetime_operator_2']) retrieved from /home/airflow/.local/lib/python3.10/site-packages/airflow/example_dags/example_branch_datetime_operator.py
[2025-11-24T15:32:17.632+0000] {logging_mixin.py:154} INFO - [2025-11-24T15:32:17.631+0000] {dag.py:2941} INFO - Sync 3 DAGs
[2025-11-24T15:32:17.670+0000] {logging_mixin.py:154} INFO - [2025-11-24T15:32:17.670+0000] {dag.py:3722} INFO - Setting next_dagrun for example_branch_datetime_operator to 2025-11-23T00:00:00+00:00, run_after=2025-11-24T00:00:00+00:00
[2025-11-24T15:32:17.678+0000] {logging_mixin.py:154} INFO - [2025-11-24T15:32:17.678+0000] {dag.py:3722} INFO - Setting next_dagrun for example_branch_datetime_operator_2 to 2025-11-23T00:00:00+00:00, run_after=2025-11-24T00:00:00+00:00
[2025-11-24T15:32:17.682+0000] {logging_mixin.py:154} INFO - [2025-11-24T15:32:17.682+0000] {dag.py:3722} INFO - Setting next_dagrun for example_branch_datetime_operator_3 to 2025-11-23T00:00:00+00:00, run_after=2025-11-24T00:00:00+00:00
[2025-11-24T15:32:17.718+0000] {processor.py:179} INFO - Processing /home/airflow/.local/lib/python3.10/site-packages/airflow/example_dags/example_branch_datetime_operator.py took 0.171 seconds
[2025-11-24T15:32:48.771+0000] {processor.py:157} INFO - Started process (PID=453) to work on /home/airflow/.local/lib/python3.10/site-packages/airflow/example_dags/example_branch_datetime_operator.py
[2025-11-24T15:32:48.778+0000] {processor.py:829} INFO - Processing file /home/airflow/.local/lib/python3.10/site-packages/airflow/example_dags/example_branch_datetime_operator.py for tasks to queue
[2025-11-24T15:32:48.788+0000] {logging_mixin.py:154} INFO - [2025-11-24T15:32:48.788+0000] {dagbag.py:536} INFO - Filling up the DagBag from /home/airflow/.local/lib/python3.10/site-packages/airflow/example_dags/example_branch_datetime_operator.py
[2025-11-24T15:32:48.871+0000] {processor.py:839} INFO - DAG(s) dict_keys(['example_branch_datetime_operator', 'example_branch_datetime_operator_2', 'example_branch_datetime_operator_3']) retrieved from /home/airflow/.local/lib/python3.10/site-packages/airflow/example_dags/example_branch_datetime_operator.py
[2025-11-24T15:32:48.949+0000] {logging_mixin.py:154} INFO - [2025-11-24T15:32:48.949+0000] {dag.py:2941} INFO - Sync 3 DAGs
[2025-11-24T15:32:49.018+0000] {logging_mixin.py:154} INFO - [2025-11-24T15:32:49.017+0000] {dag.py:3722} INFO - Setting next_dagrun for example_branch_datetime_operator to 2025-11-23T00:00:00+00:00, run_after=2025-11-24T00:00:00+00:00
[2025-11-24T15:32:49.058+0000] {logging_mixin.py:154} INFO - [2025-11-24T15:32:49.050+0000] {dag.py:3722} INFO - Setting next_dagrun for example_branch_datetime_operator_2 to 2025-11-23T00:00:00+00:00, run_after=2025-11-24T00:00:00+00:00
[2025-11-24T15:32:49.063+0000] {logging_mixin.py:154} INFO - [2025-11-24T15:32:49.063+0000] {dag.py:3722} INFO - Setting next_dagrun for example_branch_datetime_operator_3 to 2025-11-23T00:00:00+00:00, run_after=2025-11-24T00:00:00+00:00
[2025-11-24T15:32:49.126+0000] {processor.py:179} INFO - Processing /home/airflow/.local/lib/python3.10/site-packages/airflow/example_dags/example_branch_datetime_operator.py took 0.376 seconds
[2025-11-24T15:33:19.253+0000] {processor.py:157} INFO - Started process (PID=507) to work on /home/airflow/.local/lib/python3.10/site-packages/airflow/example_dags/example_branch_datetime_operator.py
[2025-11-24T15:33:19.256+0000] {processor.py:829} INFO - Processing file /home/airflow/.local/lib/python3.10/site-packages/airflow/example_dags/example_branch_datetime_operator.py for tasks to queue
[2025-11-24T15:33:19.259+0000] {logging_mixin.py:154} INFO - [2025-11-24T15:33:19.259+0000] {dagbag.py:536} INFO - Filling up the DagBag from /home/airflow/.local/lib/python3.10/site-packages/airflow/example_dags/example_branch_datetime_operator.py
[2025-11-24T15:33:19.275+0000] {processor.py:839} INFO - DAG(s) dict_keys(['example_branch_datetime_operator', 'example_branch_datetime_operator_2', 'example_branch_datetime_operator_3']) retrieved from /home/airflow/.local/lib/python3.10/site-packages/airflow/example_dags/example_branch_datetime_operator.py
[2025-11-24T15:33:19.307+0000] {logging_mixin.py:154} INFO - [2025-11-24T15:33:19.306+0000] {dag.py:2941} INFO - Sync 3 DAGs
[2025-11-24T15:33:19.333+0000] {logging_mixin.py:154} INFO - [2025-11-24T15:33:19.333+0000] {dag.py:3722} INFO - Setting next_dagrun for example_branch_datetime_operator to 2025-11-23T00:00:00+00:00, run_after=2025-11-24T00:00:00+00:00
[2025-11-24T15:33:19.338+0000] {logging_mixin.py:154} INFO - [2025-11-24T15:33:19.338+0000] {dag.py:3722} INFO - Setting next_dagrun for example_branch_datetime_operator_2 to 2025-11-23T00:00:00+00:00, run_after=2025-11-24T00:00:00+00:00
[2025-11-24T15:33:19.341+0000] {logging_mixin.py:154} INFO - [2025-11-24T15:33:19.341+0000] {dag.py:3722} INFO - Setting next_dagrun for example_branch_datetime_operator_3 to 2025-11-23T00:00:00+00:00, run_after=2025-11-24T00:00:00+00:00
[2025-11-24T15:33:19.359+0000] {processor.py:179} INFO - Processing /home/airflow/.local/lib/python3.10/site-packages/airflow/example_dags/example_branch_datetime_operator.py took 0.110 seconds
[2025-11-24T15:33:49.786+0000] {processor.py:157} INFO - Started process (PID=561) to work on /home/airflow/.local/lib/python3.10/site-packages/airflow/example_dags/example_branch_datetime_operator.py
[2025-11-24T15:33:49.788+0000] {processor.py:829} INFO - Processing file /home/airflow/.local/lib/python3.10/site-packages/airflow/example_dags/example_branch_datetime_operator.py for tasks to queue
[2025-11-24T15:33:49.790+0000] {logging_mixin.py:154} INFO - [2025-11-24T15:33:49.790+0000] {dagbag.py:536} INFO - Filling up the DagBag from /home/airflow/.local/lib/python3.10/site-packages/airflow/example_dags/example_branch_datetime_operator.py
[2025-11-24T15:33:49.801+0000] {processor.py:839} INFO - DAG(s) dict_keys(['example_branch_datetime_operator_3', 'example_branch_datetime_operator_2', 'example_branch_datetime_operator']) retrieved from /home/airflow/.local/lib/python3.10/site-packages/airflow/example_dags/example_branch_datetime_operator.py
[2025-11-24T15:33:49.832+0000] {logging_mixin.py:154} INFO - [2025-11-24T15:33:49.832+0000] {dag.py:2941} INFO - Sync 3 DAGs
[2025-11-24T15:33:49.865+0000] {logging_mixin.py:154} INFO - [2025-11-24T15:33:49.865+0000] {dag.py:3722} INFO - Setting next_dagrun for example_branch_datetime_operator to 2025-11-23T00:00:00+00:00, run_after=2025-11-24T00:00:00+00:00
[2025-11-24T15:33:49.873+0000] {logging_mixin.py:154} INFO - [2025-11-24T15:33:49.872+0000] {dag.py:3722} INFO - Setting next_dagrun for example_branch_datetime_operator_2 to 2025-11-23T00:00:00+00:00, run_after=2025-11-24T00:00:00+00:00
[2025-11-24T15:33:49.877+0000] {logging_mixin.py:154} INFO - [2025-11-24T15:33:49.877+0000] {dag.py:3722} INFO - Setting next_dagrun for example_branch_datetime_operator_3 to 2025-11-23T00:00:00+00:00, run_after=2025-11-24T00:00:00+00:00
[2025-11-24T15:33:49.899+0000] {processor.py:179} INFO - Processing /home/airflow/.local/lib/python3.10/site-packages/airflow/example_dags/example_branch_datetime_operator.py took 0.117 seconds
[2025-11-24T15:34:20.037+0000] {processor.py:157} INFO - Started process (PID=615) to work on /home/airflow/.local/lib/python3.10/site-packages/airflow/example_dags/example_branch_datetime_operator.py
[2025-11-24T15:34:20.039+0000] {processor.py:829} INFO - Processing file /home/airflow/.local/lib/python3.10/site-packages/airflow/example_dags/example_branch_datetime_operator.py for tasks to queue
[2025-11-24T15:34:20.041+0000] {logging_mixin.py:154} INFO - [2025-11-24T15:34:20.041+0000] {dagbag.py:536} INFO - Filling up the DagBag from /home/airflow/.local/lib/python3.10/site-packages/airflow/example_dags/example_branch_datetime_operator.py
[2025-11-24T15:34:20.056+0000] {processor.py:839} INFO - DAG(s) dict_keys(['example_branch_datetime_operator_3', 'example_branch_datetime_operator_2', 'example_branch_datetime_operator']) retrieved from /home/airflow/.local/lib/python3.10/site-packages/airflow/example_dags/example_branch_datetime_operator.py
[2025-11-24T15:34:20.090+0000] {logging_mixin.py:154} INFO - [2025-11-24T15:34:20.090+0000] {dag.py:2941} INFO - Sync 3 DAGs
[2025-11-24T15:34:20.117+0000] {logging_mixin.py:154} INFO - [2025-11-24T15:34:20.116+0000] {dag.py:3722} INFO - Setting next_dagrun for example_branch_datetime_operator to 2025-11-23T00:00:00+00:00, run_after=2025-11-24T00:00:00+00:00
[2025-11-24T15:34:20.122+0000] {logging_mixin.py:154} INFO - [2025-11-24T15:34:20.122+0000] {dag.py:3722} INFO - Setting next_dagrun for example_branch_datetime_operator_2 to 2025-11-23T00:00:00+00:00, run_after=2025-11-24T00:00:00+00:00
[2025-11-24T15:34:20.125+0000] {logging_mixin.py:154} INFO - [2025-11-24T15:34:20.125+0000] {dag.py:3722} INFO - Setting next_dagrun for example_branch_datetime_operator_3 to 2025-11-23T00:00:00+00:00, run_after=2025-11-24T00:00:00+00:00
[2025-11-24T15:34:20.143+0000] {processor.py:179} INFO - Processing /home/airflow/.local/lib/python3.10/site-packages/airflow/example_dags/example_branch_datetime_operator.py took 0.110 seconds
[2025-11-24T15:34:50.563+0000] {processor.py:157} INFO - Started process (PID=668) to work on /home/airflow/.local/lib/python3.10/site-packages/airflow/example_dags/example_branch_datetime_operator.py
[2025-11-24T15:34:50.565+0000] {processor.py:829} INFO - Processing file /home/airflow/.local/lib/python3.10/site-packages/airflow/example_dags/example_branch_datetime_operator.py for tasks to queue
[2025-11-24T15:34:50.568+0000] {logging_mixin.py:154} INFO - [2025-11-24T15:34:50.567+0000] {dagbag.py:536} INFO - Filling up the DagBag from /home/airflow/.local/lib/python3.10/site-packages/airflow/example_dags/example_branch_datetime_operator.py
[2025-11-24T15:34:50.583+0000] {processor.py:839} INFO - DAG(s) dict_keys(['example_branch_datetime_operator_3', 'example_branch_datetime_operator_2', 'example_branch_datetime_operator']) retrieved from /home/airflow/.local/lib/python3.10/site-packages/airflow/example_dags/example_branch_datetime_operator.py
[2025-11-24T15:34:50.623+0000] {logging_mixin.py:154} INFO - [2025-11-24T15:34:50.623+0000] {dag.py:2941} INFO - Sync 3 DAGs
[2025-11-24T15:34:50.660+0000] {logging_mixin.py:154} INFO - [2025-11-24T15:34:50.659+0000] {dag.py:3722} INFO - Setting next_dagrun for example_branch_datetime_operator to 2025-11-23T00:00:00+00:00, run_after=2025-11-24T00:00:00+00:00
[2025-11-24T15:34:50.667+0000] {logging_mixin.py:154} INFO - [2025-11-24T15:34:50.667+0000] {dag.py:3722} INFO - Setting next_dagrun for example_branch_datetime_operator_2 to 2025-11-23T00:00:00+00:00, run_after=2025-11-24T00:00:00+00:00
[2025-11-24T15:34:50.673+0000] {logging_mixin.py:154} INFO - [2025-11-24T15:34:50.673+0000] {dag.py:3722} INFO - Setting next_dagrun for example_branch_datetime_operator_3 to 2025-11-23T00:00:00+00:00, run_after=2025-11-24T00:00:00+00:00
[2025-11-24T15:34:50.736+0000] {processor.py:179} INFO - Processing /home/airflow/.local/lib/python3.10/site-packages/airflow/example_dags/example_branch_datetime_operator.py took 0.178 seconds
[2025-11-24T15:35:21.530+0000] {processor.py:157} INFO - Started process (PID=721) to work on /home/airflow/.local/lib/python3.10/site-packages/airflow/example_dags/example_branch_datetime_operator.py
[2025-11-24T15:35:21.532+0000] {processor.py:829} INFO - Processing file /home/airflow/.local/lib/python3.10/site-packages/airflow/example_dags/example_branch_datetime_operator.py for tasks to queue
[2025-11-24T15:35:21.534+0000] {logging_mixin.py:154} INFO - [2025-11-24T15:35:21.534+0000] {dagbag.py:536} INFO - Filling up the DagBag from /home/airflow/.local/lib/python3.10/site-packages/airflow/example_dags/example_branch_datetime_operator.py
[2025-11-24T15:35:21.549+0000] {processor.py:839} INFO - DAG(s) dict_keys(['example_branch_datetime_operator_3', 'example_branch_datetime_operator_2', 'example_branch_datetime_operator']) retrieved from /home/airflow/.local/lib/python3.10/site-packages/airflow/example_dags/example_branch_datetime_operator.py
[2025-11-24T15:35:21.589+0000] {logging_mixin.py:154} INFO - [2025-11-24T15:35:21.589+0000] {dag.py:2941} INFO - Sync 3 DAGs
[2025-11-24T15:35:21.625+0000] {logging_mixin.py:154} INFO - [2025-11-24T15:35:21.625+0000] {dag.py:3722} INFO - Setting next_dagrun for example_branch_datetime_operator to 2025-11-23T00:00:00+00:00, run_after=2025-11-24T00:00:00+00:00
[2025-11-24T15:35:21.633+0000] {logging_mixin.py:154} INFO - [2025-11-24T15:35:21.632+0000] {dag.py:3722} INFO - Setting next_dagrun for example_branch_datetime_operator_2 to 2025-11-23T00:00:00+00:00, run_after=2025-11-24T00:00:00+00:00
[2025-11-24T15:35:21.637+0000] {logging_mixin.py:154} INFO - [2025-11-24T15:35:21.637+0000] {dag.py:3722} INFO - Setting next_dagrun for example_branch_datetime_operator_3 to 2025-11-23T00:00:00+00:00, run_after=2025-11-24T00:00:00+00:00
[2025-11-24T15:35:21.662+0000] {processor.py:179} INFO - Processing /home/airflow/.local/lib/python3.10/site-packages/airflow/example_dags/example_branch_datetime_operator.py took 0.138 seconds
[2025-11-24T15:35:51.853+0000] {processor.py:157} INFO - Started process (PID=775) to work on /home/airflow/.local/lib/python3.10/site-packages/airflow/example_dags/example_branch_datetime_operator.py
[2025-11-24T15:35:51.855+0000] {processor.py:829} INFO - Processing file /home/airflow/.local/lib/python3.10/site-packages/airflow/example_dags/example_branch_datetime_operator.py for tasks to queue
[2025-11-24T15:35:51.857+0000] {logging_mixin.py:154} INFO - [2025-11-24T15:35:51.857+0000] {dagbag.py:536} INFO - Filling up the DagBag from /home/airflow/.local/lib/python3.10/site-packages/airflow/example_dags/example_branch_datetime_operator.py
[2025-11-24T15:35:51.873+0000] {processor.py:839} INFO - DAG(s) dict_keys(['example_branch_datetime_operator', 'example_branch_datetime_operator_2', 'example_branch_datetime_operator_3']) retrieved from /home/airflow/.local/lib/python3.10/site-packages/airflow/example_dags/example_branch_datetime_operator.py
[2025-11-24T15:35:51.912+0000] {logging_mixin.py:154} INFO - [2025-11-24T15:35:51.912+0000] {dag.py:2941} INFO - Sync 3 DAGs
[2025-11-24T15:35:51.947+0000] {logging_mixin.py:154} INFO - [2025-11-24T15:35:51.947+0000] {dag.py:3722} INFO - Setting next_dagrun for example_branch_datetime_operator to 2025-11-23T00:00:00+00:00, run_after=2025-11-24T00:00:00+00:00
[2025-11-24T15:35:51.954+0000] {logging_mixin.py:154} INFO - [2025-11-24T15:35:51.954+0000] {dag.py:3722} INFO - Setting next_dagrun for example_branch_datetime_operator_2 to 2025-11-23T00:00:00+00:00, run_after=2025-11-24T00:00:00+00:00
[2025-11-24T15:35:51.959+0000] {logging_mixin.py:154} INFO - [2025-11-24T15:35:51.958+0000] {dag.py:3722} INFO - Setting next_dagrun for example_branch_datetime_operator_3 to 2025-11-23T00:00:00+00:00, run_after=2025-11-24T00:00:00+00:00
[2025-11-24T15:35:51.995+0000] {processor.py:179} INFO - Processing /home/airflow/.local/lib/python3.10/site-packages/airflow/example_dags/example_branch_datetime_operator.py took 0.146 seconds
[2025-11-24T15:36:22.341+0000] {processor.py:157} INFO - Started process (PID=830) to work on /home/airflow/.local/lib/python3.10/site-packages/airflow/example_dags/example_branch_datetime_operator.py
[2025-11-24T15:36:22.343+0000] {processor.py:829} INFO - Processing file /home/airflow/.local/lib/python3.10/site-packages/airflow/example_dags/example_branch_datetime_operator.py for tasks to queue
[2025-11-24T15:36:22.345+0000] {logging_mixin.py:154} INFO - [2025-11-24T15:36:22.345+0000] {dagbag.py:536} INFO - Filling up the DagBag from /home/airflow/.local/lib/python3.10/site-packages/airflow/example_dags/example_branch_datetime_operator.py
[2025-11-24T15:36:22.357+0000] {processor.py:839} INFO - DAG(s) dict_keys(['example_branch_datetime_operator_3', 'example_branch_datetime_operator', 'example_branch_datetime_operator_2']) retrieved from /home/airflow/.local/lib/python3.10/site-packages/airflow/example_dags/example_branch_datetime_operator.py
[2025-11-24T15:36:22.392+0000] {logging_mixin.py:154} INFO - [2025-11-24T15:36:22.392+0000] {dag.py:2941} INFO - Sync 3 DAGs
[2025-11-24T15:36:22.429+0000] {logging_mixin.py:154} INFO - [2025-11-24T15:36:22.429+0000] {dag.py:3722} INFO - Setting next_dagrun for example_branch_datetime_operator to 2025-11-23T00:00:00+00:00, run_after=2025-11-24T00:00:00+00:00
[2025-11-24T15:36:22.436+0000] {logging_mixin.py:154} INFO - [2025-11-24T15:36:22.436+0000] {dag.py:3722} INFO - Setting next_dagrun for example_branch_datetime_operator_2 to 2025-11-23T00:00:00+00:00, run_after=2025-11-24T00:00:00+00:00
[2025-11-24T15:36:22.441+0000] {logging_mixin.py:154} INFO - [2025-11-24T15:36:22.440+0000] {dag.py:3722} INFO - Setting next_dagrun for example_branch_datetime_operator_3 to 2025-11-23T00:00:00+00:00, run_after=2025-11-24T00:00:00+00:00
[2025-11-24T15:36:22.465+0000] {processor.py:179} INFO - Processing /home/airflow/.local/lib/python3.10/site-packages/airflow/example_dags/example_branch_datetime_operator.py took 0.128 seconds
[2025-11-24T15:36:52.734+0000] {processor.py:157} INFO - Started process (PID=884) to work on /home/airflow/.local/lib/python3.10/site-packages/airflow/example_dags/example_branch_datetime_operator.py
[2025-11-24T15:36:52.735+0000] {processor.py:829} INFO - Processing file /home/airflow/.local/lib/python3.10/site-packages/airflow/example_dags/example_branch_datetime_operator.py for tasks to queue
[2025-11-24T15:36:52.738+0000] {logging_mixin.py:154} INFO - [2025-11-24T15:36:52.738+0000] {dagbag.py:536} INFO - Filling up the DagBag from /home/airflow/.local/lib/python3.10/site-packages/airflow/example_dags/example_branch_datetime_operator.py
[2025-11-24T15:36:52.753+0000] {processor.py:839} INFO - DAG(s) dict_keys(['example_branch_datetime_operator_3', 'example_branch_datetime_operator', 'example_branch_datetime_operator_2']) retrieved from /home/airflow/.local/lib/python3.10/site-packages/airflow/example_dags/example_branch_datetime_operator.py
[2025-11-24T15:36:52.795+0000] {logging_mixin.py:154} INFO - [2025-11-24T15:36:52.794+0000] {dag.py:2941} INFO - Sync 3 DAGs
[2025-11-24T15:36:52.833+0000] {logging_mixin.py:154} INFO - [2025-11-24T15:36:52.833+0000] {dag.py:3722} INFO - Setting next_dagrun for example_branch_datetime_operator to 2025-11-23T00:00:00+00:00, run_after=2025-11-24T00:00:00+00:00
[2025-11-24T15:36:52.842+0000] {logging_mixin.py:154} INFO - [2025-11-24T15:36:52.841+0000] {dag.py:3722} INFO - Setting next_dagrun for example_branch_datetime_operator_2 to 2025-11-23T00:00:00+00:00, run_after=2025-11-24T00:00:00+00:00
[2025-11-24T15:36:52.846+0000] {logging_mixin.py:154} INFO - [2025-11-24T15:36:52.846+0000] {dag.py:3722} INFO - Setting next_dagrun for example_branch_datetime_operator_3 to 2025-11-23T00:00:00+00:00, run_after=2025-11-24T00:00:00+00:00
[2025-11-24T15:36:52.869+0000] {processor.py:179} INFO - Processing /home/airflow/.local/lib/python3.10/site-packages/airflow/example_dags/example_branch_datetime_operator.py took 0.140 seconds
[2025-11-24T15:37:23.417+0000] {processor.py:157} INFO - Started process (PID=938) to work on /home/airflow/.local/lib/python3.10/site-packages/airflow/example_dags/example_branch_datetime_operator.py
[2025-11-24T15:37:23.419+0000] {processor.py:829} INFO - Processing file /home/airflow/.local/lib/python3.10/site-packages/airflow/example_dags/example_branch_datetime_operator.py for tasks to queue
[2025-11-24T15:37:23.421+0000] {logging_mixin.py:154} INFO - [2025-11-24T15:37:23.421+0000] {dagbag.py:536} INFO - Filling up the DagBag from /home/airflow/.local/lib/python3.10/site-packages/airflow/example_dags/example_branch_datetime_operator.py
[2025-11-24T15:37:23.436+0000] {processor.py:839} INFO - DAG(s) dict_keys(['example_branch_datetime_operator_3', 'example_branch_datetime_operator_2', 'example_branch_datetime_operator']) retrieved from /home/airflow/.local/lib/python3.10/site-packages/airflow/example_dags/example_branch_datetime_operator.py
[2025-11-24T15:37:23.477+0000] {logging_mixin.py:154} INFO - [2025-11-24T15:37:23.476+0000] {dag.py:2941} INFO - Sync 3 DAGs
[2025-11-24T15:37:23.512+0000] {logging_mixin.py:154} INFO - [2025-11-24T15:37:23.512+0000] {dag.py:3722} INFO - Setting next_dagrun for example_branch_datetime_operator to 2025-11-23T00:00:00+00:00, run_after=2025-11-24T00:00:00+00:00
[2025-11-24T15:37:23.520+0000] {logging_mixin.py:154} INFO - [2025-11-24T15:37:23.520+0000] {dag.py:3722} INFO - Setting next_dagrun for example_branch_datetime_operator_2 to 2025-11-23T00:00:00+00:00, run_after=2025-11-24T00:00:00+00:00
[2025-11-24T15:37:23.525+0000] {logging_mixin.py:154} INFO - [2025-11-24T15:37:23.524+0000] {dag.py:3722} INFO - Setting next_dagrun for example_branch_datetime_operator_3 to 2025-11-23T00:00:00+00:00, run_after=2025-11-24T00:00:00+00:00
[2025-11-24T15:37:23.546+0000] {processor.py:179} INFO - Processing /home/airflow/.local/lib/python3.10/site-packages/airflow/example_dags/example_branch_datetime_operator.py took 0.134 seconds
[2025-11-24T15:37:53.721+0000] {processor.py:157} INFO - Started process (PID=993) to work on /home/airflow/.local/lib/python3.10/site-packages/airflow/example_dags/example_branch_datetime_operator.py
[2025-11-24T15:37:53.722+0000] {processor.py:829} INFO - Processing file /home/airflow/.local/lib/python3.10/site-packages/airflow/example_dags/example_branch_datetime_operator.py for tasks to queue
[2025-11-24T15:37:53.725+0000] {logging_mixin.py:154} INFO - [2025-11-24T15:37:53.725+0000] {dagbag.py:536} INFO - Filling up the DagBag from /home/airflow/.local/lib/python3.10/site-packages/airflow/example_dags/example_branch_datetime_operator.py
[2025-11-24T15:37:53.741+0000] {processor.py:839} INFO - DAG(s) dict_keys(['example_branch_datetime_operator_2', 'example_branch_datetime_operator', 'example_branch_datetime_operator_3']) retrieved from /home/airflow/.local/lib/python3.10/site-packages/airflow/example_dags/example_branch_datetime_operator.py
[2025-11-24T15:37:53.819+0000] {logging_mixin.py:154} INFO - [2025-11-24T15:37:53.818+0000] {dag.py:2941} INFO - Sync 3 DAGs
[2025-11-24T15:37:53.862+0000] {logging_mixin.py:154} INFO - [2025-11-24T15:37:53.862+0000] {dag.py:3722} INFO - Setting next_dagrun for example_branch_datetime_operator to 2025-11-23T00:00:00+00:00, run_after=2025-11-24T00:00:00+00:00
[2025-11-24T15:37:53.872+0000] {logging_mixin.py:154} INFO - [2025-11-24T15:37:53.871+0000] {dag.py:3722} INFO - Setting next_dagrun for example_branch_datetime_operator_2 to 2025-11-23T00:00:00+00:00, run_after=2025-11-24T00:00:00+00:00
[2025-11-24T15:37:53.876+0000] {logging_mixin.py:154} INFO - [2025-11-24T15:37:53.876+0000] {dag.py:3722} INFO - Setting next_dagrun for example_branch_datetime_operator_3 to 2025-11-23T00:00:00+00:00, run_after=2025-11-24T00:00:00+00:00
[2025-11-24T15:37:53.915+0000] {processor.py:179} INFO - Processing /home/airflow/.local/lib/python3.10/site-packages/airflow/example_dags/example_branch_datetime_operator.py took 0.202 seconds
