[2025-11-24T15:29:04.497+0000] {processor.py:157} INFO - Started process (PID=47) to work on /home/airflow/.local/lib/python3.10/site-packages/airflow/example_dags/example_local_kubernetes_executor.py
[2025-11-24T15:29:04.510+0000] {processor.py:829} INFO - Processing file /home/airflow/.local/lib/python3.10/site-packages/airflow/example_dags/example_local_kubernetes_executor.py for tasks to queue
[2025-11-24T15:29:04.515+0000] {logging_mixin.py:154} INFO - [2025-11-24T15:29:04.514+0000] {dagbag.py:536} INFO - Filling up the DagBag from /home/airflow/.local/lib/python3.10/site-packages/airflow/example_dags/example_local_kubernetes_executor.py
[2025-11-24T15:29:04.562+0000] {processor.py:839} INFO - DAG(s) dict_keys(['example_local_kubernetes_executor']) retrieved from /home/airflow/.local/lib/python3.10/site-packages/airflow/example_dags/example_local_kubernetes_executor.py
[2025-11-24T15:29:05.181+0000] {logging_mixin.py:154} INFO - [2025-11-24T15:29:05.181+0000] {manager.py:499} INFO - Created Permission View: %s
[2025-11-24T15:29:05.216+0000] {logging_mixin.py:154} INFO - [2025-11-24T15:29:05.216+0000] {manager.py:499} INFO - Created Permission View: %s
[2025-11-24T15:29:05.244+0000] {logging_mixin.py:154} INFO - [2025-11-24T15:29:05.244+0000] {manager.py:499} INFO - Created Permission View: %s
[2025-11-24T15:29:05.245+0000] {logging_mixin.py:154} INFO - [2025-11-24T15:29:05.245+0000] {dag.py:2941} INFO - Sync 1 DAGs
[2025-11-24T15:29:05.300+0000] {logging_mixin.py:154} INFO - [2025-11-24T15:29:05.300+0000] {dag.py:2963} INFO - Creating ORM DAG for example_local_kubernetes_executor
[2025-11-24T15:29:05.311+0000] {logging_mixin.py:154} INFO - [2025-11-24T15:29:05.311+0000] {dag.py:3722} INFO - Setting next_dagrun for example_local_kubernetes_executor to None, run_after=None
[2025-11-24T15:29:05.380+0000] {processor.py:179} INFO - Processing /home/airflow/.local/lib/python3.10/site-packages/airflow/example_dags/example_local_kubernetes_executor.py took 0.892 seconds
[2025-11-24T15:29:36.281+0000] {processor.py:157} INFO - Started process (PID=101) to work on /home/airflow/.local/lib/python3.10/site-packages/airflow/example_dags/example_local_kubernetes_executor.py
[2025-11-24T15:29:36.286+0000] {processor.py:829} INFO - Processing file /home/airflow/.local/lib/python3.10/site-packages/airflow/example_dags/example_local_kubernetes_executor.py for tasks to queue
[2025-11-24T15:29:36.289+0000] {logging_mixin.py:154} INFO - [2025-11-24T15:29:36.288+0000] {dagbag.py:536} INFO - Filling up the DagBag from /home/airflow/.local/lib/python3.10/site-packages/airflow/example_dags/example_local_kubernetes_executor.py
[2025-11-24T15:29:36.302+0000] {processor.py:839} INFO - DAG(s) dict_keys(['example_local_kubernetes_executor']) retrieved from /home/airflow/.local/lib/python3.10/site-packages/airflow/example_dags/example_local_kubernetes_executor.py
[2025-11-24T15:29:36.352+0000] {logging_mixin.py:154} INFO - [2025-11-24T15:29:36.352+0000] {dag.py:2941} INFO - Sync 1 DAGs
[2025-11-24T15:29:36.373+0000] {logging_mixin.py:154} INFO - [2025-11-24T15:29:36.373+0000] {dag.py:3722} INFO - Setting next_dagrun for example_local_kubernetes_executor to None, run_after=None
[2025-11-24T15:29:36.400+0000] {processor.py:179} INFO - Processing /home/airflow/.local/lib/python3.10/site-packages/airflow/example_dags/example_local_kubernetes_executor.py took 0.126 seconds
[2025-11-24T15:30:06.847+0000] {processor.py:157} INFO - Started process (PID=155) to work on /home/airflow/.local/lib/python3.10/site-packages/airflow/example_dags/example_local_kubernetes_executor.py
[2025-11-24T15:30:06.849+0000] {processor.py:829} INFO - Processing file /home/airflow/.local/lib/python3.10/site-packages/airflow/example_dags/example_local_kubernetes_executor.py for tasks to queue
[2025-11-24T15:30:06.852+0000] {logging_mixin.py:154} INFO - [2025-11-24T15:30:06.851+0000] {dagbag.py:536} INFO - Filling up the DagBag from /home/airflow/.local/lib/python3.10/site-packages/airflow/example_dags/example_local_kubernetes_executor.py
[2025-11-24T15:30:06.864+0000] {processor.py:839} INFO - DAG(s) dict_keys(['example_local_kubernetes_executor']) retrieved from /home/airflow/.local/lib/python3.10/site-packages/airflow/example_dags/example_local_kubernetes_executor.py
[2025-11-24T15:30:06.917+0000] {logging_mixin.py:154} INFO - [2025-11-24T15:30:06.917+0000] {dag.py:2941} INFO - Sync 1 DAGs
[2025-11-24T15:30:06.936+0000] {logging_mixin.py:154} INFO - [2025-11-24T15:30:06.936+0000] {dag.py:3722} INFO - Setting next_dagrun for example_local_kubernetes_executor to None, run_after=None
[2025-11-24T15:30:06.981+0000] {processor.py:179} INFO - Processing /home/airflow/.local/lib/python3.10/site-packages/airflow/example_dags/example_local_kubernetes_executor.py took 0.138 seconds
[2025-11-24T15:30:37.037+0000] {processor.py:157} INFO - Started process (PID=209) to work on /home/airflow/.local/lib/python3.10/site-packages/airflow/example_dags/example_local_kubernetes_executor.py
[2025-11-24T15:30:37.040+0000] {processor.py:829} INFO - Processing file /home/airflow/.local/lib/python3.10/site-packages/airflow/example_dags/example_local_kubernetes_executor.py for tasks to queue
[2025-11-24T15:30:37.043+0000] {logging_mixin.py:154} INFO - [2025-11-24T15:30:37.042+0000] {dagbag.py:536} INFO - Filling up the DagBag from /home/airflow/.local/lib/python3.10/site-packages/airflow/example_dags/example_local_kubernetes_executor.py
[2025-11-24T15:30:37.053+0000] {processor.py:839} INFO - DAG(s) dict_keys(['example_local_kubernetes_executor']) retrieved from /home/airflow/.local/lib/python3.10/site-packages/airflow/example_dags/example_local_kubernetes_executor.py
[2025-11-24T15:30:37.104+0000] {logging_mixin.py:154} INFO - [2025-11-24T15:30:37.104+0000] {dag.py:2941} INFO - Sync 1 DAGs
[2025-11-24T15:30:37.126+0000] {logging_mixin.py:154} INFO - [2025-11-24T15:30:37.126+0000] {dag.py:3722} INFO - Setting next_dagrun for example_local_kubernetes_executor to None, run_after=None
[2025-11-24T15:30:37.153+0000] {processor.py:179} INFO - Processing /home/airflow/.local/lib/python3.10/site-packages/airflow/example_dags/example_local_kubernetes_executor.py took 0.120 seconds
[2025-11-24T15:31:07.827+0000] {processor.py:157} INFO - Started process (PID=264) to work on /home/airflow/.local/lib/python3.10/site-packages/airflow/example_dags/example_local_kubernetes_executor.py
[2025-11-24T15:31:07.833+0000] {processor.py:829} INFO - Processing file /home/airflow/.local/lib/python3.10/site-packages/airflow/example_dags/example_local_kubernetes_executor.py for tasks to queue
[2025-11-24T15:31:07.837+0000] {logging_mixin.py:154} INFO - [2025-11-24T15:31:07.837+0000] {dagbag.py:536} INFO - Filling up the DagBag from /home/airflow/.local/lib/python3.10/site-packages/airflow/example_dags/example_local_kubernetes_executor.py
[2025-11-24T15:31:07.854+0000] {processor.py:839} INFO - DAG(s) dict_keys(['example_local_kubernetes_executor']) retrieved from /home/airflow/.local/lib/python3.10/site-packages/airflow/example_dags/example_local_kubernetes_executor.py
[2025-11-24T15:31:07.912+0000] {logging_mixin.py:154} INFO - [2025-11-24T15:31:07.912+0000] {dag.py:2941} INFO - Sync 1 DAGs
[2025-11-24T15:31:07.933+0000] {logging_mixin.py:154} INFO - [2025-11-24T15:31:07.933+0000] {dag.py:3722} INFO - Setting next_dagrun for example_local_kubernetes_executor to None, run_after=None
[2025-11-24T15:31:08.007+0000] {processor.py:179} INFO - Processing /home/airflow/.local/lib/python3.10/site-packages/airflow/example_dags/example_local_kubernetes_executor.py took 0.193 seconds
[2025-11-24T15:31:38.098+0000] {processor.py:157} INFO - Started process (PID=318) to work on /home/airflow/.local/lib/python3.10/site-packages/airflow/example_dags/example_local_kubernetes_executor.py
[2025-11-24T15:31:38.104+0000] {processor.py:829} INFO - Processing file /home/airflow/.local/lib/python3.10/site-packages/airflow/example_dags/example_local_kubernetes_executor.py for tasks to queue
[2025-11-24T15:31:38.107+0000] {logging_mixin.py:154} INFO - [2025-11-24T15:31:38.107+0000] {dagbag.py:536} INFO - Filling up the DagBag from /home/airflow/.local/lib/python3.10/site-packages/airflow/example_dags/example_local_kubernetes_executor.py
[2025-11-24T15:31:38.118+0000] {processor.py:839} INFO - DAG(s) dict_keys(['example_local_kubernetes_executor']) retrieved from /home/airflow/.local/lib/python3.10/site-packages/airflow/example_dags/example_local_kubernetes_executor.py
[2025-11-24T15:31:38.170+0000] {logging_mixin.py:154} INFO - [2025-11-24T15:31:38.169+0000] {dag.py:2941} INFO - Sync 1 DAGs
[2025-11-24T15:31:38.189+0000] {logging_mixin.py:154} INFO - [2025-11-24T15:31:38.189+0000] {dag.py:3722} INFO - Setting next_dagrun for example_local_kubernetes_executor to None, run_after=None
[2025-11-24T15:31:38.225+0000] {processor.py:179} INFO - Processing /home/airflow/.local/lib/python3.10/site-packages/airflow/example_dags/example_local_kubernetes_executor.py took 0.132 seconds
[2025-11-24T15:32:08.636+0000] {processor.py:157} INFO - Started process (PID=372) to work on /home/airflow/.local/lib/python3.10/site-packages/airflow/example_dags/example_local_kubernetes_executor.py
[2025-11-24T15:32:08.638+0000] {processor.py:829} INFO - Processing file /home/airflow/.local/lib/python3.10/site-packages/airflow/example_dags/example_local_kubernetes_executor.py for tasks to queue
[2025-11-24T15:32:08.641+0000] {logging_mixin.py:154} INFO - [2025-11-24T15:32:08.641+0000] {dagbag.py:536} INFO - Filling up the DagBag from /home/airflow/.local/lib/python3.10/site-packages/airflow/example_dags/example_local_kubernetes_executor.py
[2025-11-24T15:32:08.652+0000] {processor.py:839} INFO - DAG(s) dict_keys(['example_local_kubernetes_executor']) retrieved from /home/airflow/.local/lib/python3.10/site-packages/airflow/example_dags/example_local_kubernetes_executor.py
[2025-11-24T15:32:08.737+0000] {logging_mixin.py:154} INFO - [2025-11-24T15:32:08.736+0000] {dag.py:2941} INFO - Sync 1 DAGs
[2025-11-24T15:32:08.766+0000] {logging_mixin.py:154} INFO - [2025-11-24T15:32:08.762+0000] {dag.py:3722} INFO - Setting next_dagrun for example_local_kubernetes_executor to None, run_after=None
[2025-11-24T15:32:08.829+0000] {processor.py:179} INFO - Processing /home/airflow/.local/lib/python3.10/site-packages/airflow/example_dags/example_local_kubernetes_executor.py took 0.198 seconds
[2025-11-24T15:32:38.920+0000] {processor.py:157} INFO - Started process (PID=425) to work on /home/airflow/.local/lib/python3.10/site-packages/airflow/example_dags/example_local_kubernetes_executor.py
[2025-11-24T15:32:38.921+0000] {processor.py:829} INFO - Processing file /home/airflow/.local/lib/python3.10/site-packages/airflow/example_dags/example_local_kubernetes_executor.py for tasks to queue
[2025-11-24T15:32:38.924+0000] {logging_mixin.py:154} INFO - [2025-11-24T15:32:38.924+0000] {dagbag.py:536} INFO - Filling up the DagBag from /home/airflow/.local/lib/python3.10/site-packages/airflow/example_dags/example_local_kubernetes_executor.py
[2025-11-24T15:32:38.936+0000] {processor.py:839} INFO - DAG(s) dict_keys(['example_local_kubernetes_executor']) retrieved from /home/airflow/.local/lib/python3.10/site-packages/airflow/example_dags/example_local_kubernetes_executor.py
[2025-11-24T15:32:38.988+0000] {logging_mixin.py:154} INFO - [2025-11-24T15:32:38.988+0000] {dag.py:2941} INFO - Sync 1 DAGs
[2025-11-24T15:32:39.008+0000] {logging_mixin.py:154} INFO - [2025-11-24T15:32:39.008+0000] {dag.py:3722} INFO - Setting next_dagrun for example_local_kubernetes_executor to None, run_after=None
[2025-11-24T15:32:39.034+0000] {processor.py:179} INFO - Processing /home/airflow/.local/lib/python3.10/site-packages/airflow/example_dags/example_local_kubernetes_executor.py took 0.119 seconds
[2025-11-24T15:33:09.826+0000] {processor.py:157} INFO - Started process (PID=479) to work on /home/airflow/.local/lib/python3.10/site-packages/airflow/example_dags/example_local_kubernetes_executor.py
[2025-11-24T15:33:09.841+0000] {processor.py:829} INFO - Processing file /home/airflow/.local/lib/python3.10/site-packages/airflow/example_dags/example_local_kubernetes_executor.py for tasks to queue
[2025-11-24T15:33:09.845+0000] {logging_mixin.py:154} INFO - [2025-11-24T15:33:09.844+0000] {dagbag.py:536} INFO - Filling up the DagBag from /home/airflow/.local/lib/python3.10/site-packages/airflow/example_dags/example_local_kubernetes_executor.py
[2025-11-24T15:33:09.879+0000] {processor.py:839} INFO - DAG(s) dict_keys(['example_local_kubernetes_executor']) retrieved from /home/airflow/.local/lib/python3.10/site-packages/airflow/example_dags/example_local_kubernetes_executor.py
[2025-11-24T15:33:09.988+0000] {logging_mixin.py:154} INFO - [2025-11-24T15:33:09.988+0000] {dag.py:2941} INFO - Sync 1 DAGs
[2025-11-24T15:33:10.021+0000] {logging_mixin.py:154} INFO - [2025-11-24T15:33:10.020+0000] {dag.py:3722} INFO - Setting next_dagrun for example_local_kubernetes_executor to None, run_after=None
[2025-11-24T15:33:10.051+0000] {processor.py:179} INFO - Processing /home/airflow/.local/lib/python3.10/site-packages/airflow/example_dags/example_local_kubernetes_executor.py took 0.246 seconds
[2025-11-24T15:33:40.122+0000] {processor.py:157} INFO - Started process (PID=533) to work on /home/airflow/.local/lib/python3.10/site-packages/airflow/example_dags/example_local_kubernetes_executor.py
[2025-11-24T15:33:40.126+0000] {processor.py:829} INFO - Processing file /home/airflow/.local/lib/python3.10/site-packages/airflow/example_dags/example_local_kubernetes_executor.py for tasks to queue
[2025-11-24T15:33:40.129+0000] {logging_mixin.py:154} INFO - [2025-11-24T15:33:40.129+0000] {dagbag.py:536} INFO - Filling up the DagBag from /home/airflow/.local/lib/python3.10/site-packages/airflow/example_dags/example_local_kubernetes_executor.py
[2025-11-24T15:33:40.139+0000] {processor.py:839} INFO - DAG(s) dict_keys(['example_local_kubernetes_executor']) retrieved from /home/airflow/.local/lib/python3.10/site-packages/airflow/example_dags/example_local_kubernetes_executor.py
[2025-11-24T15:33:40.191+0000] {logging_mixin.py:154} INFO - [2025-11-24T15:33:40.191+0000] {dag.py:2941} INFO - Sync 1 DAGs
[2025-11-24T15:33:40.234+0000] {logging_mixin.py:154} INFO - [2025-11-24T15:33:40.228+0000] {dag.py:3722} INFO - Setting next_dagrun for example_local_kubernetes_executor to None, run_after=None
[2025-11-24T15:33:40.267+0000] {processor.py:179} INFO - Processing /home/airflow/.local/lib/python3.10/site-packages/airflow/example_dags/example_local_kubernetes_executor.py took 0.150 seconds
[2025-11-24T15:34:10.603+0000] {processor.py:157} INFO - Started process (PID=587) to work on /home/airflow/.local/lib/python3.10/site-packages/airflow/example_dags/example_local_kubernetes_executor.py
[2025-11-24T15:34:10.604+0000] {processor.py:829} INFO - Processing file /home/airflow/.local/lib/python3.10/site-packages/airflow/example_dags/example_local_kubernetes_executor.py for tasks to queue
[2025-11-24T15:34:10.607+0000] {logging_mixin.py:154} INFO - [2025-11-24T15:34:10.606+0000] {dagbag.py:536} INFO - Filling up the DagBag from /home/airflow/.local/lib/python3.10/site-packages/airflow/example_dags/example_local_kubernetes_executor.py
[2025-11-24T15:34:10.622+0000] {processor.py:839} INFO - DAG(s) dict_keys(['example_local_kubernetes_executor']) retrieved from /home/airflow/.local/lib/python3.10/site-packages/airflow/example_dags/example_local_kubernetes_executor.py
[2025-11-24T15:34:10.679+0000] {logging_mixin.py:154} INFO - [2025-11-24T15:34:10.678+0000] {dag.py:2941} INFO - Sync 1 DAGs
[2025-11-24T15:34:10.698+0000] {logging_mixin.py:154} INFO - [2025-11-24T15:34:10.697+0000] {dag.py:3722} INFO - Setting next_dagrun for example_local_kubernetes_executor to None, run_after=None
[2025-11-24T15:34:10.723+0000] {processor.py:179} INFO - Processing /home/airflow/.local/lib/python3.10/site-packages/airflow/example_dags/example_local_kubernetes_executor.py took 0.126 seconds
[2025-11-24T15:34:41.085+0000] {processor.py:157} INFO - Started process (PID=641) to work on /home/airflow/.local/lib/python3.10/site-packages/airflow/example_dags/example_local_kubernetes_executor.py
[2025-11-24T15:34:41.086+0000] {processor.py:829} INFO - Processing file /home/airflow/.local/lib/python3.10/site-packages/airflow/example_dags/example_local_kubernetes_executor.py for tasks to queue
[2025-11-24T15:34:41.090+0000] {logging_mixin.py:154} INFO - [2025-11-24T15:34:41.089+0000] {dagbag.py:536} INFO - Filling up the DagBag from /home/airflow/.local/lib/python3.10/site-packages/airflow/example_dags/example_local_kubernetes_executor.py
[2025-11-24T15:34:41.102+0000] {processor.py:839} INFO - DAG(s) dict_keys(['example_local_kubernetes_executor']) retrieved from /home/airflow/.local/lib/python3.10/site-packages/airflow/example_dags/example_local_kubernetes_executor.py
[2025-11-24T15:34:41.153+0000] {logging_mixin.py:154} INFO - [2025-11-24T15:34:41.153+0000] {dag.py:2941} INFO - Sync 1 DAGs
[2025-11-24T15:34:41.178+0000] {logging_mixin.py:154} INFO - [2025-11-24T15:34:41.177+0000] {dag.py:3722} INFO - Setting next_dagrun for example_local_kubernetes_executor to None, run_after=None
[2025-11-24T15:34:41.202+0000] {processor.py:179} INFO - Processing /home/airflow/.local/lib/python3.10/site-packages/airflow/example_dags/example_local_kubernetes_executor.py took 0.122 seconds
[2025-11-24T15:35:11.909+0000] {processor.py:157} INFO - Started process (PID=694) to work on /home/airflow/.local/lib/python3.10/site-packages/airflow/example_dags/example_local_kubernetes_executor.py
[2025-11-24T15:35:11.911+0000] {processor.py:829} INFO - Processing file /home/airflow/.local/lib/python3.10/site-packages/airflow/example_dags/example_local_kubernetes_executor.py for tasks to queue
[2025-11-24T15:35:11.914+0000] {logging_mixin.py:154} INFO - [2025-11-24T15:35:11.914+0000] {dagbag.py:536} INFO - Filling up the DagBag from /home/airflow/.local/lib/python3.10/site-packages/airflow/example_dags/example_local_kubernetes_executor.py
[2025-11-24T15:35:11.925+0000] {processor.py:839} INFO - DAG(s) dict_keys(['example_local_kubernetes_executor']) retrieved from /home/airflow/.local/lib/python3.10/site-packages/airflow/example_dags/example_local_kubernetes_executor.py
[2025-11-24T15:35:11.976+0000] {logging_mixin.py:154} INFO - [2025-11-24T15:35:11.976+0000] {dag.py:2941} INFO - Sync 1 DAGs
[2025-11-24T15:35:11.995+0000] {logging_mixin.py:154} INFO - [2025-11-24T15:35:11.995+0000] {dag.py:3722} INFO - Setting next_dagrun for example_local_kubernetes_executor to None, run_after=None
[2025-11-24T15:35:12.027+0000] {processor.py:179} INFO - Processing /home/airflow/.local/lib/python3.10/site-packages/airflow/example_dags/example_local_kubernetes_executor.py took 0.122 seconds
[2025-11-24T15:35:42.378+0000] {processor.py:157} INFO - Started process (PID=747) to work on /home/airflow/.local/lib/python3.10/site-packages/airflow/example_dags/example_local_kubernetes_executor.py
[2025-11-24T15:35:42.380+0000] {processor.py:829} INFO - Processing file /home/airflow/.local/lib/python3.10/site-packages/airflow/example_dags/example_local_kubernetes_executor.py for tasks to queue
[2025-11-24T15:35:42.383+0000] {logging_mixin.py:154} INFO - [2025-11-24T15:35:42.383+0000] {dagbag.py:536} INFO - Filling up the DagBag from /home/airflow/.local/lib/python3.10/site-packages/airflow/example_dags/example_local_kubernetes_executor.py
[2025-11-24T15:35:42.394+0000] {processor.py:839} INFO - DAG(s) dict_keys(['example_local_kubernetes_executor']) retrieved from /home/airflow/.local/lib/python3.10/site-packages/airflow/example_dags/example_local_kubernetes_executor.py
[2025-11-24T15:35:42.445+0000] {logging_mixin.py:154} INFO - [2025-11-24T15:35:42.445+0000] {dag.py:2941} INFO - Sync 1 DAGs
[2025-11-24T15:35:42.466+0000] {logging_mixin.py:154} INFO - [2025-11-24T15:35:42.466+0000] {dag.py:3722} INFO - Setting next_dagrun for example_local_kubernetes_executor to None, run_after=None
[2025-11-24T15:35:42.543+0000] {processor.py:179} INFO - Processing /home/airflow/.local/lib/python3.10/site-packages/airflow/example_dags/example_local_kubernetes_executor.py took 0.177 seconds
[2025-11-24T15:36:12.652+0000] {processor.py:157} INFO - Started process (PID=801) to work on /home/airflow/.local/lib/python3.10/site-packages/airflow/example_dags/example_local_kubernetes_executor.py
[2025-11-24T15:36:12.667+0000] {processor.py:829} INFO - Processing file /home/airflow/.local/lib/python3.10/site-packages/airflow/example_dags/example_local_kubernetes_executor.py for tasks to queue
[2025-11-24T15:36:12.675+0000] {logging_mixin.py:154} INFO - [2025-11-24T15:36:12.675+0000] {dagbag.py:536} INFO - Filling up the DagBag from /home/airflow/.local/lib/python3.10/site-packages/airflow/example_dags/example_local_kubernetes_executor.py
[2025-11-24T15:36:12.702+0000] {processor.py:839} INFO - DAG(s) dict_keys(['example_local_kubernetes_executor']) retrieved from /home/airflow/.local/lib/python3.10/site-packages/airflow/example_dags/example_local_kubernetes_executor.py
[2025-11-24T15:36:12.772+0000] {logging_mixin.py:154} INFO - [2025-11-24T15:36:12.772+0000] {dag.py:2941} INFO - Sync 1 DAGs
[2025-11-24T15:36:12.805+0000] {logging_mixin.py:154} INFO - [2025-11-24T15:36:12.805+0000] {dag.py:3722} INFO - Setting next_dagrun for example_local_kubernetes_executor to None, run_after=None
[2025-11-24T15:36:12.886+0000] {processor.py:179} INFO - Processing /home/airflow/.local/lib/python3.10/site-packages/airflow/example_dags/example_local_kubernetes_executor.py took 0.247 seconds
[2025-11-24T15:36:43.759+0000] {processor.py:157} INFO - Started process (PID=856) to work on /home/airflow/.local/lib/python3.10/site-packages/airflow/example_dags/example_local_kubernetes_executor.py
[2025-11-24T15:36:43.770+0000] {processor.py:829} INFO - Processing file /home/airflow/.local/lib/python3.10/site-packages/airflow/example_dags/example_local_kubernetes_executor.py for tasks to queue
[2025-11-24T15:36:43.773+0000] {logging_mixin.py:154} INFO - [2025-11-24T15:36:43.773+0000] {dagbag.py:536} INFO - Filling up the DagBag from /home/airflow/.local/lib/python3.10/site-packages/airflow/example_dags/example_local_kubernetes_executor.py
[2025-11-24T15:36:43.794+0000] {processor.py:839} INFO - DAG(s) dict_keys(['example_local_kubernetes_executor']) retrieved from /home/airflow/.local/lib/python3.10/site-packages/airflow/example_dags/example_local_kubernetes_executor.py
[2025-11-24T15:36:43.853+0000] {logging_mixin.py:154} INFO - [2025-11-24T15:36:43.853+0000] {dag.py:2941} INFO - Sync 1 DAGs
[2025-11-24T15:36:43.872+0000] {logging_mixin.py:154} INFO - [2025-11-24T15:36:43.872+0000] {dag.py:3722} INFO - Setting next_dagrun for example_local_kubernetes_executor to None, run_after=None
[2025-11-24T15:36:43.917+0000] {processor.py:179} INFO - Processing /home/airflow/.local/lib/python3.10/site-packages/airflow/example_dags/example_local_kubernetes_executor.py took 0.166 seconds
[2025-11-24T15:37:14.005+0000] {processor.py:157} INFO - Started process (PID=909) to work on /home/airflow/.local/lib/python3.10/site-packages/airflow/example_dags/example_local_kubernetes_executor.py
[2025-11-24T15:37:14.007+0000] {processor.py:829} INFO - Processing file /home/airflow/.local/lib/python3.10/site-packages/airflow/example_dags/example_local_kubernetes_executor.py for tasks to queue
[2025-11-24T15:37:14.010+0000] {logging_mixin.py:154} INFO - [2025-11-24T15:37:14.009+0000] {dagbag.py:536} INFO - Filling up the DagBag from /home/airflow/.local/lib/python3.10/site-packages/airflow/example_dags/example_local_kubernetes_executor.py
[2025-11-24T15:37:14.018+0000] {processor.py:839} INFO - DAG(s) dict_keys(['example_local_kubernetes_executor']) retrieved from /home/airflow/.local/lib/python3.10/site-packages/airflow/example_dags/example_local_kubernetes_executor.py
[2025-11-24T15:37:14.057+0000] {logging_mixin.py:154} INFO - [2025-11-24T15:37:14.056+0000] {dag.py:2941} INFO - Sync 1 DAGs
[2025-11-24T15:37:14.070+0000] {logging_mixin.py:154} INFO - [2025-11-24T15:37:14.070+0000] {dag.py:3722} INFO - Setting next_dagrun for example_local_kubernetes_executor to None, run_after=None
[2025-11-24T15:37:14.089+0000] {processor.py:179} INFO - Processing /home/airflow/.local/lib/python3.10/site-packages/airflow/example_dags/example_local_kubernetes_executor.py took 0.087 seconds
[2025-11-24T15:37:44.165+0000] {processor.py:157} INFO - Started process (PID=963) to work on /home/airflow/.local/lib/python3.10/site-packages/airflow/example_dags/example_local_kubernetes_executor.py
[2025-11-24T15:37:44.167+0000] {processor.py:829} INFO - Processing file /home/airflow/.local/lib/python3.10/site-packages/airflow/example_dags/example_local_kubernetes_executor.py for tasks to queue
[2025-11-24T15:37:44.169+0000] {logging_mixin.py:154} INFO - [2025-11-24T15:37:44.169+0000] {dagbag.py:536} INFO - Filling up the DagBag from /home/airflow/.local/lib/python3.10/site-packages/airflow/example_dags/example_local_kubernetes_executor.py
[2025-11-24T15:37:44.178+0000] {processor.py:839} INFO - DAG(s) dict_keys(['example_local_kubernetes_executor']) retrieved from /home/airflow/.local/lib/python3.10/site-packages/airflow/example_dags/example_local_kubernetes_executor.py
[2025-11-24T15:37:44.218+0000] {logging_mixin.py:154} INFO - [2025-11-24T15:37:44.217+0000] {dag.py:2941} INFO - Sync 1 DAGs
[2025-11-24T15:37:44.233+0000] {logging_mixin.py:154} INFO - [2025-11-24T15:37:44.233+0000] {dag.py:3722} INFO - Setting next_dagrun for example_local_kubernetes_executor to None, run_after=None
[2025-11-24T15:37:44.265+0000] {processor.py:179} INFO - Processing /home/airflow/.local/lib/python3.10/site-packages/airflow/example_dags/example_local_kubernetes_executor.py took 0.106 seconds
[2025-11-24T15:38:14.803+0000] {processor.py:157} INFO - Started process (PID=1019) to work on /home/airflow/.local/lib/python3.10/site-packages/airflow/example_dags/example_local_kubernetes_executor.py
[2025-11-24T15:38:14.804+0000] {processor.py:829} INFO - Processing file /home/airflow/.local/lib/python3.10/site-packages/airflow/example_dags/example_local_kubernetes_executor.py for tasks to queue
[2025-11-24T15:38:14.806+0000] {logging_mixin.py:154} INFO - [2025-11-24T15:38:14.806+0000] {dagbag.py:536} INFO - Filling up the DagBag from /home/airflow/.local/lib/python3.10/site-packages/airflow/example_dags/example_local_kubernetes_executor.py
[2025-11-24T15:38:14.817+0000] {processor.py:839} INFO - DAG(s) dict_keys(['example_local_kubernetes_executor']) retrieved from /home/airflow/.local/lib/python3.10/site-packages/airflow/example_dags/example_local_kubernetes_executor.py
[2025-11-24T15:38:14.855+0000] {logging_mixin.py:154} INFO - [2025-11-24T15:38:14.855+0000] {dag.py:2941} INFO - Sync 1 DAGs
[2025-11-24T15:38:14.869+0000] {logging_mixin.py:154} INFO - [2025-11-24T15:38:14.868+0000] {dag.py:3722} INFO - Setting next_dagrun for example_local_kubernetes_executor to None, run_after=None
[2025-11-24T15:38:14.888+0000] {processor.py:179} INFO - Processing /home/airflow/.local/lib/python3.10/site-packages/airflow/example_dags/example_local_kubernetes_executor.py took 0.091 seconds
