[2025-11-24T15:29:14.268+0000] {processor.py:157} INFO - Started process (PID=76) to work on /home/airflow/.local/lib/python3.10/site-packages/airflow/example_dags/example_branch_operator.py
[2025-11-24T15:29:14.274+0000] {processor.py:829} INFO - Processing file /home/airflow/.local/lib/python3.10/site-packages/airflow/example_dags/example_branch_operator.py for tasks to queue
[2025-11-24T15:29:14.286+0000] {logging_mixin.py:154} INFO - [2025-11-24T15:29:14.282+0000] {dagbag.py:536} INFO - Filling up the DagBag from /home/airflow/.local/lib/python3.10/site-packages/airflow/example_dags/example_branch_operator.py
[2025-11-24T15:29:14.312+0000] {processor.py:839} INFO - DAG(s) dict_keys(['example_branch_operator']) retrieved from /home/airflow/.local/lib/python3.10/site-packages/airflow/example_dags/example_branch_operator.py
[2025-11-24T15:29:14.651+0000] {logging_mixin.py:154} INFO - [2025-11-24T15:29:14.651+0000] {manager.py:499} INFO - Created Permission View: %s
[2025-11-24T15:29:14.682+0000] {logging_mixin.py:154} INFO - [2025-11-24T15:29:14.681+0000] {manager.py:499} INFO - Created Permission View: %s
[2025-11-24T15:29:14.701+0000] {logging_mixin.py:154} INFO - [2025-11-24T15:29:14.700+0000] {manager.py:499} INFO - Created Permission View: %s
[2025-11-24T15:29:14.702+0000] {logging_mixin.py:154} INFO - [2025-11-24T15:29:14.702+0000] {dag.py:2941} INFO - Sync 1 DAGs
[2025-11-24T15:29:14.736+0000] {logging_mixin.py:154} INFO - [2025-11-24T15:29:14.736+0000] {dag.py:2963} INFO - Creating ORM DAG for example_branch_operator
[2025-11-24T15:29:14.775+0000] {logging_mixin.py:154} INFO - [2025-11-24T15:29:14.775+0000] {dag.py:3722} INFO - Setting next_dagrun for example_branch_operator to 2025-11-23T00:00:00+00:00, run_after=2025-11-24T00:00:00+00:00
[2025-11-24T15:29:14.828+0000] {processor.py:179} INFO - Processing /home/airflow/.local/lib/python3.10/site-packages/airflow/example_dags/example_branch_operator.py took 0.579 seconds
[2025-11-24T15:29:44.851+0000] {processor.py:157} INFO - Started process (PID=130) to work on /home/airflow/.local/lib/python3.10/site-packages/airflow/example_dags/example_branch_operator.py
[2025-11-24T15:29:44.852+0000] {processor.py:829} INFO - Processing file /home/airflow/.local/lib/python3.10/site-packages/airflow/example_dags/example_branch_operator.py for tasks to queue
[2025-11-24T15:29:44.854+0000] {logging_mixin.py:154} INFO - [2025-11-24T15:29:44.854+0000] {dagbag.py:536} INFO - Filling up the DagBag from /home/airflow/.local/lib/python3.10/site-packages/airflow/example_dags/example_branch_operator.py
[2025-11-24T15:29:44.865+0000] {processor.py:839} INFO - DAG(s) dict_keys(['example_branch_operator']) retrieved from /home/airflow/.local/lib/python3.10/site-packages/airflow/example_dags/example_branch_operator.py
[2025-11-24T15:29:44.889+0000] {logging_mixin.py:154} INFO - [2025-11-24T15:29:44.889+0000] {dag.py:2941} INFO - Sync 1 DAGs
[2025-11-24T15:29:44.915+0000] {logging_mixin.py:154} INFO - [2025-11-24T15:29:44.915+0000] {dag.py:3722} INFO - Setting next_dagrun for example_branch_operator to 2025-11-23T00:00:00+00:00, run_after=2025-11-24T00:00:00+00:00
[2025-11-24T15:29:44.968+0000] {processor.py:179} INFO - Processing /home/airflow/.local/lib/python3.10/site-packages/airflow/example_dags/example_branch_operator.py took 0.121 seconds
[2025-11-24T15:30:15.452+0000] {processor.py:157} INFO - Started process (PID=184) to work on /home/airflow/.local/lib/python3.10/site-packages/airflow/example_dags/example_branch_operator.py
[2025-11-24T15:30:15.466+0000] {processor.py:829} INFO - Processing file /home/airflow/.local/lib/python3.10/site-packages/airflow/example_dags/example_branch_operator.py for tasks to queue
[2025-11-24T15:30:15.469+0000] {logging_mixin.py:154} INFO - [2025-11-24T15:30:15.469+0000] {dagbag.py:536} INFO - Filling up the DagBag from /home/airflow/.local/lib/python3.10/site-packages/airflow/example_dags/example_branch_operator.py
[2025-11-24T15:30:15.484+0000] {processor.py:839} INFO - DAG(s) dict_keys(['example_branch_operator']) retrieved from /home/airflow/.local/lib/python3.10/site-packages/airflow/example_dags/example_branch_operator.py
[2025-11-24T15:30:15.518+0000] {logging_mixin.py:154} INFO - [2025-11-24T15:30:15.518+0000] {dag.py:2941} INFO - Sync 1 DAGs
[2025-11-24T15:30:15.551+0000] {logging_mixin.py:154} INFO - [2025-11-24T15:30:15.551+0000] {dag.py:3722} INFO - Setting next_dagrun for example_branch_operator to 2025-11-23T00:00:00+00:00, run_after=2025-11-24T00:00:00+00:00
[2025-11-24T15:30:15.576+0000] {processor.py:179} INFO - Processing /home/airflow/.local/lib/python3.10/site-packages/airflow/example_dags/example_branch_operator.py took 0.130 seconds
[2025-11-24T15:30:45.769+0000] {processor.py:157} INFO - Started process (PID=239) to work on /home/airflow/.local/lib/python3.10/site-packages/airflow/example_dags/example_branch_operator.py
[2025-11-24T15:30:45.770+0000] {processor.py:829} INFO - Processing file /home/airflow/.local/lib/python3.10/site-packages/airflow/example_dags/example_branch_operator.py for tasks to queue
[2025-11-24T15:30:45.772+0000] {logging_mixin.py:154} INFO - [2025-11-24T15:30:45.772+0000] {dagbag.py:536} INFO - Filling up the DagBag from /home/airflow/.local/lib/python3.10/site-packages/airflow/example_dags/example_branch_operator.py
[2025-11-24T15:30:45.786+0000] {processor.py:839} INFO - DAG(s) dict_keys(['example_branch_operator']) retrieved from /home/airflow/.local/lib/python3.10/site-packages/airflow/example_dags/example_branch_operator.py
[2025-11-24T15:30:45.820+0000] {logging_mixin.py:154} INFO - [2025-11-24T15:30:45.820+0000] {dag.py:2941} INFO - Sync 1 DAGs
[2025-11-24T15:30:45.854+0000] {logging_mixin.py:154} INFO - [2025-11-24T15:30:45.854+0000] {dag.py:3722} INFO - Setting next_dagrun for example_branch_operator to 2025-11-23T00:00:00+00:00, run_after=2025-11-24T00:00:00+00:00
[2025-11-24T15:30:45.878+0000] {processor.py:179} INFO - Processing /home/airflow/.local/lib/python3.10/site-packages/airflow/example_dags/example_branch_operator.py took 0.115 seconds
[2025-11-24T15:31:16.375+0000] {processor.py:157} INFO - Started process (PID=293) to work on /home/airflow/.local/lib/python3.10/site-packages/airflow/example_dags/example_branch_operator.py
[2025-11-24T15:31:16.377+0000] {processor.py:829} INFO - Processing file /home/airflow/.local/lib/python3.10/site-packages/airflow/example_dags/example_branch_operator.py for tasks to queue
[2025-11-24T15:31:16.379+0000] {logging_mixin.py:154} INFO - [2025-11-24T15:31:16.379+0000] {dagbag.py:536} INFO - Filling up the DagBag from /home/airflow/.local/lib/python3.10/site-packages/airflow/example_dags/example_branch_operator.py
[2025-11-24T15:31:16.397+0000] {processor.py:839} INFO - DAG(s) dict_keys(['example_branch_operator']) retrieved from /home/airflow/.local/lib/python3.10/site-packages/airflow/example_dags/example_branch_operator.py
[2025-11-24T15:31:16.430+0000] {logging_mixin.py:154} INFO - [2025-11-24T15:31:16.430+0000] {dag.py:2941} INFO - Sync 1 DAGs
[2025-11-24T15:31:16.466+0000] {logging_mixin.py:154} INFO - [2025-11-24T15:31:16.466+0000] {dag.py:3722} INFO - Setting next_dagrun for example_branch_operator to 2025-11-23T00:00:00+00:00, run_after=2025-11-24T00:00:00+00:00
[2025-11-24T15:31:16.489+0000] {processor.py:179} INFO - Processing /home/airflow/.local/lib/python3.10/site-packages/airflow/example_dags/example_branch_operator.py took 0.120 seconds
[2025-11-24T15:31:46.910+0000] {processor.py:157} INFO - Started process (PID=347) to work on /home/airflow/.local/lib/python3.10/site-packages/airflow/example_dags/example_branch_operator.py
[2025-11-24T15:31:46.912+0000] {processor.py:829} INFO - Processing file /home/airflow/.local/lib/python3.10/site-packages/airflow/example_dags/example_branch_operator.py for tasks to queue
[2025-11-24T15:31:46.914+0000] {logging_mixin.py:154} INFO - [2025-11-24T15:31:46.914+0000] {dagbag.py:536} INFO - Filling up the DagBag from /home/airflow/.local/lib/python3.10/site-packages/airflow/example_dags/example_branch_operator.py
[2025-11-24T15:31:46.928+0000] {processor.py:839} INFO - DAG(s) dict_keys(['example_branch_operator']) retrieved from /home/airflow/.local/lib/python3.10/site-packages/airflow/example_dags/example_branch_operator.py
[2025-11-24T15:31:46.963+0000] {logging_mixin.py:154} INFO - [2025-11-24T15:31:46.963+0000] {dag.py:2941} INFO - Sync 1 DAGs
[2025-11-24T15:31:46.998+0000] {logging_mixin.py:154} INFO - [2025-11-24T15:31:46.998+0000] {dag.py:3722} INFO - Setting next_dagrun for example_branch_operator to 2025-11-23T00:00:00+00:00, run_after=2025-11-24T00:00:00+00:00
[2025-11-24T15:31:47.022+0000] {processor.py:179} INFO - Processing /home/airflow/.local/lib/python3.10/site-packages/airflow/example_dags/example_branch_operator.py took 0.118 seconds
[2025-11-24T15:32:17.603+0000] {processor.py:157} INFO - Started process (PID=400) to work on /home/airflow/.local/lib/python3.10/site-packages/airflow/example_dags/example_branch_operator.py
[2025-11-24T15:32:17.612+0000] {processor.py:829} INFO - Processing file /home/airflow/.local/lib/python3.10/site-packages/airflow/example_dags/example_branch_operator.py for tasks to queue
[2025-11-24T15:32:17.615+0000] {logging_mixin.py:154} INFO - [2025-11-24T15:32:17.615+0000] {dagbag.py:536} INFO - Filling up the DagBag from /home/airflow/.local/lib/python3.10/site-packages/airflow/example_dags/example_branch_operator.py
[2025-11-24T15:32:17.630+0000] {processor.py:839} INFO - DAG(s) dict_keys(['example_branch_operator']) retrieved from /home/airflow/.local/lib/python3.10/site-packages/airflow/example_dags/example_branch_operator.py
[2025-11-24T15:32:17.664+0000] {logging_mixin.py:154} INFO - [2025-11-24T15:32:17.664+0000] {dag.py:2941} INFO - Sync 1 DAGs
[2025-11-24T15:32:17.698+0000] {logging_mixin.py:154} INFO - [2025-11-24T15:32:17.698+0000] {dag.py:3722} INFO - Setting next_dagrun for example_branch_operator to 2025-11-23T00:00:00+00:00, run_after=2025-11-24T00:00:00+00:00
[2025-11-24T15:32:17.732+0000] {processor.py:179} INFO - Processing /home/airflow/.local/lib/python3.10/site-packages/airflow/example_dags/example_branch_operator.py took 0.135 seconds
[2025-11-24T15:32:48.889+0000] {processor.py:157} INFO - Started process (PID=454) to work on /home/airflow/.local/lib/python3.10/site-packages/airflow/example_dags/example_branch_operator.py
[2025-11-24T15:32:48.907+0000] {processor.py:829} INFO - Processing file /home/airflow/.local/lib/python3.10/site-packages/airflow/example_dags/example_branch_operator.py for tasks to queue
[2025-11-24T15:32:48.910+0000] {logging_mixin.py:154} INFO - [2025-11-24T15:32:48.909+0000] {dagbag.py:536} INFO - Filling up the DagBag from /home/airflow/.local/lib/python3.10/site-packages/airflow/example_dags/example_branch_operator.py
[2025-11-24T15:32:48.932+0000] {processor.py:839} INFO - DAG(s) dict_keys(['example_branch_operator']) retrieved from /home/airflow/.local/lib/python3.10/site-packages/airflow/example_dags/example_branch_operator.py
[2025-11-24T15:32:49.003+0000] {logging_mixin.py:154} INFO - [2025-11-24T15:32:49.003+0000] {dag.py:2941} INFO - Sync 1 DAGs
[2025-11-24T15:32:49.110+0000] {logging_mixin.py:154} INFO - [2025-11-24T15:32:49.110+0000] {dag.py:3722} INFO - Setting next_dagrun for example_branch_operator to 2025-11-23T00:00:00+00:00, run_after=2025-11-24T00:00:00+00:00
[2025-11-24T15:32:49.198+0000] {processor.py:179} INFO - Processing /home/airflow/.local/lib/python3.10/site-packages/airflow/example_dags/example_branch_operator.py took 0.314 seconds
[2025-11-24T15:33:19.383+0000] {processor.py:157} INFO - Started process (PID=508) to work on /home/airflow/.local/lib/python3.10/site-packages/airflow/example_dags/example_branch_operator.py
[2025-11-24T15:33:19.390+0000] {processor.py:829} INFO - Processing file /home/airflow/.local/lib/python3.10/site-packages/airflow/example_dags/example_branch_operator.py for tasks to queue
[2025-11-24T15:33:19.392+0000] {logging_mixin.py:154} INFO - [2025-11-24T15:33:19.392+0000] {dagbag.py:536} INFO - Filling up the DagBag from /home/airflow/.local/lib/python3.10/site-packages/airflow/example_dags/example_branch_operator.py
[2025-11-24T15:33:19.403+0000] {processor.py:839} INFO - DAG(s) dict_keys(['example_branch_operator']) retrieved from /home/airflow/.local/lib/python3.10/site-packages/airflow/example_dags/example_branch_operator.py
[2025-11-24T15:33:19.428+0000] {logging_mixin.py:154} INFO - [2025-11-24T15:33:19.428+0000] {dag.py:2941} INFO - Sync 1 DAGs
[2025-11-24T15:33:19.454+0000] {logging_mixin.py:154} INFO - [2025-11-24T15:33:19.454+0000] {dag.py:3722} INFO - Setting next_dagrun for example_branch_operator to 2025-11-23T00:00:00+00:00, run_after=2025-11-24T00:00:00+00:00
[2025-11-24T15:33:19.493+0000] {processor.py:179} INFO - Processing /home/airflow/.local/lib/python3.10/site-packages/airflow/example_dags/example_branch_operator.py took 0.113 seconds
[2025-11-24T15:33:49.976+0000] {processor.py:157} INFO - Started process (PID=562) to work on /home/airflow/.local/lib/python3.10/site-packages/airflow/example_dags/example_branch_operator.py
[2025-11-24T15:33:49.978+0000] {processor.py:829} INFO - Processing file /home/airflow/.local/lib/python3.10/site-packages/airflow/example_dags/example_branch_operator.py for tasks to queue
[2025-11-24T15:33:49.980+0000] {logging_mixin.py:154} INFO - [2025-11-24T15:33:49.980+0000] {dagbag.py:536} INFO - Filling up the DagBag from /home/airflow/.local/lib/python3.10/site-packages/airflow/example_dags/example_branch_operator.py
[2025-11-24T15:33:49.996+0000] {processor.py:839} INFO - DAG(s) dict_keys(['example_branch_operator']) retrieved from /home/airflow/.local/lib/python3.10/site-packages/airflow/example_dags/example_branch_operator.py
[2025-11-24T15:33:50.032+0000] {logging_mixin.py:154} INFO - [2025-11-24T15:33:50.032+0000] {dag.py:2941} INFO - Sync 1 DAGs
[2025-11-24T15:33:50.070+0000] {logging_mixin.py:154} INFO - [2025-11-24T15:33:50.070+0000] {dag.py:3722} INFO - Setting next_dagrun for example_branch_operator to 2025-11-23T00:00:00+00:00, run_after=2025-11-24T00:00:00+00:00
[2025-11-24T15:33:50.096+0000] {processor.py:179} INFO - Processing /home/airflow/.local/lib/python3.10/site-packages/airflow/example_dags/example_branch_operator.py took 0.147 seconds
[2025-11-24T15:34:20.165+0000] {processor.py:157} INFO - Started process (PID=616) to work on /home/airflow/.local/lib/python3.10/site-packages/airflow/example_dags/example_branch_operator.py
[2025-11-24T15:34:20.166+0000] {processor.py:829} INFO - Processing file /home/airflow/.local/lib/python3.10/site-packages/airflow/example_dags/example_branch_operator.py for tasks to queue
[2025-11-24T15:34:20.168+0000] {logging_mixin.py:154} INFO - [2025-11-24T15:34:20.168+0000] {dagbag.py:536} INFO - Filling up the DagBag from /home/airflow/.local/lib/python3.10/site-packages/airflow/example_dags/example_branch_operator.py
[2025-11-24T15:34:20.179+0000] {processor.py:839} INFO - DAG(s) dict_keys(['example_branch_operator']) retrieved from /home/airflow/.local/lib/python3.10/site-packages/airflow/example_dags/example_branch_operator.py
[2025-11-24T15:34:20.205+0000] {logging_mixin.py:154} INFO - [2025-11-24T15:34:20.205+0000] {dag.py:2941} INFO - Sync 1 DAGs
[2025-11-24T15:34:20.231+0000] {logging_mixin.py:154} INFO - [2025-11-24T15:34:20.230+0000] {dag.py:3722} INFO - Setting next_dagrun for example_branch_operator to 2025-11-23T00:00:00+00:00, run_after=2025-11-24T00:00:00+00:00
[2025-11-24T15:34:20.252+0000] {processor.py:179} INFO - Processing /home/airflow/.local/lib/python3.10/site-packages/airflow/example_dags/example_branch_operator.py took 0.091 seconds
[2025-11-24T15:34:50.599+0000] {processor.py:157} INFO - Started process (PID=669) to work on /home/airflow/.local/lib/python3.10/site-packages/airflow/example_dags/example_branch_operator.py
[2025-11-24T15:34:50.601+0000] {processor.py:829} INFO - Processing file /home/airflow/.local/lib/python3.10/site-packages/airflow/example_dags/example_branch_operator.py for tasks to queue
[2025-11-24T15:34:50.604+0000] {logging_mixin.py:154} INFO - [2025-11-24T15:34:50.603+0000] {dagbag.py:536} INFO - Filling up the DagBag from /home/airflow/.local/lib/python3.10/site-packages/airflow/example_dags/example_branch_operator.py
[2025-11-24T15:34:50.618+0000] {processor.py:839} INFO - DAG(s) dict_keys(['example_branch_operator']) retrieved from /home/airflow/.local/lib/python3.10/site-packages/airflow/example_dags/example_branch_operator.py
[2025-11-24T15:34:50.652+0000] {logging_mixin.py:154} INFO - [2025-11-24T15:34:50.651+0000] {dag.py:2941} INFO - Sync 1 DAGs
[2025-11-24T15:34:50.708+0000] {logging_mixin.py:154} INFO - [2025-11-24T15:34:50.708+0000] {dag.py:3722} INFO - Setting next_dagrun for example_branch_operator to 2025-11-23T00:00:00+00:00, run_after=2025-11-24T00:00:00+00:00
[2025-11-24T15:34:50.768+0000] {processor.py:179} INFO - Processing /home/airflow/.local/lib/python3.10/site-packages/airflow/example_dags/example_branch_operator.py took 0.174 seconds
[2025-11-24T15:35:21.564+0000] {processor.py:157} INFO - Started process (PID=722) to work on /home/airflow/.local/lib/python3.10/site-packages/airflow/example_dags/example_branch_operator.py
[2025-11-24T15:35:21.566+0000] {processor.py:829} INFO - Processing file /home/airflow/.local/lib/python3.10/site-packages/airflow/example_dags/example_branch_operator.py for tasks to queue
[2025-11-24T15:35:21.569+0000] {logging_mixin.py:154} INFO - [2025-11-24T15:35:21.568+0000] {dagbag.py:536} INFO - Filling up the DagBag from /home/airflow/.local/lib/python3.10/site-packages/airflow/example_dags/example_branch_operator.py
[2025-11-24T15:35:21.583+0000] {processor.py:839} INFO - DAG(s) dict_keys(['example_branch_operator']) retrieved from /home/airflow/.local/lib/python3.10/site-packages/airflow/example_dags/example_branch_operator.py
[2025-11-24T15:35:21.616+0000] {logging_mixin.py:154} INFO - [2025-11-24T15:35:21.615+0000] {dag.py:2941} INFO - Sync 1 DAGs
[2025-11-24T15:35:21.650+0000] {logging_mixin.py:154} INFO - [2025-11-24T15:35:21.650+0000] {dag.py:3722} INFO - Setting next_dagrun for example_branch_operator to 2025-11-23T00:00:00+00:00, run_after=2025-11-24T00:00:00+00:00
[2025-11-24T15:35:21.675+0000] {processor.py:179} INFO - Processing /home/airflow/.local/lib/python3.10/site-packages/airflow/example_dags/example_branch_operator.py took 0.116 seconds
[2025-11-24T15:35:51.871+0000] {processor.py:157} INFO - Started process (PID=776) to work on /home/airflow/.local/lib/python3.10/site-packages/airflow/example_dags/example_branch_operator.py
[2025-11-24T15:35:51.872+0000] {processor.py:829} INFO - Processing file /home/airflow/.local/lib/python3.10/site-packages/airflow/example_dags/example_branch_operator.py for tasks to queue
[2025-11-24T15:35:51.875+0000] {logging_mixin.py:154} INFO - [2025-11-24T15:35:51.874+0000] {dagbag.py:536} INFO - Filling up the DagBag from /home/airflow/.local/lib/python3.10/site-packages/airflow/example_dags/example_branch_operator.py
[2025-11-24T15:35:51.890+0000] {processor.py:839} INFO - DAG(s) dict_keys(['example_branch_operator']) retrieved from /home/airflow/.local/lib/python3.10/site-packages/airflow/example_dags/example_branch_operator.py
[2025-11-24T15:35:51.924+0000] {logging_mixin.py:154} INFO - [2025-11-24T15:35:51.923+0000] {dag.py:2941} INFO - Sync 1 DAGs
[2025-11-24T15:35:51.959+0000] {logging_mixin.py:154} INFO - [2025-11-24T15:35:51.959+0000] {dag.py:3722} INFO - Setting next_dagrun for example_branch_operator to 2025-11-23T00:00:00+00:00, run_after=2025-11-24T00:00:00+00:00
[2025-11-24T15:35:51.994+0000] {processor.py:179} INFO - Processing /home/airflow/.local/lib/python3.10/site-packages/airflow/example_dags/example_branch_operator.py took 0.129 seconds
[2025-11-24T15:36:22.422+0000] {processor.py:157} INFO - Started process (PID=831) to work on /home/airflow/.local/lib/python3.10/site-packages/airflow/example_dags/example_branch_operator.py
[2025-11-24T15:36:22.424+0000] {processor.py:829} INFO - Processing file /home/airflow/.local/lib/python3.10/site-packages/airflow/example_dags/example_branch_operator.py for tasks to queue
[2025-11-24T15:36:22.427+0000] {logging_mixin.py:154} INFO - [2025-11-24T15:36:22.426+0000] {dagbag.py:536} INFO - Filling up the DagBag from /home/airflow/.local/lib/python3.10/site-packages/airflow/example_dags/example_branch_operator.py
[2025-11-24T15:36:22.442+0000] {processor.py:839} INFO - DAG(s) dict_keys(['example_branch_operator']) retrieved from /home/airflow/.local/lib/python3.10/site-packages/airflow/example_dags/example_branch_operator.py
[2025-11-24T15:36:22.479+0000] {logging_mixin.py:154} INFO - [2025-11-24T15:36:22.479+0000] {dag.py:2941} INFO - Sync 1 DAGs
[2025-11-24T15:36:22.505+0000] {logging_mixin.py:154} INFO - [2025-11-24T15:36:22.505+0000] {dag.py:3722} INFO - Setting next_dagrun for example_branch_operator to 2025-11-23T00:00:00+00:00, run_after=2025-11-24T00:00:00+00:00
[2025-11-24T15:36:22.524+0000] {processor.py:179} INFO - Processing /home/airflow/.local/lib/python3.10/site-packages/airflow/example_dags/example_branch_operator.py took 0.108 seconds
[2025-11-24T15:36:52.753+0000] {processor.py:157} INFO - Started process (PID=885) to work on /home/airflow/.local/lib/python3.10/site-packages/airflow/example_dags/example_branch_operator.py
[2025-11-24T15:36:52.754+0000] {processor.py:829} INFO - Processing file /home/airflow/.local/lib/python3.10/site-packages/airflow/example_dags/example_branch_operator.py for tasks to queue
[2025-11-24T15:36:52.757+0000] {logging_mixin.py:154} INFO - [2025-11-24T15:36:52.756+0000] {dagbag.py:536} INFO - Filling up the DagBag from /home/airflow/.local/lib/python3.10/site-packages/airflow/example_dags/example_branch_operator.py
[2025-11-24T15:36:52.772+0000] {processor.py:839} INFO - DAG(s) dict_keys(['example_branch_operator']) retrieved from /home/airflow/.local/lib/python3.10/site-packages/airflow/example_dags/example_branch_operator.py
[2025-11-24T15:36:52.806+0000] {logging_mixin.py:154} INFO - [2025-11-24T15:36:52.806+0000] {dag.py:2941} INFO - Sync 1 DAGs
[2025-11-24T15:36:52.845+0000] {logging_mixin.py:154} INFO - [2025-11-24T15:36:52.845+0000] {dag.py:3722} INFO - Setting next_dagrun for example_branch_operator to 2025-11-23T00:00:00+00:00, run_after=2025-11-24T00:00:00+00:00
[2025-11-24T15:36:52.871+0000] {processor.py:179} INFO - Processing /home/airflow/.local/lib/python3.10/site-packages/airflow/example_dags/example_branch_operator.py took 0.123 seconds
[2025-11-24T15:37:23.436+0000] {processor.py:157} INFO - Started process (PID=939) to work on /home/airflow/.local/lib/python3.10/site-packages/airflow/example_dags/example_branch_operator.py
[2025-11-24T15:37:23.438+0000] {processor.py:829} INFO - Processing file /home/airflow/.local/lib/python3.10/site-packages/airflow/example_dags/example_branch_operator.py for tasks to queue
[2025-11-24T15:37:23.441+0000] {logging_mixin.py:154} INFO - [2025-11-24T15:37:23.440+0000] {dagbag.py:536} INFO - Filling up the DagBag from /home/airflow/.local/lib/python3.10/site-packages/airflow/example_dags/example_branch_operator.py
[2025-11-24T15:37:23.455+0000] {processor.py:839} INFO - DAG(s) dict_keys(['example_branch_operator']) retrieved from /home/airflow/.local/lib/python3.10/site-packages/airflow/example_dags/example_branch_operator.py
[2025-11-24T15:37:23.488+0000] {logging_mixin.py:154} INFO - [2025-11-24T15:37:23.488+0000] {dag.py:2941} INFO - Sync 1 DAGs
[2025-11-24T15:37:23.524+0000] {logging_mixin.py:154} INFO - [2025-11-24T15:37:23.524+0000] {dag.py:3722} INFO - Setting next_dagrun for example_branch_operator to 2025-11-23T00:00:00+00:00, run_after=2025-11-24T00:00:00+00:00
[2025-11-24T15:37:23.549+0000] {processor.py:179} INFO - Processing /home/airflow/.local/lib/python3.10/site-packages/airflow/example_dags/example_branch_operator.py took 0.118 seconds
[2025-11-24T15:37:53.792+0000] {processor.py:157} INFO - Started process (PID=994) to work on /home/airflow/.local/lib/python3.10/site-packages/airflow/example_dags/example_branch_operator.py
[2025-11-24T15:37:53.798+0000] {processor.py:829} INFO - Processing file /home/airflow/.local/lib/python3.10/site-packages/airflow/example_dags/example_branch_operator.py for tasks to queue
[2025-11-24T15:37:53.802+0000] {logging_mixin.py:154} INFO - [2025-11-24T15:37:53.801+0000] {dagbag.py:536} INFO - Filling up the DagBag from /home/airflow/.local/lib/python3.10/site-packages/airflow/example_dags/example_branch_operator.py
[2025-11-24T15:37:53.834+0000] {processor.py:839} INFO - DAG(s) dict_keys(['example_branch_operator']) retrieved from /home/airflow/.local/lib/python3.10/site-packages/airflow/example_dags/example_branch_operator.py
[2025-11-24T15:37:53.928+0000] {logging_mixin.py:154} INFO - [2025-11-24T15:37:53.928+0000] {dag.py:2941} INFO - Sync 1 DAGs
[2025-11-24T15:37:53.964+0000] {logging_mixin.py:154} INFO - [2025-11-24T15:37:53.963+0000] {dag.py:3722} INFO - Setting next_dagrun for example_branch_operator to 2025-11-23T00:00:00+00:00, run_after=2025-11-24T00:00:00+00:00
[2025-11-24T15:37:53.989+0000] {processor.py:179} INFO - Processing /home/airflow/.local/lib/python3.10/site-packages/airflow/example_dags/example_branch_operator.py took 0.204 seconds
