[2025-11-24T15:29:07.534+0000] {processor.py:157} INFO - Started process (PID=52) to work on /home/airflow/.local/lib/python3.10/site-packages/airflow/example_dags/example_setup_teardown_taskflow.py
[2025-11-24T15:29:07.535+0000] {processor.py:829} INFO - Processing file /home/airflow/.local/lib/python3.10/site-packages/airflow/example_dags/example_setup_teardown_taskflow.py for tasks to queue
[2025-11-24T15:29:07.549+0000] {logging_mixin.py:154} INFO - [2025-11-24T15:29:07.548+0000] {dagbag.py:536} INFO - Filling up the DagBag from /home/airflow/.local/lib/python3.10/site-packages/airflow/example_dags/example_setup_teardown_taskflow.py
[2025-11-24T15:29:07.596+0000] {processor.py:839} INFO - DAG(s) dict_keys(['example_setup_teardown_taskflow']) retrieved from /home/airflow/.local/lib/python3.10/site-packages/airflow/example_dags/example_setup_teardown_taskflow.py
[2025-11-24T15:29:08.069+0000] {logging_mixin.py:154} INFO - [2025-11-24T15:29:08.069+0000] {manager.py:499} INFO - Created Permission View: %s
[2025-11-24T15:29:08.139+0000] {logging_mixin.py:154} INFO - [2025-11-24T15:29:08.138+0000] {manager.py:499} INFO - Created Permission View: %s
[2025-11-24T15:29:08.164+0000] {logging_mixin.py:154} INFO - [2025-11-24T15:29:08.164+0000] {manager.py:499} INFO - Created Permission View: %s
[2025-11-24T15:29:08.165+0000] {logging_mixin.py:154} INFO - [2025-11-24T15:29:08.165+0000] {dag.py:2941} INFO - Sync 1 DAGs
[2025-11-24T15:29:08.219+0000] {logging_mixin.py:154} INFO - [2025-11-24T15:29:08.218+0000] {dag.py:2963} INFO - Creating ORM DAG for example_setup_teardown_taskflow
[2025-11-24T15:29:08.275+0000] {logging_mixin.py:154} INFO - [2025-11-24T15:29:08.275+0000] {dag.py:3722} INFO - Setting next_dagrun for example_setup_teardown_taskflow to 2025-11-23T15:29:08.275307+00:00, run_after=2025-11-24T15:29:08.275307+00:00
[2025-11-24T15:29:08.379+0000] {processor.py:179} INFO - Processing /home/airflow/.local/lib/python3.10/site-packages/airflow/example_dags/example_setup_teardown_taskflow.py took 0.857 seconds
[2025-11-24T15:29:38.652+0000] {processor.py:157} INFO - Started process (PID=106) to work on /home/airflow/.local/lib/python3.10/site-packages/airflow/example_dags/example_setup_teardown_taskflow.py
[2025-11-24T15:29:38.654+0000] {processor.py:829} INFO - Processing file /home/airflow/.local/lib/python3.10/site-packages/airflow/example_dags/example_setup_teardown_taskflow.py for tasks to queue
[2025-11-24T15:29:38.657+0000] {logging_mixin.py:154} INFO - [2025-11-24T15:29:38.657+0000] {dagbag.py:536} INFO - Filling up the DagBag from /home/airflow/.local/lib/python3.10/site-packages/airflow/example_dags/example_setup_teardown_taskflow.py
[2025-11-24T15:29:38.675+0000] {processor.py:839} INFO - DAG(s) dict_keys(['example_setup_teardown_taskflow']) retrieved from /home/airflow/.local/lib/python3.10/site-packages/airflow/example_dags/example_setup_teardown_taskflow.py
[2025-11-24T15:29:38.705+0000] {logging_mixin.py:154} INFO - [2025-11-24T15:29:38.705+0000] {dag.py:2941} INFO - Sync 1 DAGs
[2025-11-24T15:29:38.737+0000] {logging_mixin.py:154} INFO - [2025-11-24T15:29:38.737+0000] {dag.py:3722} INFO - Setting next_dagrun for example_setup_teardown_taskflow to 2025-11-23T15:29:38.737001+00:00, run_after=2025-11-24T15:29:38.737001+00:00
[2025-11-24T15:29:38.763+0000] {processor.py:179} INFO - Processing /home/airflow/.local/lib/python3.10/site-packages/airflow/example_dags/example_setup_teardown_taskflow.py took 0.116 seconds
[2025-11-24T15:30:09.201+0000] {processor.py:157} INFO - Started process (PID=160) to work on /home/airflow/.local/lib/python3.10/site-packages/airflow/example_dags/example_setup_teardown_taskflow.py
[2025-11-24T15:30:09.203+0000] {processor.py:829} INFO - Processing file /home/airflow/.local/lib/python3.10/site-packages/airflow/example_dags/example_setup_teardown_taskflow.py for tasks to queue
[2025-11-24T15:30:09.210+0000] {logging_mixin.py:154} INFO - [2025-11-24T15:30:09.209+0000] {dagbag.py:536} INFO - Filling up the DagBag from /home/airflow/.local/lib/python3.10/site-packages/airflow/example_dags/example_setup_teardown_taskflow.py
[2025-11-24T15:30:09.225+0000] {processor.py:839} INFO - DAG(s) dict_keys(['example_setup_teardown_taskflow']) retrieved from /home/airflow/.local/lib/python3.10/site-packages/airflow/example_dags/example_setup_teardown_taskflow.py
[2025-11-24T15:30:09.257+0000] {logging_mixin.py:154} INFO - [2025-11-24T15:30:09.257+0000] {dag.py:2941} INFO - Sync 1 DAGs
[2025-11-24T15:30:09.289+0000] {logging_mixin.py:154} INFO - [2025-11-24T15:30:09.289+0000] {dag.py:3722} INFO - Setting next_dagrun for example_setup_teardown_taskflow to 2025-11-23T15:30:09.288770+00:00, run_after=2025-11-24T15:30:09.288770+00:00
[2025-11-24T15:30:09.316+0000] {processor.py:179} INFO - Processing /home/airflow/.local/lib/python3.10/site-packages/airflow/example_dags/example_setup_teardown_taskflow.py took 0.119 seconds
[2025-11-24T15:30:39.497+0000] {processor.py:157} INFO - Started process (PID=214) to work on /home/airflow/.local/lib/python3.10/site-packages/airflow/example_dags/example_setup_teardown_taskflow.py
[2025-11-24T15:30:39.499+0000] {processor.py:829} INFO - Processing file /home/airflow/.local/lib/python3.10/site-packages/airflow/example_dags/example_setup_teardown_taskflow.py for tasks to queue
[2025-11-24T15:30:39.502+0000] {logging_mixin.py:154} INFO - [2025-11-24T15:30:39.502+0000] {dagbag.py:536} INFO - Filling up the DagBag from /home/airflow/.local/lib/python3.10/site-packages/airflow/example_dags/example_setup_teardown_taskflow.py
[2025-11-24T15:30:39.518+0000] {processor.py:839} INFO - DAG(s) dict_keys(['example_setup_teardown_taskflow']) retrieved from /home/airflow/.local/lib/python3.10/site-packages/airflow/example_dags/example_setup_teardown_taskflow.py
[2025-11-24T15:30:39.551+0000] {logging_mixin.py:154} INFO - [2025-11-24T15:30:39.550+0000] {dag.py:2941} INFO - Sync 1 DAGs
[2025-11-24T15:30:39.583+0000] {logging_mixin.py:154} INFO - [2025-11-24T15:30:39.583+0000] {dag.py:3722} INFO - Setting next_dagrun for example_setup_teardown_taskflow to 2025-11-23T15:30:39.583199+00:00, run_after=2025-11-24T15:30:39.583199+00:00
[2025-11-24T15:30:39.611+0000] {processor.py:179} INFO - Processing /home/airflow/.local/lib/python3.10/site-packages/airflow/example_dags/example_setup_teardown_taskflow.py took 0.120 seconds
[2025-11-24T15:31:10.237+0000] {processor.py:157} INFO - Started process (PID=269) to work on /home/airflow/.local/lib/python3.10/site-packages/airflow/example_dags/example_setup_teardown_taskflow.py
[2025-11-24T15:31:10.238+0000] {processor.py:829} INFO - Processing file /home/airflow/.local/lib/python3.10/site-packages/airflow/example_dags/example_setup_teardown_taskflow.py for tasks to queue
[2025-11-24T15:31:10.245+0000] {logging_mixin.py:154} INFO - [2025-11-24T15:31:10.245+0000] {dagbag.py:536} INFO - Filling up the DagBag from /home/airflow/.local/lib/python3.10/site-packages/airflow/example_dags/example_setup_teardown_taskflow.py
[2025-11-24T15:31:10.261+0000] {processor.py:839} INFO - DAG(s) dict_keys(['example_setup_teardown_taskflow']) retrieved from /home/airflow/.local/lib/python3.10/site-packages/airflow/example_dags/example_setup_teardown_taskflow.py
[2025-11-24T15:31:10.291+0000] {logging_mixin.py:154} INFO - [2025-11-24T15:31:10.291+0000] {dag.py:2941} INFO - Sync 1 DAGs
[2025-11-24T15:31:10.324+0000] {logging_mixin.py:154} INFO - [2025-11-24T15:31:10.324+0000] {dag.py:3722} INFO - Setting next_dagrun for example_setup_teardown_taskflow to 2025-11-23T15:31:10.323757+00:00, run_after=2025-11-24T15:31:10.323757+00:00
[2025-11-24T15:31:10.393+0000] {processor.py:179} INFO - Processing /home/airflow/.local/lib/python3.10/site-packages/airflow/example_dags/example_setup_teardown_taskflow.py took 0.161 seconds
[2025-11-24T15:31:40.802+0000] {processor.py:157} INFO - Started process (PID=323) to work on /home/airflow/.local/lib/python3.10/site-packages/airflow/example_dags/example_setup_teardown_taskflow.py
[2025-11-24T15:31:40.814+0000] {processor.py:829} INFO - Processing file /home/airflow/.local/lib/python3.10/site-packages/airflow/example_dags/example_setup_teardown_taskflow.py for tasks to queue
[2025-11-24T15:31:40.817+0000] {logging_mixin.py:154} INFO - [2025-11-24T15:31:40.817+0000] {dagbag.py:536} INFO - Filling up the DagBag from /home/airflow/.local/lib/python3.10/site-packages/airflow/example_dags/example_setup_teardown_taskflow.py
[2025-11-24T15:31:40.869+0000] {processor.py:839} INFO - DAG(s) dict_keys(['example_setup_teardown_taskflow']) retrieved from /home/airflow/.local/lib/python3.10/site-packages/airflow/example_dags/example_setup_teardown_taskflow.py
[2025-11-24T15:31:40.991+0000] {logging_mixin.py:154} INFO - [2025-11-24T15:31:40.991+0000] {dag.py:2941} INFO - Sync 1 DAGs
[2025-11-24T15:31:41.103+0000] {logging_mixin.py:154} INFO - [2025-11-24T15:31:41.103+0000] {dag.py:3722} INFO - Setting next_dagrun for example_setup_teardown_taskflow to 2025-11-23T15:31:41.103233+00:00, run_after=2025-11-24T15:31:41.103233+00:00
[2025-11-24T15:31:41.196+0000] {processor.py:179} INFO - Processing /home/airflow/.local/lib/python3.10/site-packages/airflow/example_dags/example_setup_teardown_taskflow.py took 0.407 seconds
[2025-11-24T15:32:12.074+0000] {processor.py:157} INFO - Started process (PID=377) to work on /home/airflow/.local/lib/python3.10/site-packages/airflow/example_dags/example_setup_teardown_taskflow.py
[2025-11-24T15:32:12.080+0000] {processor.py:829} INFO - Processing file /home/airflow/.local/lib/python3.10/site-packages/airflow/example_dags/example_setup_teardown_taskflow.py for tasks to queue
[2025-11-24T15:32:12.083+0000] {logging_mixin.py:154} INFO - [2025-11-24T15:32:12.083+0000] {dagbag.py:536} INFO - Filling up the DagBag from /home/airflow/.local/lib/python3.10/site-packages/airflow/example_dags/example_setup_teardown_taskflow.py
[2025-11-24T15:32:12.112+0000] {processor.py:839} INFO - DAG(s) dict_keys(['example_setup_teardown_taskflow']) retrieved from /home/airflow/.local/lib/python3.10/site-packages/airflow/example_dags/example_setup_teardown_taskflow.py
[2025-11-24T15:32:12.198+0000] {logging_mixin.py:154} INFO - [2025-11-24T15:32:12.197+0000] {dag.py:2941} INFO - Sync 1 DAGs
[2025-11-24T15:32:12.259+0000] {logging_mixin.py:154} INFO - [2025-11-24T15:32:12.259+0000] {dag.py:3722} INFO - Setting next_dagrun for example_setup_teardown_taskflow to 2025-11-23T15:32:12.259220+00:00, run_after=2025-11-24T15:32:12.259220+00:00
[2025-11-24T15:32:12.309+0000] {processor.py:179} INFO - Processing /home/airflow/.local/lib/python3.10/site-packages/airflow/example_dags/example_setup_teardown_taskflow.py took 0.250 seconds
[2025-11-24T15:32:42.421+0000] {processor.py:157} INFO - Started process (PID=430) to work on /home/airflow/.local/lib/python3.10/site-packages/airflow/example_dags/example_setup_teardown_taskflow.py
[2025-11-24T15:32:42.426+0000] {processor.py:829} INFO - Processing file /home/airflow/.local/lib/python3.10/site-packages/airflow/example_dags/example_setup_teardown_taskflow.py for tasks to queue
[2025-11-24T15:32:42.429+0000] {logging_mixin.py:154} INFO - [2025-11-24T15:32:42.428+0000] {dagbag.py:536} INFO - Filling up the DagBag from /home/airflow/.local/lib/python3.10/site-packages/airflow/example_dags/example_setup_teardown_taskflow.py
[2025-11-24T15:32:42.443+0000] {processor.py:839} INFO - DAG(s) dict_keys(['example_setup_teardown_taskflow']) retrieved from /home/airflow/.local/lib/python3.10/site-packages/airflow/example_dags/example_setup_teardown_taskflow.py
[2025-11-24T15:32:42.467+0000] {logging_mixin.py:154} INFO - [2025-11-24T15:32:42.466+0000] {dag.py:2941} INFO - Sync 1 DAGs
[2025-11-24T15:32:42.491+0000] {logging_mixin.py:154} INFO - [2025-11-24T15:32:42.490+0000] {dag.py:3722} INFO - Setting next_dagrun for example_setup_teardown_taskflow to 2025-11-23T15:32:42.490513+00:00, run_after=2025-11-24T15:32:42.490513+00:00
[2025-11-24T15:32:42.525+0000] {processor.py:179} INFO - Processing /home/airflow/.local/lib/python3.10/site-packages/airflow/example_dags/example_setup_teardown_taskflow.py took 0.115 seconds
[2025-11-24T15:33:13.266+0000] {processor.py:157} INFO - Started process (PID=484) to work on /home/airflow/.local/lib/python3.10/site-packages/airflow/example_dags/example_setup_teardown_taskflow.py
[2025-11-24T15:33:13.281+0000] {processor.py:829} INFO - Processing file /home/airflow/.local/lib/python3.10/site-packages/airflow/example_dags/example_setup_teardown_taskflow.py for tasks to queue
[2025-11-24T15:33:13.284+0000] {logging_mixin.py:154} INFO - [2025-11-24T15:33:13.284+0000] {dagbag.py:536} INFO - Filling up the DagBag from /home/airflow/.local/lib/python3.10/site-packages/airflow/example_dags/example_setup_teardown_taskflow.py
[2025-11-24T15:33:13.298+0000] {processor.py:839} INFO - DAG(s) dict_keys(['example_setup_teardown_taskflow']) retrieved from /home/airflow/.local/lib/python3.10/site-packages/airflow/example_dags/example_setup_teardown_taskflow.py
[2025-11-24T15:33:13.330+0000] {logging_mixin.py:154} INFO - [2025-11-24T15:33:13.330+0000] {dag.py:2941} INFO - Sync 1 DAGs
[2025-11-24T15:33:13.363+0000] {logging_mixin.py:154} INFO - [2025-11-24T15:33:13.363+0000] {dag.py:3722} INFO - Setting next_dagrun for example_setup_teardown_taskflow to 2025-11-23T15:33:13.363105+00:00, run_after=2025-11-24T15:33:13.363105+00:00
[2025-11-24T15:33:13.388+0000] {processor.py:179} INFO - Processing /home/airflow/.local/lib/python3.10/site-packages/airflow/example_dags/example_setup_teardown_taskflow.py took 0.126 seconds
[2025-11-24T15:33:43.502+0000] {processor.py:157} INFO - Started process (PID=538) to work on /home/airflow/.local/lib/python3.10/site-packages/airflow/example_dags/example_setup_teardown_taskflow.py
[2025-11-24T15:33:43.504+0000] {processor.py:829} INFO - Processing file /home/airflow/.local/lib/python3.10/site-packages/airflow/example_dags/example_setup_teardown_taskflow.py for tasks to queue
[2025-11-24T15:33:43.507+0000] {logging_mixin.py:154} INFO - [2025-11-24T15:33:43.506+0000] {dagbag.py:536} INFO - Filling up the DagBag from /home/airflow/.local/lib/python3.10/site-packages/airflow/example_dags/example_setup_teardown_taskflow.py
[2025-11-24T15:33:43.523+0000] {processor.py:839} INFO - DAG(s) dict_keys(['example_setup_teardown_taskflow']) retrieved from /home/airflow/.local/lib/python3.10/site-packages/airflow/example_dags/example_setup_teardown_taskflow.py
[2025-11-24T15:33:43.562+0000] {logging_mixin.py:154} INFO - [2025-11-24T15:33:43.562+0000] {dag.py:2941} INFO - Sync 1 DAGs
[2025-11-24T15:33:43.602+0000] {logging_mixin.py:154} INFO - [2025-11-24T15:33:43.602+0000] {dag.py:3722} INFO - Setting next_dagrun for example_setup_teardown_taskflow to 2025-11-23T15:33:43.602166+00:00, run_after=2025-11-24T15:33:43.602166+00:00
[2025-11-24T15:33:43.636+0000] {processor.py:179} INFO - Processing /home/airflow/.local/lib/python3.10/site-packages/airflow/example_dags/example_setup_teardown_taskflow.py took 0.140 seconds
[2025-11-24T15:34:13.958+0000] {processor.py:157} INFO - Started process (PID=592) to work on /home/airflow/.local/lib/python3.10/site-packages/airflow/example_dags/example_setup_teardown_taskflow.py
[2025-11-24T15:34:13.966+0000] {processor.py:829} INFO - Processing file /home/airflow/.local/lib/python3.10/site-packages/airflow/example_dags/example_setup_teardown_taskflow.py for tasks to queue
[2025-11-24T15:34:13.969+0000] {logging_mixin.py:154} INFO - [2025-11-24T15:34:13.969+0000] {dagbag.py:536} INFO - Filling up the DagBag from /home/airflow/.local/lib/python3.10/site-packages/airflow/example_dags/example_setup_teardown_taskflow.py
[2025-11-24T15:34:13.984+0000] {processor.py:839} INFO - DAG(s) dict_keys(['example_setup_teardown_taskflow']) retrieved from /home/airflow/.local/lib/python3.10/site-packages/airflow/example_dags/example_setup_teardown_taskflow.py
[2025-11-24T15:34:14.015+0000] {logging_mixin.py:154} INFO - [2025-11-24T15:34:14.014+0000] {dag.py:2941} INFO - Sync 1 DAGs
[2025-11-24T15:34:14.047+0000] {logging_mixin.py:154} INFO - [2025-11-24T15:34:14.047+0000] {dag.py:3722} INFO - Setting next_dagrun for example_setup_teardown_taskflow to 2025-11-23T15:34:14.047150+00:00, run_after=2025-11-24T15:34:14.047150+00:00
[2025-11-24T15:34:14.073+0000] {processor.py:179} INFO - Processing /home/airflow/.local/lib/python3.10/site-packages/airflow/example_dags/example_setup_teardown_taskflow.py took 0.121 seconds
[2025-11-24T15:34:44.442+0000] {processor.py:157} INFO - Started process (PID=646) to work on /home/airflow/.local/lib/python3.10/site-packages/airflow/example_dags/example_setup_teardown_taskflow.py
[2025-11-24T15:34:44.444+0000] {processor.py:829} INFO - Processing file /home/airflow/.local/lib/python3.10/site-packages/airflow/example_dags/example_setup_teardown_taskflow.py for tasks to queue
[2025-11-24T15:34:44.446+0000] {logging_mixin.py:154} INFO - [2025-11-24T15:34:44.446+0000] {dagbag.py:536} INFO - Filling up the DagBag from /home/airflow/.local/lib/python3.10/site-packages/airflow/example_dags/example_setup_teardown_taskflow.py
[2025-11-24T15:34:44.464+0000] {processor.py:839} INFO - DAG(s) dict_keys(['example_setup_teardown_taskflow']) retrieved from /home/airflow/.local/lib/python3.10/site-packages/airflow/example_dags/example_setup_teardown_taskflow.py
[2025-11-24T15:34:44.495+0000] {logging_mixin.py:154} INFO - [2025-11-24T15:34:44.494+0000] {dag.py:2941} INFO - Sync 1 DAGs
[2025-11-24T15:34:44.528+0000] {logging_mixin.py:154} INFO - [2025-11-24T15:34:44.528+0000] {dag.py:3722} INFO - Setting next_dagrun for example_setup_teardown_taskflow to 2025-11-23T15:34:44.528158+00:00, run_after=2025-11-24T15:34:44.528158+00:00
[2025-11-24T15:34:44.558+0000] {processor.py:179} INFO - Processing /home/airflow/.local/lib/python3.10/site-packages/airflow/example_dags/example_setup_teardown_taskflow.py took 0.125 seconds
[2025-11-24T15:35:15.287+0000] {processor.py:157} INFO - Started process (PID=705) to work on /home/airflow/.local/lib/python3.10/site-packages/airflow/example_dags/example_setup_teardown_taskflow.py
[2025-11-24T15:35:15.288+0000] {processor.py:829} INFO - Processing file /home/airflow/.local/lib/python3.10/site-packages/airflow/example_dags/example_setup_teardown_taskflow.py for tasks to queue
[2025-11-24T15:35:15.291+0000] {logging_mixin.py:154} INFO - [2025-11-24T15:35:15.291+0000] {dagbag.py:536} INFO - Filling up the DagBag from /home/airflow/.local/lib/python3.10/site-packages/airflow/example_dags/example_setup_teardown_taskflow.py
[2025-11-24T15:35:15.306+0000] {processor.py:839} INFO - DAG(s) dict_keys(['example_setup_teardown_taskflow']) retrieved from /home/airflow/.local/lib/python3.10/site-packages/airflow/example_dags/example_setup_teardown_taskflow.py
[2025-11-24T15:35:15.337+0000] {logging_mixin.py:154} INFO - [2025-11-24T15:35:15.337+0000] {dag.py:2941} INFO - Sync 1 DAGs
[2025-11-24T15:35:15.369+0000] {logging_mixin.py:154} INFO - [2025-11-24T15:35:15.369+0000] {dag.py:3722} INFO - Setting next_dagrun for example_setup_teardown_taskflow to 2025-11-23T15:35:15.368809+00:00, run_after=2025-11-24T15:35:15.368809+00:00
[2025-11-24T15:35:15.393+0000] {processor.py:179} INFO - Processing /home/airflow/.local/lib/python3.10/site-packages/airflow/example_dags/example_setup_teardown_taskflow.py took 0.111 seconds
[2025-11-24T15:35:45.794+0000] {processor.py:157} INFO - Started process (PID=759) to work on /home/airflow/.local/lib/python3.10/site-packages/airflow/example_dags/example_setup_teardown_taskflow.py
[2025-11-24T15:35:45.795+0000] {processor.py:829} INFO - Processing file /home/airflow/.local/lib/python3.10/site-packages/airflow/example_dags/example_setup_teardown_taskflow.py for tasks to queue
[2025-11-24T15:35:45.805+0000] {logging_mixin.py:154} INFO - [2025-11-24T15:35:45.798+0000] {dagbag.py:536} INFO - Filling up the DagBag from /home/airflow/.local/lib/python3.10/site-packages/airflow/example_dags/example_setup_teardown_taskflow.py
[2025-11-24T15:35:45.821+0000] {processor.py:839} INFO - DAG(s) dict_keys(['example_setup_teardown_taskflow']) retrieved from /home/airflow/.local/lib/python3.10/site-packages/airflow/example_dags/example_setup_teardown_taskflow.py
[2025-11-24T15:35:45.851+0000] {logging_mixin.py:154} INFO - [2025-11-24T15:35:45.851+0000] {dag.py:2941} INFO - Sync 1 DAGs
[2025-11-24T15:35:45.883+0000] {logging_mixin.py:154} INFO - [2025-11-24T15:35:45.883+0000] {dag.py:3722} INFO - Setting next_dagrun for example_setup_teardown_taskflow to 2025-11-23T15:35:45.883287+00:00, run_after=2025-11-24T15:35:45.883287+00:00
[2025-11-24T15:35:45.956+0000] {processor.py:179} INFO - Processing /home/airflow/.local/lib/python3.10/site-packages/airflow/example_dags/example_setup_teardown_taskflow.py took 0.167 seconds
[2025-11-24T15:36:16.275+0000] {processor.py:157} INFO - Started process (PID=814) to work on /home/airflow/.local/lib/python3.10/site-packages/airflow/example_dags/example_setup_teardown_taskflow.py
[2025-11-24T15:36:16.277+0000] {processor.py:829} INFO - Processing file /home/airflow/.local/lib/python3.10/site-packages/airflow/example_dags/example_setup_teardown_taskflow.py for tasks to queue
[2025-11-24T15:36:16.280+0000] {logging_mixin.py:154} INFO - [2025-11-24T15:36:16.280+0000] {dagbag.py:536} INFO - Filling up the DagBag from /home/airflow/.local/lib/python3.10/site-packages/airflow/example_dags/example_setup_teardown_taskflow.py
[2025-11-24T15:36:16.294+0000] {processor.py:839} INFO - DAG(s) dict_keys(['example_setup_teardown_taskflow']) retrieved from /home/airflow/.local/lib/python3.10/site-packages/airflow/example_dags/example_setup_teardown_taskflow.py
[2025-11-24T15:36:16.326+0000] {logging_mixin.py:154} INFO - [2025-11-24T15:36:16.326+0000] {dag.py:2941} INFO - Sync 1 DAGs
[2025-11-24T15:36:16.372+0000] {logging_mixin.py:154} INFO - [2025-11-24T15:36:16.372+0000] {dag.py:3722} INFO - Setting next_dagrun for example_setup_teardown_taskflow to 2025-11-23T15:36:16.372242+00:00, run_after=2025-11-24T15:36:16.372242+00:00
[2025-11-24T15:36:16.404+0000] {processor.py:179} INFO - Processing /home/airflow/.local/lib/python3.10/site-packages/airflow/example_dags/example_setup_teardown_taskflow.py took 0.134 seconds
[2025-11-24T15:36:46.609+0000] {processor.py:157} INFO - Started process (PID=868) to work on /home/airflow/.local/lib/python3.10/site-packages/airflow/example_dags/example_setup_teardown_taskflow.py
[2025-11-24T15:36:46.610+0000] {processor.py:829} INFO - Processing file /home/airflow/.local/lib/python3.10/site-packages/airflow/example_dags/example_setup_teardown_taskflow.py for tasks to queue
[2025-11-24T15:36:46.613+0000] {logging_mixin.py:154} INFO - [2025-11-24T15:36:46.613+0000] {dagbag.py:536} INFO - Filling up the DagBag from /home/airflow/.local/lib/python3.10/site-packages/airflow/example_dags/example_setup_teardown_taskflow.py
[2025-11-24T15:36:46.641+0000] {processor.py:839} INFO - DAG(s) dict_keys(['example_setup_teardown_taskflow']) retrieved from /home/airflow/.local/lib/python3.10/site-packages/airflow/example_dags/example_setup_teardown_taskflow.py
[2025-11-24T15:36:46.703+0000] {logging_mixin.py:154} INFO - [2025-11-24T15:36:46.703+0000] {dag.py:2941} INFO - Sync 1 DAGs
[2025-11-24T15:36:46.763+0000] {logging_mixin.py:154} INFO - [2025-11-24T15:36:46.763+0000] {dag.py:3722} INFO - Setting next_dagrun for example_setup_teardown_taskflow to 2025-11-23T15:36:46.763075+00:00, run_after=2025-11-24T15:36:46.763075+00:00
[2025-11-24T15:36:46.813+0000] {processor.py:179} INFO - Processing /home/airflow/.local/lib/python3.10/site-packages/airflow/example_dags/example_setup_teardown_taskflow.py took 0.225 seconds
[2025-11-24T15:37:17.720+0000] {processor.py:157} INFO - Started process (PID=922) to work on /home/airflow/.local/lib/python3.10/site-packages/airflow/example_dags/example_setup_teardown_taskflow.py
[2025-11-24T15:37:17.731+0000] {processor.py:829} INFO - Processing file /home/airflow/.local/lib/python3.10/site-packages/airflow/example_dags/example_setup_teardown_taskflow.py for tasks to queue
[2025-11-24T15:37:17.734+0000] {logging_mixin.py:154} INFO - [2025-11-24T15:37:17.733+0000] {dagbag.py:536} INFO - Filling up the DagBag from /home/airflow/.local/lib/python3.10/site-packages/airflow/example_dags/example_setup_teardown_taskflow.py
[2025-11-24T15:37:17.768+0000] {processor.py:839} INFO - DAG(s) dict_keys(['example_setup_teardown_taskflow']) retrieved from /home/airflow/.local/lib/python3.10/site-packages/airflow/example_dags/example_setup_teardown_taskflow.py
[2025-11-24T15:37:17.823+0000] {logging_mixin.py:154} INFO - [2025-11-24T15:37:17.823+0000] {dag.py:2941} INFO - Sync 1 DAGs
[2025-11-24T15:37:17.894+0000] {logging_mixin.py:154} INFO - [2025-11-24T15:37:17.886+0000] {dag.py:3722} INFO - Setting next_dagrun for example_setup_teardown_taskflow to 2025-11-23T15:37:17.885801+00:00, run_after=2025-11-24T15:37:17.885801+00:00
[2025-11-24T15:37:17.955+0000] {processor.py:179} INFO - Processing /home/airflow/.local/lib/python3.10/site-packages/airflow/example_dags/example_setup_teardown_taskflow.py took 0.244 seconds
[2025-11-24T15:37:48.614+0000] {processor.py:157} INFO - Started process (PID=977) to work on /home/airflow/.local/lib/python3.10/site-packages/airflow/example_dags/example_setup_teardown_taskflow.py
[2025-11-24T15:37:48.616+0000] {processor.py:829} INFO - Processing file /home/airflow/.local/lib/python3.10/site-packages/airflow/example_dags/example_setup_teardown_taskflow.py for tasks to queue
[2025-11-24T15:37:48.619+0000] {logging_mixin.py:154} INFO - [2025-11-24T15:37:48.618+0000] {dagbag.py:536} INFO - Filling up the DagBag from /home/airflow/.local/lib/python3.10/site-packages/airflow/example_dags/example_setup_teardown_taskflow.py
[2025-11-24T15:37:48.633+0000] {processor.py:839} INFO - DAG(s) dict_keys(['example_setup_teardown_taskflow']) retrieved from /home/airflow/.local/lib/python3.10/site-packages/airflow/example_dags/example_setup_teardown_taskflow.py
[2025-11-24T15:37:48.667+0000] {logging_mixin.py:154} INFO - [2025-11-24T15:37:48.666+0000] {dag.py:2941} INFO - Sync 1 DAGs
[2025-11-24T15:37:48.700+0000] {logging_mixin.py:154} INFO - [2025-11-24T15:37:48.700+0000] {dag.py:3722} INFO - Setting next_dagrun for example_setup_teardown_taskflow to 2025-11-23T15:37:48.700081+00:00, run_after=2025-11-24T15:37:48.700081+00:00
[2025-11-24T15:37:48.724+0000] {processor.py:179} INFO - Processing /home/airflow/.local/lib/python3.10/site-packages/airflow/example_dags/example_setup_teardown_taskflow.py took 0.115 seconds
[2025-11-24T15:38:19.133+0000] {processor.py:157} INFO - Started process (PID=1031) to work on /home/airflow/.local/lib/python3.10/site-packages/airflow/example_dags/example_setup_teardown_taskflow.py
[2025-11-24T15:38:19.135+0000] {processor.py:829} INFO - Processing file /home/airflow/.local/lib/python3.10/site-packages/airflow/example_dags/example_setup_teardown_taskflow.py for tasks to queue
[2025-11-24T15:38:19.137+0000] {logging_mixin.py:154} INFO - [2025-11-24T15:38:19.137+0000] {dagbag.py:536} INFO - Filling up the DagBag from /home/airflow/.local/lib/python3.10/site-packages/airflow/example_dags/example_setup_teardown_taskflow.py
[2025-11-24T15:38:19.159+0000] {processor.py:839} INFO - DAG(s) dict_keys(['example_setup_teardown_taskflow']) retrieved from /home/airflow/.local/lib/python3.10/site-packages/airflow/example_dags/example_setup_teardown_taskflow.py
[2025-11-24T15:38:19.193+0000] {logging_mixin.py:154} INFO - [2025-11-24T15:38:19.193+0000] {dag.py:2941} INFO - Sync 1 DAGs
[2025-11-24T15:38:19.229+0000] {logging_mixin.py:154} INFO - [2025-11-24T15:38:19.228+0000] {dag.py:3722} INFO - Setting next_dagrun for example_setup_teardown_taskflow to 2025-11-23T15:38:19.228532+00:00, run_after=2025-11-24T15:38:19.228532+00:00
[2025-11-24T15:38:19.259+0000] {processor.py:179} INFO - Processing /home/airflow/.local/lib/python3.10/site-packages/airflow/example_dags/example_setup_teardown_taskflow.py took 0.131 seconds
