[2025-11-24T15:28:58.983+0000] {processor.py:157} INFO - Started process (PID=35) to work on /home/airflow/.local/lib/python3.10/site-packages/airflow/example_dags/example_xcom.py
[2025-11-24T15:28:58.990+0000] {processor.py:829} INFO - Processing file /home/airflow/.local/lib/python3.10/site-packages/airflow/example_dags/example_xcom.py for tasks to queue
[2025-11-24T15:28:58.999+0000] {logging_mixin.py:154} INFO - [2025-11-24T15:28:58.994+0000] {dagbag.py:536} INFO - Filling up the DagBag from /home/airflow/.local/lib/python3.10/site-packages/airflow/example_dags/example_xcom.py
[2025-11-24T15:28:59.034+0000] {processor.py:839} INFO - DAG(s) dict_keys(['example_xcom']) retrieved from /home/airflow/.local/lib/python3.10/site-packages/airflow/example_dags/example_xcom.py
[2025-11-24T15:28:59.309+0000] {logging_mixin.py:154} INFO - [2025-11-24T15:28:59.308+0000] {manager.py:499} INFO - Created Permission View: %s
[2025-11-24T15:28:59.334+0000] {logging_mixin.py:154} INFO - [2025-11-24T15:28:59.333+0000] {manager.py:499} INFO - Created Permission View: %s
[2025-11-24T15:28:59.346+0000] {logging_mixin.py:154} INFO - [2025-11-24T15:28:59.345+0000] {manager.py:499} INFO - Created Permission View: %s
[2025-11-24T15:28:59.346+0000] {logging_mixin.py:154} INFO - [2025-11-24T15:28:59.346+0000] {dag.py:2941} INFO - Sync 1 DAGs
[2025-11-24T15:28:59.372+0000] {logging_mixin.py:154} INFO - [2025-11-24T15:28:59.372+0000] {dag.py:2963} INFO - Creating ORM DAG for example_xcom
[2025-11-24T15:28:59.420+0000] {logging_mixin.py:154} INFO - [2025-11-24T15:28:59.417+0000] {dag.py:3722} INFO - Setting next_dagrun for example_xcom to 2021-01-01T00:00:00+00:00, run_after=2021-01-01T00:00:00+00:00
[2025-11-24T15:28:59.477+0000] {processor.py:179} INFO - Processing /home/airflow/.local/lib/python3.10/site-packages/airflow/example_dags/example_xcom.py took 0.506 seconds
[2025-11-24T15:29:30.424+0000] {processor.py:157} INFO - Started process (PID=89) to work on /home/airflow/.local/lib/python3.10/site-packages/airflow/example_dags/example_xcom.py
[2025-11-24T15:29:30.428+0000] {processor.py:829} INFO - Processing file /home/airflow/.local/lib/python3.10/site-packages/airflow/example_dags/example_xcom.py for tasks to queue
[2025-11-24T15:29:30.430+0000] {logging_mixin.py:154} INFO - [2025-11-24T15:29:30.430+0000] {dagbag.py:536} INFO - Filling up the DagBag from /home/airflow/.local/lib/python3.10/site-packages/airflow/example_dags/example_xcom.py
[2025-11-24T15:29:30.442+0000] {processor.py:839} INFO - DAG(s) dict_keys(['example_xcom']) retrieved from /home/airflow/.local/lib/python3.10/site-packages/airflow/example_dags/example_xcom.py
[2025-11-24T15:29:30.477+0000] {logging_mixin.py:154} INFO - [2025-11-24T15:29:30.476+0000] {dag.py:2941} INFO - Sync 1 DAGs
[2025-11-24T15:29:30.569+0000] {logging_mixin.py:154} INFO - [2025-11-24T15:29:30.569+0000] {dag.py:3722} INFO - Setting next_dagrun for example_xcom to 2021-01-01T00:00:00+00:00, run_after=2021-01-01T00:00:00+00:00
[2025-11-24T15:29:30.637+0000] {processor.py:179} INFO - Processing /home/airflow/.local/lib/python3.10/site-packages/airflow/example_dags/example_xcom.py took 0.217 seconds
[2025-11-24T15:30:00.971+0000] {processor.py:157} INFO - Started process (PID=143) to work on /home/airflow/.local/lib/python3.10/site-packages/airflow/example_dags/example_xcom.py
[2025-11-24T15:30:00.973+0000] {processor.py:829} INFO - Processing file /home/airflow/.local/lib/python3.10/site-packages/airflow/example_dags/example_xcom.py for tasks to queue
[2025-11-24T15:30:00.976+0000] {logging_mixin.py:154} INFO - [2025-11-24T15:30:00.975+0000] {dagbag.py:536} INFO - Filling up the DagBag from /home/airflow/.local/lib/python3.10/site-packages/airflow/example_dags/example_xcom.py
[2025-11-24T15:30:00.987+0000] {processor.py:839} INFO - DAG(s) dict_keys(['example_xcom']) retrieved from /home/airflow/.local/lib/python3.10/site-packages/airflow/example_dags/example_xcom.py
[2025-11-24T15:30:01.022+0000] {logging_mixin.py:154} INFO - [2025-11-24T15:30:01.022+0000] {dag.py:2941} INFO - Sync 1 DAGs
[2025-11-24T15:30:01.056+0000] {logging_mixin.py:154} INFO - [2025-11-24T15:30:01.055+0000] {dag.py:3722} INFO - Setting next_dagrun for example_xcom to 2021-01-01T00:00:00+00:00, run_after=2021-01-01T00:00:00+00:00
[2025-11-24T15:30:01.080+0000] {processor.py:179} INFO - Processing /home/airflow/.local/lib/python3.10/site-packages/airflow/example_dags/example_xcom.py took 0.115 seconds
[2025-11-24T15:30:31.564+0000] {processor.py:157} INFO - Started process (PID=197) to work on /home/airflow/.local/lib/python3.10/site-packages/airflow/example_dags/example_xcom.py
[2025-11-24T15:30:31.565+0000] {processor.py:829} INFO - Processing file /home/airflow/.local/lib/python3.10/site-packages/airflow/example_dags/example_xcom.py for tasks to queue
[2025-11-24T15:30:31.583+0000] {logging_mixin.py:154} INFO - [2025-11-24T15:30:31.583+0000] {dagbag.py:536} INFO - Filling up the DagBag from /home/airflow/.local/lib/python3.10/site-packages/airflow/example_dags/example_xcom.py
[2025-11-24T15:30:31.620+0000] {processor.py:839} INFO - DAG(s) dict_keys(['example_xcom']) retrieved from /home/airflow/.local/lib/python3.10/site-packages/airflow/example_dags/example_xcom.py
[2025-11-24T15:30:31.746+0000] {logging_mixin.py:154} INFO - [2025-11-24T15:30:31.746+0000] {dag.py:2941} INFO - Sync 1 DAGs
[2025-11-24T15:30:31.893+0000] {logging_mixin.py:154} INFO - [2025-11-24T15:30:31.893+0000] {dag.py:3722} INFO - Setting next_dagrun for example_xcom to 2021-01-01T00:00:00+00:00, run_after=2021-01-01T00:00:00+00:00
[2025-11-24T15:30:31.958+0000] {processor.py:179} INFO - Processing /home/airflow/.local/lib/python3.10/site-packages/airflow/example_dags/example_xcom.py took 0.407 seconds
[2025-11-24T15:31:02.046+0000] {processor.py:157} INFO - Started process (PID=252) to work on /home/airflow/.local/lib/python3.10/site-packages/airflow/example_dags/example_xcom.py
[2025-11-24T15:31:02.047+0000] {processor.py:829} INFO - Processing file /home/airflow/.local/lib/python3.10/site-packages/airflow/example_dags/example_xcom.py for tasks to queue
[2025-11-24T15:31:02.057+0000] {logging_mixin.py:154} INFO - [2025-11-24T15:31:02.057+0000] {dagbag.py:536} INFO - Filling up the DagBag from /home/airflow/.local/lib/python3.10/site-packages/airflow/example_dags/example_xcom.py
[2025-11-24T15:31:02.069+0000] {processor.py:839} INFO - DAG(s) dict_keys(['example_xcom']) retrieved from /home/airflow/.local/lib/python3.10/site-packages/airflow/example_dags/example_xcom.py
[2025-11-24T15:31:02.099+0000] {logging_mixin.py:154} INFO - [2025-11-24T15:31:02.099+0000] {dag.py:2941} INFO - Sync 1 DAGs
[2025-11-24T15:31:02.133+0000] {logging_mixin.py:154} INFO - [2025-11-24T15:31:02.132+0000] {dag.py:3722} INFO - Setting next_dagrun for example_xcom to 2021-01-01T00:00:00+00:00, run_after=2021-01-01T00:00:00+00:00
[2025-11-24T15:31:02.172+0000] {processor.py:179} INFO - Processing /home/airflow/.local/lib/python3.10/site-packages/airflow/example_dags/example_xcom.py took 0.131 seconds
[2025-11-24T15:31:32.216+0000] {processor.py:157} INFO - Started process (PID=306) to work on /home/airflow/.local/lib/python3.10/site-packages/airflow/example_dags/example_xcom.py
[2025-11-24T15:31:32.218+0000] {processor.py:829} INFO - Processing file /home/airflow/.local/lib/python3.10/site-packages/airflow/example_dags/example_xcom.py for tasks to queue
[2025-11-24T15:31:32.221+0000] {logging_mixin.py:154} INFO - [2025-11-24T15:31:32.221+0000] {dagbag.py:536} INFO - Filling up the DagBag from /home/airflow/.local/lib/python3.10/site-packages/airflow/example_dags/example_xcom.py
[2025-11-24T15:31:32.233+0000] {processor.py:839} INFO - DAG(s) dict_keys(['example_xcom']) retrieved from /home/airflow/.local/lib/python3.10/site-packages/airflow/example_dags/example_xcom.py
[2025-11-24T15:31:32.266+0000] {logging_mixin.py:154} INFO - [2025-11-24T15:31:32.266+0000] {dag.py:2941} INFO - Sync 1 DAGs
[2025-11-24T15:31:32.301+0000] {logging_mixin.py:154} INFO - [2025-11-24T15:31:32.301+0000] {dag.py:3722} INFO - Setting next_dagrun for example_xcom to 2021-01-01T00:00:00+00:00, run_after=2021-01-01T00:00:00+00:00
[2025-11-24T15:31:32.381+0000] {processor.py:179} INFO - Processing /home/airflow/.local/lib/python3.10/site-packages/airflow/example_dags/example_xcom.py took 0.169 seconds
[2025-11-24T15:32:02.756+0000] {processor.py:157} INFO - Started process (PID=360) to work on /home/airflow/.local/lib/python3.10/site-packages/airflow/example_dags/example_xcom.py
[2025-11-24T15:32:02.762+0000] {processor.py:829} INFO - Processing file /home/airflow/.local/lib/python3.10/site-packages/airflow/example_dags/example_xcom.py for tasks to queue
[2025-11-24T15:32:02.765+0000] {logging_mixin.py:154} INFO - [2025-11-24T15:32:02.765+0000] {dagbag.py:536} INFO - Filling up the DagBag from /home/airflow/.local/lib/python3.10/site-packages/airflow/example_dags/example_xcom.py
[2025-11-24T15:32:02.775+0000] {processor.py:839} INFO - DAG(s) dict_keys(['example_xcom']) retrieved from /home/airflow/.local/lib/python3.10/site-packages/airflow/example_dags/example_xcom.py
[2025-11-24T15:32:02.806+0000] {logging_mixin.py:154} INFO - [2025-11-24T15:32:02.806+0000] {dag.py:2941} INFO - Sync 1 DAGs
[2025-11-24T15:32:02.839+0000] {logging_mixin.py:154} INFO - [2025-11-24T15:32:02.839+0000] {dag.py:3722} INFO - Setting next_dagrun for example_xcom to 2021-01-01T00:00:00+00:00, run_after=2021-01-01T00:00:00+00:00
[2025-11-24T15:32:02.865+0000] {processor.py:179} INFO - Processing /home/airflow/.local/lib/python3.10/site-packages/airflow/example_dags/example_xcom.py took 0.113 seconds
[2025-11-24T15:32:32.952+0000] {processor.py:157} INFO - Started process (PID=413) to work on /home/airflow/.local/lib/python3.10/site-packages/airflow/example_dags/example_xcom.py
[2025-11-24T15:32:32.953+0000] {processor.py:829} INFO - Processing file /home/airflow/.local/lib/python3.10/site-packages/airflow/example_dags/example_xcom.py for tasks to queue
[2025-11-24T15:32:32.956+0000] {logging_mixin.py:154} INFO - [2025-11-24T15:32:32.956+0000] {dagbag.py:536} INFO - Filling up the DagBag from /home/airflow/.local/lib/python3.10/site-packages/airflow/example_dags/example_xcom.py
[2025-11-24T15:32:32.969+0000] {processor.py:839} INFO - DAG(s) dict_keys(['example_xcom']) retrieved from /home/airflow/.local/lib/python3.10/site-packages/airflow/example_dags/example_xcom.py
[2025-11-24T15:32:33.002+0000] {logging_mixin.py:154} INFO - [2025-11-24T15:32:33.001+0000] {dag.py:2941} INFO - Sync 1 DAGs
[2025-11-24T15:32:33.050+0000] {logging_mixin.py:154} INFO - [2025-11-24T15:32:33.050+0000] {dag.py:3722} INFO - Setting next_dagrun for example_xcom to 2021-01-01T00:00:00+00:00, run_after=2021-01-01T00:00:00+00:00
[2025-11-24T15:32:33.076+0000] {processor.py:179} INFO - Processing /home/airflow/.local/lib/python3.10/site-packages/airflow/example_dags/example_xcom.py took 0.129 seconds
[2025-11-24T15:33:03.949+0000] {processor.py:157} INFO - Started process (PID=467) to work on /home/airflow/.local/lib/python3.10/site-packages/airflow/example_dags/example_xcom.py
[2025-11-24T15:33:03.951+0000] {processor.py:829} INFO - Processing file /home/airflow/.local/lib/python3.10/site-packages/airflow/example_dags/example_xcom.py for tasks to queue
[2025-11-24T15:33:03.953+0000] {logging_mixin.py:154} INFO - [2025-11-24T15:33:03.953+0000] {dagbag.py:536} INFO - Filling up the DagBag from /home/airflow/.local/lib/python3.10/site-packages/airflow/example_dags/example_xcom.py
[2025-11-24T15:33:03.964+0000] {processor.py:839} INFO - DAG(s) dict_keys(['example_xcom']) retrieved from /home/airflow/.local/lib/python3.10/site-packages/airflow/example_dags/example_xcom.py
[2025-11-24T15:33:03.996+0000] {logging_mixin.py:154} INFO - [2025-11-24T15:33:03.996+0000] {dag.py:2941} INFO - Sync 1 DAGs
[2025-11-24T15:33:04.029+0000] {logging_mixin.py:154} INFO - [2025-11-24T15:33:04.029+0000] {dag.py:3722} INFO - Setting next_dagrun for example_xcom to 2021-01-01T00:00:00+00:00, run_after=2021-01-01T00:00:00+00:00
[2025-11-24T15:33:04.055+0000] {processor.py:179} INFO - Processing /home/airflow/.local/lib/python3.10/site-packages/airflow/example_dags/example_xcom.py took 0.112 seconds
[2025-11-24T15:33:34.181+0000] {processor.py:157} INFO - Started process (PID=521) to work on /home/airflow/.local/lib/python3.10/site-packages/airflow/example_dags/example_xcom.py
[2025-11-24T15:33:34.187+0000] {processor.py:829} INFO - Processing file /home/airflow/.local/lib/python3.10/site-packages/airflow/example_dags/example_xcom.py for tasks to queue
[2025-11-24T15:33:34.189+0000] {logging_mixin.py:154} INFO - [2025-11-24T15:33:34.189+0000] {dagbag.py:536} INFO - Filling up the DagBag from /home/airflow/.local/lib/python3.10/site-packages/airflow/example_dags/example_xcom.py
[2025-11-24T15:33:34.201+0000] {processor.py:839} INFO - DAG(s) dict_keys(['example_xcom']) retrieved from /home/airflow/.local/lib/python3.10/site-packages/airflow/example_dags/example_xcom.py
[2025-11-24T15:33:34.232+0000] {logging_mixin.py:154} INFO - [2025-11-24T15:33:34.232+0000] {dag.py:2941} INFO - Sync 1 DAGs
[2025-11-24T15:33:34.267+0000] {logging_mixin.py:154} INFO - [2025-11-24T15:33:34.267+0000] {dag.py:3722} INFO - Setting next_dagrun for example_xcom to 2021-01-01T00:00:00+00:00, run_after=2021-01-01T00:00:00+00:00
[2025-11-24T15:33:34.311+0000] {processor.py:179} INFO - Processing /home/airflow/.local/lib/python3.10/site-packages/airflow/example_dags/example_xcom.py took 0.136 seconds
[2025-11-24T15:34:04.641+0000] {processor.py:157} INFO - Started process (PID=575) to work on /home/airflow/.local/lib/python3.10/site-packages/airflow/example_dags/example_xcom.py
[2025-11-24T15:34:04.643+0000] {processor.py:829} INFO - Processing file /home/airflow/.local/lib/python3.10/site-packages/airflow/example_dags/example_xcom.py for tasks to queue
[2025-11-24T15:34:04.646+0000] {logging_mixin.py:154} INFO - [2025-11-24T15:34:04.645+0000] {dagbag.py:536} INFO - Filling up the DagBag from /home/airflow/.local/lib/python3.10/site-packages/airflow/example_dags/example_xcom.py
[2025-11-24T15:34:04.658+0000] {processor.py:839} INFO - DAG(s) dict_keys(['example_xcom']) retrieved from /home/airflow/.local/lib/python3.10/site-packages/airflow/example_dags/example_xcom.py
[2025-11-24T15:34:04.760+0000] {logging_mixin.py:154} INFO - [2025-11-24T15:34:04.759+0000] {dag.py:2941} INFO - Sync 1 DAGs
[2025-11-24T15:34:04.822+0000] {logging_mixin.py:154} INFO - [2025-11-24T15:34:04.822+0000] {dag.py:3722} INFO - Setting next_dagrun for example_xcom to 2021-01-01T00:00:00+00:00, run_after=2021-01-01T00:00:00+00:00
[2025-11-24T15:34:04.862+0000] {processor.py:179} INFO - Processing /home/airflow/.local/lib/python3.10/site-packages/airflow/example_dags/example_xcom.py took 0.225 seconds
[2025-11-24T15:34:35.023+0000] {processor.py:157} INFO - Started process (PID=629) to work on /home/airflow/.local/lib/python3.10/site-packages/airflow/example_dags/example_xcom.py
[2025-11-24T15:34:35.024+0000] {processor.py:829} INFO - Processing file /home/airflow/.local/lib/python3.10/site-packages/airflow/example_dags/example_xcom.py for tasks to queue
[2025-11-24T15:34:35.045+0000] {logging_mixin.py:154} INFO - [2025-11-24T15:34:35.044+0000] {dagbag.py:536} INFO - Filling up the DagBag from /home/airflow/.local/lib/python3.10/site-packages/airflow/example_dags/example_xcom.py
[2025-11-24T15:34:35.080+0000] {processor.py:839} INFO - DAG(s) dict_keys(['example_xcom']) retrieved from /home/airflow/.local/lib/python3.10/site-packages/airflow/example_dags/example_xcom.py
[2025-11-24T15:34:35.118+0000] {logging_mixin.py:154} INFO - [2025-11-24T15:34:35.118+0000] {dag.py:2941} INFO - Sync 1 DAGs
[2025-11-24T15:34:35.168+0000] {logging_mixin.py:154} INFO - [2025-11-24T15:34:35.168+0000] {dag.py:3722} INFO - Setting next_dagrun for example_xcom to 2021-01-01T00:00:00+00:00, run_after=2021-01-01T00:00:00+00:00
[2025-11-24T15:34:35.220+0000] {processor.py:179} INFO - Processing /home/airflow/.local/lib/python3.10/site-packages/airflow/example_dags/example_xcom.py took 0.221 seconds
[2025-11-24T15:35:05.571+0000] {processor.py:157} INFO - Started process (PID=682) to work on /home/airflow/.local/lib/python3.10/site-packages/airflow/example_dags/example_xcom.py
[2025-11-24T15:35:05.579+0000] {processor.py:829} INFO - Processing file /home/airflow/.local/lib/python3.10/site-packages/airflow/example_dags/example_xcom.py for tasks to queue
[2025-11-24T15:35:05.582+0000] {logging_mixin.py:154} INFO - [2025-11-24T15:35:05.581+0000] {dagbag.py:536} INFO - Filling up the DagBag from /home/airflow/.local/lib/python3.10/site-packages/airflow/example_dags/example_xcom.py
[2025-11-24T15:35:05.613+0000] {processor.py:839} INFO - DAG(s) dict_keys(['example_xcom']) retrieved from /home/airflow/.local/lib/python3.10/site-packages/airflow/example_dags/example_xcom.py
[2025-11-24T15:35:05.707+0000] {logging_mixin.py:154} INFO - [2025-11-24T15:35:05.707+0000] {dag.py:2941} INFO - Sync 1 DAGs
[2025-11-24T15:35:05.815+0000] {logging_mixin.py:154} INFO - [2025-11-24T15:35:05.815+0000] {dag.py:3722} INFO - Setting next_dagrun for example_xcom to 2021-01-01T00:00:00+00:00, run_after=2021-01-01T00:00:00+00:00
[2025-11-24T15:35:05.982+0000] {processor.py:179} INFO - Processing /home/airflow/.local/lib/python3.10/site-packages/airflow/example_dags/example_xcom.py took 0.425 seconds
[2025-11-24T15:35:36.904+0000] {processor.py:157} INFO - Started process (PID=735) to work on /home/airflow/.local/lib/python3.10/site-packages/airflow/example_dags/example_xcom.py
[2025-11-24T15:35:36.908+0000] {processor.py:829} INFO - Processing file /home/airflow/.local/lib/python3.10/site-packages/airflow/example_dags/example_xcom.py for tasks to queue
[2025-11-24T15:35:36.914+0000] {logging_mixin.py:154} INFO - [2025-11-24T15:35:36.914+0000] {dagbag.py:536} INFO - Filling up the DagBag from /home/airflow/.local/lib/python3.10/site-packages/airflow/example_dags/example_xcom.py
[2025-11-24T15:35:36.933+0000] {processor.py:839} INFO - DAG(s) dict_keys(['example_xcom']) retrieved from /home/airflow/.local/lib/python3.10/site-packages/airflow/example_dags/example_xcom.py
[2025-11-24T15:35:36.979+0000] {logging_mixin.py:154} INFO - [2025-11-24T15:35:36.979+0000] {dag.py:2941} INFO - Sync 1 DAGs
[2025-11-24T15:35:37.051+0000] {logging_mixin.py:154} INFO - [2025-11-24T15:35:37.051+0000] {dag.py:3722} INFO - Setting next_dagrun for example_xcom to 2021-01-01T00:00:00+00:00, run_after=2021-01-01T00:00:00+00:00
[2025-11-24T15:35:37.104+0000] {processor.py:179} INFO - Processing /home/airflow/.local/lib/python3.10/site-packages/airflow/example_dags/example_xcom.py took 0.214 seconds
[2025-11-24T15:36:07.145+0000] {processor.py:157} INFO - Started process (PID=789) to work on /home/airflow/.local/lib/python3.10/site-packages/airflow/example_dags/example_xcom.py
[2025-11-24T15:36:07.157+0000] {processor.py:829} INFO - Processing file /home/airflow/.local/lib/python3.10/site-packages/airflow/example_dags/example_xcom.py for tasks to queue
[2025-11-24T15:36:07.160+0000] {logging_mixin.py:154} INFO - [2025-11-24T15:36:07.159+0000] {dagbag.py:536} INFO - Filling up the DagBag from /home/airflow/.local/lib/python3.10/site-packages/airflow/example_dags/example_xcom.py
[2025-11-24T15:36:07.170+0000] {processor.py:839} INFO - DAG(s) dict_keys(['example_xcom']) retrieved from /home/airflow/.local/lib/python3.10/site-packages/airflow/example_dags/example_xcom.py
[2025-11-24T15:36:07.200+0000] {logging_mixin.py:154} INFO - [2025-11-24T15:36:07.200+0000] {dag.py:2941} INFO - Sync 1 DAGs
[2025-11-24T15:36:07.232+0000] {logging_mixin.py:154} INFO - [2025-11-24T15:36:07.232+0000] {dag.py:3722} INFO - Setting next_dagrun for example_xcom to 2021-01-01T00:00:00+00:00, run_after=2021-01-01T00:00:00+00:00
[2025-11-24T15:36:07.260+0000] {processor.py:179} INFO - Processing /home/airflow/.local/lib/python3.10/site-packages/airflow/example_dags/example_xcom.py took 0.120 seconds
[2025-11-24T15:36:37.609+0000] {processor.py:157} INFO - Started process (PID=844) to work on /home/airflow/.local/lib/python3.10/site-packages/airflow/example_dags/example_xcom.py
[2025-11-24T15:36:37.610+0000] {processor.py:829} INFO - Processing file /home/airflow/.local/lib/python3.10/site-packages/airflow/example_dags/example_xcom.py for tasks to queue
[2025-11-24T15:36:37.613+0000] {logging_mixin.py:154} INFO - [2025-11-24T15:36:37.612+0000] {dagbag.py:536} INFO - Filling up the DagBag from /home/airflow/.local/lib/python3.10/site-packages/airflow/example_dags/example_xcom.py
[2025-11-24T15:36:37.624+0000] {processor.py:839} INFO - DAG(s) dict_keys(['example_xcom']) retrieved from /home/airflow/.local/lib/python3.10/site-packages/airflow/example_dags/example_xcom.py
[2025-11-24T15:36:37.656+0000] {logging_mixin.py:154} INFO - [2025-11-24T15:36:37.656+0000] {dag.py:2941} INFO - Sync 1 DAGs
[2025-11-24T15:36:37.689+0000] {logging_mixin.py:154} INFO - [2025-11-24T15:36:37.689+0000] {dag.py:3722} INFO - Setting next_dagrun for example_xcom to 2021-01-01T00:00:00+00:00, run_after=2021-01-01T00:00:00+00:00
[2025-11-24T15:36:37.714+0000] {processor.py:179} INFO - Processing /home/airflow/.local/lib/python3.10/site-packages/airflow/example_dags/example_xcom.py took 0.110 seconds
[2025-11-24T15:37:07.912+0000] {processor.py:157} INFO - Started process (PID=898) to work on /home/airflow/.local/lib/python3.10/site-packages/airflow/example_dags/example_xcom.py
[2025-11-24T15:37:07.916+0000] {processor.py:829} INFO - Processing file /home/airflow/.local/lib/python3.10/site-packages/airflow/example_dags/example_xcom.py for tasks to queue
[2025-11-24T15:37:07.919+0000] {logging_mixin.py:154} INFO - [2025-11-24T15:37:07.918+0000] {dagbag.py:536} INFO - Filling up the DagBag from /home/airflow/.local/lib/python3.10/site-packages/airflow/example_dags/example_xcom.py
[2025-11-24T15:37:07.930+0000] {processor.py:839} INFO - DAG(s) dict_keys(['example_xcom']) retrieved from /home/airflow/.local/lib/python3.10/site-packages/airflow/example_dags/example_xcom.py
[2025-11-24T15:37:07.960+0000] {logging_mixin.py:154} INFO - [2025-11-24T15:37:07.960+0000] {dag.py:2941} INFO - Sync 1 DAGs
[2025-11-24T15:37:07.993+0000] {logging_mixin.py:154} INFO - [2025-11-24T15:37:07.992+0000] {dag.py:3722} INFO - Setting next_dagrun for example_xcom to 2021-01-01T00:00:00+00:00, run_after=2021-01-01T00:00:00+00:00
[2025-11-24T15:37:08.018+0000] {processor.py:179} INFO - Processing /home/airflow/.local/lib/python3.10/site-packages/airflow/example_dags/example_xcom.py took 0.111 seconds
[2025-11-24T15:37:38.579+0000] {processor.py:157} INFO - Started process (PID=952) to work on /home/airflow/.local/lib/python3.10/site-packages/airflow/example_dags/example_xcom.py
[2025-11-24T15:37:38.581+0000] {processor.py:829} INFO - Processing file /home/airflow/.local/lib/python3.10/site-packages/airflow/example_dags/example_xcom.py for tasks to queue
[2025-11-24T15:37:38.584+0000] {logging_mixin.py:154} INFO - [2025-11-24T15:37:38.583+0000] {dagbag.py:536} INFO - Filling up the DagBag from /home/airflow/.local/lib/python3.10/site-packages/airflow/example_dags/example_xcom.py
[2025-11-24T15:37:38.599+0000] {processor.py:839} INFO - DAG(s) dict_keys(['example_xcom']) retrieved from /home/airflow/.local/lib/python3.10/site-packages/airflow/example_dags/example_xcom.py
[2025-11-24T15:37:38.631+0000] {logging_mixin.py:154} INFO - [2025-11-24T15:37:38.631+0000] {dag.py:2941} INFO - Sync 1 DAGs
[2025-11-24T15:37:38.665+0000] {logging_mixin.py:154} INFO - [2025-11-24T15:37:38.665+0000] {dag.py:3722} INFO - Setting next_dagrun for example_xcom to 2021-01-01T00:00:00+00:00, run_after=2021-01-01T00:00:00+00:00
[2025-11-24T15:37:38.696+0000] {processor.py:179} INFO - Processing /home/airflow/.local/lib/python3.10/site-packages/airflow/example_dags/example_xcom.py took 0.122 seconds
[2025-11-24T15:38:08.797+0000] {processor.py:157} INFO - Started process (PID=1007) to work on /home/airflow/.local/lib/python3.10/site-packages/airflow/example_dags/example_xcom.py
[2025-11-24T15:38:08.798+0000] {processor.py:829} INFO - Processing file /home/airflow/.local/lib/python3.10/site-packages/airflow/example_dags/example_xcom.py for tasks to queue
[2025-11-24T15:38:08.801+0000] {logging_mixin.py:154} INFO - [2025-11-24T15:38:08.800+0000] {dagbag.py:536} INFO - Filling up the DagBag from /home/airflow/.local/lib/python3.10/site-packages/airflow/example_dags/example_xcom.py
[2025-11-24T15:38:08.814+0000] {processor.py:839} INFO - DAG(s) dict_keys(['example_xcom']) retrieved from /home/airflow/.local/lib/python3.10/site-packages/airflow/example_dags/example_xcom.py
[2025-11-24T15:38:08.844+0000] {logging_mixin.py:154} INFO - [2025-11-24T15:38:08.844+0000] {dag.py:2941} INFO - Sync 1 DAGs
[2025-11-24T15:38:08.877+0000] {logging_mixin.py:154} INFO - [2025-11-24T15:38:08.876+0000] {dag.py:3722} INFO - Setting next_dagrun for example_xcom to 2021-01-01T00:00:00+00:00, run_after=2021-01-01T00:00:00+00:00
[2025-11-24T15:38:08.901+0000] {processor.py:179} INFO - Processing /home/airflow/.local/lib/python3.10/site-packages/airflow/example_dags/example_xcom.py took 0.109 seconds
