[2025-11-24T15:29:12.658+0000] {processor.py:157} INFO - Started process (PID=64) to work on /home/airflow/.local/lib/python3.10/site-packages/airflow/example_dags/example_xcomargs.py
[2025-11-24T15:29:12.659+0000] {processor.py:829} INFO - Processing file /home/airflow/.local/lib/python3.10/site-packages/airflow/example_dags/example_xcomargs.py for tasks to queue
[2025-11-24T15:29:12.662+0000] {logging_mixin.py:154} INFO - [2025-11-24T15:29:12.661+0000] {dagbag.py:536} INFO - Filling up the DagBag from /home/airflow/.local/lib/python3.10/site-packages/airflow/example_dags/example_xcomargs.py
[2025-11-24T15:29:12.675+0000] {processor.py:839} INFO - DAG(s) dict_keys(['example_xcom_args', 'example_xcom_args_with_operators']) retrieved from /home/airflow/.local/lib/python3.10/site-packages/airflow/example_dags/example_xcomargs.py
[2025-11-24T15:29:13.020+0000] {logging_mixin.py:154} INFO - [2025-11-24T15:29:13.020+0000] {manager.py:499} INFO - Created Permission View: %s
[2025-11-24T15:29:13.058+0000] {logging_mixin.py:154} INFO - [2025-11-24T15:29:13.058+0000] {manager.py:499} INFO - Created Permission View: %s
[2025-11-24T15:29:13.087+0000] {logging_mixin.py:154} INFO - [2025-11-24T15:29:13.087+0000] {manager.py:499} INFO - Created Permission View: %s
[2025-11-24T15:29:13.129+0000] {logging_mixin.py:154} INFO - [2025-11-24T15:29:13.128+0000] {manager.py:499} INFO - Created Permission View: %s
[2025-11-24T15:29:13.144+0000] {logging_mixin.py:154} INFO - [2025-11-24T15:29:13.144+0000] {manager.py:499} INFO - Created Permission View: %s
[2025-11-24T15:29:13.153+0000] {logging_mixin.py:154} INFO - [2025-11-24T15:29:13.153+0000] {manager.py:499} INFO - Created Permission View: %s
[2025-11-24T15:29:13.158+0000] {logging_mixin.py:154} INFO - [2025-11-24T15:29:13.157+0000] {dag.py:2941} INFO - Sync 2 DAGs
[2025-11-24T15:29:13.187+0000] {logging_mixin.py:154} INFO - [2025-11-24T15:29:13.186+0000] {dag.py:2963} INFO - Creating ORM DAG for example_xcom_args
[2025-11-24T15:29:13.191+0000] {logging_mixin.py:154} INFO - [2025-11-24T15:29:13.191+0000] {dag.py:2963} INFO - Creating ORM DAG for example_xcom_args_with_operators
[2025-11-24T15:29:13.192+0000] {logging_mixin.py:154} INFO - [2025-11-24T15:29:13.192+0000] {dag.py:3722} INFO - Setting next_dagrun for example_xcom_args to None, run_after=None
[2025-11-24T15:29:13.199+0000] {logging_mixin.py:154} INFO - [2025-11-24T15:29:13.199+0000] {dag.py:3722} INFO - Setting next_dagrun for example_xcom_args_with_operators to None, run_after=None
[2025-11-24T15:29:13.242+0000] {processor.py:179} INFO - Processing /home/airflow/.local/lib/python3.10/site-packages/airflow/example_dags/example_xcomargs.py took 0.601 seconds
[2025-11-24T15:29:43.459+0000] {processor.py:157} INFO - Started process (PID=118) to work on /home/airflow/.local/lib/python3.10/site-packages/airflow/example_dags/example_xcomargs.py
[2025-11-24T15:29:43.461+0000] {processor.py:829} INFO - Processing file /home/airflow/.local/lib/python3.10/site-packages/airflow/example_dags/example_xcomargs.py for tasks to queue
[2025-11-24T15:29:43.463+0000] {logging_mixin.py:154} INFO - [2025-11-24T15:29:43.463+0000] {dagbag.py:536} INFO - Filling up the DagBag from /home/airflow/.local/lib/python3.10/site-packages/airflow/example_dags/example_xcomargs.py
[2025-11-24T15:29:43.475+0000] {processor.py:839} INFO - DAG(s) dict_keys(['example_xcom_args', 'example_xcom_args_with_operators']) retrieved from /home/airflow/.local/lib/python3.10/site-packages/airflow/example_dags/example_xcomargs.py
[2025-11-24T15:29:43.507+0000] {logging_mixin.py:154} INFO - [2025-11-24T15:29:43.506+0000] {dag.py:2941} INFO - Sync 2 DAGs
[2025-11-24T15:29:43.521+0000] {logging_mixin.py:154} INFO - [2025-11-24T15:29:43.521+0000] {dag.py:3722} INFO - Setting next_dagrun for example_xcom_args to None, run_after=None
[2025-11-24T15:29:43.525+0000] {logging_mixin.py:154} INFO - [2025-11-24T15:29:43.525+0000] {dag.py:3722} INFO - Setting next_dagrun for example_xcom_args_with_operators to None, run_after=None
[2025-11-24T15:29:43.552+0000] {processor.py:179} INFO - Processing /home/airflow/.local/lib/python3.10/site-packages/airflow/example_dags/example_xcomargs.py took 0.098 seconds
[2025-11-24T15:30:14.122+0000] {processor.py:157} INFO - Started process (PID=179) to work on /home/airflow/.local/lib/python3.10/site-packages/airflow/example_dags/example_xcomargs.py
[2025-11-24T15:30:14.124+0000] {processor.py:829} INFO - Processing file /home/airflow/.local/lib/python3.10/site-packages/airflow/example_dags/example_xcomargs.py for tasks to queue
[2025-11-24T15:30:14.127+0000] {logging_mixin.py:154} INFO - [2025-11-24T15:30:14.126+0000] {dagbag.py:536} INFO - Filling up the DagBag from /home/airflow/.local/lib/python3.10/site-packages/airflow/example_dags/example_xcomargs.py
[2025-11-24T15:30:14.139+0000] {processor.py:839} INFO - DAG(s) dict_keys(['example_xcom_args_with_operators', 'example_xcom_args']) retrieved from /home/airflow/.local/lib/python3.10/site-packages/airflow/example_dags/example_xcomargs.py
[2025-11-24T15:30:14.174+0000] {logging_mixin.py:154} INFO - [2025-11-24T15:30:14.174+0000] {dag.py:2941} INFO - Sync 2 DAGs
[2025-11-24T15:30:14.192+0000] {logging_mixin.py:154} INFO - [2025-11-24T15:30:14.191+0000] {dag.py:3722} INFO - Setting next_dagrun for example_xcom_args to None, run_after=None
[2025-11-24T15:30:14.196+0000] {logging_mixin.py:154} INFO - [2025-11-24T15:30:14.196+0000] {dag.py:3722} INFO - Setting next_dagrun for example_xcom_args_with_operators to None, run_after=None
[2025-11-24T15:30:14.236+0000] {processor.py:179} INFO - Processing /home/airflow/.local/lib/python3.10/site-packages/airflow/example_dags/example_xcomargs.py took 0.121 seconds
[2025-11-24T15:30:44.455+0000] {processor.py:157} INFO - Started process (PID=234) to work on /home/airflow/.local/lib/python3.10/site-packages/airflow/example_dags/example_xcomargs.py
[2025-11-24T15:30:44.461+0000] {processor.py:829} INFO - Processing file /home/airflow/.local/lib/python3.10/site-packages/airflow/example_dags/example_xcomargs.py for tasks to queue
[2025-11-24T15:30:44.466+0000] {logging_mixin.py:154} INFO - [2025-11-24T15:30:44.465+0000] {dagbag.py:536} INFO - Filling up the DagBag from /home/airflow/.local/lib/python3.10/site-packages/airflow/example_dags/example_xcomargs.py
[2025-11-24T15:30:44.489+0000] {processor.py:839} INFO - DAG(s) dict_keys(['example_xcom_args_with_operators', 'example_xcom_args']) retrieved from /home/airflow/.local/lib/python3.10/site-packages/airflow/example_dags/example_xcomargs.py
[2025-11-24T15:30:44.522+0000] {logging_mixin.py:154} INFO - [2025-11-24T15:30:44.521+0000] {dag.py:2941} INFO - Sync 2 DAGs
[2025-11-24T15:30:44.543+0000] {logging_mixin.py:154} INFO - [2025-11-24T15:30:44.543+0000] {dag.py:3722} INFO - Setting next_dagrun for example_xcom_args to None, run_after=None
[2025-11-24T15:30:44.548+0000] {logging_mixin.py:154} INFO - [2025-11-24T15:30:44.548+0000] {dag.py:3722} INFO - Setting next_dagrun for example_xcom_args_with_operators to None, run_after=None
[2025-11-24T15:30:44.584+0000] {processor.py:179} INFO - Processing /home/airflow/.local/lib/python3.10/site-packages/airflow/example_dags/example_xcomargs.py took 0.142 seconds
[2025-11-24T15:31:15.051+0000] {processor.py:157} INFO - Started process (PID=288) to work on /home/airflow/.local/lib/python3.10/site-packages/airflow/example_dags/example_xcomargs.py
[2025-11-24T15:31:15.071+0000] {processor.py:829} INFO - Processing file /home/airflow/.local/lib/python3.10/site-packages/airflow/example_dags/example_xcomargs.py for tasks to queue
[2025-11-24T15:31:15.074+0000] {logging_mixin.py:154} INFO - [2025-11-24T15:31:15.073+0000] {dagbag.py:536} INFO - Filling up the DagBag from /home/airflow/.local/lib/python3.10/site-packages/airflow/example_dags/example_xcomargs.py
[2025-11-24T15:31:15.086+0000] {processor.py:839} INFO - DAG(s) dict_keys(['example_xcom_args', 'example_xcom_args_with_operators']) retrieved from /home/airflow/.local/lib/python3.10/site-packages/airflow/example_dags/example_xcomargs.py
[2025-11-24T15:31:15.124+0000] {logging_mixin.py:154} INFO - [2025-11-24T15:31:15.124+0000] {dag.py:2941} INFO - Sync 2 DAGs
[2025-11-24T15:31:15.144+0000] {logging_mixin.py:154} INFO - [2025-11-24T15:31:15.144+0000] {dag.py:3722} INFO - Setting next_dagrun for example_xcom_args to None, run_after=None
[2025-11-24T15:31:15.149+0000] {logging_mixin.py:154} INFO - [2025-11-24T15:31:15.149+0000] {dag.py:3722} INFO - Setting next_dagrun for example_xcom_args_with_operators to None, run_after=None
[2025-11-24T15:31:15.186+0000] {processor.py:179} INFO - Processing /home/airflow/.local/lib/python3.10/site-packages/airflow/example_dags/example_xcomargs.py took 0.139 seconds
[2025-11-24T15:31:45.648+0000] {processor.py:157} INFO - Started process (PID=342) to work on /home/airflow/.local/lib/python3.10/site-packages/airflow/example_dags/example_xcomargs.py
[2025-11-24T15:31:45.649+0000] {processor.py:829} INFO - Processing file /home/airflow/.local/lib/python3.10/site-packages/airflow/example_dags/example_xcomargs.py for tasks to queue
[2025-11-24T15:31:45.652+0000] {logging_mixin.py:154} INFO - [2025-11-24T15:31:45.651+0000] {dagbag.py:536} INFO - Filling up the DagBag from /home/airflow/.local/lib/python3.10/site-packages/airflow/example_dags/example_xcomargs.py
[2025-11-24T15:31:45.661+0000] {processor.py:839} INFO - DAG(s) dict_keys(['example_xcom_args', 'example_xcom_args_with_operators']) retrieved from /home/airflow/.local/lib/python3.10/site-packages/airflow/example_dags/example_xcomargs.py
[2025-11-24T15:31:45.688+0000] {logging_mixin.py:154} INFO - [2025-11-24T15:31:45.687+0000] {dag.py:2941} INFO - Sync 2 DAGs
[2025-11-24T15:31:45.702+0000] {logging_mixin.py:154} INFO - [2025-11-24T15:31:45.701+0000] {dag.py:3722} INFO - Setting next_dagrun for example_xcom_args to None, run_after=None
[2025-11-24T15:31:45.706+0000] {logging_mixin.py:154} INFO - [2025-11-24T15:31:45.705+0000] {dag.py:3722} INFO - Setting next_dagrun for example_xcom_args_with_operators to None, run_after=None
[2025-11-24T15:31:45.726+0000] {processor.py:179} INFO - Processing /home/airflow/.local/lib/python3.10/site-packages/airflow/example_dags/example_xcomargs.py took 0.082 seconds
[2025-11-24T15:32:16.428+0000] {processor.py:157} INFO - Started process (PID=395) to work on /home/airflow/.local/lib/python3.10/site-packages/airflow/example_dags/example_xcomargs.py
[2025-11-24T15:32:16.450+0000] {processor.py:829} INFO - Processing file /home/airflow/.local/lib/python3.10/site-packages/airflow/example_dags/example_xcomargs.py for tasks to queue
[2025-11-24T15:32:16.453+0000] {logging_mixin.py:154} INFO - [2025-11-24T15:32:16.452+0000] {dagbag.py:536} INFO - Filling up the DagBag from /home/airflow/.local/lib/python3.10/site-packages/airflow/example_dags/example_xcomargs.py
[2025-11-24T15:32:16.489+0000] {processor.py:839} INFO - DAG(s) dict_keys(['example_xcom_args', 'example_xcom_args_with_operators']) retrieved from /home/airflow/.local/lib/python3.10/site-packages/airflow/example_dags/example_xcomargs.py
[2025-11-24T15:32:16.617+0000] {logging_mixin.py:154} INFO - [2025-11-24T15:32:16.616+0000] {dag.py:2941} INFO - Sync 2 DAGs
[2025-11-24T15:32:16.701+0000] {logging_mixin.py:154} INFO - [2025-11-24T15:32:16.701+0000] {dag.py:3722} INFO - Setting next_dagrun for example_xcom_args to None, run_after=None
[2025-11-24T15:32:16.719+0000] {logging_mixin.py:154} INFO - [2025-11-24T15:32:16.719+0000] {dag.py:3722} INFO - Setting next_dagrun for example_xcom_args_with_operators to None, run_after=None
[2025-11-24T15:32:16.781+0000] {processor.py:179} INFO - Processing /home/airflow/.local/lib/python3.10/site-packages/airflow/example_dags/example_xcomargs.py took 0.389 seconds
[2025-11-24T15:32:47.164+0000] {processor.py:157} INFO - Started process (PID=449) to work on /home/airflow/.local/lib/python3.10/site-packages/airflow/example_dags/example_xcomargs.py
[2025-11-24T15:32:47.165+0000] {processor.py:829} INFO - Processing file /home/airflow/.local/lib/python3.10/site-packages/airflow/example_dags/example_xcomargs.py for tasks to queue
[2025-11-24T15:32:47.168+0000] {logging_mixin.py:154} INFO - [2025-11-24T15:32:47.167+0000] {dagbag.py:536} INFO - Filling up the DagBag from /home/airflow/.local/lib/python3.10/site-packages/airflow/example_dags/example_xcomargs.py
[2025-11-24T15:32:47.180+0000] {processor.py:839} INFO - DAG(s) dict_keys(['example_xcom_args', 'example_xcom_args_with_operators']) retrieved from /home/airflow/.local/lib/python3.10/site-packages/airflow/example_dags/example_xcomargs.py
[2025-11-24T15:32:47.214+0000] {logging_mixin.py:154} INFO - [2025-11-24T15:32:47.213+0000] {dag.py:2941} INFO - Sync 2 DAGs
[2025-11-24T15:32:47.232+0000] {logging_mixin.py:154} INFO - [2025-11-24T15:32:47.232+0000] {dag.py:3722} INFO - Setting next_dagrun for example_xcom_args to None, run_after=None
[2025-11-24T15:32:47.237+0000] {logging_mixin.py:154} INFO - [2025-11-24T15:32:47.237+0000] {dag.py:3722} INFO - Setting next_dagrun for example_xcom_args_with_operators to None, run_after=None
[2025-11-24T15:32:47.265+0000] {processor.py:179} INFO - Processing /home/airflow/.local/lib/python3.10/site-packages/airflow/example_dags/example_xcomargs.py took 0.106 seconds
[2025-11-24T15:33:17.989+0000] {processor.py:157} INFO - Started process (PID=503) to work on /home/airflow/.local/lib/python3.10/site-packages/airflow/example_dags/example_xcomargs.py
[2025-11-24T15:33:17.999+0000] {processor.py:829} INFO - Processing file /home/airflow/.local/lib/python3.10/site-packages/airflow/example_dags/example_xcomargs.py for tasks to queue
[2025-11-24T15:33:18.002+0000] {logging_mixin.py:154} INFO - [2025-11-24T15:33:18.002+0000] {dagbag.py:536} INFO - Filling up the DagBag from /home/airflow/.local/lib/python3.10/site-packages/airflow/example_dags/example_xcomargs.py
[2025-11-24T15:33:18.012+0000] {processor.py:839} INFO - DAG(s) dict_keys(['example_xcom_args', 'example_xcom_args_with_operators']) retrieved from /home/airflow/.local/lib/python3.10/site-packages/airflow/example_dags/example_xcomargs.py
[2025-11-24T15:33:18.047+0000] {logging_mixin.py:154} INFO - [2025-11-24T15:33:18.047+0000] {dag.py:2941} INFO - Sync 2 DAGs
[2025-11-24T15:33:18.066+0000] {logging_mixin.py:154} INFO - [2025-11-24T15:33:18.065+0000] {dag.py:3722} INFO - Setting next_dagrun for example_xcom_args to None, run_after=None
[2025-11-24T15:33:18.071+0000] {logging_mixin.py:154} INFO - [2025-11-24T15:33:18.071+0000] {dag.py:3722} INFO - Setting next_dagrun for example_xcom_args_with_operators to None, run_after=None
[2025-11-24T15:33:18.092+0000] {processor.py:179} INFO - Processing /home/airflow/.local/lib/python3.10/site-packages/airflow/example_dags/example_xcomargs.py took 0.108 seconds
[2025-11-24T15:33:48.506+0000] {processor.py:157} INFO - Started process (PID=557) to work on /home/airflow/.local/lib/python3.10/site-packages/airflow/example_dags/example_xcomargs.py
[2025-11-24T15:33:48.508+0000] {processor.py:829} INFO - Processing file /home/airflow/.local/lib/python3.10/site-packages/airflow/example_dags/example_xcomargs.py for tasks to queue
[2025-11-24T15:33:48.511+0000] {logging_mixin.py:154} INFO - [2025-11-24T15:33:48.510+0000] {dagbag.py:536} INFO - Filling up the DagBag from /home/airflow/.local/lib/python3.10/site-packages/airflow/example_dags/example_xcomargs.py
[2025-11-24T15:33:48.523+0000] {processor.py:839} INFO - DAG(s) dict_keys(['example_xcom_args_with_operators', 'example_xcom_args']) retrieved from /home/airflow/.local/lib/python3.10/site-packages/airflow/example_dags/example_xcomargs.py
[2025-11-24T15:33:48.560+0000] {logging_mixin.py:154} INFO - [2025-11-24T15:33:48.560+0000] {dag.py:2941} INFO - Sync 2 DAGs
[2025-11-24T15:33:48.581+0000] {logging_mixin.py:154} INFO - [2025-11-24T15:33:48.581+0000] {dag.py:3722} INFO - Setting next_dagrun for example_xcom_args to None, run_after=None
[2025-11-24T15:33:48.586+0000] {logging_mixin.py:154} INFO - [2025-11-24T15:33:48.586+0000] {dag.py:3722} INFO - Setting next_dagrun for example_xcom_args_with_operators to None, run_after=None
[2025-11-24T15:33:48.609+0000] {processor.py:179} INFO - Processing /home/airflow/.local/lib/python3.10/site-packages/airflow/example_dags/example_xcomargs.py took 0.108 seconds
[2025-11-24T15:34:18.761+0000] {processor.py:157} INFO - Started process (PID=611) to work on /home/airflow/.local/lib/python3.10/site-packages/airflow/example_dags/example_xcomargs.py
[2025-11-24T15:34:18.763+0000] {processor.py:829} INFO - Processing file /home/airflow/.local/lib/python3.10/site-packages/airflow/example_dags/example_xcomargs.py for tasks to queue
[2025-11-24T15:34:18.766+0000] {logging_mixin.py:154} INFO - [2025-11-24T15:34:18.765+0000] {dagbag.py:536} INFO - Filling up the DagBag from /home/airflow/.local/lib/python3.10/site-packages/airflow/example_dags/example_xcomargs.py
[2025-11-24T15:34:18.778+0000] {processor.py:839} INFO - DAG(s) dict_keys(['example_xcom_args', 'example_xcom_args_with_operators']) retrieved from /home/airflow/.local/lib/python3.10/site-packages/airflow/example_dags/example_xcomargs.py
[2025-11-24T15:34:18.813+0000] {logging_mixin.py:154} INFO - [2025-11-24T15:34:18.813+0000] {dag.py:2941} INFO - Sync 2 DAGs
[2025-11-24T15:34:18.828+0000] {logging_mixin.py:154} INFO - [2025-11-24T15:34:18.828+0000] {dag.py:3722} INFO - Setting next_dagrun for example_xcom_args to None, run_after=None
[2025-11-24T15:34:18.834+0000] {logging_mixin.py:154} INFO - [2025-11-24T15:34:18.833+0000] {dag.py:3722} INFO - Setting next_dagrun for example_xcom_args_with_operators to None, run_after=None
[2025-11-24T15:34:18.874+0000] {processor.py:179} INFO - Processing /home/airflow/.local/lib/python3.10/site-packages/airflow/example_dags/example_xcomargs.py took 0.119 seconds
[2025-11-24T15:34:49.295+0000] {processor.py:157} INFO - Started process (PID=664) to work on /home/airflow/.local/lib/python3.10/site-packages/airflow/example_dags/example_xcomargs.py
[2025-11-24T15:34:49.296+0000] {processor.py:829} INFO - Processing file /home/airflow/.local/lib/python3.10/site-packages/airflow/example_dags/example_xcomargs.py for tasks to queue
[2025-11-24T15:34:49.299+0000] {logging_mixin.py:154} INFO - [2025-11-24T15:34:49.299+0000] {dagbag.py:536} INFO - Filling up the DagBag from /home/airflow/.local/lib/python3.10/site-packages/airflow/example_dags/example_xcomargs.py
[2025-11-24T15:34:49.311+0000] {processor.py:839} INFO - DAG(s) dict_keys(['example_xcom_args_with_operators', 'example_xcom_args']) retrieved from /home/airflow/.local/lib/python3.10/site-packages/airflow/example_dags/example_xcomargs.py
[2025-11-24T15:34:49.345+0000] {logging_mixin.py:154} INFO - [2025-11-24T15:34:49.344+0000] {dag.py:2941} INFO - Sync 2 DAGs
[2025-11-24T15:34:49.363+0000] {logging_mixin.py:154} INFO - [2025-11-24T15:34:49.362+0000] {dag.py:3722} INFO - Setting next_dagrun for example_xcom_args to None, run_after=None
[2025-11-24T15:34:49.367+0000] {logging_mixin.py:154} INFO - [2025-11-24T15:34:49.367+0000] {dag.py:3722} INFO - Setting next_dagrun for example_xcom_args_with_operators to None, run_after=None
[2025-11-24T15:34:49.390+0000] {processor.py:179} INFO - Processing /home/airflow/.local/lib/python3.10/site-packages/airflow/example_dags/example_xcomargs.py took 0.100 seconds
[2025-11-24T15:35:20.227+0000] {processor.py:157} INFO - Started process (PID=717) to work on /home/airflow/.local/lib/python3.10/site-packages/airflow/example_dags/example_xcomargs.py
[2025-11-24T15:35:20.234+0000] {processor.py:829} INFO - Processing file /home/airflow/.local/lib/python3.10/site-packages/airflow/example_dags/example_xcomargs.py for tasks to queue
[2025-11-24T15:35:20.236+0000] {logging_mixin.py:154} INFO - [2025-11-24T15:35:20.236+0000] {dagbag.py:536} INFO - Filling up the DagBag from /home/airflow/.local/lib/python3.10/site-packages/airflow/example_dags/example_xcomargs.py
[2025-11-24T15:35:20.247+0000] {processor.py:839} INFO - DAG(s) dict_keys(['example_xcom_args_with_operators', 'example_xcom_args']) retrieved from /home/airflow/.local/lib/python3.10/site-packages/airflow/example_dags/example_xcomargs.py
[2025-11-24T15:35:20.280+0000] {logging_mixin.py:154} INFO - [2025-11-24T15:35:20.280+0000] {dag.py:2941} INFO - Sync 2 DAGs
[2025-11-24T15:35:20.299+0000] {logging_mixin.py:154} INFO - [2025-11-24T15:35:20.299+0000] {dag.py:3722} INFO - Setting next_dagrun for example_xcom_args to None, run_after=None
[2025-11-24T15:35:20.304+0000] {logging_mixin.py:154} INFO - [2025-11-24T15:35:20.304+0000] {dag.py:3722} INFO - Setting next_dagrun for example_xcom_args_with_operators to None, run_after=None
[2025-11-24T15:35:20.365+0000] {processor.py:179} INFO - Processing /home/airflow/.local/lib/python3.10/site-packages/airflow/example_dags/example_xcomargs.py took 0.143 seconds
[2025-11-24T15:35:50.588+0000] {processor.py:157} INFO - Started process (PID=771) to work on /home/airflow/.local/lib/python3.10/site-packages/airflow/example_dags/example_xcomargs.py
[2025-11-24T15:35:50.590+0000] {processor.py:829} INFO - Processing file /home/airflow/.local/lib/python3.10/site-packages/airflow/example_dags/example_xcomargs.py for tasks to queue
[2025-11-24T15:35:50.593+0000] {logging_mixin.py:154} INFO - [2025-11-24T15:35:50.592+0000] {dagbag.py:536} INFO - Filling up the DagBag from /home/airflow/.local/lib/python3.10/site-packages/airflow/example_dags/example_xcomargs.py
[2025-11-24T15:35:50.605+0000] {processor.py:839} INFO - DAG(s) dict_keys(['example_xcom_args_with_operators', 'example_xcom_args']) retrieved from /home/airflow/.local/lib/python3.10/site-packages/airflow/example_dags/example_xcomargs.py
[2025-11-24T15:35:50.639+0000] {logging_mixin.py:154} INFO - [2025-11-24T15:35:50.639+0000] {dag.py:2941} INFO - Sync 2 DAGs
[2025-11-24T15:35:50.658+0000] {logging_mixin.py:154} INFO - [2025-11-24T15:35:50.657+0000] {dag.py:3722} INFO - Setting next_dagrun for example_xcom_args to None, run_after=None
[2025-11-24T15:35:50.664+0000] {logging_mixin.py:154} INFO - [2025-11-24T15:35:50.664+0000] {dag.py:3722} INFO - Setting next_dagrun for example_xcom_args_with_operators to None, run_after=None
[2025-11-24T15:35:50.688+0000] {processor.py:179} INFO - Processing /home/airflow/.local/lib/python3.10/site-packages/airflow/example_dags/example_xcomargs.py took 0.105 seconds
[2025-11-24T15:36:21.086+0000] {processor.py:157} INFO - Started process (PID=826) to work on /home/airflow/.local/lib/python3.10/site-packages/airflow/example_dags/example_xcomargs.py
[2025-11-24T15:36:21.088+0000] {processor.py:829} INFO - Processing file /home/airflow/.local/lib/python3.10/site-packages/airflow/example_dags/example_xcomargs.py for tasks to queue
[2025-11-24T15:36:21.091+0000] {logging_mixin.py:154} INFO - [2025-11-24T15:36:21.090+0000] {dagbag.py:536} INFO - Filling up the DagBag from /home/airflow/.local/lib/python3.10/site-packages/airflow/example_dags/example_xcomargs.py
[2025-11-24T15:36:21.103+0000] {processor.py:839} INFO - DAG(s) dict_keys(['example_xcom_args', 'example_xcom_args_with_operators']) retrieved from /home/airflow/.local/lib/python3.10/site-packages/airflow/example_dags/example_xcomargs.py
[2025-11-24T15:36:21.137+0000] {logging_mixin.py:154} INFO - [2025-11-24T15:36:21.137+0000] {dag.py:2941} INFO - Sync 2 DAGs
[2025-11-24T15:36:21.156+0000] {logging_mixin.py:154} INFO - [2025-11-24T15:36:21.156+0000] {dag.py:3722} INFO - Setting next_dagrun for example_xcom_args to None, run_after=None
[2025-11-24T15:36:21.161+0000] {logging_mixin.py:154} INFO - [2025-11-24T15:36:21.161+0000] {dag.py:3722} INFO - Setting next_dagrun for example_xcom_args_with_operators to None, run_after=None
[2025-11-24T15:36:21.182+0000] {processor.py:179} INFO - Processing /home/airflow/.local/lib/python3.10/site-packages/airflow/example_dags/example_xcomargs.py took 0.101 seconds
[2025-11-24T15:36:51.462+0000] {processor.py:157} INFO - Started process (PID=880) to work on /home/airflow/.local/lib/python3.10/site-packages/airflow/example_dags/example_xcomargs.py
[2025-11-24T15:36:51.470+0000] {processor.py:829} INFO - Processing file /home/airflow/.local/lib/python3.10/site-packages/airflow/example_dags/example_xcomargs.py for tasks to queue
[2025-11-24T15:36:51.473+0000] {logging_mixin.py:154} INFO - [2025-11-24T15:36:51.473+0000] {dagbag.py:536} INFO - Filling up the DagBag from /home/airflow/.local/lib/python3.10/site-packages/airflow/example_dags/example_xcomargs.py
[2025-11-24T15:36:51.486+0000] {processor.py:839} INFO - DAG(s) dict_keys(['example_xcom_args', 'example_xcom_args_with_operators']) retrieved from /home/airflow/.local/lib/python3.10/site-packages/airflow/example_dags/example_xcomargs.py
[2025-11-24T15:36:51.518+0000] {logging_mixin.py:154} INFO - [2025-11-24T15:36:51.518+0000] {dag.py:2941} INFO - Sync 2 DAGs
[2025-11-24T15:36:51.537+0000] {logging_mixin.py:154} INFO - [2025-11-24T15:36:51.537+0000] {dag.py:3722} INFO - Setting next_dagrun for example_xcom_args to None, run_after=None
[2025-11-24T15:36:51.542+0000] {logging_mixin.py:154} INFO - [2025-11-24T15:36:51.542+0000] {dag.py:3722} INFO - Setting next_dagrun for example_xcom_args_with_operators to None, run_after=None
[2025-11-24T15:36:51.563+0000] {processor.py:179} INFO - Processing /home/airflow/.local/lib/python3.10/site-packages/airflow/example_dags/example_xcomargs.py took 0.115 seconds
[2025-11-24T15:37:22.149+0000] {processor.py:157} INFO - Started process (PID=934) to work on /home/airflow/.local/lib/python3.10/site-packages/airflow/example_dags/example_xcomargs.py
[2025-11-24T15:37:22.151+0000] {processor.py:829} INFO - Processing file /home/airflow/.local/lib/python3.10/site-packages/airflow/example_dags/example_xcomargs.py for tasks to queue
[2025-11-24T15:37:22.154+0000] {logging_mixin.py:154} INFO - [2025-11-24T15:37:22.153+0000] {dagbag.py:536} INFO - Filling up the DagBag from /home/airflow/.local/lib/python3.10/site-packages/airflow/example_dags/example_xcomargs.py
[2025-11-24T15:37:22.167+0000] {processor.py:839} INFO - DAG(s) dict_keys(['example_xcom_args_with_operators', 'example_xcom_args']) retrieved from /home/airflow/.local/lib/python3.10/site-packages/airflow/example_dags/example_xcomargs.py
[2025-11-24T15:37:22.201+0000] {logging_mixin.py:154} INFO - [2025-11-24T15:37:22.201+0000] {dag.py:2941} INFO - Sync 2 DAGs
[2025-11-24T15:37:22.221+0000] {logging_mixin.py:154} INFO - [2025-11-24T15:37:22.221+0000] {dag.py:3722} INFO - Setting next_dagrun for example_xcom_args to None, run_after=None
[2025-11-24T15:37:22.227+0000] {logging_mixin.py:154} INFO - [2025-11-24T15:37:22.226+0000] {dag.py:3722} INFO - Setting next_dagrun for example_xcom_args_with_operators to None, run_after=None
[2025-11-24T15:37:22.250+0000] {processor.py:179} INFO - Processing /home/airflow/.local/lib/python3.10/site-packages/airflow/example_dags/example_xcomargs.py took 0.106 seconds
[2025-11-24T15:37:53.166+0000] {processor.py:157} INFO - Started process (PID=989) to work on /home/airflow/.local/lib/python3.10/site-packages/airflow/example_dags/example_xcomargs.py
[2025-11-24T15:37:53.168+0000] {processor.py:829} INFO - Processing file /home/airflow/.local/lib/python3.10/site-packages/airflow/example_dags/example_xcomargs.py for tasks to queue
[2025-11-24T15:37:53.171+0000] {logging_mixin.py:154} INFO - [2025-11-24T15:37:53.171+0000] {dagbag.py:536} INFO - Filling up the DagBag from /home/airflow/.local/lib/python3.10/site-packages/airflow/example_dags/example_xcomargs.py
[2025-11-24T15:37:53.198+0000] {processor.py:839} INFO - DAG(s) dict_keys(['example_xcom_args', 'example_xcom_args_with_operators']) retrieved from /home/airflow/.local/lib/python3.10/site-packages/airflow/example_dags/example_xcomargs.py
[2025-11-24T15:37:53.248+0000] {logging_mixin.py:154} INFO - [2025-11-24T15:37:53.248+0000] {dag.py:2941} INFO - Sync 2 DAGs
[2025-11-24T15:37:53.273+0000] {logging_mixin.py:154} INFO - [2025-11-24T15:37:53.272+0000] {dag.py:3722} INFO - Setting next_dagrun for example_xcom_args to None, run_after=None
[2025-11-24T15:37:53.283+0000] {logging_mixin.py:154} INFO - [2025-11-24T15:37:53.283+0000] {dag.py:3722} INFO - Setting next_dagrun for example_xcom_args_with_operators to None, run_after=None
[2025-11-24T15:37:53.343+0000] {processor.py:179} INFO - Processing /home/airflow/.local/lib/python3.10/site-packages/airflow/example_dags/example_xcomargs.py took 0.183 seconds
