[2025-11-24T15:29:08.460+0000] {processor.py:157} INFO - Started process (PID=54) to work on /home/airflow/.local/lib/python3.10/site-packages/airflow/example_dags/example_sla_dag.py
[2025-11-24T15:29:08.461+0000] {processor.py:829} INFO - Processing file /home/airflow/.local/lib/python3.10/site-packages/airflow/example_dags/example_sla_dag.py for tasks to queue
[2025-11-24T15:29:08.464+0000] {logging_mixin.py:154} INFO - [2025-11-24T15:29:08.464+0000] {dagbag.py:536} INFO - Filling up the DagBag from /home/airflow/.local/lib/python3.10/site-packages/airflow/example_dags/example_sla_dag.py
[2025-11-24T15:29:08.529+0000] {processor.py:839} INFO - DAG(s) dict_keys(['example_sla_dag']) retrieved from /home/airflow/.local/lib/python3.10/site-packages/airflow/example_dags/example_sla_dag.py
[2025-11-24T15:29:08.999+0000] {logging_mixin.py:154} INFO - [2025-11-24T15:29:08.999+0000] {manager.py:499} INFO - Created Permission View: %s
[2025-11-24T15:29:09.036+0000] {logging_mixin.py:154} INFO - [2025-11-24T15:29:09.036+0000] {manager.py:499} INFO - Created Permission View: %s
[2025-11-24T15:29:09.062+0000] {logging_mixin.py:154} INFO - [2025-11-24T15:29:09.061+0000] {manager.py:499} INFO - Created Permission View: %s
[2025-11-24T15:29:09.062+0000] {logging_mixin.py:154} INFO - [2025-11-24T15:29:09.062+0000] {dag.py:2941} INFO - Sync 1 DAGs
[2025-11-24T15:29:09.172+0000] {logging_mixin.py:154} INFO - [2025-11-24T15:29:09.166+0000] {dag.py:2963} INFO - Creating ORM DAG for example_sla_dag
[2025-11-24T15:29:09.286+0000] {logging_mixin.py:154} INFO - [2025-11-24T15:29:09.286+0000] {dag.py:3722} INFO - Setting next_dagrun for example_sla_dag to 2025-11-24T15:26:00+00:00, run_after=2025-11-24T15:28:00+00:00
[2025-11-24T15:29:09.343+0000] {processor.py:179} INFO - Processing /home/airflow/.local/lib/python3.10/site-packages/airflow/example_dags/example_sla_dag.py took 0.901 seconds
[2025-11-24T15:29:39.800+0000] {processor.py:157} INFO - Started process (PID=108) to work on /home/airflow/.local/lib/python3.10/site-packages/airflow/example_dags/example_sla_dag.py
[2025-11-24T15:29:39.804+0000] {processor.py:829} INFO - Processing file /home/airflow/.local/lib/python3.10/site-packages/airflow/example_dags/example_sla_dag.py for tasks to queue
[2025-11-24T15:29:39.807+0000] {logging_mixin.py:154} INFO - [2025-11-24T15:29:39.806+0000] {dagbag.py:536} INFO - Filling up the DagBag from /home/airflow/.local/lib/python3.10/site-packages/airflow/example_dags/example_sla_dag.py
[2025-11-24T15:29:39.820+0000] {processor.py:839} INFO - DAG(s) dict_keys(['example_sla_dag']) retrieved from /home/airflow/.local/lib/python3.10/site-packages/airflow/example_dags/example_sla_dag.py
[2025-11-24T15:29:39.849+0000] {logging_mixin.py:154} INFO - [2025-11-24T15:29:39.849+0000] {dag.py:2941} INFO - Sync 1 DAGs
[2025-11-24T15:29:39.886+0000] {logging_mixin.py:154} INFO - [2025-11-24T15:29:39.886+0000] {dag.py:3722} INFO - Setting next_dagrun for example_sla_dag to 2025-11-24T15:26:00+00:00, run_after=2025-11-24T15:28:00+00:00
[2025-11-24T15:29:39.948+0000] {processor.py:179} INFO - Processing /home/airflow/.local/lib/python3.10/site-packages/airflow/example_dags/example_sla_dag.py took 0.153 seconds
[2025-11-24T15:30:10.352+0000] {processor.py:157} INFO - Started process (PID=162) to work on /home/airflow/.local/lib/python3.10/site-packages/airflow/example_dags/example_sla_dag.py
[2025-11-24T15:30:10.353+0000] {processor.py:829} INFO - Processing file /home/airflow/.local/lib/python3.10/site-packages/airflow/example_dags/example_sla_dag.py for tasks to queue
[2025-11-24T15:30:10.356+0000] {logging_mixin.py:154} INFO - [2025-11-24T15:30:10.356+0000] {dagbag.py:536} INFO - Filling up the DagBag from /home/airflow/.local/lib/python3.10/site-packages/airflow/example_dags/example_sla_dag.py
[2025-11-24T15:30:10.370+0000] {processor.py:839} INFO - DAG(s) dict_keys(['example_sla_dag']) retrieved from /home/airflow/.local/lib/python3.10/site-packages/airflow/example_dags/example_sla_dag.py
[2025-11-24T15:30:10.399+0000] {logging_mixin.py:154} INFO - [2025-11-24T15:30:10.398+0000] {dag.py:2941} INFO - Sync 1 DAGs
[2025-11-24T15:30:10.437+0000] {logging_mixin.py:154} INFO - [2025-11-24T15:30:10.437+0000] {dag.py:3722} INFO - Setting next_dagrun for example_sla_dag to 2025-11-24T15:28:00+00:00, run_after=2025-11-24T15:30:00+00:00
[2025-11-24T15:30:10.479+0000] {processor.py:179} INFO - Processing /home/airflow/.local/lib/python3.10/site-packages/airflow/example_dags/example_sla_dag.py took 0.132 seconds
[2025-11-24T15:30:40.649+0000] {processor.py:157} INFO - Started process (PID=216) to work on /home/airflow/.local/lib/python3.10/site-packages/airflow/example_dags/example_sla_dag.py
[2025-11-24T15:30:40.650+0000] {processor.py:829} INFO - Processing file /home/airflow/.local/lib/python3.10/site-packages/airflow/example_dags/example_sla_dag.py for tasks to queue
[2025-11-24T15:30:40.653+0000] {logging_mixin.py:154} INFO - [2025-11-24T15:30:40.653+0000] {dagbag.py:536} INFO - Filling up the DagBag from /home/airflow/.local/lib/python3.10/site-packages/airflow/example_dags/example_sla_dag.py
[2025-11-24T15:30:40.667+0000] {processor.py:839} INFO - DAG(s) dict_keys(['example_sla_dag']) retrieved from /home/airflow/.local/lib/python3.10/site-packages/airflow/example_dags/example_sla_dag.py
[2025-11-24T15:30:40.695+0000] {logging_mixin.py:154} INFO - [2025-11-24T15:30:40.694+0000] {dag.py:2941} INFO - Sync 1 DAGs
[2025-11-24T15:30:40.765+0000] {logging_mixin.py:154} INFO - [2025-11-24T15:30:40.765+0000] {dag.py:3722} INFO - Setting next_dagrun for example_sla_dag to 2025-11-24T15:28:00+00:00, run_after=2025-11-24T15:30:00+00:00
[2025-11-24T15:30:40.797+0000] {processor.py:179} INFO - Processing /home/airflow/.local/lib/python3.10/site-packages/airflow/example_dags/example_sla_dag.py took 0.153 seconds
[2025-11-24T15:31:11.428+0000] {processor.py:157} INFO - Started process (PID=271) to work on /home/airflow/.local/lib/python3.10/site-packages/airflow/example_dags/example_sla_dag.py
[2025-11-24T15:31:11.429+0000] {processor.py:829} INFO - Processing file /home/airflow/.local/lib/python3.10/site-packages/airflow/example_dags/example_sla_dag.py for tasks to queue
[2025-11-24T15:31:11.432+0000] {logging_mixin.py:154} INFO - [2025-11-24T15:31:11.432+0000] {dagbag.py:536} INFO - Filling up the DagBag from /home/airflow/.local/lib/python3.10/site-packages/airflow/example_dags/example_sla_dag.py
[2025-11-24T15:31:11.446+0000] {processor.py:839} INFO - DAG(s) dict_keys(['example_sla_dag']) retrieved from /home/airflow/.local/lib/python3.10/site-packages/airflow/example_dags/example_sla_dag.py
[2025-11-24T15:31:11.475+0000] {logging_mixin.py:154} INFO - [2025-11-24T15:31:11.475+0000] {dag.py:2941} INFO - Sync 1 DAGs
[2025-11-24T15:31:11.513+0000] {logging_mixin.py:154} INFO - [2025-11-24T15:31:11.513+0000] {dag.py:3722} INFO - Setting next_dagrun for example_sla_dag to 2025-11-24T15:28:00+00:00, run_after=2025-11-24T15:30:00+00:00
[2025-11-24T15:31:11.538+0000] {processor.py:179} INFO - Processing /home/airflow/.local/lib/python3.10/site-packages/airflow/example_dags/example_sla_dag.py took 0.115 seconds
[2025-11-24T15:31:41.610+0000] {processor.py:157} INFO - Started process (PID=325) to work on /home/airflow/.local/lib/python3.10/site-packages/airflow/example_dags/example_sla_dag.py
[2025-11-24T15:31:41.619+0000] {processor.py:829} INFO - Processing file /home/airflow/.local/lib/python3.10/site-packages/airflow/example_dags/example_sla_dag.py for tasks to queue
[2025-11-24T15:31:41.621+0000] {logging_mixin.py:154} INFO - [2025-11-24T15:31:41.621+0000] {dagbag.py:536} INFO - Filling up the DagBag from /home/airflow/.local/lib/python3.10/site-packages/airflow/example_dags/example_sla_dag.py
[2025-11-24T15:31:41.667+0000] {processor.py:839} INFO - DAG(s) dict_keys(['example_sla_dag']) retrieved from /home/airflow/.local/lib/python3.10/site-packages/airflow/example_dags/example_sla_dag.py
[2025-11-24T15:31:41.757+0000] {logging_mixin.py:154} INFO - [2025-11-24T15:31:41.757+0000] {dag.py:2941} INFO - Sync 1 DAGs
[2025-11-24T15:31:41.861+0000] {logging_mixin.py:154} INFO - [2025-11-24T15:31:41.861+0000] {dag.py:3722} INFO - Setting next_dagrun for example_sla_dag to 2025-11-24T15:28:00+00:00, run_after=2025-11-24T15:30:00+00:00
[2025-11-24T15:31:41.956+0000] {processor.py:179} INFO - Processing /home/airflow/.local/lib/python3.10/site-packages/airflow/example_dags/example_sla_dag.py took 0.360 seconds
[2025-11-24T15:32:12.371+0000] {processor.py:157} INFO - Started process (PID=379) to work on /home/airflow/.local/lib/python3.10/site-packages/airflow/example_dags/example_sla_dag.py
[2025-11-24T15:32:12.383+0000] {processor.py:829} INFO - Processing file /home/airflow/.local/lib/python3.10/site-packages/airflow/example_dags/example_sla_dag.py for tasks to queue
[2025-11-24T15:32:12.386+0000] {logging_mixin.py:154} INFO - [2025-11-24T15:32:12.385+0000] {dagbag.py:536} INFO - Filling up the DagBag from /home/airflow/.local/lib/python3.10/site-packages/airflow/example_dags/example_sla_dag.py
[2025-11-24T15:32:12.402+0000] {processor.py:839} INFO - DAG(s) dict_keys(['example_sla_dag']) retrieved from /home/airflow/.local/lib/python3.10/site-packages/airflow/example_dags/example_sla_dag.py
[2025-11-24T15:32:12.457+0000] {logging_mixin.py:154} INFO - [2025-11-24T15:32:12.457+0000] {dag.py:2941} INFO - Sync 1 DAGs
[2025-11-24T15:32:12.540+0000] {logging_mixin.py:154} INFO - [2025-11-24T15:32:12.540+0000] {dag.py:3722} INFO - Setting next_dagrun for example_sla_dag to 2025-11-24T15:30:00+00:00, run_after=2025-11-24T15:32:00+00:00
[2025-11-24T15:32:12.614+0000] {processor.py:179} INFO - Processing /home/airflow/.local/lib/python3.10/site-packages/airflow/example_dags/example_sla_dag.py took 0.249 seconds
[2025-11-24T15:32:43.459+0000] {processor.py:157} INFO - Started process (PID=432) to work on /home/airflow/.local/lib/python3.10/site-packages/airflow/example_dags/example_sla_dag.py
[2025-11-24T15:32:43.460+0000] {processor.py:829} INFO - Processing file /home/airflow/.local/lib/python3.10/site-packages/airflow/example_dags/example_sla_dag.py for tasks to queue
[2025-11-24T15:32:43.463+0000] {logging_mixin.py:154} INFO - [2025-11-24T15:32:43.462+0000] {dagbag.py:536} INFO - Filling up the DagBag from /home/airflow/.local/lib/python3.10/site-packages/airflow/example_dags/example_sla_dag.py
[2025-11-24T15:32:43.477+0000] {processor.py:839} INFO - DAG(s) dict_keys(['example_sla_dag']) retrieved from /home/airflow/.local/lib/python3.10/site-packages/airflow/example_dags/example_sla_dag.py
[2025-11-24T15:32:43.506+0000] {logging_mixin.py:154} INFO - [2025-11-24T15:32:43.505+0000] {dag.py:2941} INFO - Sync 1 DAGs
[2025-11-24T15:32:43.545+0000] {logging_mixin.py:154} INFO - [2025-11-24T15:32:43.545+0000] {dag.py:3722} INFO - Setting next_dagrun for example_sla_dag to 2025-11-24T15:30:00+00:00, run_after=2025-11-24T15:32:00+00:00
[2025-11-24T15:32:43.572+0000] {processor.py:179} INFO - Processing /home/airflow/.local/lib/python3.10/site-packages/airflow/example_dags/example_sla_dag.py took 0.119 seconds
[2025-11-24T15:33:14.307+0000] {processor.py:157} INFO - Started process (PID=486) to work on /home/airflow/.local/lib/python3.10/site-packages/airflow/example_dags/example_sla_dag.py
[2025-11-24T15:33:14.309+0000] {processor.py:829} INFO - Processing file /home/airflow/.local/lib/python3.10/site-packages/airflow/example_dags/example_sla_dag.py for tasks to queue
[2025-11-24T15:33:14.312+0000] {logging_mixin.py:154} INFO - [2025-11-24T15:33:14.312+0000] {dagbag.py:536} INFO - Filling up the DagBag from /home/airflow/.local/lib/python3.10/site-packages/airflow/example_dags/example_sla_dag.py
[2025-11-24T15:33:14.327+0000] {processor.py:839} INFO - DAG(s) dict_keys(['example_sla_dag']) retrieved from /home/airflow/.local/lib/python3.10/site-packages/airflow/example_dags/example_sla_dag.py
[2025-11-24T15:33:14.356+0000] {logging_mixin.py:154} INFO - [2025-11-24T15:33:14.356+0000] {dag.py:2941} INFO - Sync 1 DAGs
[2025-11-24T15:33:14.394+0000] {logging_mixin.py:154} INFO - [2025-11-24T15:33:14.394+0000] {dag.py:3722} INFO - Setting next_dagrun for example_sla_dag to 2025-11-24T15:30:00+00:00, run_after=2025-11-24T15:32:00+00:00
[2025-11-24T15:33:14.421+0000] {processor.py:179} INFO - Processing /home/airflow/.local/lib/python3.10/site-packages/airflow/example_dags/example_sla_dag.py took 0.119 seconds
[2025-11-24T15:33:44.724+0000] {processor.py:157} INFO - Started process (PID=540) to work on /home/airflow/.local/lib/python3.10/site-packages/airflow/example_dags/example_sla_dag.py
[2025-11-24T15:33:44.726+0000] {processor.py:829} INFO - Processing file /home/airflow/.local/lib/python3.10/site-packages/airflow/example_dags/example_sla_dag.py for tasks to queue
[2025-11-24T15:33:44.736+0000] {logging_mixin.py:154} INFO - [2025-11-24T15:33:44.736+0000] {dagbag.py:536} INFO - Filling up the DagBag from /home/airflow/.local/lib/python3.10/site-packages/airflow/example_dags/example_sla_dag.py
[2025-11-24T15:33:44.753+0000] {processor.py:839} INFO - DAG(s) dict_keys(['example_sla_dag']) retrieved from /home/airflow/.local/lib/python3.10/site-packages/airflow/example_dags/example_sla_dag.py
[2025-11-24T15:33:44.840+0000] {logging_mixin.py:154} INFO - [2025-11-24T15:33:44.840+0000] {dag.py:2941} INFO - Sync 1 DAGs
[2025-11-24T15:33:44.880+0000] {logging_mixin.py:154} INFO - [2025-11-24T15:33:44.880+0000] {dag.py:3722} INFO - Setting next_dagrun for example_sla_dag to 2025-11-24T15:30:00+00:00, run_after=2025-11-24T15:32:00+00:00
[2025-11-24T15:33:44.915+0000] {processor.py:179} INFO - Processing /home/airflow/.local/lib/python3.10/site-packages/airflow/example_dags/example_sla_dag.py took 0.206 seconds
[2025-11-24T15:34:15.111+0000] {processor.py:157} INFO - Started process (PID=601) to work on /home/airflow/.local/lib/python3.10/site-packages/airflow/example_dags/example_sla_dag.py
[2025-11-24T15:34:15.112+0000] {processor.py:829} INFO - Processing file /home/airflow/.local/lib/python3.10/site-packages/airflow/example_dags/example_sla_dag.py for tasks to queue
[2025-11-24T15:34:15.115+0000] {logging_mixin.py:154} INFO - [2025-11-24T15:34:15.115+0000] {dagbag.py:536} INFO - Filling up the DagBag from /home/airflow/.local/lib/python3.10/site-packages/airflow/example_dags/example_sla_dag.py
[2025-11-24T15:34:15.130+0000] {processor.py:839} INFO - DAG(s) dict_keys(['example_sla_dag']) retrieved from /home/airflow/.local/lib/python3.10/site-packages/airflow/example_dags/example_sla_dag.py
[2025-11-24T15:34:15.156+0000] {logging_mixin.py:154} INFO - [2025-11-24T15:34:15.156+0000] {dag.py:2941} INFO - Sync 1 DAGs
[2025-11-24T15:34:15.195+0000] {logging_mixin.py:154} INFO - [2025-11-24T15:34:15.195+0000] {dag.py:3722} INFO - Setting next_dagrun for example_sla_dag to 2025-11-24T15:32:00+00:00, run_after=2025-11-24T15:34:00+00:00
[2025-11-24T15:34:15.221+0000] {processor.py:179} INFO - Processing /home/airflow/.local/lib/python3.10/site-packages/airflow/example_dags/example_sla_dag.py took 0.115 seconds
[2025-11-24T15:34:45.592+0000] {processor.py:157} INFO - Started process (PID=654) to work on /home/airflow/.local/lib/python3.10/site-packages/airflow/example_dags/example_sla_dag.py
[2025-11-24T15:34:45.593+0000] {processor.py:829} INFO - Processing file /home/airflow/.local/lib/python3.10/site-packages/airflow/example_dags/example_sla_dag.py for tasks to queue
[2025-11-24T15:34:45.596+0000] {logging_mixin.py:154} INFO - [2025-11-24T15:34:45.595+0000] {dagbag.py:536} INFO - Filling up the DagBag from /home/airflow/.local/lib/python3.10/site-packages/airflow/example_dags/example_sla_dag.py
[2025-11-24T15:34:45.609+0000] {processor.py:839} INFO - DAG(s) dict_keys(['example_sla_dag']) retrieved from /home/airflow/.local/lib/python3.10/site-packages/airflow/example_dags/example_sla_dag.py
[2025-11-24T15:34:45.637+0000] {logging_mixin.py:154} INFO - [2025-11-24T15:34:45.636+0000] {dag.py:2941} INFO - Sync 1 DAGs
[2025-11-24T15:34:45.677+0000] {logging_mixin.py:154} INFO - [2025-11-24T15:34:45.677+0000] {dag.py:3722} INFO - Setting next_dagrun for example_sla_dag to 2025-11-24T15:32:00+00:00, run_after=2025-11-24T15:34:00+00:00
[2025-11-24T15:34:45.704+0000] {processor.py:179} INFO - Processing /home/airflow/.local/lib/python3.10/site-packages/airflow/example_dags/example_sla_dag.py took 0.120 seconds
[2025-11-24T15:35:16.435+0000] {processor.py:157} INFO - Started process (PID=707) to work on /home/airflow/.local/lib/python3.10/site-packages/airflow/example_dags/example_sla_dag.py
[2025-11-24T15:35:16.436+0000] {processor.py:829} INFO - Processing file /home/airflow/.local/lib/python3.10/site-packages/airflow/example_dags/example_sla_dag.py for tasks to queue
[2025-11-24T15:35:16.439+0000] {logging_mixin.py:154} INFO - [2025-11-24T15:35:16.439+0000] {dagbag.py:536} INFO - Filling up the DagBag from /home/airflow/.local/lib/python3.10/site-packages/airflow/example_dags/example_sla_dag.py
[2025-11-24T15:35:16.453+0000] {processor.py:839} INFO - DAG(s) dict_keys(['example_sla_dag']) retrieved from /home/airflow/.local/lib/python3.10/site-packages/airflow/example_dags/example_sla_dag.py
[2025-11-24T15:35:16.481+0000] {logging_mixin.py:154} INFO - [2025-11-24T15:35:16.480+0000] {dag.py:2941} INFO - Sync 1 DAGs
[2025-11-24T15:35:16.519+0000] {logging_mixin.py:154} INFO - [2025-11-24T15:35:16.519+0000] {dag.py:3722} INFO - Setting next_dagrun for example_sla_dag to 2025-11-24T15:32:00+00:00, run_after=2025-11-24T15:34:00+00:00
[2025-11-24T15:35:16.586+0000] {processor.py:179} INFO - Processing /home/airflow/.local/lib/python3.10/site-packages/airflow/example_dags/example_sla_dag.py took 0.156 seconds
[2025-11-24T15:35:46.947+0000] {processor.py:157} INFO - Started process (PID=761) to work on /home/airflow/.local/lib/python3.10/site-packages/airflow/example_dags/example_sla_dag.py
[2025-11-24T15:35:46.948+0000] {processor.py:829} INFO - Processing file /home/airflow/.local/lib/python3.10/site-packages/airflow/example_dags/example_sla_dag.py for tasks to queue
[2025-11-24T15:35:46.951+0000] {logging_mixin.py:154} INFO - [2025-11-24T15:35:46.950+0000] {dagbag.py:536} INFO - Filling up the DagBag from /home/airflow/.local/lib/python3.10/site-packages/airflow/example_dags/example_sla_dag.py
[2025-11-24T15:35:46.963+0000] {processor.py:839} INFO - DAG(s) dict_keys(['example_sla_dag']) retrieved from /home/airflow/.local/lib/python3.10/site-packages/airflow/example_dags/example_sla_dag.py
[2025-11-24T15:35:46.998+0000] {logging_mixin.py:154} INFO - [2025-11-24T15:35:46.997+0000] {dag.py:2941} INFO - Sync 1 DAGs
[2025-11-24T15:35:47.035+0000] {logging_mixin.py:154} INFO - [2025-11-24T15:35:47.035+0000] {dag.py:3722} INFO - Setting next_dagrun for example_sla_dag to 2025-11-24T15:32:00+00:00, run_after=2025-11-24T15:34:00+00:00
[2025-11-24T15:35:47.060+0000] {processor.py:179} INFO - Processing /home/airflow/.local/lib/python3.10/site-packages/airflow/example_dags/example_sla_dag.py took 0.118 seconds
[2025-11-24T15:36:17.445+0000] {processor.py:157} INFO - Started process (PID=816) to work on /home/airflow/.local/lib/python3.10/site-packages/airflow/example_dags/example_sla_dag.py
[2025-11-24T15:36:17.448+0000] {processor.py:829} INFO - Processing file /home/airflow/.local/lib/python3.10/site-packages/airflow/example_dags/example_sla_dag.py for tasks to queue
[2025-11-24T15:36:17.452+0000] {logging_mixin.py:154} INFO - [2025-11-24T15:36:17.451+0000] {dagbag.py:536} INFO - Filling up the DagBag from /home/airflow/.local/lib/python3.10/site-packages/airflow/example_dags/example_sla_dag.py
[2025-11-24T15:36:17.465+0000] {processor.py:839} INFO - DAG(s) dict_keys(['example_sla_dag']) retrieved from /home/airflow/.local/lib/python3.10/site-packages/airflow/example_dags/example_sla_dag.py
[2025-11-24T15:36:17.492+0000] {logging_mixin.py:154} INFO - [2025-11-24T15:36:17.491+0000] {dag.py:2941} INFO - Sync 1 DAGs
[2025-11-24T15:36:17.530+0000] {logging_mixin.py:154} INFO - [2025-11-24T15:36:17.530+0000] {dag.py:3722} INFO - Setting next_dagrun for example_sla_dag to 2025-11-24T15:34:00+00:00, run_after=2025-11-24T15:36:00+00:00
[2025-11-24T15:36:17.559+0000] {processor.py:179} INFO - Processing /home/airflow/.local/lib/python3.10/site-packages/airflow/example_dags/example_sla_dag.py took 0.118 seconds
[2025-11-24T15:36:47.659+0000] {processor.py:157} INFO - Started process (PID=870) to work on /home/airflow/.local/lib/python3.10/site-packages/airflow/example_dags/example_sla_dag.py
[2025-11-24T15:36:47.660+0000] {processor.py:829} INFO - Processing file /home/airflow/.local/lib/python3.10/site-packages/airflow/example_dags/example_sla_dag.py for tasks to queue
[2025-11-24T15:36:47.663+0000] {logging_mixin.py:154} INFO - [2025-11-24T15:36:47.662+0000] {dagbag.py:536} INFO - Filling up the DagBag from /home/airflow/.local/lib/python3.10/site-packages/airflow/example_dags/example_sla_dag.py
[2025-11-24T15:36:47.687+0000] {processor.py:839} INFO - DAG(s) dict_keys(['example_sla_dag']) retrieved from /home/airflow/.local/lib/python3.10/site-packages/airflow/example_dags/example_sla_dag.py
[2025-11-24T15:36:47.747+0000] {logging_mixin.py:154} INFO - [2025-11-24T15:36:47.747+0000] {dag.py:2941} INFO - Sync 1 DAGs
[2025-11-24T15:36:47.809+0000] {logging_mixin.py:154} INFO - [2025-11-24T15:36:47.809+0000] {dag.py:3722} INFO - Setting next_dagrun for example_sla_dag to 2025-11-24T15:34:00+00:00, run_after=2025-11-24T15:36:00+00:00
[2025-11-24T15:36:47.870+0000] {processor.py:179} INFO - Processing /home/airflow/.local/lib/python3.10/site-packages/airflow/example_dags/example_sla_dag.py took 0.229 seconds
[2025-11-24T15:37:18.034+0000] {processor.py:157} INFO - Started process (PID=924) to work on /home/airflow/.local/lib/python3.10/site-packages/airflow/example_dags/example_sla_dag.py
[2025-11-24T15:37:18.039+0000] {processor.py:829} INFO - Processing file /home/airflow/.local/lib/python3.10/site-packages/airflow/example_dags/example_sla_dag.py for tasks to queue
[2025-11-24T15:37:18.045+0000] {logging_mixin.py:154} INFO - [2025-11-24T15:37:18.045+0000] {dagbag.py:536} INFO - Filling up the DagBag from /home/airflow/.local/lib/python3.10/site-packages/airflow/example_dags/example_sla_dag.py
[2025-11-24T15:37:18.072+0000] {processor.py:839} INFO - DAG(s) dict_keys(['example_sla_dag']) retrieved from /home/airflow/.local/lib/python3.10/site-packages/airflow/example_dags/example_sla_dag.py
[2025-11-24T15:37:18.126+0000] {logging_mixin.py:154} INFO - [2025-11-24T15:37:18.125+0000] {dag.py:2941} INFO - Sync 1 DAGs
[2025-11-24T15:37:18.196+0000] {logging_mixin.py:154} INFO - [2025-11-24T15:37:18.196+0000] {dag.py:3722} INFO - Setting next_dagrun for example_sla_dag to 2025-11-24T15:34:00+00:00, run_after=2025-11-24T15:36:00+00:00
[2025-11-24T15:37:18.267+0000] {processor.py:179} INFO - Processing /home/airflow/.local/lib/python3.10/site-packages/airflow/example_dags/example_sla_dag.py took 0.244 seconds
[2025-11-24T15:37:48.761+0000] {processor.py:157} INFO - Started process (PID=979) to work on /home/airflow/.local/lib/python3.10/site-packages/airflow/example_dags/example_sla_dag.py
[2025-11-24T15:37:48.762+0000] {processor.py:829} INFO - Processing file /home/airflow/.local/lib/python3.10/site-packages/airflow/example_dags/example_sla_dag.py for tasks to queue
[2025-11-24T15:37:48.765+0000] {logging_mixin.py:154} INFO - [2025-11-24T15:37:48.765+0000] {dagbag.py:536} INFO - Filling up the DagBag from /home/airflow/.local/lib/python3.10/site-packages/airflow/example_dags/example_sla_dag.py
[2025-11-24T15:37:48.778+0000] {processor.py:839} INFO - DAG(s) dict_keys(['example_sla_dag']) retrieved from /home/airflow/.local/lib/python3.10/site-packages/airflow/example_dags/example_sla_dag.py
[2025-11-24T15:37:48.831+0000] {logging_mixin.py:154} INFO - [2025-11-24T15:37:48.831+0000] {dag.py:2941} INFO - Sync 1 DAGs
[2025-11-24T15:37:48.870+0000] {logging_mixin.py:154} INFO - [2025-11-24T15:37:48.869+0000] {dag.py:3722} INFO - Setting next_dagrun for example_sla_dag to 2025-11-24T15:34:00+00:00, run_after=2025-11-24T15:36:00+00:00
[2025-11-24T15:37:48.899+0000] {processor.py:179} INFO - Processing /home/airflow/.local/lib/python3.10/site-packages/airflow/example_dags/example_sla_dag.py took 0.143 seconds
[2025-11-24T15:38:19.307+0000] {processor.py:157} INFO - Started process (PID=1033) to work on /home/airflow/.local/lib/python3.10/site-packages/airflow/example_dags/example_sla_dag.py
[2025-11-24T15:38:19.309+0000] {processor.py:829} INFO - Processing file /home/airflow/.local/lib/python3.10/site-packages/airflow/example_dags/example_sla_dag.py for tasks to queue
[2025-11-24T15:38:19.311+0000] {logging_mixin.py:154} INFO - [2025-11-24T15:38:19.311+0000] {dagbag.py:536} INFO - Filling up the DagBag from /home/airflow/.local/lib/python3.10/site-packages/airflow/example_dags/example_sla_dag.py
[2025-11-24T15:38:19.325+0000] {processor.py:839} INFO - DAG(s) dict_keys(['example_sla_dag']) retrieved from /home/airflow/.local/lib/python3.10/site-packages/airflow/example_dags/example_sla_dag.py
[2025-11-24T15:38:19.355+0000] {logging_mixin.py:154} INFO - [2025-11-24T15:38:19.355+0000] {dag.py:2941} INFO - Sync 1 DAGs
[2025-11-24T15:38:19.395+0000] {logging_mixin.py:154} INFO - [2025-11-24T15:38:19.395+0000] {dag.py:3722} INFO - Setting next_dagrun for example_sla_dag to 2025-11-24T15:36:00+00:00, run_after=2025-11-24T15:38:00+00:00
[2025-11-24T15:38:19.419+0000] {processor.py:179} INFO - Processing /home/airflow/.local/lib/python3.10/site-packages/airflow/example_dags/example_sla_dag.py took 0.118 seconds
