[2025-11-24T15:29:03.459+0000] {processor.py:157} INFO - Started process (PID=45) to work on /home/airflow/.local/lib/python3.10/site-packages/airflow/example_dags/example_dynamic_task_mapping.py
[2025-11-24T15:29:03.470+0000] {processor.py:829} INFO - Processing file /home/airflow/.local/lib/python3.10/site-packages/airflow/example_dags/example_dynamic_task_mapping.py for tasks to queue
[2025-11-24T15:29:03.473+0000] {logging_mixin.py:154} INFO - [2025-11-24T15:29:03.473+0000] {dagbag.py:536} INFO - Filling up the DagBag from /home/airflow/.local/lib/python3.10/site-packages/airflow/example_dags/example_dynamic_task_mapping.py
[2025-11-24T15:29:03.523+0000] {processor.py:839} INFO - DAG(s) dict_keys(['example_dynamic_task_mapping']) retrieved from /home/airflow/.local/lib/python3.10/site-packages/airflow/example_dags/example_dynamic_task_mapping.py
[2025-11-24T15:29:03.973+0000] {logging_mixin.py:154} INFO - [2025-11-24T15:29:03.972+0000] {manager.py:499} INFO - Created Permission View: %s
[2025-11-24T15:29:04.015+0000] {logging_mixin.py:154} INFO - [2025-11-24T15:29:04.014+0000] {manager.py:499} INFO - Created Permission View: %s
[2025-11-24T15:29:04.036+0000] {logging_mixin.py:154} INFO - [2025-11-24T15:29:04.036+0000] {manager.py:499} INFO - Created Permission View: %s
[2025-11-24T15:29:04.037+0000] {logging_mixin.py:154} INFO - [2025-11-24T15:29:04.037+0000] {dag.py:2941} INFO - Sync 1 DAGs
[2025-11-24T15:29:04.087+0000] {logging_mixin.py:154} INFO - [2025-11-24T15:29:04.087+0000] {dag.py:2963} INFO - Creating ORM DAG for example_dynamic_task_mapping
[2025-11-24T15:29:04.129+0000] {logging_mixin.py:154} INFO - [2025-11-24T15:29:04.128+0000] {dag.py:3722} INFO - Setting next_dagrun for example_dynamic_task_mapping to 2022-03-04T00:00:00+00:00, run_after=2022-03-05T00:00:00+00:00
[2025-11-24T15:29:04.191+0000] {processor.py:179} INFO - Processing /home/airflow/.local/lib/python3.10/site-packages/airflow/example_dags/example_dynamic_task_mapping.py took 0.752 seconds
[2025-11-24T15:29:35.124+0000] {processor.py:157} INFO - Started process (PID=99) to work on /home/airflow/.local/lib/python3.10/site-packages/airflow/example_dags/example_dynamic_task_mapping.py
[2025-11-24T15:29:35.127+0000] {processor.py:829} INFO - Processing file /home/airflow/.local/lib/python3.10/site-packages/airflow/example_dags/example_dynamic_task_mapping.py for tasks to queue
[2025-11-24T15:29:35.129+0000] {logging_mixin.py:154} INFO - [2025-11-24T15:29:35.129+0000] {dagbag.py:536} INFO - Filling up the DagBag from /home/airflow/.local/lib/python3.10/site-packages/airflow/example_dags/example_dynamic_task_mapping.py
[2025-11-24T15:29:35.139+0000] {processor.py:839} INFO - DAG(s) dict_keys(['example_dynamic_task_mapping']) retrieved from /home/airflow/.local/lib/python3.10/site-packages/airflow/example_dags/example_dynamic_task_mapping.py
[2025-11-24T15:29:35.170+0000] {logging_mixin.py:154} INFO - [2025-11-24T15:29:35.169+0000] {dag.py:2941} INFO - Sync 1 DAGs
[2025-11-24T15:29:35.203+0000] {logging_mixin.py:154} INFO - [2025-11-24T15:29:35.202+0000] {dag.py:3722} INFO - Setting next_dagrun for example_dynamic_task_mapping to 2022-03-04T00:00:00+00:00, run_after=2022-03-05T00:00:00+00:00
[2025-11-24T15:29:35.233+0000] {processor.py:179} INFO - Processing /home/airflow/.local/lib/python3.10/site-packages/airflow/example_dags/example_dynamic_task_mapping.py took 0.114 seconds
[2025-11-24T15:30:05.671+0000] {processor.py:157} INFO - Started process (PID=153) to work on /home/airflow/.local/lib/python3.10/site-packages/airflow/example_dags/example_dynamic_task_mapping.py
[2025-11-24T15:30:05.672+0000] {processor.py:829} INFO - Processing file /home/airflow/.local/lib/python3.10/site-packages/airflow/example_dags/example_dynamic_task_mapping.py for tasks to queue
[2025-11-24T15:30:05.675+0000] {logging_mixin.py:154} INFO - [2025-11-24T15:30:05.675+0000] {dagbag.py:536} INFO - Filling up the DagBag from /home/airflow/.local/lib/python3.10/site-packages/airflow/example_dags/example_dynamic_task_mapping.py
[2025-11-24T15:30:05.685+0000] {processor.py:839} INFO - DAG(s) dict_keys(['example_dynamic_task_mapping']) retrieved from /home/airflow/.local/lib/python3.10/site-packages/airflow/example_dags/example_dynamic_task_mapping.py
[2025-11-24T15:30:05.714+0000] {logging_mixin.py:154} INFO - [2025-11-24T15:30:05.714+0000] {dag.py:2941} INFO - Sync 1 DAGs
[2025-11-24T15:30:05.749+0000] {logging_mixin.py:154} INFO - [2025-11-24T15:30:05.748+0000] {dag.py:3722} INFO - Setting next_dagrun for example_dynamic_task_mapping to 2022-03-04T00:00:00+00:00, run_after=2022-03-05T00:00:00+00:00
[2025-11-24T15:30:05.808+0000] {processor.py:179} INFO - Processing /home/airflow/.local/lib/python3.10/site-packages/airflow/example_dags/example_dynamic_task_mapping.py took 0.147 seconds
[2025-11-24T15:30:35.859+0000] {processor.py:157} INFO - Started process (PID=207) to work on /home/airflow/.local/lib/python3.10/site-packages/airflow/example_dags/example_dynamic_task_mapping.py
[2025-11-24T15:30:35.861+0000] {processor.py:829} INFO - Processing file /home/airflow/.local/lib/python3.10/site-packages/airflow/example_dags/example_dynamic_task_mapping.py for tasks to queue
[2025-11-24T15:30:35.864+0000] {logging_mixin.py:154} INFO - [2025-11-24T15:30:35.864+0000] {dagbag.py:536} INFO - Filling up the DagBag from /home/airflow/.local/lib/python3.10/site-packages/airflow/example_dags/example_dynamic_task_mapping.py
[2025-11-24T15:30:35.873+0000] {processor.py:839} INFO - DAG(s) dict_keys(['example_dynamic_task_mapping']) retrieved from /home/airflow/.local/lib/python3.10/site-packages/airflow/example_dags/example_dynamic_task_mapping.py
[2025-11-24T15:30:35.902+0000] {logging_mixin.py:154} INFO - [2025-11-24T15:30:35.901+0000] {dag.py:2941} INFO - Sync 1 DAGs
[2025-11-24T15:30:35.934+0000] {logging_mixin.py:154} INFO - [2025-11-24T15:30:35.933+0000] {dag.py:3722} INFO - Setting next_dagrun for example_dynamic_task_mapping to 2022-03-04T00:00:00+00:00, run_after=2022-03-05T00:00:00+00:00
[2025-11-24T15:30:35.986+0000] {processor.py:179} INFO - Processing /home/airflow/.local/lib/python3.10/site-packages/airflow/example_dags/example_dynamic_task_mapping.py took 0.132 seconds
[2025-11-24T15:31:06.349+0000] {processor.py:157} INFO - Started process (PID=262) to work on /home/airflow/.local/lib/python3.10/site-packages/airflow/example_dags/example_dynamic_task_mapping.py
[2025-11-24T15:31:06.367+0000] {processor.py:829} INFO - Processing file /home/airflow/.local/lib/python3.10/site-packages/airflow/example_dags/example_dynamic_task_mapping.py for tasks to queue
[2025-11-24T15:31:06.369+0000] {logging_mixin.py:154} INFO - [2025-11-24T15:31:06.369+0000] {dagbag.py:536} INFO - Filling up the DagBag from /home/airflow/.local/lib/python3.10/site-packages/airflow/example_dags/example_dynamic_task_mapping.py
[2025-11-24T15:31:06.402+0000] {processor.py:839} INFO - DAG(s) dict_keys(['example_dynamic_task_mapping']) retrieved from /home/airflow/.local/lib/python3.10/site-packages/airflow/example_dags/example_dynamic_task_mapping.py
[2025-11-24T15:31:06.482+0000] {logging_mixin.py:154} INFO - [2025-11-24T15:31:06.482+0000] {dag.py:2941} INFO - Sync 1 DAGs
[2025-11-24T15:31:06.575+0000] {logging_mixin.py:154} INFO - [2025-11-24T15:31:06.575+0000] {dag.py:3722} INFO - Setting next_dagrun for example_dynamic_task_mapping to 2022-03-04T00:00:00+00:00, run_after=2022-03-05T00:00:00+00:00
[2025-11-24T15:31:06.657+0000] {processor.py:179} INFO - Processing /home/airflow/.local/lib/python3.10/site-packages/airflow/example_dags/example_dynamic_task_mapping.py took 0.313 seconds
[2025-11-24T15:31:36.895+0000] {processor.py:157} INFO - Started process (PID=316) to work on /home/airflow/.local/lib/python3.10/site-packages/airflow/example_dags/example_dynamic_task_mapping.py
[2025-11-24T15:31:36.897+0000] {processor.py:829} INFO - Processing file /home/airflow/.local/lib/python3.10/site-packages/airflow/example_dags/example_dynamic_task_mapping.py for tasks to queue
[2025-11-24T15:31:36.900+0000] {logging_mixin.py:154} INFO - [2025-11-24T15:31:36.900+0000] {dagbag.py:536} INFO - Filling up the DagBag from /home/airflow/.local/lib/python3.10/site-packages/airflow/example_dags/example_dynamic_task_mapping.py
[2025-11-24T15:31:36.908+0000] {processor.py:839} INFO - DAG(s) dict_keys(['example_dynamic_task_mapping']) retrieved from /home/airflow/.local/lib/python3.10/site-packages/airflow/example_dags/example_dynamic_task_mapping.py
[2025-11-24T15:31:36.936+0000] {logging_mixin.py:154} INFO - [2025-11-24T15:31:36.936+0000] {dag.py:2941} INFO - Sync 1 DAGs
[2025-11-24T15:31:37.017+0000] {logging_mixin.py:154} INFO - [2025-11-24T15:31:37.017+0000] {dag.py:3722} INFO - Setting next_dagrun for example_dynamic_task_mapping to 2022-03-04T00:00:00+00:00, run_after=2022-03-05T00:00:00+00:00
[2025-11-24T15:31:37.059+0000] {processor.py:179} INFO - Processing /home/airflow/.local/lib/python3.10/site-packages/airflow/example_dags/example_dynamic_task_mapping.py took 0.178 seconds
[2025-11-24T15:32:07.483+0000] {processor.py:157} INFO - Started process (PID=370) to work on /home/airflow/.local/lib/python3.10/site-packages/airflow/example_dags/example_dynamic_task_mapping.py
[2025-11-24T15:32:07.486+0000] {processor.py:829} INFO - Processing file /home/airflow/.local/lib/python3.10/site-packages/airflow/example_dags/example_dynamic_task_mapping.py for tasks to queue
[2025-11-24T15:32:07.489+0000] {logging_mixin.py:154} INFO - [2025-11-24T15:32:07.488+0000] {dagbag.py:536} INFO - Filling up the DagBag from /home/airflow/.local/lib/python3.10/site-packages/airflow/example_dags/example_dynamic_task_mapping.py
[2025-11-24T15:32:07.498+0000] {processor.py:839} INFO - DAG(s) dict_keys(['example_dynamic_task_mapping']) retrieved from /home/airflow/.local/lib/python3.10/site-packages/airflow/example_dags/example_dynamic_task_mapping.py
[2025-11-24T15:32:07.528+0000] {logging_mixin.py:154} INFO - [2025-11-24T15:32:07.528+0000] {dag.py:2941} INFO - Sync 1 DAGs
[2025-11-24T15:32:07.577+0000] {logging_mixin.py:154} INFO - [2025-11-24T15:32:07.577+0000] {dag.py:3722} INFO - Setting next_dagrun for example_dynamic_task_mapping to 2022-03-04T00:00:00+00:00, run_after=2022-03-05T00:00:00+00:00
[2025-11-24T15:32:07.600+0000] {processor.py:179} INFO - Processing /home/airflow/.local/lib/python3.10/site-packages/airflow/example_dags/example_dynamic_task_mapping.py took 0.122 seconds
[2025-11-24T15:32:37.689+0000] {processor.py:157} INFO - Started process (PID=423) to work on /home/airflow/.local/lib/python3.10/site-packages/airflow/example_dags/example_dynamic_task_mapping.py
[2025-11-24T15:32:37.690+0000] {processor.py:829} INFO - Processing file /home/airflow/.local/lib/python3.10/site-packages/airflow/example_dags/example_dynamic_task_mapping.py for tasks to queue
[2025-11-24T15:32:37.693+0000] {logging_mixin.py:154} INFO - [2025-11-24T15:32:37.692+0000] {dagbag.py:536} INFO - Filling up the DagBag from /home/airflow/.local/lib/python3.10/site-packages/airflow/example_dags/example_dynamic_task_mapping.py
[2025-11-24T15:32:37.702+0000] {processor.py:839} INFO - DAG(s) dict_keys(['example_dynamic_task_mapping']) retrieved from /home/airflow/.local/lib/python3.10/site-packages/airflow/example_dags/example_dynamic_task_mapping.py
[2025-11-24T15:32:37.730+0000] {logging_mixin.py:154} INFO - [2025-11-24T15:32:37.729+0000] {dag.py:2941} INFO - Sync 1 DAGs
[2025-11-24T15:32:37.762+0000] {logging_mixin.py:154} INFO - [2025-11-24T15:32:37.762+0000] {dag.py:3722} INFO - Setting next_dagrun for example_dynamic_task_mapping to 2022-03-04T00:00:00+00:00, run_after=2022-03-05T00:00:00+00:00
[2025-11-24T15:32:37.788+0000] {processor.py:179} INFO - Processing /home/airflow/.local/lib/python3.10/site-packages/airflow/example_dags/example_dynamic_task_mapping.py took 0.105 seconds
[2025-11-24T15:33:08.665+0000] {processor.py:157} INFO - Started process (PID=477) to work on /home/airflow/.local/lib/python3.10/site-packages/airflow/example_dags/example_dynamic_task_mapping.py
[2025-11-24T15:33:08.667+0000] {processor.py:829} INFO - Processing file /home/airflow/.local/lib/python3.10/site-packages/airflow/example_dags/example_dynamic_task_mapping.py for tasks to queue
[2025-11-24T15:33:08.669+0000] {logging_mixin.py:154} INFO - [2025-11-24T15:33:08.669+0000] {dagbag.py:536} INFO - Filling up the DagBag from /home/airflow/.local/lib/python3.10/site-packages/airflow/example_dags/example_dynamic_task_mapping.py
[2025-11-24T15:33:08.680+0000] {processor.py:839} INFO - DAG(s) dict_keys(['example_dynamic_task_mapping']) retrieved from /home/airflow/.local/lib/python3.10/site-packages/airflow/example_dags/example_dynamic_task_mapping.py
[2025-11-24T15:33:08.707+0000] {logging_mixin.py:154} INFO - [2025-11-24T15:33:08.706+0000] {dag.py:2941} INFO - Sync 1 DAGs
[2025-11-24T15:33:08.737+0000] {logging_mixin.py:154} INFO - [2025-11-24T15:33:08.737+0000] {dag.py:3722} INFO - Setting next_dagrun for example_dynamic_task_mapping to 2022-03-04T00:00:00+00:00, run_after=2022-03-05T00:00:00+00:00
[2025-11-24T15:33:08.763+0000] {processor.py:179} INFO - Processing /home/airflow/.local/lib/python3.10/site-packages/airflow/example_dags/example_dynamic_task_mapping.py took 0.102 seconds
[2025-11-24T15:33:38.854+0000] {processor.py:157} INFO - Started process (PID=531) to work on /home/airflow/.local/lib/python3.10/site-packages/airflow/example_dags/example_dynamic_task_mapping.py
[2025-11-24T15:33:38.856+0000] {processor.py:829} INFO - Processing file /home/airflow/.local/lib/python3.10/site-packages/airflow/example_dags/example_dynamic_task_mapping.py for tasks to queue
[2025-11-24T15:33:38.860+0000] {logging_mixin.py:154} INFO - [2025-11-24T15:33:38.859+0000] {dagbag.py:536} INFO - Filling up the DagBag from /home/airflow/.local/lib/python3.10/site-packages/airflow/example_dags/example_dynamic_task_mapping.py
[2025-11-24T15:33:38.871+0000] {processor.py:839} INFO - DAG(s) dict_keys(['example_dynamic_task_mapping']) retrieved from /home/airflow/.local/lib/python3.10/site-packages/airflow/example_dags/example_dynamic_task_mapping.py
[2025-11-24T15:33:38.902+0000] {logging_mixin.py:154} INFO - [2025-11-24T15:33:38.902+0000] {dag.py:2941} INFO - Sync 1 DAGs
[2025-11-24T15:33:38.935+0000] {logging_mixin.py:154} INFO - [2025-11-24T15:33:38.934+0000] {dag.py:3722} INFO - Setting next_dagrun for example_dynamic_task_mapping to 2022-03-04T00:00:00+00:00, run_after=2022-03-05T00:00:00+00:00
[2025-11-24T15:33:38.980+0000] {processor.py:179} INFO - Processing /home/airflow/.local/lib/python3.10/site-packages/airflow/example_dags/example_dynamic_task_mapping.py took 0.132 seconds
[2025-11-24T15:34:09.431+0000] {processor.py:157} INFO - Started process (PID=585) to work on /home/airflow/.local/lib/python3.10/site-packages/airflow/example_dags/example_dynamic_task_mapping.py
[2025-11-24T15:34:09.433+0000] {processor.py:829} INFO - Processing file /home/airflow/.local/lib/python3.10/site-packages/airflow/example_dags/example_dynamic_task_mapping.py for tasks to queue
[2025-11-24T15:34:09.437+0000] {logging_mixin.py:154} INFO - [2025-11-24T15:34:09.437+0000] {dagbag.py:536} INFO - Filling up the DagBag from /home/airflow/.local/lib/python3.10/site-packages/airflow/example_dags/example_dynamic_task_mapping.py
[2025-11-24T15:34:09.452+0000] {processor.py:839} INFO - DAG(s) dict_keys(['example_dynamic_task_mapping']) retrieved from /home/airflow/.local/lib/python3.10/site-packages/airflow/example_dags/example_dynamic_task_mapping.py
[2025-11-24T15:34:09.480+0000] {logging_mixin.py:154} INFO - [2025-11-24T15:34:09.479+0000] {dag.py:2941} INFO - Sync 1 DAGs
[2025-11-24T15:34:09.514+0000] {logging_mixin.py:154} INFO - [2025-11-24T15:34:09.514+0000] {dag.py:3722} INFO - Setting next_dagrun for example_dynamic_task_mapping to 2022-03-04T00:00:00+00:00, run_after=2022-03-05T00:00:00+00:00
[2025-11-24T15:34:09.540+0000] {processor.py:179} INFO - Processing /home/airflow/.local/lib/python3.10/site-packages/airflow/example_dags/example_dynamic_task_mapping.py took 0.114 seconds
[2025-11-24T15:34:39.919+0000] {processor.py:157} INFO - Started process (PID=639) to work on /home/airflow/.local/lib/python3.10/site-packages/airflow/example_dags/example_dynamic_task_mapping.py
[2025-11-24T15:34:39.921+0000] {processor.py:829} INFO - Processing file /home/airflow/.local/lib/python3.10/site-packages/airflow/example_dags/example_dynamic_task_mapping.py for tasks to queue
[2025-11-24T15:34:39.938+0000] {logging_mixin.py:154} INFO - [2025-11-24T15:34:39.938+0000] {dagbag.py:536} INFO - Filling up the DagBag from /home/airflow/.local/lib/python3.10/site-packages/airflow/example_dags/example_dynamic_task_mapping.py
[2025-11-24T15:34:39.949+0000] {processor.py:839} INFO - DAG(s) dict_keys(['example_dynamic_task_mapping']) retrieved from /home/airflow/.local/lib/python3.10/site-packages/airflow/example_dags/example_dynamic_task_mapping.py
[2025-11-24T15:34:39.976+0000] {logging_mixin.py:154} INFO - [2025-11-24T15:34:39.975+0000] {dag.py:2941} INFO - Sync 1 DAGs
[2025-11-24T15:34:40.007+0000] {logging_mixin.py:154} INFO - [2025-11-24T15:34:40.007+0000] {dag.py:3722} INFO - Setting next_dagrun for example_dynamic_task_mapping to 2022-03-04T00:00:00+00:00, run_after=2022-03-05T00:00:00+00:00
[2025-11-24T15:34:40.034+0000] {processor.py:179} INFO - Processing /home/airflow/.local/lib/python3.10/site-packages/airflow/example_dags/example_dynamic_task_mapping.py took 0.120 seconds
[2025-11-24T15:35:10.742+0000] {processor.py:157} INFO - Started process (PID=692) to work on /home/airflow/.local/lib/python3.10/site-packages/airflow/example_dags/example_dynamic_task_mapping.py
[2025-11-24T15:35:10.744+0000] {processor.py:829} INFO - Processing file /home/airflow/.local/lib/python3.10/site-packages/airflow/example_dags/example_dynamic_task_mapping.py for tasks to queue
[2025-11-24T15:35:10.747+0000] {logging_mixin.py:154} INFO - [2025-11-24T15:35:10.747+0000] {dagbag.py:536} INFO - Filling up the DagBag from /home/airflow/.local/lib/python3.10/site-packages/airflow/example_dags/example_dynamic_task_mapping.py
[2025-11-24T15:35:10.763+0000] {processor.py:839} INFO - DAG(s) dict_keys(['example_dynamic_task_mapping']) retrieved from /home/airflow/.local/lib/python3.10/site-packages/airflow/example_dags/example_dynamic_task_mapping.py
[2025-11-24T15:35:10.789+0000] {logging_mixin.py:154} INFO - [2025-11-24T15:35:10.789+0000] {dag.py:2941} INFO - Sync 1 DAGs
[2025-11-24T15:35:10.830+0000] {logging_mixin.py:154} INFO - [2025-11-24T15:35:10.829+0000] {dag.py:3722} INFO - Setting next_dagrun for example_dynamic_task_mapping to 2022-03-04T00:00:00+00:00, run_after=2022-03-05T00:00:00+00:00
[2025-11-24T15:35:10.861+0000] {processor.py:179} INFO - Processing /home/airflow/.local/lib/python3.10/site-packages/airflow/example_dags/example_dynamic_task_mapping.py took 0.125 seconds
[2025-11-24T15:35:41.110+0000] {processor.py:157} INFO - Started process (PID=745) to work on /home/airflow/.local/lib/python3.10/site-packages/airflow/example_dags/example_dynamic_task_mapping.py
[2025-11-24T15:35:41.112+0000] {processor.py:829} INFO - Processing file /home/airflow/.local/lib/python3.10/site-packages/airflow/example_dags/example_dynamic_task_mapping.py for tasks to queue
[2025-11-24T15:35:41.122+0000] {logging_mixin.py:154} INFO - [2025-11-24T15:35:41.114+0000] {dagbag.py:536} INFO - Filling up the DagBag from /home/airflow/.local/lib/python3.10/site-packages/airflow/example_dags/example_dynamic_task_mapping.py
[2025-11-24T15:35:41.143+0000] {processor.py:839} INFO - DAG(s) dict_keys(['example_dynamic_task_mapping']) retrieved from /home/airflow/.local/lib/python3.10/site-packages/airflow/example_dags/example_dynamic_task_mapping.py
[2025-11-24T15:35:41.193+0000] {logging_mixin.py:154} INFO - [2025-11-24T15:35:41.192+0000] {dag.py:2941} INFO - Sync 1 DAGs
[2025-11-24T15:35:41.259+0000] {logging_mixin.py:154} INFO - [2025-11-24T15:35:41.259+0000] {dag.py:3722} INFO - Setting next_dagrun for example_dynamic_task_mapping to 2022-03-04T00:00:00+00:00, run_after=2022-03-05T00:00:00+00:00
[2025-11-24T15:35:41.314+0000] {processor.py:179} INFO - Processing /home/airflow/.local/lib/python3.10/site-packages/airflow/example_dags/example_dynamic_task_mapping.py took 0.213 seconds
[2025-11-24T15:36:12.435+0000] {processor.py:157} INFO - Started process (PID=799) to work on /home/airflow/.local/lib/python3.10/site-packages/airflow/example_dags/example_dynamic_task_mapping.py
[2025-11-24T15:36:12.445+0000] {processor.py:829} INFO - Processing file /home/airflow/.local/lib/python3.10/site-packages/airflow/example_dags/example_dynamic_task_mapping.py for tasks to queue
[2025-11-24T15:36:12.462+0000] {logging_mixin.py:154} INFO - [2025-11-24T15:36:12.462+0000] {dagbag.py:536} INFO - Filling up the DagBag from /home/airflow/.local/lib/python3.10/site-packages/airflow/example_dags/example_dynamic_task_mapping.py
[2025-11-24T15:36:12.472+0000] {processor.py:839} INFO - DAG(s) dict_keys(['example_dynamic_task_mapping']) retrieved from /home/airflow/.local/lib/python3.10/site-packages/airflow/example_dags/example_dynamic_task_mapping.py
[2025-11-24T15:36:12.514+0000] {logging_mixin.py:154} INFO - [2025-11-24T15:36:12.514+0000] {dag.py:2941} INFO - Sync 1 DAGs
[2025-11-24T15:36:12.550+0000] {logging_mixin.py:154} INFO - [2025-11-24T15:36:12.550+0000] {dag.py:3722} INFO - Setting next_dagrun for example_dynamic_task_mapping to 2022-03-04T00:00:00+00:00, run_after=2022-03-05T00:00:00+00:00
[2025-11-24T15:36:12.581+0000] {processor.py:179} INFO - Processing /home/airflow/.local/lib/python3.10/site-packages/airflow/example_dags/example_dynamic_task_mapping.py took 0.151 seconds
[2025-11-24T15:36:42.722+0000] {processor.py:157} INFO - Started process (PID=854) to work on /home/airflow/.local/lib/python3.10/site-packages/airflow/example_dags/example_dynamic_task_mapping.py
[2025-11-24T15:36:42.723+0000] {processor.py:829} INFO - Processing file /home/airflow/.local/lib/python3.10/site-packages/airflow/example_dags/example_dynamic_task_mapping.py for tasks to queue
[2025-11-24T15:36:42.725+0000] {logging_mixin.py:154} INFO - [2025-11-24T15:36:42.724+0000] {dagbag.py:536} INFO - Filling up the DagBag from /home/airflow/.local/lib/python3.10/site-packages/airflow/example_dags/example_dynamic_task_mapping.py
[2025-11-24T15:36:42.733+0000] {processor.py:839} INFO - DAG(s) dict_keys(['example_dynamic_task_mapping']) retrieved from /home/airflow/.local/lib/python3.10/site-packages/airflow/example_dags/example_dynamic_task_mapping.py
[2025-11-24T15:36:42.754+0000] {logging_mixin.py:154} INFO - [2025-11-24T15:36:42.754+0000] {dag.py:2941} INFO - Sync 1 DAGs
[2025-11-24T15:36:42.778+0000] {logging_mixin.py:154} INFO - [2025-11-24T15:36:42.778+0000] {dag.py:3722} INFO - Setting next_dagrun for example_dynamic_task_mapping to 2022-03-04T00:00:00+00:00, run_after=2022-03-05T00:00:00+00:00
[2025-11-24T15:36:42.797+0000] {processor.py:179} INFO - Processing /home/airflow/.local/lib/python3.10/site-packages/airflow/example_dags/example_dynamic_task_mapping.py took 0.080 seconds
[2025-11-24T15:37:12.886+0000] {processor.py:157} INFO - Started process (PID=908) to work on /home/airflow/.local/lib/python3.10/site-packages/airflow/example_dags/example_dynamic_task_mapping.py
[2025-11-24T15:37:12.889+0000] {processor.py:829} INFO - Processing file /home/airflow/.local/lib/python3.10/site-packages/airflow/example_dags/example_dynamic_task_mapping.py for tasks to queue
[2025-11-24T15:37:12.891+0000] {logging_mixin.py:154} INFO - [2025-11-24T15:37:12.891+0000] {dagbag.py:536} INFO - Filling up the DagBag from /home/airflow/.local/lib/python3.10/site-packages/airflow/example_dags/example_dynamic_task_mapping.py
[2025-11-24T15:37:12.898+0000] {processor.py:839} INFO - DAG(s) dict_keys(['example_dynamic_task_mapping']) retrieved from /home/airflow/.local/lib/python3.10/site-packages/airflow/example_dags/example_dynamic_task_mapping.py
[2025-11-24T15:37:12.920+0000] {logging_mixin.py:154} INFO - [2025-11-24T15:37:12.920+0000] {dag.py:2941} INFO - Sync 1 DAGs
[2025-11-24T15:37:12.944+0000] {logging_mixin.py:154} INFO - [2025-11-24T15:37:12.944+0000] {dag.py:3722} INFO - Setting next_dagrun for example_dynamic_task_mapping to 2022-03-04T00:00:00+00:00, run_after=2022-03-05T00:00:00+00:00
[2025-11-24T15:37:12.978+0000] {processor.py:179} INFO - Processing /home/airflow/.local/lib/python3.10/site-packages/airflow/example_dags/example_dynamic_task_mapping.py took 0.096 seconds
[2025-11-24T15:37:43.964+0000] {processor.py:157} INFO - Started process (PID=962) to work on /home/airflow/.local/lib/python3.10/site-packages/airflow/example_dags/example_dynamic_task_mapping.py
[2025-11-24T15:37:43.966+0000] {processor.py:829} INFO - Processing file /home/airflow/.local/lib/python3.10/site-packages/airflow/example_dags/example_dynamic_task_mapping.py for tasks to queue
[2025-11-24T15:37:43.969+0000] {logging_mixin.py:154} INFO - [2025-11-24T15:37:43.969+0000] {dagbag.py:536} INFO - Filling up the DagBag from /home/airflow/.local/lib/python3.10/site-packages/airflow/example_dags/example_dynamic_task_mapping.py
[2025-11-24T15:37:43.984+0000] {processor.py:839} INFO - DAG(s) dict_keys(['example_dynamic_task_mapping']) retrieved from /home/airflow/.local/lib/python3.10/site-packages/airflow/example_dags/example_dynamic_task_mapping.py
[2025-11-24T15:37:44.027+0000] {logging_mixin.py:154} INFO - [2025-11-24T15:37:44.027+0000] {dag.py:2941} INFO - Sync 1 DAGs
[2025-11-24T15:37:44.087+0000] {logging_mixin.py:154} INFO - [2025-11-24T15:37:44.087+0000] {dag.py:3722} INFO - Setting next_dagrun for example_dynamic_task_mapping to 2022-03-04T00:00:00+00:00, run_after=2022-03-05T00:00:00+00:00
[2025-11-24T15:37:44.129+0000] {processor.py:179} INFO - Processing /home/airflow/.local/lib/python3.10/site-packages/airflow/example_dags/example_dynamic_task_mapping.py took 0.171 seconds
[2025-11-24T15:38:14.661+0000] {processor.py:157} INFO - Started process (PID=1017) to work on /home/airflow/.local/lib/python3.10/site-packages/airflow/example_dags/example_dynamic_task_mapping.py
[2025-11-24T15:38:14.663+0000] {processor.py:829} INFO - Processing file /home/airflow/.local/lib/python3.10/site-packages/airflow/example_dags/example_dynamic_task_mapping.py for tasks to queue
[2025-11-24T15:38:14.666+0000] {logging_mixin.py:154} INFO - [2025-11-24T15:38:14.665+0000] {dagbag.py:536} INFO - Filling up the DagBag from /home/airflow/.local/lib/python3.10/site-packages/airflow/example_dags/example_dynamic_task_mapping.py
[2025-11-24T15:38:14.675+0000] {processor.py:839} INFO - DAG(s) dict_keys(['example_dynamic_task_mapping']) retrieved from /home/airflow/.local/lib/python3.10/site-packages/airflow/example_dags/example_dynamic_task_mapping.py
[2025-11-24T15:38:14.703+0000] {logging_mixin.py:154} INFO - [2025-11-24T15:38:14.703+0000] {dag.py:2941} INFO - Sync 1 DAGs
[2025-11-24T15:38:14.749+0000] {logging_mixin.py:154} INFO - [2025-11-24T15:38:14.748+0000] {dag.py:3722} INFO - Setting next_dagrun for example_dynamic_task_mapping to 2022-03-04T00:00:00+00:00, run_after=2022-03-05T00:00:00+00:00
[2025-11-24T15:38:14.773+0000] {processor.py:179} INFO - Processing /home/airflow/.local/lib/python3.10/site-packages/airflow/example_dags/example_dynamic_task_mapping.py took 0.116 seconds
