[2025-11-24T15:29:08.834+0000] {processor.py:157} INFO - Started process (PID=55) to work on /home/airflow/.local/lib/python3.10/site-packages/airflow/example_dags/tutorial_dag.py
[2025-11-24T15:29:08.838+0000] {processor.py:829} INFO - Processing file /home/airflow/.local/lib/python3.10/site-packages/airflow/example_dags/tutorial_dag.py for tasks to queue
[2025-11-24T15:29:08.851+0000] {logging_mixin.py:154} INFO - [2025-11-24T15:29:08.851+0000] {dagbag.py:536} INFO - Filling up the DagBag from /home/airflow/.local/lib/python3.10/site-packages/airflow/example_dags/tutorial_dag.py
[2025-11-24T15:29:08.877+0000] {processor.py:839} INFO - DAG(s) dict_keys(['tutorial_dag']) retrieved from /home/airflow/.local/lib/python3.10/site-packages/airflow/example_dags/tutorial_dag.py
[2025-11-24T15:29:09.413+0000] {logging_mixin.py:154} INFO - [2025-11-24T15:29:09.412+0000] {manager.py:499} INFO - Created Permission View: %s
[2025-11-24T15:29:09.463+0000] {logging_mixin.py:154} INFO - [2025-11-24T15:29:09.463+0000] {manager.py:499} INFO - Created Permission View: %s
[2025-11-24T15:29:09.481+0000] {logging_mixin.py:154} INFO - [2025-11-24T15:29:09.480+0000] {manager.py:499} INFO - Created Permission View: %s
[2025-11-24T15:29:09.481+0000] {logging_mixin.py:154} INFO - [2025-11-24T15:29:09.481+0000] {dag.py:2941} INFO - Sync 1 DAGs
[2025-11-24T15:29:09.535+0000] {logging_mixin.py:154} INFO - [2025-11-24T15:29:09.535+0000] {dag.py:2963} INFO - Creating ORM DAG for tutorial_dag
[2025-11-24T15:29:09.536+0000] {logging_mixin.py:154} INFO - [2025-11-24T15:29:09.536+0000] {dag.py:3722} INFO - Setting next_dagrun for tutorial_dag to None, run_after=None
[2025-11-24T15:29:09.597+0000] {processor.py:179} INFO - Processing /home/airflow/.local/lib/python3.10/site-packages/airflow/example_dags/tutorial_dag.py took 0.781 seconds
[2025-11-24T15:29:39.810+0000] {processor.py:157} INFO - Started process (PID=109) to work on /home/airflow/.local/lib/python3.10/site-packages/airflow/example_dags/tutorial_dag.py
[2025-11-24T15:29:39.813+0000] {processor.py:829} INFO - Processing file /home/airflow/.local/lib/python3.10/site-packages/airflow/example_dags/tutorial_dag.py for tasks to queue
[2025-11-24T15:29:39.816+0000] {logging_mixin.py:154} INFO - [2025-11-24T15:29:39.816+0000] {dagbag.py:536} INFO - Filling up the DagBag from /home/airflow/.local/lib/python3.10/site-packages/airflow/example_dags/tutorial_dag.py
[2025-11-24T15:29:39.824+0000] {processor.py:839} INFO - DAG(s) dict_keys(['tutorial_dag']) retrieved from /home/airflow/.local/lib/python3.10/site-packages/airflow/example_dags/tutorial_dag.py
[2025-11-24T15:29:39.851+0000] {logging_mixin.py:154} INFO - [2025-11-24T15:29:39.851+0000] {dag.py:2941} INFO - Sync 1 DAGs
[2025-11-24T15:29:39.869+0000] {logging_mixin.py:154} INFO - [2025-11-24T15:29:39.869+0000] {dag.py:3722} INFO - Setting next_dagrun for tutorial_dag to None, run_after=None
[2025-11-24T15:29:39.923+0000] {processor.py:179} INFO - Processing /home/airflow/.local/lib/python3.10/site-packages/airflow/example_dags/tutorial_dag.py took 0.118 seconds
[2025-11-24T15:30:10.364+0000] {processor.py:157} INFO - Started process (PID=163) to work on /home/airflow/.local/lib/python3.10/site-packages/airflow/example_dags/tutorial_dag.py
[2025-11-24T15:30:10.365+0000] {processor.py:829} INFO - Processing file /home/airflow/.local/lib/python3.10/site-packages/airflow/example_dags/tutorial_dag.py for tasks to queue
[2025-11-24T15:30:10.368+0000] {logging_mixin.py:154} INFO - [2025-11-24T15:30:10.367+0000] {dagbag.py:536} INFO - Filling up the DagBag from /home/airflow/.local/lib/python3.10/site-packages/airflow/example_dags/tutorial_dag.py
[2025-11-24T15:30:10.376+0000] {processor.py:839} INFO - DAG(s) dict_keys(['tutorial_dag']) retrieved from /home/airflow/.local/lib/python3.10/site-packages/airflow/example_dags/tutorial_dag.py
[2025-11-24T15:30:10.407+0000] {logging_mixin.py:154} INFO - [2025-11-24T15:30:10.406+0000] {dag.py:2941} INFO - Sync 1 DAGs
[2025-11-24T15:30:10.426+0000] {logging_mixin.py:154} INFO - [2025-11-24T15:30:10.426+0000] {dag.py:3722} INFO - Setting next_dagrun for tutorial_dag to None, run_after=None
[2025-11-24T15:30:10.452+0000] {processor.py:179} INFO - Processing /home/airflow/.local/lib/python3.10/site-packages/airflow/example_dags/tutorial_dag.py took 0.093 seconds
[2025-11-24T15:30:40.659+0000] {processor.py:157} INFO - Started process (PID=217) to work on /home/airflow/.local/lib/python3.10/site-packages/airflow/example_dags/tutorial_dag.py
[2025-11-24T15:30:40.661+0000] {processor.py:829} INFO - Processing file /home/airflow/.local/lib/python3.10/site-packages/airflow/example_dags/tutorial_dag.py for tasks to queue
[2025-11-24T15:30:40.664+0000] {logging_mixin.py:154} INFO - [2025-11-24T15:30:40.663+0000] {dagbag.py:536} INFO - Filling up the DagBag from /home/airflow/.local/lib/python3.10/site-packages/airflow/example_dags/tutorial_dag.py
[2025-11-24T15:30:40.675+0000] {processor.py:839} INFO - DAG(s) dict_keys(['tutorial_dag']) retrieved from /home/airflow/.local/lib/python3.10/site-packages/airflow/example_dags/tutorial_dag.py
[2025-11-24T15:30:40.738+0000] {logging_mixin.py:154} INFO - [2025-11-24T15:30:40.738+0000] {dag.py:2941} INFO - Sync 1 DAGs
[2025-11-24T15:30:40.759+0000] {logging_mixin.py:154} INFO - [2025-11-24T15:30:40.759+0000] {dag.py:3722} INFO - Setting next_dagrun for tutorial_dag to None, run_after=None
[2025-11-24T15:30:40.785+0000] {processor.py:179} INFO - Processing /home/airflow/.local/lib/python3.10/site-packages/airflow/example_dags/tutorial_dag.py took 0.130 seconds
[2025-11-24T15:31:11.441+0000] {processor.py:157} INFO - Started process (PID=272) to work on /home/airflow/.local/lib/python3.10/site-packages/airflow/example_dags/tutorial_dag.py
[2025-11-24T15:31:11.442+0000] {processor.py:829} INFO - Processing file /home/airflow/.local/lib/python3.10/site-packages/airflow/example_dags/tutorial_dag.py for tasks to queue
[2025-11-24T15:31:11.445+0000] {logging_mixin.py:154} INFO - [2025-11-24T15:31:11.444+0000] {dagbag.py:536} INFO - Filling up the DagBag from /home/airflow/.local/lib/python3.10/site-packages/airflow/example_dags/tutorial_dag.py
[2025-11-24T15:31:11.453+0000] {processor.py:839} INFO - DAG(s) dict_keys(['tutorial_dag']) retrieved from /home/airflow/.local/lib/python3.10/site-packages/airflow/example_dags/tutorial_dag.py
[2025-11-24T15:31:11.482+0000] {logging_mixin.py:154} INFO - [2025-11-24T15:31:11.481+0000] {dag.py:2941} INFO - Sync 1 DAGs
[2025-11-24T15:31:11.500+0000] {logging_mixin.py:154} INFO - [2025-11-24T15:31:11.500+0000] {dag.py:3722} INFO - Setting next_dagrun for tutorial_dag to None, run_after=None
[2025-11-24T15:31:11.530+0000] {processor.py:179} INFO - Processing /home/airflow/.local/lib/python3.10/site-packages/airflow/example_dags/tutorial_dag.py took 0.095 seconds
[2025-11-24T15:31:41.642+0000] {processor.py:157} INFO - Started process (PID=326) to work on /home/airflow/.local/lib/python3.10/site-packages/airflow/example_dags/tutorial_dag.py
[2025-11-24T15:31:41.657+0000] {processor.py:829} INFO - Processing file /home/airflow/.local/lib/python3.10/site-packages/airflow/example_dags/tutorial_dag.py for tasks to queue
[2025-11-24T15:31:41.661+0000] {logging_mixin.py:154} INFO - [2025-11-24T15:31:41.660+0000] {dagbag.py:536} INFO - Filling up the DagBag from /home/airflow/.local/lib/python3.10/site-packages/airflow/example_dags/tutorial_dag.py
[2025-11-24T15:31:41.677+0000] {processor.py:839} INFO - DAG(s) dict_keys(['tutorial_dag']) retrieved from /home/airflow/.local/lib/python3.10/site-packages/airflow/example_dags/tutorial_dag.py
[2025-11-24T15:31:41.755+0000] {logging_mixin.py:154} INFO - [2025-11-24T15:31:41.755+0000] {dag.py:2941} INFO - Sync 1 DAGs
[2025-11-24T15:31:41.809+0000] {logging_mixin.py:154} INFO - [2025-11-24T15:31:41.809+0000] {dag.py:3722} INFO - Setting next_dagrun for tutorial_dag to None, run_after=None
[2025-11-24T15:31:41.887+0000] {processor.py:179} INFO - Processing /home/airflow/.local/lib/python3.10/site-packages/airflow/example_dags/tutorial_dag.py took 0.250 seconds
[2025-11-24T15:32:12.664+0000] {processor.py:157} INFO - Started process (PID=380) to work on /home/airflow/.local/lib/python3.10/site-packages/airflow/example_dags/tutorial_dag.py
[2025-11-24T15:32:12.683+0000] {processor.py:829} INFO - Processing file /home/airflow/.local/lib/python3.10/site-packages/airflow/example_dags/tutorial_dag.py for tasks to queue
[2025-11-24T15:32:12.696+0000] {logging_mixin.py:154} INFO - [2025-11-24T15:32:12.696+0000] {dagbag.py:536} INFO - Filling up the DagBag from /home/airflow/.local/lib/python3.10/site-packages/airflow/example_dags/tutorial_dag.py
[2025-11-24T15:32:12.722+0000] {processor.py:839} INFO - DAG(s) dict_keys(['tutorial_dag']) retrieved from /home/airflow/.local/lib/python3.10/site-packages/airflow/example_dags/tutorial_dag.py
[2025-11-24T15:32:12.779+0000] {logging_mixin.py:154} INFO - [2025-11-24T15:32:12.779+0000] {dag.py:2941} INFO - Sync 1 DAGs
[2025-11-24T15:32:12.835+0000] {logging_mixin.py:154} INFO - [2025-11-24T15:32:12.834+0000] {dag.py:3722} INFO - Setting next_dagrun for tutorial_dag to None, run_after=None
[2025-11-24T15:32:12.903+0000] {processor.py:179} INFO - Processing /home/airflow/.local/lib/python3.10/site-packages/airflow/example_dags/tutorial_dag.py took 0.263 seconds
[2025-11-24T15:32:43.598+0000] {processor.py:157} INFO - Started process (PID=433) to work on /home/airflow/.local/lib/python3.10/site-packages/airflow/example_dags/tutorial_dag.py
[2025-11-24T15:32:43.599+0000] {processor.py:829} INFO - Processing file /home/airflow/.local/lib/python3.10/site-packages/airflow/example_dags/tutorial_dag.py for tasks to queue
[2025-11-24T15:32:43.601+0000] {logging_mixin.py:154} INFO - [2025-11-24T15:32:43.601+0000] {dagbag.py:536} INFO - Filling up the DagBag from /home/airflow/.local/lib/python3.10/site-packages/airflow/example_dags/tutorial_dag.py
[2025-11-24T15:32:43.608+0000] {processor.py:839} INFO - DAG(s) dict_keys(['tutorial_dag']) retrieved from /home/airflow/.local/lib/python3.10/site-packages/airflow/example_dags/tutorial_dag.py
[2025-11-24T15:32:43.630+0000] {logging_mixin.py:154} INFO - [2025-11-24T15:32:43.630+0000] {dag.py:2941} INFO - Sync 1 DAGs
[2025-11-24T15:32:43.644+0000] {logging_mixin.py:154} INFO - [2025-11-24T15:32:43.644+0000] {dag.py:3722} INFO - Setting next_dagrun for tutorial_dag to None, run_after=None
[2025-11-24T15:32:43.665+0000] {processor.py:179} INFO - Processing /home/airflow/.local/lib/python3.10/site-packages/airflow/example_dags/tutorial_dag.py took 0.071 seconds
[2025-11-24T15:33:14.447+0000] {processor.py:157} INFO - Started process (PID=487) to work on /home/airflow/.local/lib/python3.10/site-packages/airflow/example_dags/tutorial_dag.py
[2025-11-24T15:33:14.450+0000] {processor.py:829} INFO - Processing file /home/airflow/.local/lib/python3.10/site-packages/airflow/example_dags/tutorial_dag.py for tasks to queue
[2025-11-24T15:33:14.452+0000] {logging_mixin.py:154} INFO - [2025-11-24T15:33:14.451+0000] {dagbag.py:536} INFO - Filling up the DagBag from /home/airflow/.local/lib/python3.10/site-packages/airflow/example_dags/tutorial_dag.py
[2025-11-24T15:33:14.458+0000] {processor.py:839} INFO - DAG(s) dict_keys(['tutorial_dag']) retrieved from /home/airflow/.local/lib/python3.10/site-packages/airflow/example_dags/tutorial_dag.py
[2025-11-24T15:33:14.480+0000] {logging_mixin.py:154} INFO - [2025-11-24T15:33:14.480+0000] {dag.py:2941} INFO - Sync 1 DAGs
[2025-11-24T15:33:14.494+0000] {logging_mixin.py:154} INFO - [2025-11-24T15:33:14.494+0000] {dag.py:3722} INFO - Setting next_dagrun for tutorial_dag to None, run_after=None
[2025-11-24T15:33:14.515+0000] {processor.py:179} INFO - Processing /home/airflow/.local/lib/python3.10/site-packages/airflow/example_dags/tutorial_dag.py took 0.071 seconds
[2025-11-24T15:33:44.961+0000] {processor.py:157} INFO - Started process (PID=548) to work on /home/airflow/.local/lib/python3.10/site-packages/airflow/example_dags/tutorial_dag.py
[2025-11-24T15:33:44.962+0000] {processor.py:829} INFO - Processing file /home/airflow/.local/lib/python3.10/site-packages/airflow/example_dags/tutorial_dag.py for tasks to queue
[2025-11-24T15:33:44.964+0000] {logging_mixin.py:154} INFO - [2025-11-24T15:33:44.964+0000] {dagbag.py:536} INFO - Filling up the DagBag from /home/airflow/.local/lib/python3.10/site-packages/airflow/example_dags/tutorial_dag.py
[2025-11-24T15:33:44.970+0000] {processor.py:839} INFO - DAG(s) dict_keys(['tutorial_dag']) retrieved from /home/airflow/.local/lib/python3.10/site-packages/airflow/example_dags/tutorial_dag.py
[2025-11-24T15:33:44.998+0000] {logging_mixin.py:154} INFO - [2025-11-24T15:33:44.998+0000] {dag.py:2941} INFO - Sync 1 DAGs
[2025-11-24T15:33:45.013+0000] {logging_mixin.py:154} INFO - [2025-11-24T15:33:45.013+0000] {dag.py:3722} INFO - Setting next_dagrun for tutorial_dag to None, run_after=None
[2025-11-24T15:33:45.068+0000] {processor.py:179} INFO - Processing /home/airflow/.local/lib/python3.10/site-packages/airflow/example_dags/tutorial_dag.py took 0.116 seconds
[2025-11-24T15:34:15.249+0000] {processor.py:157} INFO - Started process (PID=602) to work on /home/airflow/.local/lib/python3.10/site-packages/airflow/example_dags/tutorial_dag.py
[2025-11-24T15:34:15.252+0000] {processor.py:829} INFO - Processing file /home/airflow/.local/lib/python3.10/site-packages/airflow/example_dags/tutorial_dag.py for tasks to queue
[2025-11-24T15:34:15.255+0000] {logging_mixin.py:154} INFO - [2025-11-24T15:34:15.254+0000] {dagbag.py:536} INFO - Filling up the DagBag from /home/airflow/.local/lib/python3.10/site-packages/airflow/example_dags/tutorial_dag.py
[2025-11-24T15:34:15.264+0000] {processor.py:839} INFO - DAG(s) dict_keys(['tutorial_dag']) retrieved from /home/airflow/.local/lib/python3.10/site-packages/airflow/example_dags/tutorial_dag.py
[2025-11-24T15:34:15.302+0000] {logging_mixin.py:154} INFO - [2025-11-24T15:34:15.301+0000] {dag.py:2941} INFO - Sync 1 DAGs
[2025-11-24T15:34:15.321+0000] {logging_mixin.py:154} INFO - [2025-11-24T15:34:15.320+0000] {dag.py:3722} INFO - Setting next_dagrun for tutorial_dag to None, run_after=None
[2025-11-24T15:34:15.346+0000] {processor.py:179} INFO - Processing /home/airflow/.local/lib/python3.10/site-packages/airflow/example_dags/tutorial_dag.py took 0.102 seconds
[2025-11-24T15:34:45.731+0000] {processor.py:157} INFO - Started process (PID=655) to work on /home/airflow/.local/lib/python3.10/site-packages/airflow/example_dags/tutorial_dag.py
[2025-11-24T15:34:45.732+0000] {processor.py:829} INFO - Processing file /home/airflow/.local/lib/python3.10/site-packages/airflow/example_dags/tutorial_dag.py for tasks to queue
[2025-11-24T15:34:45.734+0000] {logging_mixin.py:154} INFO - [2025-11-24T15:34:45.734+0000] {dagbag.py:536} INFO - Filling up the DagBag from /home/airflow/.local/lib/python3.10/site-packages/airflow/example_dags/tutorial_dag.py
[2025-11-24T15:34:45.741+0000] {processor.py:839} INFO - DAG(s) dict_keys(['tutorial_dag']) retrieved from /home/airflow/.local/lib/python3.10/site-packages/airflow/example_dags/tutorial_dag.py
[2025-11-24T15:34:45.763+0000] {logging_mixin.py:154} INFO - [2025-11-24T15:34:45.763+0000] {dag.py:2941} INFO - Sync 1 DAGs
[2025-11-24T15:34:45.778+0000] {logging_mixin.py:154} INFO - [2025-11-24T15:34:45.778+0000] {dag.py:3722} INFO - Setting next_dagrun for tutorial_dag to None, run_after=None
[2025-11-24T15:34:45.800+0000] {processor.py:179} INFO - Processing /home/airflow/.local/lib/python3.10/site-packages/airflow/example_dags/tutorial_dag.py took 0.072 seconds
[2025-11-24T15:35:16.621+0000] {processor.py:157} INFO - Started process (PID=708) to work on /home/airflow/.local/lib/python3.10/site-packages/airflow/example_dags/tutorial_dag.py
[2025-11-24T15:35:16.623+0000] {processor.py:829} INFO - Processing file /home/airflow/.local/lib/python3.10/site-packages/airflow/example_dags/tutorial_dag.py for tasks to queue
[2025-11-24T15:35:16.626+0000] {logging_mixin.py:154} INFO - [2025-11-24T15:35:16.625+0000] {dagbag.py:536} INFO - Filling up the DagBag from /home/airflow/.local/lib/python3.10/site-packages/airflow/example_dags/tutorial_dag.py
[2025-11-24T15:35:16.634+0000] {processor.py:839} INFO - DAG(s) dict_keys(['tutorial_dag']) retrieved from /home/airflow/.local/lib/python3.10/site-packages/airflow/example_dags/tutorial_dag.py
[2025-11-24T15:35:16.661+0000] {logging_mixin.py:154} INFO - [2025-11-24T15:35:16.661+0000] {dag.py:2941} INFO - Sync 1 DAGs
[2025-11-24T15:35:16.675+0000] {logging_mixin.py:154} INFO - [2025-11-24T15:35:16.675+0000] {dag.py:3722} INFO - Setting next_dagrun for tutorial_dag to None, run_after=None
[2025-11-24T15:35:16.694+0000] {processor.py:179} INFO - Processing /home/airflow/.local/lib/python3.10/site-packages/airflow/example_dags/tutorial_dag.py took 0.078 seconds
[2025-11-24T15:35:47.086+0000] {processor.py:157} INFO - Started process (PID=762) to work on /home/airflow/.local/lib/python3.10/site-packages/airflow/example_dags/tutorial_dag.py
[2025-11-24T15:35:47.087+0000] {processor.py:829} INFO - Processing file /home/airflow/.local/lib/python3.10/site-packages/airflow/example_dags/tutorial_dag.py for tasks to queue
[2025-11-24T15:35:47.089+0000] {logging_mixin.py:154} INFO - [2025-11-24T15:35:47.088+0000] {dagbag.py:536} INFO - Filling up the DagBag from /home/airflow/.local/lib/python3.10/site-packages/airflow/example_dags/tutorial_dag.py
[2025-11-24T15:35:47.095+0000] {processor.py:839} INFO - DAG(s) dict_keys(['tutorial_dag']) retrieved from /home/airflow/.local/lib/python3.10/site-packages/airflow/example_dags/tutorial_dag.py
[2025-11-24T15:35:47.117+0000] {logging_mixin.py:154} INFO - [2025-11-24T15:35:47.117+0000] {dag.py:2941} INFO - Sync 1 DAGs
[2025-11-24T15:35:47.131+0000] {logging_mixin.py:154} INFO - [2025-11-24T15:35:47.131+0000] {dag.py:3722} INFO - Setting next_dagrun for tutorial_dag to None, run_after=None
[2025-11-24T15:35:47.158+0000] {processor.py:179} INFO - Processing /home/airflow/.local/lib/python3.10/site-packages/airflow/example_dags/tutorial_dag.py took 0.077 seconds
[2025-11-24T15:36:17.597+0000] {processor.py:157} INFO - Started process (PID=817) to work on /home/airflow/.local/lib/python3.10/site-packages/airflow/example_dags/tutorial_dag.py
[2025-11-24T15:36:17.601+0000] {processor.py:829} INFO - Processing file /home/airflow/.local/lib/python3.10/site-packages/airflow/example_dags/tutorial_dag.py for tasks to queue
[2025-11-24T15:36:17.604+0000] {logging_mixin.py:154} INFO - [2025-11-24T15:36:17.604+0000] {dagbag.py:536} INFO - Filling up the DagBag from /home/airflow/.local/lib/python3.10/site-packages/airflow/example_dags/tutorial_dag.py
[2025-11-24T15:36:17.612+0000] {processor.py:839} INFO - DAG(s) dict_keys(['tutorial_dag']) retrieved from /home/airflow/.local/lib/python3.10/site-packages/airflow/example_dags/tutorial_dag.py
[2025-11-24T15:36:17.642+0000] {logging_mixin.py:154} INFO - [2025-11-24T15:36:17.642+0000] {dag.py:2941} INFO - Sync 1 DAGs
[2025-11-24T15:36:17.661+0000] {logging_mixin.py:154} INFO - [2025-11-24T15:36:17.661+0000] {dag.py:3722} INFO - Setting next_dagrun for tutorial_dag to None, run_after=None
[2025-11-24T15:36:17.686+0000] {processor.py:179} INFO - Processing /home/airflow/.local/lib/python3.10/site-packages/airflow/example_dags/tutorial_dag.py took 0.094 seconds
[2025-11-24T15:36:47.904+0000] {processor.py:157} INFO - Started process (PID=871) to work on /home/airflow/.local/lib/python3.10/site-packages/airflow/example_dags/tutorial_dag.py
[2025-11-24T15:36:47.905+0000] {processor.py:829} INFO - Processing file /home/airflow/.local/lib/python3.10/site-packages/airflow/example_dags/tutorial_dag.py for tasks to queue
[2025-11-24T15:36:47.908+0000] {logging_mixin.py:154} INFO - [2025-11-24T15:36:47.908+0000] {dagbag.py:536} INFO - Filling up the DagBag from /home/airflow/.local/lib/python3.10/site-packages/airflow/example_dags/tutorial_dag.py
[2025-11-24T15:36:47.917+0000] {processor.py:839} INFO - DAG(s) dict_keys(['tutorial_dag']) retrieved from /home/airflow/.local/lib/python3.10/site-packages/airflow/example_dags/tutorial_dag.py
[2025-11-24T15:36:47.955+0000] {logging_mixin.py:154} INFO - [2025-11-24T15:36:47.954+0000] {dag.py:2941} INFO - Sync 1 DAGs
[2025-11-24T15:36:47.973+0000] {logging_mixin.py:154} INFO - [2025-11-24T15:36:47.973+0000] {dag.py:3722} INFO - Setting next_dagrun for tutorial_dag to None, run_after=None
[2025-11-24T15:36:47.998+0000] {processor.py:179} INFO - Processing /home/airflow/.local/lib/python3.10/site-packages/airflow/example_dags/tutorial_dag.py took 0.100 seconds
[2025-11-24T15:37:18.261+0000] {processor.py:157} INFO - Started process (PID=925) to work on /home/airflow/.local/lib/python3.10/site-packages/airflow/example_dags/tutorial_dag.py
[2025-11-24T15:37:18.272+0000] {processor.py:829} INFO - Processing file /home/airflow/.local/lib/python3.10/site-packages/airflow/example_dags/tutorial_dag.py for tasks to queue
[2025-11-24T15:37:18.287+0000] {logging_mixin.py:154} INFO - [2025-11-24T15:37:18.286+0000] {dagbag.py:536} INFO - Filling up the DagBag from /home/airflow/.local/lib/python3.10/site-packages/airflow/example_dags/tutorial_dag.py
[2025-11-24T15:37:18.295+0000] {processor.py:839} INFO - DAG(s) dict_keys(['tutorial_dag']) retrieved from /home/airflow/.local/lib/python3.10/site-packages/airflow/example_dags/tutorial_dag.py
[2025-11-24T15:37:18.322+0000] {logging_mixin.py:154} INFO - [2025-11-24T15:37:18.322+0000] {dag.py:2941} INFO - Sync 1 DAGs
[2025-11-24T15:37:18.341+0000] {logging_mixin.py:154} INFO - [2025-11-24T15:37:18.340+0000] {dag.py:3722} INFO - Setting next_dagrun for tutorial_dag to None, run_after=None
[2025-11-24T15:37:18.394+0000] {processor.py:179} INFO - Processing /home/airflow/.local/lib/python3.10/site-packages/airflow/example_dags/tutorial_dag.py took 0.138 seconds
[2025-11-24T15:37:48.913+0000] {processor.py:157} INFO - Started process (PID=980) to work on /home/airflow/.local/lib/python3.10/site-packages/airflow/example_dags/tutorial_dag.py
[2025-11-24T15:37:48.915+0000] {processor.py:829} INFO - Processing file /home/airflow/.local/lib/python3.10/site-packages/airflow/example_dags/tutorial_dag.py for tasks to queue
[2025-11-24T15:37:48.919+0000] {logging_mixin.py:154} INFO - [2025-11-24T15:37:48.918+0000] {dagbag.py:536} INFO - Filling up the DagBag from /home/airflow/.local/lib/python3.10/site-packages/airflow/example_dags/tutorial_dag.py
[2025-11-24T15:37:48.936+0000] {processor.py:839} INFO - DAG(s) dict_keys(['tutorial_dag']) retrieved from /home/airflow/.local/lib/python3.10/site-packages/airflow/example_dags/tutorial_dag.py
[2025-11-24T15:37:48.965+0000] {logging_mixin.py:154} INFO - [2025-11-24T15:37:48.964+0000] {dag.py:2941} INFO - Sync 1 DAGs
[2025-11-24T15:37:48.983+0000] {logging_mixin.py:154} INFO - [2025-11-24T15:37:48.983+0000] {dag.py:3722} INFO - Setting next_dagrun for tutorial_dag to None, run_after=None
[2025-11-24T15:37:49.035+0000] {processor.py:179} INFO - Processing /home/airflow/.local/lib/python3.10/site-packages/airflow/example_dags/tutorial_dag.py took 0.127 seconds
[2025-11-24T15:38:19.443+0000] {processor.py:157} INFO - Started process (PID=1034) to work on /home/airflow/.local/lib/python3.10/site-packages/airflow/example_dags/tutorial_dag.py
[2025-11-24T15:38:19.444+0000] {processor.py:829} INFO - Processing file /home/airflow/.local/lib/python3.10/site-packages/airflow/example_dags/tutorial_dag.py for tasks to queue
[2025-11-24T15:38:19.446+0000] {logging_mixin.py:154} INFO - [2025-11-24T15:38:19.446+0000] {dagbag.py:536} INFO - Filling up the DagBag from /home/airflow/.local/lib/python3.10/site-packages/airflow/example_dags/tutorial_dag.py
[2025-11-24T15:38:19.452+0000] {processor.py:839} INFO - DAG(s) dict_keys(['tutorial_dag']) retrieved from /home/airflow/.local/lib/python3.10/site-packages/airflow/example_dags/tutorial_dag.py
[2025-11-24T15:38:19.475+0000] {logging_mixin.py:154} INFO - [2025-11-24T15:38:19.474+0000] {dag.py:2941} INFO - Sync 1 DAGs
[2025-11-24T15:38:19.488+0000] {logging_mixin.py:154} INFO - [2025-11-24T15:38:19.488+0000] {dag.py:3722} INFO - Setting next_dagrun for tutorial_dag to None, run_after=None
[2025-11-24T15:38:19.508+0000] {processor.py:179} INFO - Processing /home/airflow/.local/lib/python3.10/site-packages/airflow/example_dags/tutorial_dag.py took 0.069 seconds
