[2025-11-24T15:29:10.319+0000] {processor.py:157} INFO - Started process (PID=58) to work on /home/airflow/.local/lib/python3.10/site-packages/airflow/example_dags/tutorial_taskflow_api_virtualenv.py
[2025-11-24T15:29:10.320+0000] {processor.py:829} INFO - Processing file /home/airflow/.local/lib/python3.10/site-packages/airflow/example_dags/tutorial_taskflow_api_virtualenv.py for tasks to queue
[2025-11-24T15:29:10.323+0000] {logging_mixin.py:154} INFO - [2025-11-24T15:29:10.323+0000] {dagbag.py:536} INFO - Filling up the DagBag from /home/airflow/.local/lib/python3.10/site-packages/airflow/example_dags/tutorial_taskflow_api_virtualenv.py
[2025-11-24T15:29:10.352+0000] {processor.py:839} INFO - DAG(s) dict_keys(['tutorial_taskflow_api_virtualenv']) retrieved from /home/airflow/.local/lib/python3.10/site-packages/airflow/example_dags/tutorial_taskflow_api_virtualenv.py
[2025-11-24T15:29:10.975+0000] {logging_mixin.py:154} INFO - [2025-11-24T15:29:10.974+0000] {manager.py:499} INFO - Created Permission View: %s
[2025-11-24T15:29:11.003+0000] {logging_mixin.py:154} INFO - [2025-11-24T15:29:11.003+0000] {manager.py:499} INFO - Created Permission View: %s
[2025-11-24T15:29:11.027+0000] {logging_mixin.py:154} INFO - [2025-11-24T15:29:11.027+0000] {manager.py:499} INFO - Created Permission View: %s
[2025-11-24T15:29:11.029+0000] {logging_mixin.py:154} INFO - [2025-11-24T15:29:11.029+0000] {dag.py:2941} INFO - Sync 1 DAGs
[2025-11-24T15:29:11.087+0000] {logging_mixin.py:154} INFO - [2025-11-24T15:29:11.086+0000] {dag.py:2963} INFO - Creating ORM DAG for tutorial_taskflow_api_virtualenv
[2025-11-24T15:29:11.087+0000] {logging_mixin.py:154} INFO - [2025-11-24T15:29:11.087+0000] {dag.py:3722} INFO - Setting next_dagrun for tutorial_taskflow_api_virtualenv to None, run_after=None
[2025-11-24T15:29:11.160+0000] {processor.py:179} INFO - Processing /home/airflow/.local/lib/python3.10/site-packages/airflow/example_dags/tutorial_taskflow_api_virtualenv.py took 0.854 seconds
[2025-11-24T15:29:41.987+0000] {processor.py:157} INFO - Started process (PID=112) to work on /home/airflow/.local/lib/python3.10/site-packages/airflow/example_dags/tutorial_taskflow_api_virtualenv.py
[2025-11-24T15:29:41.999+0000] {processor.py:829} INFO - Processing file /home/airflow/.local/lib/python3.10/site-packages/airflow/example_dags/tutorial_taskflow_api_virtualenv.py for tasks to queue
[2025-11-24T15:29:42.002+0000] {logging_mixin.py:154} INFO - [2025-11-24T15:29:42.002+0000] {dagbag.py:536} INFO - Filling up the DagBag from /home/airflow/.local/lib/python3.10/site-packages/airflow/example_dags/tutorial_taskflow_api_virtualenv.py
[2025-11-24T15:29:42.012+0000] {processor.py:839} INFO - DAG(s) dict_keys(['tutorial_taskflow_api_virtualenv']) retrieved from /home/airflow/.local/lib/python3.10/site-packages/airflow/example_dags/tutorial_taskflow_api_virtualenv.py
[2025-11-24T15:29:42.042+0000] {logging_mixin.py:154} INFO - [2025-11-24T15:29:42.042+0000] {dag.py:2941} INFO - Sync 1 DAGs
[2025-11-24T15:29:42.061+0000] {logging_mixin.py:154} INFO - [2025-11-24T15:29:42.061+0000] {dag.py:3722} INFO - Setting next_dagrun for tutorial_taskflow_api_virtualenv to None, run_after=None
[2025-11-24T15:29:42.112+0000] {processor.py:179} INFO - Processing /home/airflow/.local/lib/python3.10/site-packages/airflow/example_dags/tutorial_taskflow_api_virtualenv.py took 0.130 seconds
[2025-11-24T15:30:12.624+0000] {processor.py:157} INFO - Started process (PID=166) to work on /home/airflow/.local/lib/python3.10/site-packages/airflow/example_dags/tutorial_taskflow_api_virtualenv.py
[2025-11-24T15:30:12.626+0000] {processor.py:829} INFO - Processing file /home/airflow/.local/lib/python3.10/site-packages/airflow/example_dags/tutorial_taskflow_api_virtualenv.py for tasks to queue
[2025-11-24T15:30:12.629+0000] {logging_mixin.py:154} INFO - [2025-11-24T15:30:12.628+0000] {dagbag.py:536} INFO - Filling up the DagBag from /home/airflow/.local/lib/python3.10/site-packages/airflow/example_dags/tutorial_taskflow_api_virtualenv.py
[2025-11-24T15:30:12.640+0000] {processor.py:839} INFO - DAG(s) dict_keys(['tutorial_taskflow_api_virtualenv']) retrieved from /home/airflow/.local/lib/python3.10/site-packages/airflow/example_dags/tutorial_taskflow_api_virtualenv.py
[2025-11-24T15:30:12.670+0000] {logging_mixin.py:154} INFO - [2025-11-24T15:30:12.670+0000] {dag.py:2941} INFO - Sync 1 DAGs
[2025-11-24T15:30:12.690+0000] {logging_mixin.py:154} INFO - [2025-11-24T15:30:12.690+0000] {dag.py:3722} INFO - Setting next_dagrun for tutorial_taskflow_api_virtualenv to None, run_after=None
[2025-11-24T15:30:12.724+0000] {processor.py:179} INFO - Processing /home/airflow/.local/lib/python3.10/site-packages/airflow/example_dags/tutorial_taskflow_api_virtualenv.py took 0.104 seconds
[2025-11-24T15:30:42.855+0000] {processor.py:157} INFO - Started process (PID=220) to work on /home/airflow/.local/lib/python3.10/site-packages/airflow/example_dags/tutorial_taskflow_api_virtualenv.py
[2025-11-24T15:30:42.857+0000] {processor.py:829} INFO - Processing file /home/airflow/.local/lib/python3.10/site-packages/airflow/example_dags/tutorial_taskflow_api_virtualenv.py for tasks to queue
[2025-11-24T15:30:42.860+0000] {logging_mixin.py:154} INFO - [2025-11-24T15:30:42.859+0000] {dagbag.py:536} INFO - Filling up the DagBag from /home/airflow/.local/lib/python3.10/site-packages/airflow/example_dags/tutorial_taskflow_api_virtualenv.py
[2025-11-24T15:30:42.870+0000] {processor.py:839} INFO - DAG(s) dict_keys(['tutorial_taskflow_api_virtualenv']) retrieved from /home/airflow/.local/lib/python3.10/site-packages/airflow/example_dags/tutorial_taskflow_api_virtualenv.py
[2025-11-24T15:30:42.899+0000] {logging_mixin.py:154} INFO - [2025-11-24T15:30:42.899+0000] {dag.py:2941} INFO - Sync 1 DAGs
[2025-11-24T15:30:42.919+0000] {logging_mixin.py:154} INFO - [2025-11-24T15:30:42.919+0000] {dag.py:3722} INFO - Setting next_dagrun for tutorial_taskflow_api_virtualenv to None, run_after=None
[2025-11-24T15:30:42.970+0000] {processor.py:179} INFO - Processing /home/airflow/.local/lib/python3.10/site-packages/airflow/example_dags/tutorial_taskflow_api_virtualenv.py took 0.120 seconds
[2025-11-24T15:31:13.701+0000] {processor.py:157} INFO - Started process (PID=275) to work on /home/airflow/.local/lib/python3.10/site-packages/airflow/example_dags/tutorial_taskflow_api_virtualenv.py
[2025-11-24T15:31:13.702+0000] {processor.py:829} INFO - Processing file /home/airflow/.local/lib/python3.10/site-packages/airflow/example_dags/tutorial_taskflow_api_virtualenv.py for tasks to queue
[2025-11-24T15:31:13.705+0000] {logging_mixin.py:154} INFO - [2025-11-24T15:31:13.705+0000] {dagbag.py:536} INFO - Filling up the DagBag from /home/airflow/.local/lib/python3.10/site-packages/airflow/example_dags/tutorial_taskflow_api_virtualenv.py
[2025-11-24T15:31:13.716+0000] {processor.py:839} INFO - DAG(s) dict_keys(['tutorial_taskflow_api_virtualenv']) retrieved from /home/airflow/.local/lib/python3.10/site-packages/airflow/example_dags/tutorial_taskflow_api_virtualenv.py
[2025-11-24T15:31:13.745+0000] {logging_mixin.py:154} INFO - [2025-11-24T15:31:13.745+0000] {dag.py:2941} INFO - Sync 1 DAGs
[2025-11-24T15:31:13.764+0000] {logging_mixin.py:154} INFO - [2025-11-24T15:31:13.764+0000] {dag.py:3722} INFO - Setting next_dagrun for tutorial_taskflow_api_virtualenv to None, run_after=None
[2025-11-24T15:31:13.807+0000] {processor.py:179} INFO - Processing /home/airflow/.local/lib/python3.10/site-packages/airflow/example_dags/tutorial_taskflow_api_virtualenv.py took 0.111 seconds
[2025-11-24T15:31:44.073+0000] {processor.py:157} INFO - Started process (PID=329) to work on /home/airflow/.local/lib/python3.10/site-packages/airflow/example_dags/tutorial_taskflow_api_virtualenv.py
[2025-11-24T15:31:44.074+0000] {processor.py:829} INFO - Processing file /home/airflow/.local/lib/python3.10/site-packages/airflow/example_dags/tutorial_taskflow_api_virtualenv.py for tasks to queue
[2025-11-24T15:31:44.077+0000] {logging_mixin.py:154} INFO - [2025-11-24T15:31:44.077+0000] {dagbag.py:536} INFO - Filling up the DagBag from /home/airflow/.local/lib/python3.10/site-packages/airflow/example_dags/tutorial_taskflow_api_virtualenv.py
[2025-11-24T15:31:44.088+0000] {processor.py:839} INFO - DAG(s) dict_keys(['tutorial_taskflow_api_virtualenv']) retrieved from /home/airflow/.local/lib/python3.10/site-packages/airflow/example_dags/tutorial_taskflow_api_virtualenv.py
[2025-11-24T15:31:44.118+0000] {logging_mixin.py:154} INFO - [2025-11-24T15:31:44.118+0000] {dag.py:2941} INFO - Sync 1 DAGs
[2025-11-24T15:31:44.138+0000] {logging_mixin.py:154} INFO - [2025-11-24T15:31:44.137+0000] {dag.py:3722} INFO - Setting next_dagrun for tutorial_taskflow_api_virtualenv to None, run_after=None
[2025-11-24T15:31:44.199+0000] {processor.py:179} INFO - Processing /home/airflow/.local/lib/python3.10/site-packages/airflow/example_dags/tutorial_taskflow_api_virtualenv.py took 0.131 seconds
[2025-11-24T15:32:15.048+0000] {processor.py:157} INFO - Started process (PID=389) to work on /home/airflow/.local/lib/python3.10/site-packages/airflow/example_dags/tutorial_taskflow_api_virtualenv.py
[2025-11-24T15:32:15.058+0000] {processor.py:829} INFO - Processing file /home/airflow/.local/lib/python3.10/site-packages/airflow/example_dags/tutorial_taskflow_api_virtualenv.py for tasks to queue
[2025-11-24T15:32:15.061+0000] {logging_mixin.py:154} INFO - [2025-11-24T15:32:15.061+0000] {dagbag.py:536} INFO - Filling up the DagBag from /home/airflow/.local/lib/python3.10/site-packages/airflow/example_dags/tutorial_taskflow_api_virtualenv.py
[2025-11-24T15:32:15.090+0000] {processor.py:839} INFO - DAG(s) dict_keys(['tutorial_taskflow_api_virtualenv']) retrieved from /home/airflow/.local/lib/python3.10/site-packages/airflow/example_dags/tutorial_taskflow_api_virtualenv.py
[2025-11-24T15:32:15.207+0000] {logging_mixin.py:154} INFO - [2025-11-24T15:32:15.207+0000] {dag.py:2941} INFO - Sync 1 DAGs
[2025-11-24T15:32:15.260+0000] {logging_mixin.py:154} INFO - [2025-11-24T15:32:15.260+0000] {dag.py:3722} INFO - Setting next_dagrun for tutorial_taskflow_api_virtualenv to None, run_after=None
[2025-11-24T15:32:15.374+0000] {processor.py:179} INFO - Processing /home/airflow/.local/lib/python3.10/site-packages/airflow/example_dags/tutorial_taskflow_api_virtualenv.py took 0.332 seconds
[2025-11-24T15:32:45.810+0000] {processor.py:157} INFO - Started process (PID=443) to work on /home/airflow/.local/lib/python3.10/site-packages/airflow/example_dags/tutorial_taskflow_api_virtualenv.py
[2025-11-24T15:32:45.812+0000] {processor.py:829} INFO - Processing file /home/airflow/.local/lib/python3.10/site-packages/airflow/example_dags/tutorial_taskflow_api_virtualenv.py for tasks to queue
[2025-11-24T15:32:45.815+0000] {logging_mixin.py:154} INFO - [2025-11-24T15:32:45.814+0000] {dagbag.py:536} INFO - Filling up the DagBag from /home/airflow/.local/lib/python3.10/site-packages/airflow/example_dags/tutorial_taskflow_api_virtualenv.py
[2025-11-24T15:32:45.826+0000] {processor.py:839} INFO - DAG(s) dict_keys(['tutorial_taskflow_api_virtualenv']) retrieved from /home/airflow/.local/lib/python3.10/site-packages/airflow/example_dags/tutorial_taskflow_api_virtualenv.py
[2025-11-24T15:32:45.856+0000] {logging_mixin.py:154} INFO - [2025-11-24T15:32:45.856+0000] {dag.py:2941} INFO - Sync 1 DAGs
[2025-11-24T15:32:45.875+0000] {logging_mixin.py:154} INFO - [2025-11-24T15:32:45.875+0000] {dag.py:3722} INFO - Setting next_dagrun for tutorial_taskflow_api_virtualenv to None, run_after=None
[2025-11-24T15:32:45.909+0000] {processor.py:179} INFO - Processing /home/airflow/.local/lib/python3.10/site-packages/airflow/example_dags/tutorial_taskflow_api_virtualenv.py took 0.103 seconds
[2025-11-24T15:33:16.551+0000] {processor.py:157} INFO - Started process (PID=497) to work on /home/airflow/.local/lib/python3.10/site-packages/airflow/example_dags/tutorial_taskflow_api_virtualenv.py
[2025-11-24T15:33:16.555+0000] {processor.py:829} INFO - Processing file /home/airflow/.local/lib/python3.10/site-packages/airflow/example_dags/tutorial_taskflow_api_virtualenv.py for tasks to queue
[2025-11-24T15:33:16.557+0000] {logging_mixin.py:154} INFO - [2025-11-24T15:33:16.557+0000] {dagbag.py:536} INFO - Filling up the DagBag from /home/airflow/.local/lib/python3.10/site-packages/airflow/example_dags/tutorial_taskflow_api_virtualenv.py
[2025-11-24T15:33:16.568+0000] {processor.py:839} INFO - DAG(s) dict_keys(['tutorial_taskflow_api_virtualenv']) retrieved from /home/airflow/.local/lib/python3.10/site-packages/airflow/example_dags/tutorial_taskflow_api_virtualenv.py
[2025-11-24T15:33:16.600+0000] {logging_mixin.py:154} INFO - [2025-11-24T15:33:16.599+0000] {dag.py:2941} INFO - Sync 1 DAGs
[2025-11-24T15:33:16.619+0000] {logging_mixin.py:154} INFO - [2025-11-24T15:33:16.619+0000] {dag.py:3722} INFO - Setting next_dagrun for tutorial_taskflow_api_virtualenv to None, run_after=None
[2025-11-24T15:33:16.648+0000] {processor.py:179} INFO - Processing /home/airflow/.local/lib/python3.10/site-packages/airflow/example_dags/tutorial_taskflow_api_virtualenv.py took 0.102 seconds
[2025-11-24T15:33:47.152+0000] {processor.py:157} INFO - Started process (PID=551) to work on /home/airflow/.local/lib/python3.10/site-packages/airflow/example_dags/tutorial_taskflow_api_virtualenv.py
[2025-11-24T15:33:47.154+0000] {processor.py:829} INFO - Processing file /home/airflow/.local/lib/python3.10/site-packages/airflow/example_dags/tutorial_taskflow_api_virtualenv.py for tasks to queue
[2025-11-24T15:33:47.158+0000] {logging_mixin.py:154} INFO - [2025-11-24T15:33:47.157+0000] {dagbag.py:536} INFO - Filling up the DagBag from /home/airflow/.local/lib/python3.10/site-packages/airflow/example_dags/tutorial_taskflow_api_virtualenv.py
[2025-11-24T15:33:47.170+0000] {processor.py:839} INFO - DAG(s) dict_keys(['tutorial_taskflow_api_virtualenv']) retrieved from /home/airflow/.local/lib/python3.10/site-packages/airflow/example_dags/tutorial_taskflow_api_virtualenv.py
[2025-11-24T15:33:47.199+0000] {logging_mixin.py:154} INFO - [2025-11-24T15:33:47.199+0000] {dag.py:2941} INFO - Sync 1 DAGs
[2025-11-24T15:33:47.219+0000] {logging_mixin.py:154} INFO - [2025-11-24T15:33:47.218+0000] {dag.py:3722} INFO - Setting next_dagrun for tutorial_taskflow_api_virtualenv to None, run_after=None
[2025-11-24T15:33:47.245+0000] {processor.py:179} INFO - Processing /home/airflow/.local/lib/python3.10/site-packages/airflow/example_dags/tutorial_taskflow_api_virtualenv.py took 0.098 seconds
[2025-11-24T15:34:17.412+0000] {processor.py:157} INFO - Started process (PID=605) to work on /home/airflow/.local/lib/python3.10/site-packages/airflow/example_dags/tutorial_taskflow_api_virtualenv.py
[2025-11-24T15:34:17.416+0000] {processor.py:829} INFO - Processing file /home/airflow/.local/lib/python3.10/site-packages/airflow/example_dags/tutorial_taskflow_api_virtualenv.py for tasks to queue
[2025-11-24T15:34:17.419+0000] {logging_mixin.py:154} INFO - [2025-11-24T15:34:17.419+0000] {dagbag.py:536} INFO - Filling up the DagBag from /home/airflow/.local/lib/python3.10/site-packages/airflow/example_dags/tutorial_taskflow_api_virtualenv.py
[2025-11-24T15:34:17.443+0000] {processor.py:839} INFO - DAG(s) dict_keys(['tutorial_taskflow_api_virtualenv']) retrieved from /home/airflow/.local/lib/python3.10/site-packages/airflow/example_dags/tutorial_taskflow_api_virtualenv.py
[2025-11-24T15:34:17.487+0000] {logging_mixin.py:154} INFO - [2025-11-24T15:34:17.487+0000] {dag.py:2941} INFO - Sync 1 DAGs
[2025-11-24T15:34:17.506+0000] {logging_mixin.py:154} INFO - [2025-11-24T15:34:17.506+0000] {dag.py:3722} INFO - Setting next_dagrun for tutorial_taskflow_api_virtualenv to None, run_after=None
[2025-11-24T15:34:17.531+0000] {processor.py:179} INFO - Processing /home/airflow/.local/lib/python3.10/site-packages/airflow/example_dags/tutorial_taskflow_api_virtualenv.py took 0.139 seconds
[2025-11-24T15:34:47.874+0000] {processor.py:157} INFO - Started process (PID=658) to work on /home/airflow/.local/lib/python3.10/site-packages/airflow/example_dags/tutorial_taskflow_api_virtualenv.py
[2025-11-24T15:34:47.876+0000] {processor.py:829} INFO - Processing file /home/airflow/.local/lib/python3.10/site-packages/airflow/example_dags/tutorial_taskflow_api_virtualenv.py for tasks to queue
[2025-11-24T15:34:47.880+0000] {logging_mixin.py:154} INFO - [2025-11-24T15:34:47.879+0000] {dagbag.py:536} INFO - Filling up the DagBag from /home/airflow/.local/lib/python3.10/site-packages/airflow/example_dags/tutorial_taskflow_api_virtualenv.py
[2025-11-24T15:34:47.890+0000] {processor.py:839} INFO - DAG(s) dict_keys(['tutorial_taskflow_api_virtualenv']) retrieved from /home/airflow/.local/lib/python3.10/site-packages/airflow/example_dags/tutorial_taskflow_api_virtualenv.py
[2025-11-24T15:34:47.919+0000] {logging_mixin.py:154} INFO - [2025-11-24T15:34:47.919+0000] {dag.py:2941} INFO - Sync 1 DAGs
[2025-11-24T15:34:47.938+0000] {logging_mixin.py:154} INFO - [2025-11-24T15:34:47.937+0000] {dag.py:3722} INFO - Setting next_dagrun for tutorial_taskflow_api_virtualenv to None, run_after=None
[2025-11-24T15:34:47.963+0000] {processor.py:179} INFO - Processing /home/airflow/.local/lib/python3.10/site-packages/airflow/example_dags/tutorial_taskflow_api_virtualenv.py took 0.094 seconds
[2025-11-24T15:35:18.765+0000] {processor.py:157} INFO - Started process (PID=711) to work on /home/airflow/.local/lib/python3.10/site-packages/airflow/example_dags/tutorial_taskflow_api_virtualenv.py
[2025-11-24T15:35:18.767+0000] {processor.py:829} INFO - Processing file /home/airflow/.local/lib/python3.10/site-packages/airflow/example_dags/tutorial_taskflow_api_virtualenv.py for tasks to queue
[2025-11-24T15:35:18.770+0000] {logging_mixin.py:154} INFO - [2025-11-24T15:35:18.769+0000] {dagbag.py:536} INFO - Filling up the DagBag from /home/airflow/.local/lib/python3.10/site-packages/airflow/example_dags/tutorial_taskflow_api_virtualenv.py
[2025-11-24T15:35:18.780+0000] {processor.py:839} INFO - DAG(s) dict_keys(['tutorial_taskflow_api_virtualenv']) retrieved from /home/airflow/.local/lib/python3.10/site-packages/airflow/example_dags/tutorial_taskflow_api_virtualenv.py
[2025-11-24T15:35:18.838+0000] {logging_mixin.py:154} INFO - [2025-11-24T15:35:18.838+0000] {dag.py:2941} INFO - Sync 1 DAGs
[2025-11-24T15:35:18.857+0000] {logging_mixin.py:154} INFO - [2025-11-24T15:35:18.857+0000] {dag.py:3722} INFO - Setting next_dagrun for tutorial_taskflow_api_virtualenv to None, run_after=None
[2025-11-24T15:35:18.895+0000] {processor.py:179} INFO - Processing /home/airflow/.local/lib/python3.10/site-packages/airflow/example_dags/tutorial_taskflow_api_virtualenv.py took 0.135 seconds
[2025-11-24T15:35:49.228+0000] {processor.py:157} INFO - Started process (PID=765) to work on /home/airflow/.local/lib/python3.10/site-packages/airflow/example_dags/tutorial_taskflow_api_virtualenv.py
[2025-11-24T15:35:49.229+0000] {processor.py:829} INFO - Processing file /home/airflow/.local/lib/python3.10/site-packages/airflow/example_dags/tutorial_taskflow_api_virtualenv.py for tasks to queue
[2025-11-24T15:35:49.232+0000] {logging_mixin.py:154} INFO - [2025-11-24T15:35:49.232+0000] {dagbag.py:536} INFO - Filling up the DagBag from /home/airflow/.local/lib/python3.10/site-packages/airflow/example_dags/tutorial_taskflow_api_virtualenv.py
[2025-11-24T15:35:49.243+0000] {processor.py:839} INFO - DAG(s) dict_keys(['tutorial_taskflow_api_virtualenv']) retrieved from /home/airflow/.local/lib/python3.10/site-packages/airflow/example_dags/tutorial_taskflow_api_virtualenv.py
[2025-11-24T15:35:49.272+0000] {logging_mixin.py:154} INFO - [2025-11-24T15:35:49.271+0000] {dag.py:2941} INFO - Sync 1 DAGs
[2025-11-24T15:35:49.290+0000] {logging_mixin.py:154} INFO - [2025-11-24T15:35:49.290+0000] {dag.py:3722} INFO - Setting next_dagrun for tutorial_taskflow_api_virtualenv to None, run_after=None
[2025-11-24T15:35:49.317+0000] {processor.py:179} INFO - Processing /home/airflow/.local/lib/python3.10/site-packages/airflow/example_dags/tutorial_taskflow_api_virtualenv.py took 0.094 seconds
[2025-11-24T15:36:19.755+0000] {processor.py:157} INFO - Started process (PID=820) to work on /home/airflow/.local/lib/python3.10/site-packages/airflow/example_dags/tutorial_taskflow_api_virtualenv.py
[2025-11-24T15:36:19.757+0000] {processor.py:829} INFO - Processing file /home/airflow/.local/lib/python3.10/site-packages/airflow/example_dags/tutorial_taskflow_api_virtualenv.py for tasks to queue
[2025-11-24T15:36:19.760+0000] {logging_mixin.py:154} INFO - [2025-11-24T15:36:19.760+0000] {dagbag.py:536} INFO - Filling up the DagBag from /home/airflow/.local/lib/python3.10/site-packages/airflow/example_dags/tutorial_taskflow_api_virtualenv.py
[2025-11-24T15:36:19.772+0000] {processor.py:839} INFO - DAG(s) dict_keys(['tutorial_taskflow_api_virtualenv']) retrieved from /home/airflow/.local/lib/python3.10/site-packages/airflow/example_dags/tutorial_taskflow_api_virtualenv.py
[2025-11-24T15:36:19.802+0000] {logging_mixin.py:154} INFO - [2025-11-24T15:36:19.801+0000] {dag.py:2941} INFO - Sync 1 DAGs
[2025-11-24T15:36:19.822+0000] {logging_mixin.py:154} INFO - [2025-11-24T15:36:19.822+0000] {dag.py:3722} INFO - Setting next_dagrun for tutorial_taskflow_api_virtualenv to None, run_after=None
[2025-11-24T15:36:19.846+0000] {processor.py:179} INFO - Processing /home/airflow/.local/lib/python3.10/site-packages/airflow/example_dags/tutorial_taskflow_api_virtualenv.py took 0.108 seconds
[2025-11-24T15:36:50.121+0000] {processor.py:157} INFO - Started process (PID=874) to work on /home/airflow/.local/lib/python3.10/site-packages/airflow/example_dags/tutorial_taskflow_api_virtualenv.py
[2025-11-24T15:36:50.122+0000] {processor.py:829} INFO - Processing file /home/airflow/.local/lib/python3.10/site-packages/airflow/example_dags/tutorial_taskflow_api_virtualenv.py for tasks to queue
[2025-11-24T15:36:50.127+0000] {logging_mixin.py:154} INFO - [2025-11-24T15:36:50.126+0000] {dagbag.py:536} INFO - Filling up the DagBag from /home/airflow/.local/lib/python3.10/site-packages/airflow/example_dags/tutorial_taskflow_api_virtualenv.py
[2025-11-24T15:36:50.138+0000] {processor.py:839} INFO - DAG(s) dict_keys(['tutorial_taskflow_api_virtualenv']) retrieved from /home/airflow/.local/lib/python3.10/site-packages/airflow/example_dags/tutorial_taskflow_api_virtualenv.py
[2025-11-24T15:36:50.169+0000] {logging_mixin.py:154} INFO - [2025-11-24T15:36:50.168+0000] {dag.py:2941} INFO - Sync 1 DAGs
[2025-11-24T15:36:50.188+0000] {logging_mixin.py:154} INFO - [2025-11-24T15:36:50.188+0000] {dag.py:3722} INFO - Setting next_dagrun for tutorial_taskflow_api_virtualenv to None, run_after=None
[2025-11-24T15:36:50.213+0000] {processor.py:179} INFO - Processing /home/airflow/.local/lib/python3.10/site-packages/airflow/example_dags/tutorial_taskflow_api_virtualenv.py took 0.097 seconds
[2025-11-24T15:37:20.578+0000] {processor.py:157} INFO - Started process (PID=928) to work on /home/airflow/.local/lib/python3.10/site-packages/airflow/example_dags/tutorial_taskflow_api_virtualenv.py
[2025-11-24T15:37:20.583+0000] {processor.py:829} INFO - Processing file /home/airflow/.local/lib/python3.10/site-packages/airflow/example_dags/tutorial_taskflow_api_virtualenv.py for tasks to queue
[2025-11-24T15:37:20.587+0000] {logging_mixin.py:154} INFO - [2025-11-24T15:37:20.587+0000] {dagbag.py:536} INFO - Filling up the DagBag from /home/airflow/.local/lib/python3.10/site-packages/airflow/example_dags/tutorial_taskflow_api_virtualenv.py
[2025-11-24T15:37:20.615+0000] {processor.py:839} INFO - DAG(s) dict_keys(['tutorial_taskflow_api_virtualenv']) retrieved from /home/airflow/.local/lib/python3.10/site-packages/airflow/example_dags/tutorial_taskflow_api_virtualenv.py
[2025-11-24T15:37:20.671+0000] {logging_mixin.py:154} INFO - [2025-11-24T15:37:20.671+0000] {dag.py:2941} INFO - Sync 1 DAGs
[2025-11-24T15:37:20.705+0000] {logging_mixin.py:154} INFO - [2025-11-24T15:37:20.705+0000] {dag.py:3722} INFO - Setting next_dagrun for tutorial_taskflow_api_virtualenv to None, run_after=None
[2025-11-24T15:37:20.760+0000] {processor.py:179} INFO - Processing /home/airflow/.local/lib/python3.10/site-packages/airflow/example_dags/tutorial_taskflow_api_virtualenv.py took 0.195 seconds
[2025-11-24T15:37:51.348+0000] {processor.py:157} INFO - Started process (PID=983) to work on /home/airflow/.local/lib/python3.10/site-packages/airflow/example_dags/tutorial_taskflow_api_virtualenv.py
[2025-11-24T15:37:51.349+0000] {processor.py:829} INFO - Processing file /home/airflow/.local/lib/python3.10/site-packages/airflow/example_dags/tutorial_taskflow_api_virtualenv.py for tasks to queue
[2025-11-24T15:37:51.352+0000] {logging_mixin.py:154} INFO - [2025-11-24T15:37:51.352+0000] {dagbag.py:536} INFO - Filling up the DagBag from /home/airflow/.local/lib/python3.10/site-packages/airflow/example_dags/tutorial_taskflow_api_virtualenv.py
[2025-11-24T15:37:51.371+0000] {processor.py:839} INFO - DAG(s) dict_keys(['tutorial_taskflow_api_virtualenv']) retrieved from /home/airflow/.local/lib/python3.10/site-packages/airflow/example_dags/tutorial_taskflow_api_virtualenv.py
[2025-11-24T15:37:51.417+0000] {logging_mixin.py:154} INFO - [2025-11-24T15:37:51.416+0000] {dag.py:2941} INFO - Sync 1 DAGs
[2025-11-24T15:37:51.458+0000] {logging_mixin.py:154} INFO - [2025-11-24T15:37:51.457+0000] {dag.py:3722} INFO - Setting next_dagrun for tutorial_taskflow_api_virtualenv to None, run_after=None
[2025-11-24T15:37:51.510+0000] {processor.py:179} INFO - Processing /home/airflow/.local/lib/python3.10/site-packages/airflow/example_dags/tutorial_taskflow_api_virtualenv.py took 0.176 seconds
[2025-11-24T15:38:21.580+0000] {processor.py:157} INFO - Started process (PID=1037) to work on /home/airflow/.local/lib/python3.10/site-packages/airflow/example_dags/tutorial_taskflow_api_virtualenv.py
[2025-11-24T15:38:21.582+0000] {processor.py:829} INFO - Processing file /home/airflow/.local/lib/python3.10/site-packages/airflow/example_dags/tutorial_taskflow_api_virtualenv.py for tasks to queue
[2025-11-24T15:38:21.584+0000] {logging_mixin.py:154} INFO - [2025-11-24T15:38:21.584+0000] {dagbag.py:536} INFO - Filling up the DagBag from /home/airflow/.local/lib/python3.10/site-packages/airflow/example_dags/tutorial_taskflow_api_virtualenv.py
[2025-11-24T15:38:21.592+0000] {processor.py:839} INFO - DAG(s) dict_keys(['tutorial_taskflow_api_virtualenv']) retrieved from /home/airflow/.local/lib/python3.10/site-packages/airflow/example_dags/tutorial_taskflow_api_virtualenv.py
[2025-11-24T15:38:21.614+0000] {logging_mixin.py:154} INFO - [2025-11-24T15:38:21.614+0000] {dag.py:2941} INFO - Sync 1 DAGs
[2025-11-24T15:38:21.629+0000] {logging_mixin.py:154} INFO - [2025-11-24T15:38:21.629+0000] {dag.py:3722} INFO - Setting next_dagrun for tutorial_taskflow_api_virtualenv to None, run_after=None
[2025-11-24T15:38:21.673+0000] {processor.py:179} INFO - Processing /home/airflow/.local/lib/python3.10/site-packages/airflow/example_dags/tutorial_taskflow_api_virtualenv.py took 0.096 seconds
