[2025-11-24T15:28:59.600+0000] {processor.py:157} INFO - Started process (PID=37) to work on /home/airflow/.local/lib/python3.10/site-packages/airflow/example_dags/tutorial_taskflow_api.py
[2025-11-24T15:28:59.601+0000] {processor.py:829} INFO - Processing file /home/airflow/.local/lib/python3.10/site-packages/airflow/example_dags/tutorial_taskflow_api.py for tasks to queue
[2025-11-24T15:28:59.619+0000] {logging_mixin.py:154} INFO - [2025-11-24T15:28:59.619+0000] {dagbag.py:536} INFO - Filling up the DagBag from /home/airflow/.local/lib/python3.10/site-packages/airflow/example_dags/tutorial_taskflow_api.py
[2025-11-24T15:28:59.687+0000] {processor.py:839} INFO - DAG(s) dict_keys(['tutorial_taskflow_api']) retrieved from /home/airflow/.local/lib/python3.10/site-packages/airflow/example_dags/tutorial_taskflow_api.py
[2025-11-24T15:29:00.141+0000] {logging_mixin.py:154} INFO - [2025-11-24T15:29:00.140+0000] {manager.py:499} INFO - Created Permission View: %s
[2025-11-24T15:29:00.177+0000] {logging_mixin.py:154} INFO - [2025-11-24T15:29:00.177+0000] {manager.py:499} INFO - Created Permission View: %s
[2025-11-24T15:29:00.202+0000] {logging_mixin.py:154} INFO - [2025-11-24T15:29:00.202+0000] {manager.py:499} INFO - Created Permission View: %s
[2025-11-24T15:29:00.203+0000] {logging_mixin.py:154} INFO - [2025-11-24T15:29:00.203+0000] {dag.py:2941} INFO - Sync 1 DAGs
[2025-11-24T15:29:00.268+0000] {logging_mixin.py:154} INFO - [2025-11-24T15:29:00.268+0000] {dag.py:2963} INFO - Creating ORM DAG for tutorial_taskflow_api
[2025-11-24T15:29:00.269+0000] {logging_mixin.py:154} INFO - [2025-11-24T15:29:00.268+0000] {dag.py:3722} INFO - Setting next_dagrun for tutorial_taskflow_api to None, run_after=None
[2025-11-24T15:29:00.387+0000] {processor.py:179} INFO - Processing /home/airflow/.local/lib/python3.10/site-packages/airflow/example_dags/tutorial_taskflow_api.py took 0.815 seconds
[2025-11-24T15:29:30.625+0000] {processor.py:157} INFO - Started process (PID=91) to work on /home/airflow/.local/lib/python3.10/site-packages/airflow/example_dags/tutorial_taskflow_api.py
[2025-11-24T15:29:30.628+0000] {processor.py:829} INFO - Processing file /home/airflow/.local/lib/python3.10/site-packages/airflow/example_dags/tutorial_taskflow_api.py for tasks to queue
[2025-11-24T15:29:30.632+0000] {logging_mixin.py:154} INFO - [2025-11-24T15:29:30.632+0000] {dagbag.py:536} INFO - Filling up the DagBag from /home/airflow/.local/lib/python3.10/site-packages/airflow/example_dags/tutorial_taskflow_api.py
[2025-11-24T15:29:30.651+0000] {processor.py:839} INFO - DAG(s) dict_keys(['tutorial_taskflow_api']) retrieved from /home/airflow/.local/lib/python3.10/site-packages/airflow/example_dags/tutorial_taskflow_api.py
[2025-11-24T15:29:30.682+0000] {logging_mixin.py:154} INFO - [2025-11-24T15:29:30.682+0000] {dag.py:2941} INFO - Sync 1 DAGs
[2025-11-24T15:29:30.695+0000] {logging_mixin.py:154} INFO - [2025-11-24T15:29:30.695+0000] {dag.py:3722} INFO - Setting next_dagrun for tutorial_taskflow_api to None, run_after=None
[2025-11-24T15:29:30.714+0000] {processor.py:179} INFO - Processing /home/airflow/.local/lib/python3.10/site-packages/airflow/example_dags/tutorial_taskflow_api.py took 0.097 seconds
[2025-11-24T15:30:01.110+0000] {processor.py:157} INFO - Started process (PID=145) to work on /home/airflow/.local/lib/python3.10/site-packages/airflow/example_dags/tutorial_taskflow_api.py
[2025-11-24T15:30:01.112+0000] {processor.py:829} INFO - Processing file /home/airflow/.local/lib/python3.10/site-packages/airflow/example_dags/tutorial_taskflow_api.py for tasks to queue
[2025-11-24T15:30:01.115+0000] {logging_mixin.py:154} INFO - [2025-11-24T15:30:01.114+0000] {dagbag.py:536} INFO - Filling up the DagBag from /home/airflow/.local/lib/python3.10/site-packages/airflow/example_dags/tutorial_taskflow_api.py
[2025-11-24T15:30:01.122+0000] {processor.py:839} INFO - DAG(s) dict_keys(['tutorial_taskflow_api']) retrieved from /home/airflow/.local/lib/python3.10/site-packages/airflow/example_dags/tutorial_taskflow_api.py
[2025-11-24T15:30:01.143+0000] {logging_mixin.py:154} INFO - [2025-11-24T15:30:01.143+0000] {dag.py:2941} INFO - Sync 1 DAGs
[2025-11-24T15:30:01.157+0000] {logging_mixin.py:154} INFO - [2025-11-24T15:30:01.157+0000] {dag.py:3722} INFO - Setting next_dagrun for tutorial_taskflow_api to None, run_after=None
[2025-11-24T15:30:01.179+0000] {processor.py:179} INFO - Processing /home/airflow/.local/lib/python3.10/site-packages/airflow/example_dags/tutorial_taskflow_api.py took 0.074 seconds
[2025-11-24T15:30:32.020+0000] {processor.py:157} INFO - Started process (PID=199) to work on /home/airflow/.local/lib/python3.10/site-packages/airflow/example_dags/tutorial_taskflow_api.py
[2025-11-24T15:30:32.027+0000] {processor.py:829} INFO - Processing file /home/airflow/.local/lib/python3.10/site-packages/airflow/example_dags/tutorial_taskflow_api.py for tasks to queue
[2025-11-24T15:30:32.036+0000] {logging_mixin.py:154} INFO - [2025-11-24T15:30:32.036+0000] {dagbag.py:536} INFO - Filling up the DagBag from /home/airflow/.local/lib/python3.10/site-packages/airflow/example_dags/tutorial_taskflow_api.py
[2025-11-24T15:30:32.058+0000] {processor.py:839} INFO - DAG(s) dict_keys(['tutorial_taskflow_api']) retrieved from /home/airflow/.local/lib/python3.10/site-packages/airflow/example_dags/tutorial_taskflow_api.py
[2025-11-24T15:30:32.122+0000] {logging_mixin.py:154} INFO - [2025-11-24T15:30:32.122+0000] {dag.py:2941} INFO - Sync 1 DAGs
[2025-11-24T15:30:32.156+0000] {logging_mixin.py:154} INFO - [2025-11-24T15:30:32.156+0000] {dag.py:3722} INFO - Setting next_dagrun for tutorial_taskflow_api to None, run_after=None
[2025-11-24T15:30:32.219+0000] {processor.py:179} INFO - Processing /home/airflow/.local/lib/python3.10/site-packages/airflow/example_dags/tutorial_taskflow_api.py took 0.222 seconds
[2025-11-24T15:31:03.077+0000] {processor.py:157} INFO - Started process (PID=254) to work on /home/airflow/.local/lib/python3.10/site-packages/airflow/example_dags/tutorial_taskflow_api.py
[2025-11-24T15:31:03.079+0000] {processor.py:829} INFO - Processing file /home/airflow/.local/lib/python3.10/site-packages/airflow/example_dags/tutorial_taskflow_api.py for tasks to queue
[2025-11-24T15:31:03.082+0000] {logging_mixin.py:154} INFO - [2025-11-24T15:31:03.081+0000] {dagbag.py:536} INFO - Filling up the DagBag from /home/airflow/.local/lib/python3.10/site-packages/airflow/example_dags/tutorial_taskflow_api.py
[2025-11-24T15:31:03.098+0000] {processor.py:839} INFO - DAG(s) dict_keys(['tutorial_taskflow_api']) retrieved from /home/airflow/.local/lib/python3.10/site-packages/airflow/example_dags/tutorial_taskflow_api.py
[2025-11-24T15:31:03.172+0000] {logging_mixin.py:154} INFO - [2025-11-24T15:31:03.172+0000] {dag.py:2941} INFO - Sync 1 DAGs
[2025-11-24T15:31:03.208+0000] {logging_mixin.py:154} INFO - [2025-11-24T15:31:03.208+0000] {dag.py:3722} INFO - Setting next_dagrun for tutorial_taskflow_api to None, run_after=None
[2025-11-24T15:31:03.258+0000] {processor.py:179} INFO - Processing /home/airflow/.local/lib/python3.10/site-packages/airflow/example_dags/tutorial_taskflow_api.py took 0.187 seconds
[2025-11-24T15:31:33.412+0000] {processor.py:157} INFO - Started process (PID=308) to work on /home/airflow/.local/lib/python3.10/site-packages/airflow/example_dags/tutorial_taskflow_api.py
[2025-11-24T15:31:33.414+0000] {processor.py:829} INFO - Processing file /home/airflow/.local/lib/python3.10/site-packages/airflow/example_dags/tutorial_taskflow_api.py for tasks to queue
[2025-11-24T15:31:33.416+0000] {logging_mixin.py:154} INFO - [2025-11-24T15:31:33.416+0000] {dagbag.py:536} INFO - Filling up the DagBag from /home/airflow/.local/lib/python3.10/site-packages/airflow/example_dags/tutorial_taskflow_api.py
[2025-11-24T15:31:33.424+0000] {processor.py:839} INFO - DAG(s) dict_keys(['tutorial_taskflow_api']) retrieved from /home/airflow/.local/lib/python3.10/site-packages/airflow/example_dags/tutorial_taskflow_api.py
[2025-11-24T15:31:33.446+0000] {logging_mixin.py:154} INFO - [2025-11-24T15:31:33.446+0000] {dag.py:2941} INFO - Sync 1 DAGs
[2025-11-24T15:31:33.460+0000] {logging_mixin.py:154} INFO - [2025-11-24T15:31:33.460+0000] {dag.py:3722} INFO - Setting next_dagrun for tutorial_taskflow_api to None, run_after=None
[2025-11-24T15:31:33.480+0000] {processor.py:179} INFO - Processing /home/airflow/.local/lib/python3.10/site-packages/airflow/example_dags/tutorial_taskflow_api.py took 0.072 seconds
[2025-11-24T15:32:03.895+0000] {processor.py:157} INFO - Started process (PID=362) to work on /home/airflow/.local/lib/python3.10/site-packages/airflow/example_dags/tutorial_taskflow_api.py
[2025-11-24T15:32:03.901+0000] {processor.py:829} INFO - Processing file /home/airflow/.local/lib/python3.10/site-packages/airflow/example_dags/tutorial_taskflow_api.py for tasks to queue
[2025-11-24T15:32:03.904+0000] {logging_mixin.py:154} INFO - [2025-11-24T15:32:03.903+0000] {dagbag.py:536} INFO - Filling up the DagBag from /home/airflow/.local/lib/python3.10/site-packages/airflow/example_dags/tutorial_taskflow_api.py
[2025-11-24T15:32:03.911+0000] {processor.py:839} INFO - DAG(s) dict_keys(['tutorial_taskflow_api']) retrieved from /home/airflow/.local/lib/python3.10/site-packages/airflow/example_dags/tutorial_taskflow_api.py
[2025-11-24T15:32:03.932+0000] {logging_mixin.py:154} INFO - [2025-11-24T15:32:03.931+0000] {dag.py:2941} INFO - Sync 1 DAGs
[2025-11-24T15:32:03.945+0000] {logging_mixin.py:154} INFO - [2025-11-24T15:32:03.945+0000] {dag.py:3722} INFO - Setting next_dagrun for tutorial_taskflow_api to None, run_after=None
[2025-11-24T15:32:03.966+0000] {processor.py:179} INFO - Processing /home/airflow/.local/lib/python3.10/site-packages/airflow/example_dags/tutorial_taskflow_api.py took 0.074 seconds
[2025-11-24T15:32:34.103+0000] {processor.py:157} INFO - Started process (PID=415) to work on /home/airflow/.local/lib/python3.10/site-packages/airflow/example_dags/tutorial_taskflow_api.py
[2025-11-24T15:32:34.104+0000] {processor.py:829} INFO - Processing file /home/airflow/.local/lib/python3.10/site-packages/airflow/example_dags/tutorial_taskflow_api.py for tasks to queue
[2025-11-24T15:32:34.106+0000] {logging_mixin.py:154} INFO - [2025-11-24T15:32:34.106+0000] {dagbag.py:536} INFO - Filling up the DagBag from /home/airflow/.local/lib/python3.10/site-packages/airflow/example_dags/tutorial_taskflow_api.py
[2025-11-24T15:32:34.114+0000] {processor.py:839} INFO - DAG(s) dict_keys(['tutorial_taskflow_api']) retrieved from /home/airflow/.local/lib/python3.10/site-packages/airflow/example_dags/tutorial_taskflow_api.py
[2025-11-24T15:32:34.135+0000] {logging_mixin.py:154} INFO - [2025-11-24T15:32:34.134+0000] {dag.py:2941} INFO - Sync 1 DAGs
[2025-11-24T15:32:34.148+0000] {logging_mixin.py:154} INFO - [2025-11-24T15:32:34.148+0000] {dag.py:3722} INFO - Setting next_dagrun for tutorial_taskflow_api to None, run_after=None
[2025-11-24T15:32:34.168+0000] {processor.py:179} INFO - Processing /home/airflow/.local/lib/python3.10/site-packages/airflow/example_dags/tutorial_taskflow_api.py took 0.070 seconds
[2025-11-24T15:33:05.088+0000] {processor.py:157} INFO - Started process (PID=469) to work on /home/airflow/.local/lib/python3.10/site-packages/airflow/example_dags/tutorial_taskflow_api.py
[2025-11-24T15:33:05.089+0000] {processor.py:829} INFO - Processing file /home/airflow/.local/lib/python3.10/site-packages/airflow/example_dags/tutorial_taskflow_api.py for tasks to queue
[2025-11-24T15:33:05.091+0000] {logging_mixin.py:154} INFO - [2025-11-24T15:33:05.091+0000] {dagbag.py:536} INFO - Filling up the DagBag from /home/airflow/.local/lib/python3.10/site-packages/airflow/example_dags/tutorial_taskflow_api.py
[2025-11-24T15:33:05.098+0000] {processor.py:839} INFO - DAG(s) dict_keys(['tutorial_taskflow_api']) retrieved from /home/airflow/.local/lib/python3.10/site-packages/airflow/example_dags/tutorial_taskflow_api.py
[2025-11-24T15:33:05.120+0000] {logging_mixin.py:154} INFO - [2025-11-24T15:33:05.119+0000] {dag.py:2941} INFO - Sync 1 DAGs
[2025-11-24T15:33:05.133+0000] {logging_mixin.py:154} INFO - [2025-11-24T15:33:05.133+0000] {dag.py:3722} INFO - Setting next_dagrun for tutorial_taskflow_api to None, run_after=None
[2025-11-24T15:33:05.155+0000] {processor.py:179} INFO - Processing /home/airflow/.local/lib/python3.10/site-packages/airflow/example_dags/tutorial_taskflow_api.py took 0.072 seconds
[2025-11-24T15:33:35.338+0000] {processor.py:157} INFO - Started process (PID=523) to work on /home/airflow/.local/lib/python3.10/site-packages/airflow/example_dags/tutorial_taskflow_api.py
[2025-11-24T15:33:35.341+0000] {processor.py:829} INFO - Processing file /home/airflow/.local/lib/python3.10/site-packages/airflow/example_dags/tutorial_taskflow_api.py for tasks to queue
[2025-11-24T15:33:35.343+0000] {logging_mixin.py:154} INFO - [2025-11-24T15:33:35.343+0000] {dagbag.py:536} INFO - Filling up the DagBag from /home/airflow/.local/lib/python3.10/site-packages/airflow/example_dags/tutorial_taskflow_api.py
[2025-11-24T15:33:35.350+0000] {processor.py:839} INFO - DAG(s) dict_keys(['tutorial_taskflow_api']) retrieved from /home/airflow/.local/lib/python3.10/site-packages/airflow/example_dags/tutorial_taskflow_api.py
[2025-11-24T15:33:35.374+0000] {logging_mixin.py:154} INFO - [2025-11-24T15:33:35.374+0000] {dag.py:2941} INFO - Sync 1 DAGs
[2025-11-24T15:33:35.388+0000] {logging_mixin.py:154} INFO - [2025-11-24T15:33:35.388+0000] {dag.py:3722} INFO - Setting next_dagrun for tutorial_taskflow_api to None, run_after=None
[2025-11-24T15:33:35.410+0000] {processor.py:179} INFO - Processing /home/airflow/.local/lib/python3.10/site-packages/airflow/example_dags/tutorial_taskflow_api.py took 0.075 seconds
[2025-11-24T15:34:05.869+0000] {processor.py:157} INFO - Started process (PID=577) to work on /home/airflow/.local/lib/python3.10/site-packages/airflow/example_dags/tutorial_taskflow_api.py
[2025-11-24T15:34:05.870+0000] {processor.py:829} INFO - Processing file /home/airflow/.local/lib/python3.10/site-packages/airflow/example_dags/tutorial_taskflow_api.py for tasks to queue
[2025-11-24T15:34:05.872+0000] {logging_mixin.py:154} INFO - [2025-11-24T15:34:05.872+0000] {dagbag.py:536} INFO - Filling up the DagBag from /home/airflow/.local/lib/python3.10/site-packages/airflow/example_dags/tutorial_taskflow_api.py
[2025-11-24T15:34:05.881+0000] {processor.py:839} INFO - DAG(s) dict_keys(['tutorial_taskflow_api']) retrieved from /home/airflow/.local/lib/python3.10/site-packages/airflow/example_dags/tutorial_taskflow_api.py
[2025-11-24T15:34:05.902+0000] {logging_mixin.py:154} INFO - [2025-11-24T15:34:05.902+0000] {dag.py:2941} INFO - Sync 1 DAGs
[2025-11-24T15:34:05.916+0000] {logging_mixin.py:154} INFO - [2025-11-24T15:34:05.916+0000] {dag.py:3722} INFO - Setting next_dagrun for tutorial_taskflow_api to None, run_after=None
[2025-11-24T15:34:05.948+0000] {processor.py:179} INFO - Processing /home/airflow/.local/lib/python3.10/site-packages/airflow/example_dags/tutorial_taskflow_api.py took 0.083 seconds
[2025-11-24T15:34:36.261+0000] {processor.py:157} INFO - Started process (PID=631) to work on /home/airflow/.local/lib/python3.10/site-packages/airflow/example_dags/tutorial_taskflow_api.py
[2025-11-24T15:34:36.262+0000] {processor.py:829} INFO - Processing file /home/airflow/.local/lib/python3.10/site-packages/airflow/example_dags/tutorial_taskflow_api.py for tasks to queue
[2025-11-24T15:34:36.264+0000] {logging_mixin.py:154} INFO - [2025-11-24T15:34:36.264+0000] {dagbag.py:536} INFO - Filling up the DagBag from /home/airflow/.local/lib/python3.10/site-packages/airflow/example_dags/tutorial_taskflow_api.py
[2025-11-24T15:34:36.272+0000] {processor.py:839} INFO - DAG(s) dict_keys(['tutorial_taskflow_api']) retrieved from /home/airflow/.local/lib/python3.10/site-packages/airflow/example_dags/tutorial_taskflow_api.py
[2025-11-24T15:34:36.296+0000] {logging_mixin.py:154} INFO - [2025-11-24T15:34:36.296+0000] {dag.py:2941} INFO - Sync 1 DAGs
[2025-11-24T15:34:36.310+0000] {logging_mixin.py:154} INFO - [2025-11-24T15:34:36.310+0000] {dag.py:3722} INFO - Setting next_dagrun for tutorial_taskflow_api to None, run_after=None
[2025-11-24T15:34:36.352+0000] {processor.py:179} INFO - Processing /home/airflow/.local/lib/python3.10/site-packages/airflow/example_dags/tutorial_taskflow_api.py took 0.095 seconds
[2025-11-24T15:35:07.055+0000] {processor.py:157} INFO - Started process (PID=684) to work on /home/airflow/.local/lib/python3.10/site-packages/airflow/example_dags/tutorial_taskflow_api.py
[2025-11-24T15:35:07.057+0000] {processor.py:829} INFO - Processing file /home/airflow/.local/lib/python3.10/site-packages/airflow/example_dags/tutorial_taskflow_api.py for tasks to queue
[2025-11-24T15:35:07.060+0000] {logging_mixin.py:154} INFO - [2025-11-24T15:35:07.059+0000] {dagbag.py:536} INFO - Filling up the DagBag from /home/airflow/.local/lib/python3.10/site-packages/airflow/example_dags/tutorial_taskflow_api.py
[2025-11-24T15:35:07.070+0000] {processor.py:839} INFO - DAG(s) dict_keys(['tutorial_taskflow_api']) retrieved from /home/airflow/.local/lib/python3.10/site-packages/airflow/example_dags/tutorial_taskflow_api.py
[2025-11-24T15:35:07.106+0000] {logging_mixin.py:154} INFO - [2025-11-24T15:35:07.106+0000] {dag.py:2941} INFO - Sync 1 DAGs
[2025-11-24T15:35:07.125+0000] {logging_mixin.py:154} INFO - [2025-11-24T15:35:07.125+0000] {dag.py:3722} INFO - Setting next_dagrun for tutorial_taskflow_api to None, run_after=None
[2025-11-24T15:35:07.161+0000] {processor.py:179} INFO - Processing /home/airflow/.local/lib/python3.10/site-packages/airflow/example_dags/tutorial_taskflow_api.py took 0.112 seconds
[2025-11-24T15:35:38.149+0000] {processor.py:157} INFO - Started process (PID=737) to work on /home/airflow/.local/lib/python3.10/site-packages/airflow/example_dags/tutorial_taskflow_api.py
[2025-11-24T15:35:38.151+0000] {processor.py:829} INFO - Processing file /home/airflow/.local/lib/python3.10/site-packages/airflow/example_dags/tutorial_taskflow_api.py for tasks to queue
[2025-11-24T15:35:38.154+0000] {logging_mixin.py:154} INFO - [2025-11-24T15:35:38.153+0000] {dagbag.py:536} INFO - Filling up the DagBag from /home/airflow/.local/lib/python3.10/site-packages/airflow/example_dags/tutorial_taskflow_api.py
[2025-11-24T15:35:38.163+0000] {processor.py:839} INFO - DAG(s) dict_keys(['tutorial_taskflow_api']) retrieved from /home/airflow/.local/lib/python3.10/site-packages/airflow/example_dags/tutorial_taskflow_api.py
[2025-11-24T15:35:38.206+0000] {logging_mixin.py:154} INFO - [2025-11-24T15:35:38.206+0000] {dag.py:2941} INFO - Sync 1 DAGs
[2025-11-24T15:35:38.226+0000] {logging_mixin.py:154} INFO - [2025-11-24T15:35:38.225+0000] {dag.py:3722} INFO - Setting next_dagrun for tutorial_taskflow_api to None, run_after=None
[2025-11-24T15:35:38.255+0000] {processor.py:179} INFO - Processing /home/airflow/.local/lib/python3.10/site-packages/airflow/example_dags/tutorial_taskflow_api.py took 0.118 seconds
[2025-11-24T15:36:08.293+0000] {processor.py:157} INFO - Started process (PID=791) to work on /home/airflow/.local/lib/python3.10/site-packages/airflow/example_dags/tutorial_taskflow_api.py
[2025-11-24T15:36:08.294+0000] {processor.py:829} INFO - Processing file /home/airflow/.local/lib/python3.10/site-packages/airflow/example_dags/tutorial_taskflow_api.py for tasks to queue
[2025-11-24T15:36:08.296+0000] {logging_mixin.py:154} INFO - [2025-11-24T15:36:08.296+0000] {dagbag.py:536} INFO - Filling up the DagBag from /home/airflow/.local/lib/python3.10/site-packages/airflow/example_dags/tutorial_taskflow_api.py
[2025-11-24T15:36:08.303+0000] {processor.py:839} INFO - DAG(s) dict_keys(['tutorial_taskflow_api']) retrieved from /home/airflow/.local/lib/python3.10/site-packages/airflow/example_dags/tutorial_taskflow_api.py
[2025-11-24T15:36:08.324+0000] {logging_mixin.py:154} INFO - [2025-11-24T15:36:08.324+0000] {dag.py:2941} INFO - Sync 1 DAGs
[2025-11-24T15:36:08.338+0000] {logging_mixin.py:154} INFO - [2025-11-24T15:36:08.338+0000] {dag.py:3722} INFO - Setting next_dagrun for tutorial_taskflow_api to None, run_after=None
[2025-11-24T15:36:08.386+0000] {processor.py:179} INFO - Processing /home/airflow/.local/lib/python3.10/site-packages/airflow/example_dags/tutorial_taskflow_api.py took 0.098 seconds
[2025-11-24T15:36:38.745+0000] {processor.py:157} INFO - Started process (PID=846) to work on /home/airflow/.local/lib/python3.10/site-packages/airflow/example_dags/tutorial_taskflow_api.py
[2025-11-24T15:36:38.746+0000] {processor.py:829} INFO - Processing file /home/airflow/.local/lib/python3.10/site-packages/airflow/example_dags/tutorial_taskflow_api.py for tasks to queue
[2025-11-24T15:36:38.749+0000] {logging_mixin.py:154} INFO - [2025-11-24T15:36:38.749+0000] {dagbag.py:536} INFO - Filling up the DagBag from /home/airflow/.local/lib/python3.10/site-packages/airflow/example_dags/tutorial_taskflow_api.py
[2025-11-24T15:36:38.757+0000] {processor.py:839} INFO - DAG(s) dict_keys(['tutorial_taskflow_api']) retrieved from /home/airflow/.local/lib/python3.10/site-packages/airflow/example_dags/tutorial_taskflow_api.py
[2025-11-24T15:36:38.778+0000] {logging_mixin.py:154} INFO - [2025-11-24T15:36:38.777+0000] {dag.py:2941} INFO - Sync 1 DAGs
[2025-11-24T15:36:38.791+0000] {logging_mixin.py:154} INFO - [2025-11-24T15:36:38.791+0000] {dag.py:3722} INFO - Setting next_dagrun for tutorial_taskflow_api to None, run_after=None
[2025-11-24T15:36:38.813+0000] {processor.py:179} INFO - Processing /home/airflow/.local/lib/python3.10/site-packages/airflow/example_dags/tutorial_taskflow_api.py took 0.072 seconds
[2025-11-24T15:37:09.052+0000] {processor.py:157} INFO - Started process (PID=900) to work on /home/airflow/.local/lib/python3.10/site-packages/airflow/example_dags/tutorial_taskflow_api.py
[2025-11-24T15:37:09.054+0000] {processor.py:829} INFO - Processing file /home/airflow/.local/lib/python3.10/site-packages/airflow/example_dags/tutorial_taskflow_api.py for tasks to queue
[2025-11-24T15:37:09.056+0000] {logging_mixin.py:154} INFO - [2025-11-24T15:37:09.056+0000] {dagbag.py:536} INFO - Filling up the DagBag from /home/airflow/.local/lib/python3.10/site-packages/airflow/example_dags/tutorial_taskflow_api.py
[2025-11-24T15:37:09.063+0000] {processor.py:839} INFO - DAG(s) dict_keys(['tutorial_taskflow_api']) retrieved from /home/airflow/.local/lib/python3.10/site-packages/airflow/example_dags/tutorial_taskflow_api.py
[2025-11-24T15:37:09.084+0000] {logging_mixin.py:154} INFO - [2025-11-24T15:37:09.084+0000] {dag.py:2941} INFO - Sync 1 DAGs
[2025-11-24T15:37:09.098+0000] {logging_mixin.py:154} INFO - [2025-11-24T15:37:09.098+0000] {dag.py:3722} INFO - Setting next_dagrun for tutorial_taskflow_api to None, run_after=None
[2025-11-24T15:37:09.117+0000] {processor.py:179} INFO - Processing /home/airflow/.local/lib/python3.10/site-packages/airflow/example_dags/tutorial_taskflow_api.py took 0.070 seconds
[2025-11-24T15:37:39.724+0000] {processor.py:157} INFO - Started process (PID=954) to work on /home/airflow/.local/lib/python3.10/site-packages/airflow/example_dags/tutorial_taskflow_api.py
[2025-11-24T15:37:39.727+0000] {processor.py:829} INFO - Processing file /home/airflow/.local/lib/python3.10/site-packages/airflow/example_dags/tutorial_taskflow_api.py for tasks to queue
[2025-11-24T15:37:39.729+0000] {logging_mixin.py:154} INFO - [2025-11-24T15:37:39.729+0000] {dagbag.py:536} INFO - Filling up the DagBag from /home/airflow/.local/lib/python3.10/site-packages/airflow/example_dags/tutorial_taskflow_api.py
[2025-11-24T15:37:39.738+0000] {processor.py:839} INFO - DAG(s) dict_keys(['tutorial_taskflow_api']) retrieved from /home/airflow/.local/lib/python3.10/site-packages/airflow/example_dags/tutorial_taskflow_api.py
[2025-11-24T15:37:39.764+0000] {logging_mixin.py:154} INFO - [2025-11-24T15:37:39.764+0000] {dag.py:2941} INFO - Sync 1 DAGs
[2025-11-24T15:37:39.805+0000] {logging_mixin.py:154} INFO - [2025-11-24T15:37:39.805+0000] {dag.py:3722} INFO - Setting next_dagrun for tutorial_taskflow_api to None, run_after=None
[2025-11-24T15:37:39.857+0000] {processor.py:179} INFO - Processing /home/airflow/.local/lib/python3.10/site-packages/airflow/example_dags/tutorial_taskflow_api.py took 0.137 seconds
[2025-11-24T15:38:09.934+0000] {processor.py:157} INFO - Started process (PID=1009) to work on /home/airflow/.local/lib/python3.10/site-packages/airflow/example_dags/tutorial_taskflow_api.py
[2025-11-24T15:38:09.936+0000] {processor.py:829} INFO - Processing file /home/airflow/.local/lib/python3.10/site-packages/airflow/example_dags/tutorial_taskflow_api.py for tasks to queue
[2025-11-24T15:38:09.938+0000] {logging_mixin.py:154} INFO - [2025-11-24T15:38:09.938+0000] {dagbag.py:536} INFO - Filling up the DagBag from /home/airflow/.local/lib/python3.10/site-packages/airflow/example_dags/tutorial_taskflow_api.py
[2025-11-24T15:38:09.945+0000] {processor.py:839} INFO - DAG(s) dict_keys(['tutorial_taskflow_api']) retrieved from /home/airflow/.local/lib/python3.10/site-packages/airflow/example_dags/tutorial_taskflow_api.py
[2025-11-24T15:38:09.966+0000] {logging_mixin.py:154} INFO - [2025-11-24T15:38:09.966+0000] {dag.py:2941} INFO - Sync 1 DAGs
[2025-11-24T15:38:09.980+0000] {logging_mixin.py:154} INFO - [2025-11-24T15:38:09.980+0000] {dag.py:3722} INFO - Setting next_dagrun for tutorial_taskflow_api to None, run_after=None
[2025-11-24T15:38:10.001+0000] {processor.py:179} INFO - Processing /home/airflow/.local/lib/python3.10/site-packages/airflow/example_dags/tutorial_taskflow_api.py took 0.072 seconds
