[2025-11-30T08:54:20.627+0000] {taskinstance.py:1159} INFO - Dependencies all met for dep_context=non-requeueable deps ti=<TaskInstance: prepare_churn_dataset.load manual__2025-11-30T08:54:12.114276+00:00 [queued]>
[2025-11-30T08:54:20.639+0000] {taskinstance.py:1159} INFO - Dependencies all met for dep_context=requeueable deps ti=<TaskInstance: prepare_churn_dataset.load manual__2025-11-30T08:54:12.114276+00:00 [queued]>
[2025-11-30T08:54:20.639+0000] {taskinstance.py:1361} INFO - Starting attempt 1 of 1
[2025-11-30T08:54:20.662+0000] {taskinstance.py:1382} INFO - Executing <Task(_PythonDecoratedOperator): load> on 2025-11-30 08:54:12.114276+00:00
[2025-11-30T08:54:20.671+0000] {standard_task_runner.py:57} INFO - Started process 198 to run task
[2025-11-30T08:54:20.682+0000] {standard_task_runner.py:84} INFO - Running: ['***', 'tasks', 'run', 'prepare_churn_dataset', 'load', 'manual__2025-11-30T08:54:12.114276+00:00', '--job-id', '12', '--raw', '--subdir', 'DAGS_FOLDER/churn.py', '--cfg-path', '/tmp/tmpv0pm8q3j']
[2025-11-30T08:54:20.684+0000] {standard_task_runner.py:85} INFO - Job 12: Subtask load
[2025-11-30T08:54:20.795+0000] {task_command.py:416} INFO - Running <TaskInstance: prepare_churn_dataset.load manual__2025-11-30T08:54:12.114276+00:00 [running]> on host 30420e39c818
[2025-11-30T08:54:21.001+0000] {taskinstance.py:1662} INFO - Exporting env vars: AIRFLOW_CTX_DAG_OWNER='***' AIRFLOW_CTX_DAG_ID='prepare_churn_dataset' AIRFLOW_CTX_TASK_ID='load' AIRFLOW_CTX_EXECUTION_DATE='2025-11-30T08:54:12.114276+00:00' AIRFLOW_CTX_TRY_NUMBER='1' AIRFLOW_CTX_DAG_RUN_ID='manual__2025-11-30T08:54:12.114276+00:00'
[2025-11-30T08:54:21.021+0000] {base.py:73} INFO - Using connection ID 'destination_db' for task execution.
[2025-11-30T08:54:21.710+0000] {sql.py:527} INFO - Loaded 1000 rows into users_churn so far
[2025-11-30T08:54:22.419+0000] {sql.py:527} INFO - Loaded 2000 rows into users_churn so far
[2025-11-30T08:54:23.269+0000] {sql.py:527} INFO - Loaded 3000 rows into users_churn so far
[2025-11-30T08:54:23.855+0000] {sql.py:527} INFO - Loaded 4000 rows into users_churn so far
[2025-11-30T08:54:24.451+0000] {sql.py:527} INFO - Loaded 5000 rows into users_churn so far
[2025-11-30T08:54:25.060+0000] {sql.py:527} INFO - Loaded 6000 rows into users_churn so far
[2025-11-30T08:54:25.631+0000] {sql.py:527} INFO - Loaded 7000 rows into users_churn so far
[2025-11-30T08:54:25.656+0000] {sql.py:530} INFO - Done loading. Loaded a total of 7043 rows into users_churn
[2025-11-30T08:54:25.657+0000] {python.py:194} INFO - Done. Returned value was: None
[2025-11-30T08:54:25.666+0000] {taskinstance.py:1400} INFO - Marking task as SUCCESS. dag_id=prepare_churn_dataset, task_id=load, execution_date=20251130T085412, start_date=20251130T085420, end_date=20251130T085425
[2025-11-30T08:54:25.695+0000] {local_task_job_runner.py:228} INFO - Task exited with return code 0
[2025-11-30T08:54:25.711+0000] {taskinstance.py:2778} INFO - 0 downstream tasks scheduled from follow-on schedule check
