[2025-11-30T13:08:58.336+0000] {taskinstance.py:1159} INFO - Dependencies all met for dep_context=non-requeueable deps ti=<TaskInstance: churn.load manual__2025-11-30T13:08:45.602400+00:00 [queued]>
[2025-11-30T13:08:58.347+0000] {taskinstance.py:1159} INFO - Dependencies all met for dep_context=requeueable deps ti=<TaskInstance: churn.load manual__2025-11-30T13:08:45.602400+00:00 [queued]>
[2025-11-30T13:08:58.347+0000] {taskinstance.py:1361} INFO - Starting attempt 1 of 1
[2025-11-30T13:08:58.371+0000] {taskinstance.py:1382} INFO - Executing <Task(_PythonDecoratedOperator): load> on 2025-11-30 13:08:45.602400+00:00
[2025-11-30T13:08:58.378+0000] {standard_task_runner.py:57} INFO - Started process 332 to run task
[2025-11-30T13:08:58.398+0000] {standard_task_runner.py:84} INFO - Running: ['***', 'tasks', 'run', 'churn', 'load', 'manual__2025-11-30T13:08:45.602400+00:00', '--job-id', '21', '--raw', '--subdir', 'DAGS_FOLDER/churn.py', '--cfg-path', '/tmp/tmpci5eij86']
[2025-11-30T13:08:58.400+0000] {standard_task_runner.py:85} INFO - Job 21: Subtask load
[2025-11-30T13:08:58.574+0000] {task_command.py:416} INFO - Running <TaskInstance: churn.load manual__2025-11-30T13:08:45.602400+00:00 [running]> on host 30420e39c818
[2025-11-30T13:08:59.332+0000] {taskinstance.py:1662} INFO - Exporting env vars: AIRFLOW_CTX_DAG_OWNER='***' AIRFLOW_CTX_DAG_ID='churn' AIRFLOW_CTX_TASK_ID='load' AIRFLOW_CTX_EXECUTION_DATE='2025-11-30T13:08:45.602400+00:00' AIRFLOW_CTX_TRY_NUMBER='1' AIRFLOW_CTX_DAG_RUN_ID='manual__2025-11-30T13:08:45.602400+00:00'
[2025-11-30T13:08:59.383+0000] {base.py:73} INFO - Using connection ID 'destination_db' for task execution.
[2025-11-30T13:09:00.051+0000] {sql.py:527} INFO - Loaded 1000 rows into users_churn so far
[2025-11-30T13:09:00.949+0000] {sql.py:527} INFO - Loaded 2000 rows into users_churn so far
[2025-11-30T13:09:01.901+0000] {sql.py:527} INFO - Loaded 3000 rows into users_churn so far
[2025-11-30T13:09:02.862+0000] {sql.py:527} INFO - Loaded 4000 rows into users_churn so far
[2025-11-30T13:09:03.730+0000] {sql.py:527} INFO - Loaded 5000 rows into users_churn so far
[2025-11-30T13:09:04.677+0000] {sql.py:527} INFO - Loaded 6000 rows into users_churn so far
[2025-11-30T13:09:05.583+0000] {sql.py:527} INFO - Loaded 7000 rows into users_churn so far
[2025-11-30T13:09:05.634+0000] {sql.py:530} INFO - Done loading. Loaded a total of 7043 rows into users_churn
[2025-11-30T13:09:05.636+0000] {python.py:194} INFO - Done. Returned value was: None
[2025-11-30T13:09:05.656+0000] {taskinstance.py:1400} INFO - Marking task as SUCCESS. dag_id=churn, task_id=load, execution_date=20251130T130845, start_date=20251130T130858, end_date=20251130T130905
[2025-11-30T13:09:05.745+0000] {local_task_job_runner.py:228} INFO - Task exited with return code 0
[2025-11-30T13:09:05.768+0000] {taskinstance.py:2778} INFO - 0 downstream tasks scheduled from follow-on schedule check
