[2025-11-30T14:20:13.878+0000] {taskinstance.py:1159} INFO - Dependencies all met for dep_context=non-requeueable deps ti=<TaskInstance: alt_churn.load scheduled__2023-01-01T00:00:00+00:00 [queued]>
[2025-11-30T14:20:13.886+0000] {taskinstance.py:1159} INFO - Dependencies all met for dep_context=requeueable deps ti=<TaskInstance: alt_churn.load scheduled__2023-01-01T00:00:00+00:00 [queued]>
[2025-11-30T14:20:13.886+0000] {taskinstance.py:1361} INFO - Starting attempt 1 of 1
[2025-11-30T14:20:13.898+0000] {taskinstance.py:1382} INFO - Executing <Task(PythonOperator): load> on 2023-01-01 00:00:00+00:00
[2025-11-30T14:20:13.905+0000] {standard_task_runner.py:57} INFO - Started process 1280 to run task
[2025-11-30T14:20:13.910+0000] {standard_task_runner.py:84} INFO - Running: ['***', 'tasks', 'run', 'alt_churn', 'load', 'scheduled__2023-01-01T00:00:00+00:00', '--job-id', '27', '--raw', '--subdir', 'DAGS_FOLDER/alt_churn.py', '--cfg-path', '/tmp/tmpfcaa45g0']
[2025-11-30T14:20:13.911+0000] {standard_task_runner.py:85} INFO - Job 27: Subtask load
[2025-11-30T14:20:13.959+0000] {task_command.py:416} INFO - Running <TaskInstance: alt_churn.load scheduled__2023-01-01T00:00:00+00:00 [running]> on host 30420e39c818
[2025-11-30T14:20:14.034+0000] {taskinstance.py:1662} INFO - Exporting env vars: AIRFLOW_CTX_DAG_OWNER='***' AIRFLOW_CTX_DAG_ID='alt_churn' AIRFLOW_CTX_TASK_ID='load' AIRFLOW_CTX_EXECUTION_DATE='2023-01-01T00:00:00+00:00' AIRFLOW_CTX_TRY_NUMBER='1' AIRFLOW_CTX_DAG_RUN_ID='scheduled__2023-01-01T00:00:00+00:00'
[2025-11-30T14:20:14.108+0000] {base.py:73} INFO - Using connection ID 'destination_db' for task execution.
[2025-11-30T14:20:14.718+0000] {sql.py:527} INFO - Loaded 1000 rows into alt_users_churn so far
[2025-11-30T14:20:15.396+0000] {sql.py:527} INFO - Loaded 2000 rows into alt_users_churn so far
[2025-11-30T14:20:16.007+0000] {sql.py:527} INFO - Loaded 3000 rows into alt_users_churn so far
[2025-11-30T14:20:16.636+0000] {sql.py:527} INFO - Loaded 4000 rows into alt_users_churn so far
[2025-11-30T14:20:17.241+0000] {sql.py:527} INFO - Loaded 5000 rows into alt_users_churn so far
[2025-11-30T14:20:17.955+0000] {sql.py:527} INFO - Loaded 6000 rows into alt_users_churn so far
[2025-11-30T14:20:18.526+0000] {sql.py:527} INFO - Loaded 7000 rows into alt_users_churn so far
[2025-11-30T14:20:18.551+0000] {sql.py:530} INFO - Done loading. Loaded a total of 7043 rows into alt_users_churn
[2025-11-30T14:20:18.553+0000] {python.py:194} INFO - Done. Returned value was: None
[2025-11-30T14:20:18.561+0000] {taskinstance.py:1400} INFO - Marking task as SUCCESS. dag_id=alt_churn, task_id=load, execution_date=20230101T000000, start_date=20251130T142013, end_date=20251130T142018
[2025-11-30T14:20:18.586+0000] {local_task_job_runner.py:228} INFO - Task exited with return code 0
[2025-11-30T14:20:18.602+0000] {taskinstance.py:2778} INFO - 0 downstream tasks scheduled from follow-on schedule check
