[2025-11-30T14:22:01.413+0000] {taskinstance.py:1159} INFO - Dependencies all met for dep_context=non-requeueable deps ti=<TaskInstance: alt_churn.load manual__2025-11-30T14:21:50.572625+00:00 [queued]>
[2025-11-30T14:22:01.425+0000] {taskinstance.py:1159} INFO - Dependencies all met for dep_context=requeueable deps ti=<TaskInstance: alt_churn.load manual__2025-11-30T14:21:50.572625+00:00 [queued]>
[2025-11-30T14:22:01.425+0000] {taskinstance.py:1361} INFO - Starting attempt 1 of 1
[2025-11-30T14:22:01.483+0000] {taskinstance.py:1382} INFO - Executing <Task(PythonOperator): load> on 2025-11-30 14:21:50.572625+00:00
[2025-11-30T14:22:01.491+0000] {standard_task_runner.py:57} INFO - Started process 1335 to run task
[2025-11-30T14:22:01.500+0000] {standard_task_runner.py:84} INFO - Running: ['***', 'tasks', 'run', 'alt_churn', 'load', 'manual__2025-11-30T14:21:50.572625+00:00', '--job-id', '31', '--raw', '--subdir', 'DAGS_FOLDER/alt_churn.py', '--cfg-path', '/tmp/tmpshj5ers3']
[2025-11-30T14:22:01.502+0000] {standard_task_runner.py:85} INFO - Job 31: Subtask load
[2025-11-30T14:22:01.576+0000] {task_command.py:416} INFO - Running <TaskInstance: alt_churn.load manual__2025-11-30T14:21:50.572625+00:00 [running]> on host 30420e39c818
[2025-11-30T14:22:01.850+0000] {taskinstance.py:1662} INFO - Exporting env vars: AIRFLOW_CTX_DAG_OWNER='***' AIRFLOW_CTX_DAG_ID='alt_churn' AIRFLOW_CTX_TASK_ID='load' AIRFLOW_CTX_EXECUTION_DATE='2025-11-30T14:21:50.572625+00:00' AIRFLOW_CTX_TRY_NUMBER='1' AIRFLOW_CTX_DAG_RUN_ID='manual__2025-11-30T14:21:50.572625+00:00'
[2025-11-30T14:22:02.049+0000] {base.py:73} INFO - Using connection ID 'destination_db' for task execution.
[2025-11-30T14:22:03.011+0000] {sql.py:527} INFO - Loaded 1000 rows into alt_users_churn so far
[2025-11-30T14:22:03.944+0000] {sql.py:527} INFO - Loaded 2000 rows into alt_users_churn so far
[2025-11-30T14:22:04.738+0000] {sql.py:527} INFO - Loaded 3000 rows into alt_users_churn so far
[2025-11-30T14:22:05.556+0000] {sql.py:527} INFO - Loaded 4000 rows into alt_users_churn so far
[2025-11-30T14:22:06.185+0000] {sql.py:527} INFO - Loaded 5000 rows into alt_users_churn so far
[2025-11-30T14:22:06.900+0000] {sql.py:527} INFO - Loaded 6000 rows into alt_users_churn so far
[2025-11-30T14:22:07.591+0000] {sql.py:527} INFO - Loaded 7000 rows into alt_users_churn so far
[2025-11-30T14:22:07.617+0000] {sql.py:530} INFO - Done loading. Loaded a total of 7043 rows into alt_users_churn
[2025-11-30T14:22:07.619+0000] {python.py:194} INFO - Done. Returned value was: None
[2025-11-30T14:22:07.628+0000] {taskinstance.py:1400} INFO - Marking task as SUCCESS. dag_id=alt_churn, task_id=load, execution_date=20251130T142150, start_date=20251130T142201, end_date=20251130T142207
[2025-11-30T14:22:07.704+0000] {local_task_job_runner.py:228} INFO - Task exited with return code 0
[2025-11-30T14:22:07.723+0000] {taskinstance.py:2778} INFO - 0 downstream tasks scheduled from follow-on schedule check
