[2025-11-30T13:08:58.347+0000] {taskinstance.py:1159} INFO - Dependencies all met for dep_context=non-requeueable deps ti=<TaskInstance: churn.load scheduled__2023-01-01T00:00:00+00:00 [queued]>
[2025-11-30T13:08:58.367+0000] {taskinstance.py:1159} INFO - Dependencies all met for dep_context=requeueable deps ti=<TaskInstance: churn.load scheduled__2023-01-01T00:00:00+00:00 [queued]>
[2025-11-30T13:08:58.368+0000] {taskinstance.py:1361} INFO - Starting attempt 1 of 1
[2025-11-30T13:08:58.387+0000] {taskinstance.py:1382} INFO - Executing <Task(_PythonDecoratedOperator): load> on 2023-01-01 00:00:00+00:00
[2025-11-30T13:08:58.394+0000] {standard_task_runner.py:57} INFO - Started process 333 to run task
[2025-11-30T13:08:58.412+0000] {standard_task_runner.py:84} INFO - Running: ['***', 'tasks', 'run', 'churn', 'load', 'scheduled__2023-01-01T00:00:00+00:00', '--job-id', '22', '--raw', '--subdir', 'DAGS_FOLDER/churn.py', '--cfg-path', '/tmp/tmp888vfz_8']
[2025-11-30T13:08:58.415+0000] {standard_task_runner.py:85} INFO - Job 22: Subtask load
[2025-11-30T13:08:58.581+0000] {task_command.py:416} INFO - Running <TaskInstance: churn.load scheduled__2023-01-01T00:00:00+00:00 [running]> on host 30420e39c818
[2025-11-30T13:08:59.334+0000] {taskinstance.py:1662} INFO - Exporting env vars: AIRFLOW_CTX_DAG_OWNER='***' AIRFLOW_CTX_DAG_ID='churn' AIRFLOW_CTX_TASK_ID='load' AIRFLOW_CTX_EXECUTION_DATE='2023-01-01T00:00:00+00:00' AIRFLOW_CTX_TRY_NUMBER='1' AIRFLOW_CTX_DAG_RUN_ID='scheduled__2023-01-01T00:00:00+00:00'
[2025-11-30T13:08:59.389+0000] {base.py:73} INFO - Using connection ID 'destination_db' for task execution.
[2025-11-30T13:09:00.950+0000] {sql.py:527} INFO - Loaded 1000 rows into users_churn so far
[2025-11-30T13:09:01.946+0000] {sql.py:527} INFO - Loaded 2000 rows into users_churn so far
[2025-11-30T13:09:03.037+0000] {sql.py:527} INFO - Loaded 3000 rows into users_churn so far
[2025-11-30T13:09:03.910+0000] {sql.py:527} INFO - Loaded 4000 rows into users_churn so far
[2025-11-30T13:09:04.860+0000] {sql.py:527} INFO - Loaded 5000 rows into users_churn so far
[2025-11-30T13:09:05.801+0000] {sql.py:527} INFO - Loaded 6000 rows into users_churn so far
[2025-11-30T13:09:06.554+0000] {sql.py:527} INFO - Loaded 7000 rows into users_churn so far
[2025-11-30T13:09:06.601+0000] {sql.py:530} INFO - Done loading. Loaded a total of 7043 rows into users_churn
[2025-11-30T13:09:06.603+0000] {python.py:194} INFO - Done. Returned value was: None
[2025-11-30T13:09:06.631+0000] {taskinstance.py:1400} INFO - Marking task as SUCCESS. dag_id=churn, task_id=load, execution_date=20230101T000000, start_date=20251130T130858, end_date=20251130T130906
[2025-11-30T13:09:06.752+0000] {local_task_job_runner.py:228} INFO - Task exited with return code 0
[2025-11-30T13:09:06.797+0000] {taskinstance.py:2778} INFO - 0 downstream tasks scheduled from follow-on schedule check
