[2025-11-24T15:29:16.229+0000] {processor.py:157} INFO - Started process (PID=83) to work on /home/airflow/.local/lib/python3.10/site-packages/airflow/example_dags/plugins/event_listener.py
[2025-11-24T15:29:16.230+0000] {processor.py:829} INFO - Processing file /home/airflow/.local/lib/python3.10/site-packages/airflow/example_dags/plugins/event_listener.py for tasks to queue
[2025-11-24T15:29:16.233+0000] {logging_mixin.py:154} INFO - [2025-11-24T15:29:16.233+0000] {dagbag.py:536} INFO - Filling up the DagBag from /home/airflow/.local/lib/python3.10/site-packages/airflow/example_dags/plugins/event_listener.py
[2025-11-24T15:29:16.240+0000] {processor.py:841} WARNING - No viable dags retrieved from /home/airflow/.local/lib/python3.10/site-packages/airflow/example_dags/plugins/event_listener.py
[2025-11-24T15:29:16.262+0000] {processor.py:179} INFO - Processing /home/airflow/.local/lib/python3.10/site-packages/airflow/example_dags/plugins/event_listener.py took 0.038 seconds
[2025-11-24T15:29:46.324+0000] {processor.py:157} INFO - Started process (PID=136) to work on /home/airflow/.local/lib/python3.10/site-packages/airflow/example_dags/plugins/event_listener.py
[2025-11-24T15:29:46.325+0000] {processor.py:829} INFO - Processing file /home/airflow/.local/lib/python3.10/site-packages/airflow/example_dags/plugins/event_listener.py for tasks to queue
[2025-11-24T15:29:46.329+0000] {logging_mixin.py:154} INFO - [2025-11-24T15:29:46.328+0000] {dagbag.py:536} INFO - Filling up the DagBag from /home/airflow/.local/lib/python3.10/site-packages/airflow/example_dags/plugins/event_listener.py
[2025-11-24T15:29:46.334+0000] {processor.py:841} WARNING - No viable dags retrieved from /home/airflow/.local/lib/python3.10/site-packages/airflow/example_dags/plugins/event_listener.py
[2025-11-24T15:29:46.352+0000] {processor.py:179} INFO - Processing /home/airflow/.local/lib/python3.10/site-packages/airflow/example_dags/plugins/event_listener.py took 0.034 seconds
[2025-11-24T15:30:16.900+0000] {processor.py:157} INFO - Started process (PID=190) to work on /home/airflow/.local/lib/python3.10/site-packages/airflow/example_dags/plugins/event_listener.py
[2025-11-24T15:30:16.902+0000] {processor.py:829} INFO - Processing file /home/airflow/.local/lib/python3.10/site-packages/airflow/example_dags/plugins/event_listener.py for tasks to queue
[2025-11-24T15:30:16.905+0000] {logging_mixin.py:154} INFO - [2025-11-24T15:30:16.905+0000] {dagbag.py:536} INFO - Filling up the DagBag from /home/airflow/.local/lib/python3.10/site-packages/airflow/example_dags/plugins/event_listener.py
[2025-11-24T15:30:16.908+0000] {processor.py:841} WARNING - No viable dags retrieved from /home/airflow/.local/lib/python3.10/site-packages/airflow/example_dags/plugins/event_listener.py
[2025-11-24T15:30:16.924+0000] {processor.py:179} INFO - Processing /home/airflow/.local/lib/python3.10/site-packages/airflow/example_dags/plugins/event_listener.py took 0.030 seconds
[2025-11-24T15:30:47.216+0000] {processor.py:157} INFO - Started process (PID=245) to work on /home/airflow/.local/lib/python3.10/site-packages/airflow/example_dags/plugins/event_listener.py
[2025-11-24T15:30:47.218+0000] {processor.py:829} INFO - Processing file /home/airflow/.local/lib/python3.10/site-packages/airflow/example_dags/plugins/event_listener.py for tasks to queue
[2025-11-24T15:30:47.221+0000] {logging_mixin.py:154} INFO - [2025-11-24T15:30:47.221+0000] {dagbag.py:536} INFO - Filling up the DagBag from /home/airflow/.local/lib/python3.10/site-packages/airflow/example_dags/plugins/event_listener.py
[2025-11-24T15:30:47.225+0000] {processor.py:841} WARNING - No viable dags retrieved from /home/airflow/.local/lib/python3.10/site-packages/airflow/example_dags/plugins/event_listener.py
[2025-11-24T15:30:47.245+0000] {processor.py:179} INFO - Processing /home/airflow/.local/lib/python3.10/site-packages/airflow/example_dags/plugins/event_listener.py took 0.034 seconds
[2025-11-24T15:31:17.870+0000] {processor.py:157} INFO - Started process (PID=299) to work on /home/airflow/.local/lib/python3.10/site-packages/airflow/example_dags/plugins/event_listener.py
[2025-11-24T15:31:17.872+0000] {processor.py:829} INFO - Processing file /home/airflow/.local/lib/python3.10/site-packages/airflow/example_dags/plugins/event_listener.py for tasks to queue
[2025-11-24T15:31:17.874+0000] {logging_mixin.py:154} INFO - [2025-11-24T15:31:17.874+0000] {dagbag.py:536} INFO - Filling up the DagBag from /home/airflow/.local/lib/python3.10/site-packages/airflow/example_dags/plugins/event_listener.py
[2025-11-24T15:31:17.877+0000] {processor.py:841} WARNING - No viable dags retrieved from /home/airflow/.local/lib/python3.10/site-packages/airflow/example_dags/plugins/event_listener.py
[2025-11-24T15:31:17.890+0000] {processor.py:179} INFO - Processing /home/airflow/.local/lib/python3.10/site-packages/airflow/example_dags/plugins/event_listener.py took 0.025 seconds
[2025-11-24T15:31:48.418+0000] {processor.py:157} INFO - Started process (PID=353) to work on /home/airflow/.local/lib/python3.10/site-packages/airflow/example_dags/plugins/event_listener.py
[2025-11-24T15:31:48.420+0000] {processor.py:829} INFO - Processing file /home/airflow/.local/lib/python3.10/site-packages/airflow/example_dags/plugins/event_listener.py for tasks to queue
[2025-11-24T15:31:48.422+0000] {logging_mixin.py:154} INFO - [2025-11-24T15:31:48.422+0000] {dagbag.py:536} INFO - Filling up the DagBag from /home/airflow/.local/lib/python3.10/site-packages/airflow/example_dags/plugins/event_listener.py
[2025-11-24T15:31:48.424+0000] {processor.py:841} WARNING - No viable dags retrieved from /home/airflow/.local/lib/python3.10/site-packages/airflow/example_dags/plugins/event_listener.py
[2025-11-24T15:31:48.437+0000] {processor.py:179} INFO - Processing /home/airflow/.local/lib/python3.10/site-packages/airflow/example_dags/plugins/event_listener.py took 0.023 seconds
[2025-11-24T15:32:19.156+0000] {processor.py:157} INFO - Started process (PID=406) to work on /home/airflow/.local/lib/python3.10/site-packages/airflow/example_dags/plugins/event_listener.py
[2025-11-24T15:32:19.160+0000] {processor.py:829} INFO - Processing file /home/airflow/.local/lib/python3.10/site-packages/airflow/example_dags/plugins/event_listener.py for tasks to queue
[2025-11-24T15:32:19.164+0000] {logging_mixin.py:154} INFO - [2025-11-24T15:32:19.163+0000] {dagbag.py:536} INFO - Filling up the DagBag from /home/airflow/.local/lib/python3.10/site-packages/airflow/example_dags/plugins/event_listener.py
[2025-11-24T15:32:19.167+0000] {processor.py:841} WARNING - No viable dags retrieved from /home/airflow/.local/lib/python3.10/site-packages/airflow/example_dags/plugins/event_listener.py
[2025-11-24T15:32:19.185+0000] {processor.py:179} INFO - Processing /home/airflow/.local/lib/python3.10/site-packages/airflow/example_dags/plugins/event_listener.py took 0.034 seconds
[2025-11-24T15:32:50.316+0000] {processor.py:157} INFO - Started process (PID=460) to work on /home/airflow/.local/lib/python3.10/site-packages/airflow/example_dags/plugins/event_listener.py
[2025-11-24T15:32:50.326+0000] {processor.py:829} INFO - Processing file /home/airflow/.local/lib/python3.10/site-packages/airflow/example_dags/plugins/event_listener.py for tasks to queue
[2025-11-24T15:32:50.333+0000] {logging_mixin.py:154} INFO - [2025-11-24T15:32:50.332+0000] {dagbag.py:536} INFO - Filling up the DagBag from /home/airflow/.local/lib/python3.10/site-packages/airflow/example_dags/plugins/event_listener.py
[2025-11-24T15:32:50.339+0000] {processor.py:841} WARNING - No viable dags retrieved from /home/airflow/.local/lib/python3.10/site-packages/airflow/example_dags/plugins/event_listener.py
[2025-11-24T15:32:50.395+0000] {processor.py:179} INFO - Processing /home/airflow/.local/lib/python3.10/site-packages/airflow/example_dags/plugins/event_listener.py took 0.084 seconds
[2025-11-24T15:33:20.776+0000] {processor.py:157} INFO - Started process (PID=515) to work on /home/airflow/.local/lib/python3.10/site-packages/airflow/example_dags/plugins/event_listener.py
[2025-11-24T15:33:20.778+0000] {processor.py:829} INFO - Processing file /home/airflow/.local/lib/python3.10/site-packages/airflow/example_dags/plugins/event_listener.py for tasks to queue
[2025-11-24T15:33:20.781+0000] {logging_mixin.py:154} INFO - [2025-11-24T15:33:20.780+0000] {dagbag.py:536} INFO - Filling up the DagBag from /home/airflow/.local/lib/python3.10/site-packages/airflow/example_dags/plugins/event_listener.py
[2025-11-24T15:33:20.784+0000] {processor.py:841} WARNING - No viable dags retrieved from /home/airflow/.local/lib/python3.10/site-packages/airflow/example_dags/plugins/event_listener.py
[2025-11-24T15:33:20.802+0000] {processor.py:179} INFO - Processing /home/airflow/.local/lib/python3.10/site-packages/airflow/example_dags/plugins/event_listener.py took 0.032 seconds
[2025-11-24T15:33:51.323+0000] {processor.py:157} INFO - Started process (PID=569) to work on /home/airflow/.local/lib/python3.10/site-packages/airflow/example_dags/plugins/event_listener.py
[2025-11-24T15:33:51.325+0000] {processor.py:829} INFO - Processing file /home/airflow/.local/lib/python3.10/site-packages/airflow/example_dags/plugins/event_listener.py for tasks to queue
[2025-11-24T15:33:51.328+0000] {logging_mixin.py:154} INFO - [2025-11-24T15:33:51.327+0000] {dagbag.py:536} INFO - Filling up the DagBag from /home/airflow/.local/lib/python3.10/site-packages/airflow/example_dags/plugins/event_listener.py
[2025-11-24T15:33:51.331+0000] {processor.py:841} WARNING - No viable dags retrieved from /home/airflow/.local/lib/python3.10/site-packages/airflow/example_dags/plugins/event_listener.py
[2025-11-24T15:33:51.348+0000] {processor.py:179} INFO - Processing /home/airflow/.local/lib/python3.10/site-packages/airflow/example_dags/plugins/event_listener.py took 0.030 seconds
[2025-11-24T15:34:21.566+0000] {processor.py:157} INFO - Started process (PID=623) to work on /home/airflow/.local/lib/python3.10/site-packages/airflow/example_dags/plugins/event_listener.py
[2025-11-24T15:34:21.570+0000] {processor.py:829} INFO - Processing file /home/airflow/.local/lib/python3.10/site-packages/airflow/example_dags/plugins/event_listener.py for tasks to queue
[2025-11-24T15:34:21.574+0000] {logging_mixin.py:154} INFO - [2025-11-24T15:34:21.574+0000] {dagbag.py:536} INFO - Filling up the DagBag from /home/airflow/.local/lib/python3.10/site-packages/airflow/example_dags/plugins/event_listener.py
[2025-11-24T15:34:21.583+0000] {processor.py:841} WARNING - No viable dags retrieved from /home/airflow/.local/lib/python3.10/site-packages/airflow/example_dags/plugins/event_listener.py
[2025-11-24T15:34:21.613+0000] {processor.py:179} INFO - Processing /home/airflow/.local/lib/python3.10/site-packages/airflow/example_dags/plugins/event_listener.py took 0.052 seconds
[2025-11-24T15:34:52.160+0000] {processor.py:157} INFO - Started process (PID=676) to work on /home/airflow/.local/lib/python3.10/site-packages/airflow/example_dags/plugins/event_listener.py
[2025-11-24T15:34:52.162+0000] {processor.py:829} INFO - Processing file /home/airflow/.local/lib/python3.10/site-packages/airflow/example_dags/plugins/event_listener.py for tasks to queue
[2025-11-24T15:34:52.165+0000] {logging_mixin.py:154} INFO - [2025-11-24T15:34:52.165+0000] {dagbag.py:536} INFO - Filling up the DagBag from /home/airflow/.local/lib/python3.10/site-packages/airflow/example_dags/plugins/event_listener.py
[2025-11-24T15:34:52.168+0000] {processor.py:841} WARNING - No viable dags retrieved from /home/airflow/.local/lib/python3.10/site-packages/airflow/example_dags/plugins/event_listener.py
[2025-11-24T15:34:52.186+0000] {processor.py:179} INFO - Processing /home/airflow/.local/lib/python3.10/site-packages/airflow/example_dags/plugins/event_listener.py took 0.031 seconds
[2025-11-24T15:35:23.126+0000] {processor.py:157} INFO - Started process (PID=729) to work on /home/airflow/.local/lib/python3.10/site-packages/airflow/example_dags/plugins/event_listener.py
[2025-11-24T15:35:23.128+0000] {processor.py:829} INFO - Processing file /home/airflow/.local/lib/python3.10/site-packages/airflow/example_dags/plugins/event_listener.py for tasks to queue
[2025-11-24T15:35:23.130+0000] {logging_mixin.py:154} INFO - [2025-11-24T15:35:23.130+0000] {dagbag.py:536} INFO - Filling up the DagBag from /home/airflow/.local/lib/python3.10/site-packages/airflow/example_dags/plugins/event_listener.py
[2025-11-24T15:35:23.135+0000] {processor.py:841} WARNING - No viable dags retrieved from /home/airflow/.local/lib/python3.10/site-packages/airflow/example_dags/plugins/event_listener.py
[2025-11-24T15:35:23.154+0000] {processor.py:179} INFO - Processing /home/airflow/.local/lib/python3.10/site-packages/airflow/example_dags/plugins/event_listener.py took 0.033 seconds
[2025-11-24T15:35:54.332+0000] {processor.py:157} INFO - Started process (PID=783) to work on /home/airflow/.local/lib/python3.10/site-packages/airflow/example_dags/plugins/event_listener.py
[2025-11-24T15:35:54.340+0000] {processor.py:829} INFO - Processing file /home/airflow/.local/lib/python3.10/site-packages/airflow/example_dags/plugins/event_listener.py for tasks to queue
[2025-11-24T15:35:54.347+0000] {logging_mixin.py:154} INFO - [2025-11-24T15:35:54.347+0000] {dagbag.py:536} INFO - Filling up the DagBag from /home/airflow/.local/lib/python3.10/site-packages/airflow/example_dags/plugins/event_listener.py
[2025-11-24T15:35:54.351+0000] {processor.py:841} WARNING - No viable dags retrieved from /home/airflow/.local/lib/python3.10/site-packages/airflow/example_dags/plugins/event_listener.py
[2025-11-24T15:35:54.370+0000] {processor.py:179} INFO - Processing /home/airflow/.local/lib/python3.10/site-packages/airflow/example_dags/plugins/event_listener.py took 0.056 seconds
[2025-11-24T15:36:24.769+0000] {processor.py:157} INFO - Started process (PID=838) to work on /home/airflow/.local/lib/python3.10/site-packages/airflow/example_dags/plugins/event_listener.py
[2025-11-24T15:36:24.771+0000] {processor.py:829} INFO - Processing file /home/airflow/.local/lib/python3.10/site-packages/airflow/example_dags/plugins/event_listener.py for tasks to queue
[2025-11-24T15:36:24.773+0000] {logging_mixin.py:154} INFO - [2025-11-24T15:36:24.773+0000] {dagbag.py:536} INFO - Filling up the DagBag from /home/airflow/.local/lib/python3.10/site-packages/airflow/example_dags/plugins/event_listener.py
[2025-11-24T15:36:24.777+0000] {processor.py:841} WARNING - No viable dags retrieved from /home/airflow/.local/lib/python3.10/site-packages/airflow/example_dags/plugins/event_listener.py
[2025-11-24T15:36:24.795+0000] {processor.py:179} INFO - Processing /home/airflow/.local/lib/python3.10/site-packages/airflow/example_dags/plugins/event_listener.py took 0.031 seconds
[2025-11-24T15:36:55.176+0000] {processor.py:157} INFO - Started process (PID=892) to work on /home/airflow/.local/lib/python3.10/site-packages/airflow/example_dags/plugins/event_listener.py
[2025-11-24T15:36:55.179+0000] {processor.py:829} INFO - Processing file /home/airflow/.local/lib/python3.10/site-packages/airflow/example_dags/plugins/event_listener.py for tasks to queue
[2025-11-24T15:36:55.181+0000] {logging_mixin.py:154} INFO - [2025-11-24T15:36:55.181+0000] {dagbag.py:536} INFO - Filling up the DagBag from /home/airflow/.local/lib/python3.10/site-packages/airflow/example_dags/plugins/event_listener.py
[2025-11-24T15:36:55.185+0000] {processor.py:841} WARNING - No viable dags retrieved from /home/airflow/.local/lib/python3.10/site-packages/airflow/example_dags/plugins/event_listener.py
[2025-11-24T15:36:55.202+0000] {processor.py:179} INFO - Processing /home/airflow/.local/lib/python3.10/site-packages/airflow/example_dags/plugins/event_listener.py took 0.032 seconds
[2025-11-24T15:37:25.824+0000] {processor.py:157} INFO - Started process (PID=946) to work on /home/airflow/.local/lib/python3.10/site-packages/airflow/example_dags/plugins/event_listener.py
[2025-11-24T15:37:25.826+0000] {processor.py:829} INFO - Processing file /home/airflow/.local/lib/python3.10/site-packages/airflow/example_dags/plugins/event_listener.py for tasks to queue
[2025-11-24T15:37:25.829+0000] {logging_mixin.py:154} INFO - [2025-11-24T15:37:25.828+0000] {dagbag.py:536} INFO - Filling up the DagBag from /home/airflow/.local/lib/python3.10/site-packages/airflow/example_dags/plugins/event_listener.py
[2025-11-24T15:37:25.832+0000] {processor.py:841} WARNING - No viable dags retrieved from /home/airflow/.local/lib/python3.10/site-packages/airflow/example_dags/plugins/event_listener.py
[2025-11-24T15:37:25.849+0000] {processor.py:179} INFO - Processing /home/airflow/.local/lib/python3.10/site-packages/airflow/example_dags/plugins/event_listener.py took 0.030 seconds
[2025-11-24T15:37:56.514+0000] {processor.py:157} INFO - Started process (PID=1001) to work on /home/airflow/.local/lib/python3.10/site-packages/airflow/example_dags/plugins/event_listener.py
[2025-11-24T15:37:56.516+0000] {processor.py:829} INFO - Processing file /home/airflow/.local/lib/python3.10/site-packages/airflow/example_dags/plugins/event_listener.py for tasks to queue
[2025-11-24T15:37:56.519+0000] {logging_mixin.py:154} INFO - [2025-11-24T15:37:56.518+0000] {dagbag.py:536} INFO - Filling up the DagBag from /home/airflow/.local/lib/python3.10/site-packages/airflow/example_dags/plugins/event_listener.py
[2025-11-24T15:37:56.522+0000] {processor.py:841} WARNING - No viable dags retrieved from /home/airflow/.local/lib/python3.10/site-packages/airflow/example_dags/plugins/event_listener.py
[2025-11-24T15:37:56.537+0000] {processor.py:179} INFO - Processing /home/airflow/.local/lib/python3.10/site-packages/airflow/example_dags/plugins/event_listener.py took 0.027 seconds
