[2025-12-07T08:26:44.834+0000] {taskinstance.py:1159} INFO - Dependencies all met for dep_context=non-requeueable deps ti=<TaskInstance: clean_churn_dataset.transform manual__2025-12-07T08:26:36.415520+00:00 [queued]>
[2025-12-07T08:26:44.860+0000] {taskinstance.py:1159} INFO - Dependencies all met for dep_context=requeueable deps ti=<TaskInstance: clean_churn_dataset.transform manual__2025-12-07T08:26:36.415520+00:00 [queued]>
[2025-12-07T08:26:44.861+0000] {taskinstance.py:1361} INFO - Starting attempt 1 of 1
[2025-12-07T08:26:44.909+0000] {taskinstance.py:1382} INFO - Executing <Task(_PythonDecoratedOperator): transform> on 2025-12-07 08:26:36.415520+00:00
[2025-12-07T08:26:44.918+0000] {standard_task_runner.py:57} INFO - Started process 171 to run task
[2025-12-07T08:26:44.923+0000] {standard_task_runner.py:84} INFO - Running: ['***', 'tasks', 'run', 'clean_churn_dataset', 'transform', 'manual__2025-12-07T08:26:36.415520+00:00', '--job-id', '54', '--raw', '--subdir', 'DAGS_FOLDER/clean_churn.py', '--cfg-path', '/tmp/tmpq6mia7id']
[2025-12-07T08:26:44.925+0000] {standard_task_runner.py:85} INFO - Job 54: Subtask transform
[2025-12-07T08:26:44.998+0000] {task_command.py:416} INFO - Running <TaskInstance: clean_churn_dataset.transform manual__2025-12-07T08:26:36.415520+00:00 [running]> on host ec8363f57acd
[2025-12-07T08:26:45.253+0000] {taskinstance.py:1662} INFO - Exporting env vars: AIRFLOW_CTX_DAG_OWNER='***' AIRFLOW_CTX_DAG_ID='clean_churn_dataset' AIRFLOW_CTX_TASK_ID='transform' AIRFLOW_CTX_EXECUTION_DATE='2025-12-07T08:26:36.415520+00:00' AIRFLOW_CTX_TRY_NUMBER='1' AIRFLOW_CTX_DAG_RUN_ID='manual__2025-12-07T08:26:36.415520+00:00'
[2025-12-07T08:26:45.295+0000] {python.py:194} INFO - Done. Returned value was:      customer_id begin_date   end_date  ... dependents multiple_lines target
0     6388-TABGU 2014-12-01        NaT  ...        Yes             No      0
1     1658-BYGOY 2018-07-01 2020-01-01  ...         No            Yes      1
2     6180-YBIQI 2019-09-01        NaT  ...         No             No      0
3     6837-BJYDQ 2019-11-01        NaT  ...         No             No      0
4     0486-LGCCH 2019-03-01        NaT  ...        Yes             No      0
...          ...        ...        ...  ...        ...            ...    ...
7038  6840-RESVB 2018-02-01        NaT  ...        Yes            Yes      0
7039  2234-XADUH 2014-02-01        NaT  ...        Yes            Yes      0
7040  4801-JZAZL 2019-03-01        NaT  ...        Yes             No      0
7041  8361-LTMKD 2019-07-01 2019-11-01  ...         No            Yes      1
7042  3186-AJIEK 2014-08-01        NaT  ...         No             No      0

[7032 rows x 21 columns]
[2025-12-07T08:26:45.339+0000] {warnings.py:109} WARNING - /home/***/.local/lib/python3.10/site-packages/pyarrow/pandas_compat.py:373: FutureWarning: is_sparse is deprecated and will be removed in a future version. Check `isinstance(dtype, pd.SparseDtype)` instead.
  if _pandas_api.is_sparse(col):

[2025-12-07T08:26:45.477+0000] {taskinstance.py:1400} INFO - Marking task as SUCCESS. dag_id=clean_churn_dataset, task_id=transform, execution_date=20251207T082636, start_date=20251207T082644, end_date=20251207T082645
[2025-12-07T08:26:45.513+0000] {local_task_job_runner.py:228} INFO - Task exited with return code 0
[2025-12-07T08:26:45.543+0000] {taskinstance.py:2778} INFO - 1 downstream tasks scheduled from follow-on schedule check
