[2025-12-07T10:54:15.190+0000] {taskinstance.py:1159} INFO - Dependencies all met for dep_context=non-requeueable deps ti=<TaskInstance: prepare_churn_dataset.load manual__2025-12-07T10:53:58.223912+00:00 [queued]>
[2025-12-07T10:54:15.211+0000] {taskinstance.py:1159} INFO - Dependencies all met for dep_context=requeueable deps ti=<TaskInstance: prepare_churn_dataset.load manual__2025-12-07T10:53:58.223912+00:00 [queued]>
[2025-12-07T10:54:15.211+0000] {taskinstance.py:1361} INFO - Starting attempt 1 of 1
[2025-12-07T10:54:15.248+0000] {taskinstance.py:1382} INFO - Executing <Task(_PythonDecoratedOperator): load> on 2025-12-07 10:53:58.223912+00:00
[2025-12-07T10:54:15.257+0000] {standard_task_runner.py:57} INFO - Started process 311 to run task
[2025-12-07T10:54:15.265+0000] {standard_task_runner.py:84} INFO - Running: ['***', 'tasks', 'run', 'prepare_churn_dataset', 'load', 'manual__2025-12-07T10:53:58.223912+00:00', '--job-id', '61', '--raw', '--subdir', 'DAGS_FOLDER/churn.py', '--cfg-path', '/tmp/tmpwm5f97_w']
[2025-12-07T10:54:15.276+0000] {standard_task_runner.py:85} INFO - Job 61: Subtask load
[2025-12-07T10:54:15.402+0000] {task_command.py:416} INFO - Running <TaskInstance: prepare_churn_dataset.load manual__2025-12-07T10:53:58.223912+00:00 [running]> on host ec8363f57acd
[2025-12-07T10:54:15.851+0000] {taskinstance.py:1662} INFO - Exporting env vars: AIRFLOW_CTX_DAG_OWNER='***' AIRFLOW_CTX_DAG_ID='prepare_churn_dataset' AIRFLOW_CTX_TASK_ID='load' AIRFLOW_CTX_EXECUTION_DATE='2025-12-07T10:53:58.223912+00:00' AIRFLOW_CTX_TRY_NUMBER='1' AIRFLOW_CTX_DAG_RUN_ID='manual__2025-12-07T10:53:58.223912+00:00'
[2025-12-07T10:54:15.899+0000] {base.py:73} INFO - Using connection ID 'destination_db' for task execution.
[2025-12-07T10:54:16.644+0000] {sql.py:527} INFO - Loaded 1000 rows into users_churn so far
[2025-12-07T10:54:17.406+0000] {sql.py:527} INFO - Loaded 2000 rows into users_churn so far
[2025-12-07T10:54:18.116+0000] {sql.py:527} INFO - Loaded 3000 rows into users_churn so far
[2025-12-07T10:54:18.839+0000] {sql.py:527} INFO - Loaded 4000 rows into users_churn so far
[2025-12-07T10:54:19.590+0000] {sql.py:527} INFO - Loaded 5000 rows into users_churn so far
[2025-12-07T10:54:20.364+0000] {sql.py:527} INFO - Loaded 6000 rows into users_churn so far
[2025-12-07T10:54:21.101+0000] {sql.py:527} INFO - Loaded 7000 rows into users_churn so far
[2025-12-07T10:54:21.143+0000] {sql.py:530} INFO - Done loading. Loaded a total of 7043 rows into users_churn
[2025-12-07T10:54:21.145+0000] {python.py:194} INFO - Done. Returned value was: None
[2025-12-07T10:54:21.161+0000] {taskinstance.py:1400} INFO - Marking task as SUCCESS. dag_id=prepare_churn_dataset, task_id=load, execution_date=20251207T105358, start_date=20251207T105415, end_date=20251207T105421
[2025-12-07T10:54:21.257+0000] {local_task_job_runner.py:228} INFO - Task exited with return code 0
[2025-12-07T10:54:21.286+0000] {taskinstance.py:2778} INFO - 0 downstream tasks scheduled from follow-on schedule check
