[2025-12-07T08:26:34.005+0000] {taskinstance.py:1159} INFO - Dependencies all met for dep_context=non-requeueable deps ti=<TaskInstance: clean_churn_dataset.load scheduled__2023-01-01T00:00:00+00:00 [queued]>
[2025-12-07T08:26:34.014+0000] {taskinstance.py:1159} INFO - Dependencies all met for dep_context=requeueable deps ti=<TaskInstance: clean_churn_dataset.load scheduled__2023-01-01T00:00:00+00:00 [queued]>
[2025-12-07T08:26:34.014+0000] {taskinstance.py:1361} INFO - Starting attempt 1 of 1
[2025-12-07T08:26:34.030+0000] {taskinstance.py:1382} INFO - Executing <Task(_PythonDecoratedOperator): load> on 2023-01-01 00:00:00+00:00
[2025-12-07T08:26:34.038+0000] {standard_task_runner.py:57} INFO - Started process 149 to run task
[2025-12-07T08:26:34.043+0000] {standard_task_runner.py:84} INFO - Running: ['***', 'tasks', 'run', 'clean_churn_dataset', 'load', 'scheduled__2023-01-01T00:00:00+00:00', '--job-id', '51', '--raw', '--subdir', 'DAGS_FOLDER/clean_churn.py', '--cfg-path', '/tmp/tmp1gm56xmr']
[2025-12-07T08:26:34.044+0000] {standard_task_runner.py:85} INFO - Job 51: Subtask load
[2025-12-07T08:26:34.101+0000] {task_command.py:416} INFO - Running <TaskInstance: clean_churn_dataset.load scheduled__2023-01-01T00:00:00+00:00 [running]> on host ec8363f57acd
[2025-12-07T08:26:34.265+0000] {taskinstance.py:1662} INFO - Exporting env vars: AIRFLOW_CTX_DAG_OWNER='***' AIRFLOW_CTX_DAG_ID='clean_churn_dataset' AIRFLOW_CTX_TASK_ID='load' AIRFLOW_CTX_EXECUTION_DATE='2023-01-01T00:00:00+00:00' AIRFLOW_CTX_TRY_NUMBER='1' AIRFLOW_CTX_DAG_RUN_ID='scheduled__2023-01-01T00:00:00+00:00'
[2025-12-07T08:26:34.293+0000] {base.py:73} INFO - Using connection ID 'destination_db' for task execution.
[2025-12-07T08:26:34.925+0000] {sql.py:527} INFO - Loaded 1000 rows into clean_users_churn so far
[2025-12-07T08:26:35.551+0000] {sql.py:527} INFO - Loaded 2000 rows into clean_users_churn so far
[2025-12-07T08:26:36.163+0000] {sql.py:527} INFO - Loaded 3000 rows into clean_users_churn so far
[2025-12-07T08:26:36.817+0000] {sql.py:527} INFO - Loaded 4000 rows into clean_users_churn so far
[2025-12-07T08:26:37.762+0000] {sql.py:527} INFO - Loaded 5000 rows into clean_users_churn so far
[2025-12-07T08:26:38.567+0000] {sql.py:527} INFO - Loaded 6000 rows into clean_users_churn so far
[2025-12-07T08:26:39.414+0000] {sql.py:527} INFO - Loaded 7000 rows into clean_users_churn so far
[2025-12-07T08:26:39.435+0000] {sql.py:530} INFO - Done loading. Loaded a total of 7032 rows into clean_users_churn
[2025-12-07T08:26:39.437+0000] {python.py:194} INFO - Done. Returned value was: None
[2025-12-07T08:26:39.447+0000] {taskinstance.py:1400} INFO - Marking task as SUCCESS. dag_id=clean_churn_dataset, task_id=load, execution_date=20230101T000000, start_date=20251207T082634, end_date=20251207T082639
[2025-12-07T08:26:39.499+0000] {local_task_job_runner.py:228} INFO - Task exited with return code 0
[2025-12-07T08:26:39.514+0000] {taskinstance.py:2778} INFO - 0 downstream tasks scheduled from follow-on schedule check
